[2026-03-27T22:21:02.954Z] SESSION START mode=tight
[2026-03-27T22:21:02.961Z] Thresholds: match>=65%, features>=75, tracking>=65%, worldMap=true
[2026-03-27T22:21:03.010Z] AR precise capture started
[2026-03-27T22:21:03.026Z] geoSample #1 hAcc=5m vAcc=12m matchedLocal=no
[2026-03-27T22:21:03.027Z] live quality: match=0% features=0 tracking=0% worldMap=no ready=no blockers=low_match,low_features,low_tracking,missing_world_map
[2026-03-27T22:21:05.028Z] World map snapshot captured (286982 bytes, encrypted=true)
[2026-03-27T22:21:05.028Z] live quality: match=0% features=0 tracking=0% worldMap=yes ready=no blockers=low_match,low_features,low_tracking
[2026-03-27T22:21:06.042Z] geoSample #2 hAcc=5m vAcc=11m matchedLocal=yes
[2026-03-27T22:21:06.043Z] live quality: match=50% features=779 tracking=100% worldMap=yes ready=no blockers=low_match
[2026-03-27T22:21:06.536Z] geoSample #3 hAcc=5m vAcc=11m matchedLocal=yes
[2026-03-27T22:21:06.536Z] live quality: match=66% features=722 tracking=100% worldMap=yes ready=yes blockers=none
[2026-03-27T22:21:07.030Z] geoSample #4 hAcc=5m vAcc=11m matchedLocal=yes
[2026-03-27T22:21:07.031Z] live quality: match=75% features=681 tracking=100% worldMap=yes ready=yes blockers=none
[2026-03-27T22:21:07.059Z] World map snapshot captured (2815512 bytes, encrypted=true)
[2026-03-27T22:21:07.532Z] geoSample #5 hAcc=4m vAcc=10m matchedLocal=yes
[2026-03-27T22:21:07.532Z] live quality: match=80% features=570 tracking=100% worldMap=yes ready=yes blockers=none
[2026-03-27T22:21:08.031Z] live quality: match=83% features=517 tracking=100% worldMap=yes ready=yes blockers=none
[2026-03-27T22:21:08.539Z] live quality: match=85% features=475 tracking=100% worldMap=yes ready=yes blockers=none
[2026-03-27T22:21:09.059Z] World map snapshot captured (3772816 bytes, encrypted=true)
[2026-03-27T22:21:09.488Z] live quality: match=87% features=441 tracking=100% worldMap=yes ready=yes blockers=none
[2026-03-27T22:21:10.438Z] live quality: match=88% features=428 tracking=100% worldMap=yes ready=yes blockers=none
[2026-03-27T22:21:11.068Z] World map snapshot captured (4559545 bytes, encrypted=true)
[2026-03-27T22:21:11.388Z] geoSample #10 hAcc=4m vAcc=10m matchedLocal=yes
[2026-03-27T22:21:11.389Z] live quality: match=90% features=421 tracking=100% worldMap=yes ready=yes blockers=none
[2026-03-27T22:21:12.337Z] live quality: match=90% features=396 tracking=100% worldMap=yes ready=yes blockers=none
[2026-03-27T22:21:13.053Z] World map snapshot captured (3492990 bytes, encrypted=true)
[2026-03-27T22:21:13.289Z] live quality: match=91% features=366 tracking=100% worldMap=yes ready=yes blockers=none
[2026-03-27T22:21:14.237Z] live quality: match=92% features=341 tracking=100% worldMap=yes ready=yes blockers=none
[2026-03-27T22:21:15.061Z] World map snapshot captured (3830144 bytes, encrypted=true)
[2026-03-27T22:21:15.190Z] live quality: match=92% features=319 tracking=100% worldMap=yes ready=yes blockers=none
[2026-03-27T22:21:16.140Z] live quality: match=93% features=302 tracking=100% worldMap=yes ready=yes blockers=none
[2026-03-27T22:21:17.059Z] World map snapshot captured (3991235 bytes, encrypted=true)
[2026-03-27T22:21:17.090Z] live quality: match=93% features=283 tracking=100% worldMap=yes ready=yes blockers=none
[2026-03-27T22:21:18.035Z] live quality: match=94% features=266 tracking=100% worldMap=yes ready=yes blockers=none
[2026-03-27T22:21:19.035Z] live quality: match=94% features=257 tracking=100% worldMap=yes ready=yes blockers=none
[2026-03-27T22:21:19.063Z] World map snapshot captured (3991235 bytes, encrypted=true)
[2026-03-27T22:21:21.047Z] live quality: match=94% features=245 tracking=100% worldMap=yes ready=yes blockers=none
[2026-03-27T22:21:21.065Z] World map snapshot captured (4181766 bytes, encrypted=true)
[2026-03-27T22:21:22.035Z] geoSample #20 hAcc=3m vAcc=3m matchedLocal=yes
[2026-03-27T22:21:22.036Z] live quality: match=95% features=238 tracking=100% worldMap=yes ready=yes blockers=none
[2026-03-27T22:21:23.048Z] live quality: match=95% features=228 tracking=100% worldMap=yes ready=yes blockers=none
[2026-03-27T22:21:23.064Z] World map snapshot captured (4679124 bytes, encrypted=true)
[2026-03-27T22:21:24.034Z] live quality: match=95% features=221 tracking=100% worldMap=yes ready=yes blockers=none
[2026-03-27T22:21:25.036Z] live quality: match=95% features=213 tracking=100% worldMap=yes ready=yes blockers=none
[2026-03-27T22:21:25.065Z] World map snapshot captured (4788953 bytes, encrypted=true)
[2026-03-27T22:21:27.034Z] live quality: match=95% features=208 tracking=100% worldMap=yes ready=yes blockers=none
[2026-03-27T22:21:27.067Z] World map snapshot captured (5009982 bytes, encrypted=true)
[2026-03-27T22:21:29.036Z] live quality: match=96% features=204 tracking=100% worldMap=yes ready=yes blockers=none
[2026-03-27T22:21:29.067Z] World map snapshot captured (5111839 bytes, encrypted=true)
[2026-03-27T22:21:30.034Z] live quality: match=96% features=205 tracking=100% worldMap=yes ready=yes blockers=none
[2026-03-27T22:21:31.034Z] live quality: match=96% features=206 tracking=100% worldMap=yes ready=yes blockers=none
[2026-03-27T22:21:31.067Z] World map snapshot captured (5111839 bytes, encrypted=true)
[2026-03-27T22:21:32.040Z] live quality: match=96% features=207 tracking=100% worldMap=yes ready=yes blockers=none
[2026-03-27T22:21:33.037Z] live quality: match=96% features=211 tracking=100% worldMap=yes ready=yes blockers=none
[2026-03-27T22:21:33.068Z] World map snapshot captured (5446646 bytes, encrypted=true)
[2026-03-27T22:21:35.085Z] World map snapshot captured (7254383 bytes, encrypted=true)
[2026-03-27T22:21:35.208Z] Recording stopped by user. geoSamples=29, matchedLocal=28
[2026-03-27T22:21:35.209Z] AR precise capture paused
[2026-03-27T22:21:35.313Z] World map snapshot captured (7533201 bytes, encrypted=true)
[2026-03-27T22:21:39.670Z] Route saved as precise-ready. name=Run 3/27/26, 6:21 PM, geoSamples=29, localSamples=28
[2026-03-27T22:21:39.671Z] SESSION END reason=saved
[2026-03-27T22:24:01.248Z] [Tick] t4 398A:d=0.993m far | 1A97:d=2.014m far | 6D8F:d=3.164m far | 875A:d=4.399m far | 9D0C:d=5.987m far | 78E0:d=6.758m far | A4DB:d=7.345m far | 4B81:d=7.648m far | E30D:d=8.038m far | A770:d=8.858m far | B103:d=9.625m far | A996:d=8.378m far | 4135:d=8.928m far | 17A7:d=10.651m far | 27C2:d=10.174m far
[2026-03-27T22:24:02.228Z] [Tick] t8 398A:d=0.961m far | 1A97:d=1.981m far | 6D8F:d=3.131m far | 875A:d=4.365m far | 9D0C:d=5.954m far | 78E0:d=6.726m far | A4DB:d=7.315m far | 4B81:d=7.619m far | E30D:d=8.009m far | A770:d=8.831m far | B103:d=9.595m far | A996:d=8.347m far | 4135:d=8.899m far | 17A7:d=10.627m far | 27C2:d=10.153m far
[2026-03-27T22:24:03.228Z] [Tick] t12 398A:d=1.077m far | 1A97:d=2.102m far | 6D8F:d=3.255m far | 875A:d=4.490m far | 9D0C:d=6.076m far | 78E0:d=6.844m far | A4DB:d=7.428m far | 4B81:d=7.729m far | E30D:d=8.114m far | A770:d=8.930m far | B103:d=9.705m far | A996:d=8.461m far | 4135:d=9.002m far | 17A7:d=10.711m far | 27C2:d=10.228m far
[2026-03-27T22:24:04.228Z] [Tick] t16 398A:d=0.813m far | 1A97:d=1.819m far | 6D8F:d=2.969m far | 875A:d=4.208m far | 9D0C:d=5.809m far | 78E0:d=6.590m far | A4DB:d=7.190m far | 4B81:d=7.500m far | E30D:d=7.901m far | A770:d=8.735m far | B103:d=9.480m far | A996:d=8.221m far | 4135:d=8.796m far | 17A7:d=10.556m far | 27C2:d=10.094m far
[2026-03-27T22:24:05.228Z] [Tick] t20 398A:d=0.330m far | 1A97:d=1.292m far | 6D8F:d=2.465m far | 875A:d=3.740m far | 9D0C:d=5.397m far | 78E0:d=6.221m far | A4DB:d=6.863m far | 4B81:d=7.193m far | E30D:d=7.626m far | A770:d=8.495m far | B103:d=9.159m far | A996:d=7.850m far | 4135:d=8.499m far | 17A7:d=10.358m far | 27C2:d=9.930m far
[2026-03-27T22:24:05.728Z] [Tick] t22 COLLECT×1 | 398A:d=0.080m ✓ | 1A97:d=1.077m far | 6D8F:d=2.261m far | 875A:d=3.548m far | 9D0C:d=5.221m far | 78E0:d=6.058m far | A4DB:d=6.711m far | 4B81:d=7.040m far | E30D:d=7.474m far | A770:d=8.343m far | B103:d=8.969m far | A996:d=7.631m far | 4135:d=8.297m far | 17A7:d=10.179m far | 27C2:d=9.759m far
[2026-03-27T22:24:06.229Z] [Tick] t24 398A:skip(done) | 1A97:d=0.933m far | 6D8F:d=2.127m far | 875A:d=3.428m far | 9D0C:d=5.120m far | 78E0:d=5.972m far | A4DB:d=6.640m far | 4B81:d=6.977m far | E30D:d=7.423m far | A770:d=8.305m far | B103:d=8.904m far | A996:d=7.552m far | 4135:d=8.245m far | 17A7:d=10.159m far | 27C2:d=9.750m far
[2026-03-27T22:24:07.228Z] [Tick] t28 398A:skip(done) | 1A97:d=0.543m far | 6D8F:d=1.730m far | 875A:d=3.055m far | 9D0C:d=4.795m far | 78E0:d=5.686m far | A4DB:d=6.394m far | 4B81:d=6.766m far | E30D:d=7.262m far | A770:d=8.194m far | B103:d=8.740m far | A996:d=7.373m far | 4135:d=8.153m far | 17A7:d=10.176m far | 27C2:d=9.816m far
[2026-03-27T22:24:07.978Z] [Tick] t31 COLLECT×1 | 398A:skip(done) | 1A97:d=0.030m ✓ | 6D8F:d=1.205m far | 875A:d=2.552m far | 9D0C:d=4.329m far | 78E0:d=5.251m far | A4DB:d=5.992m far | 4B81:d=6.378m far | E30D:d=6.899m far | A770:d=7.857m far | B103:d=8.324m far | A996:d=6.920m far | 4135:d=7.768m far | 17A7:d=9.880m far | 27C2:d=9.563m far
[2026-03-27T22:24:08.228Z] [Tick] t32 398A:skip(done) | 1A97:skip(done) | 6D8F:d=1.037m far | 875A:d=2.386m far | 9D0C:d=4.169m far | 78E0:d=5.099m far | A4DB:d=5.850m far | 4B81:d=6.240m far | E30D:d=6.770m far | A770:d=7.738m far | B103:d=8.184m far | A996:d=6.775m far | 4135:d=7.644m far | 17A7:d=9.784m far | 27C2:d=9.482m far
[2026-03-27T22:24:09.228Z] [Tick] t36 398A:skip(done) | 1A97:skip(done) | 6D8F:d=0.371m far | 875A:d=1.733m far | 9D0C:d=3.565m far | 78E0:d=4.540m far | A4DB:d=5.341m far | 4B81:d=5.771m far | E30D:d=6.363m far | A770:d=7.388m far | B103:d=7.748m far | A996:d=6.331m far | 4135:d=7.315m far | 17A7:d=9.596m far | 27C2:d=9.371m far
[2026-03-27T22:24:09.478Z] [Tick] t37 COLLECT×1 | 398A:skip(done) | 1A97:skip(done) | 6D8F:d=0.149m ✓ | 875A:d=1.511m far | 9D0C:d=3.350m far | 78E0:d=4.334m far | A4DB:d=5.146m far | 4B81:d=5.583m far | E30D:d=6.185m far | A770:d=7.223m far | B103:d=7.557m far | A996:d=6.138m far | 4135:d=7.149m far | 17A7:d=9.465m far | 27C2:d=9.262m far
[2026-03-27T22:24:10.228Z] [Tick] t40 398A:skip(done) | 1A97:skip(done) | 6D8F:skip(done) | 875A:d=0.957m far | 9D0C:d=2.818m far | 78E0:d=3.833m far | A4DB:d=4.682m far | 4B81:d=5.153m far | E30D:d=5.807m far | A770:d=6.890m far | B103:d=7.163m far | A996:d=5.762m far | 4135:d=6.860m far | 17A7:d=9.281m far | 27C2:d=9.148m far
[2026-03-27T22:24:11.238Z] [Tick] t44 COLLECT×1 | 398A:skip(done) | 1A97:skip(done) | 6D8F:skip(done) | 875A:d=0.107m ✓ | 9D0C:d=1.926m far | 78E0:d=2.973m far | A4DB:d=3.864m far | 4B81:d=4.368m far | E30D:d=5.079m far | A770:d=6.212m far | B103:d=6.397m far | A996:d=5.038m far | 4135:d=6.239m far | 17A7:d=8.789m far | 27C2:d=8.756m far
[2026-03-27T22:24:12.229Z] [Tick] t48 398A:skip(done) | 1A97:skip(done) | 6D8F:skip(done) | 875A:skip(done) | 9D0C:d=1.120m far | 78E0:d=2.183m far | A4DB:d=3.113m far | 4B81:d=3.666m far | E30D:d=4.451m far | A770:d=5.640m far | B103:d=5.775m far | A996:d=4.528m far | 4135:d=5.808m far | 17A7:d=8.458m far | 27C2:d=8.529m far
[2026-03-27T22:24:13.229Z] [Tick] t52 398A:skip(done) | 1A97:skip(done) | 6D8F:skip(done) | 875A:skip(done) | 9D0C:d=0.253m far | 78E0:d=1.279m far | A4DB:d=2.241m far | 4B81:d=2.830m far | E30D:d=3.674m far | A770:d=4.902m far | B103:d=4.983m far | A996:d=3.887m far | 4135:d=5.209m far | 17A7:d=7.927m far | 27C2:d=8.105m far
[2026-03-27T22:24:14.231Z] [Tick] t56 398A:skip(done) | 1A97:skip(done) | 6D8F:skip(done) | 875A:skip(done) | 9D0C:d=0.666m far | 78E0:d=0.455m far | A4DB:d=1.427m far | 4B81:d=2.043m far | E30D:d=2.932m far | A770:d=4.184m far | B103:d=4.282m far | A996:d=3.399m far | 4135:d=4.677m far | 17A7:d=7.401m far | 27C2:d=7.663m far
[2026-03-27T22:24:15.245Z] [Tick] t60 COLLECT×1 | 398A:skip(done) | 1A97:skip(done) | 6D8F:skip(done) | 875A:skip(done) | 9D0C:d=0.114m ✓ | 78E0:d=1.041m far | A4DB:d=1.998m far | 4B81:d=2.579m far | E30D:d=3.421m far | A770:d=4.650m far | B103:d=4.745m far | A996:d=3.684m far | 4135:d=4.986m far | 17A7:d=7.703m far | 27C2:d=7.895m far
[2026-03-27T22:24:16.230Z] [Tick] t64 398A:skip(done) | 1A97:skip(done) | 6D8F:skip(done) | 875A:skip(done) | 9D0C:skip(done) | 78E0:d=1.243m far | A4DB:d=2.208m far | 4B81:d=2.807m far | E30D:d=3.662m far | A770:d=4.895m far | B103:d=4.969m far | A996:d=3.892m far | 4135:d=5.221m far | 17A7:d=7.946m far | 27C2:d=8.133m far
[2026-03-27T22:24:17.228Z] [Tick] t68 398A:skip(done) | 1A97:skip(done) | 6D8F:skip(done) | 875A:skip(done) | 9D0C:skip(done) | 78E0:d=0.562m far | A4DB:d=1.531m far | 4B81:d=2.156m far | E30D:d=3.051m far | A770:d=4.305m far | B103:d=4.388m far | A996:d=3.493m far | 4135:d=4.789m far | 17A7:d=7.520m far | 27C2:d=7.781m far
[2026-03-27T22:24:17.728Z] [Tick] t70 COLLECT×1 | 398A:skip(done) | 1A97:skip(done) | 6D8F:skip(done) | 875A:skip(done) | 9D0C:skip(done) | 78E0:d=0.146m ✓ | A4DB:d=1.116m far | 4B81:d=1.738m far | E30D:d=2.641m far | A770:d=3.899m far | B103:d=4.021m far | A996:d=3.236m far | 4135:d=4.472m far | 17A7:d=7.184m far | 27C2:d=7.473m far
[2026-03-27T22:24:18.251Z] [Tick] t72 398A:skip(done) | 1A97:skip(done) | 6D8F:skip(done) | 875A:skip(done) | 9D0C:skip(done) | 78E0:skip(done) | A4DB:d=0.793m far | 4B81:d=1.442m far | E30D:d=2.371m far | A770:d=3.639m far | B103:d=3.796m far | A996:d=3.155m far | 4135:d=4.334m far | 17A7:d=7.023m far | 27C2:d=7.348m far
[2026-03-27T22:24:19.228Z] [Tick] t76 COLLECT×1 | 398A:skip(done) | 1A97:skip(done) | 6D8F:skip(done) | 875A:skip(done) | 9D0C:skip(done) | 78E0:skip(done) | A4DB:d=0.134m ✓ | 4B81:d=0.802m far | E30D:d=1.759m far | A770:d=3.026m far | B103:d=3.311m far | A996:d=3.011m far | 4135:d=3.999m far | 17A7:d=6.595m far | 27C2:d=6.984m far
[2026-03-27T22:24:20.252Z] [Tick] t80 398A:skip(done) | 1A97:skip(done) | 6D8F:skip(done) | 875A:skip(done) | 9D0C:skip(done) | 78E0:skip(done) | A4DB:skip(done) | 4B81:d=0.363m far | E30D:d=1.310m far | A770:d=2.569m far | B103:d=2.935m far | A996:d=2.817m far | 4135:d=3.658m far | 17A7:d=6.193m far | 27C2:d=6.611m far
[2026-03-27T22:24:20.997Z] [Tick] t83 COLLECT×1 | 398A:skip(done) | 1A97:skip(done) | 6D8F:skip(done) | 875A:skip(done) | 9D0C:skip(done) | 78E0:skip(done) | A4DB:skip(done) | 4B81:d=0.125m ✓ | E30D:d=0.903m far | A770:d=2.168m far | B103:d=2.680m far | A996:d=2.693m far | 4135:d=3.359m far | 17A7:d=5.820m far | 27C2:d=6.240m far
[2026-03-27T22:24:21.237Z] [Tick] t84 398A:skip(done) | 1A97:skip(done) | 6D8F:skip(done) | 875A:skip(done) | 9D0C:skip(done) | 78E0:skip(done) | A4DB:skip(done) | 4B81:skip(done) | E30D:d=0.784m far | A770:d=2.048m far | B103:d=2.601m far | A996:d=2.662m far | 4135:d=3.272m far | 17A7:d=5.710m far | 27C2:d=6.134m far
[2026-03-27T22:24:22.228Z] [Tick] t88 398A:skip(done) | 1A97:skip(done) | 6D8F:skip(done) | 875A:skip(done) | 9D0C:skip(done) | 78E0:skip(done) | A4DB:skip(done) | 4B81:skip(done) | E30D:d=0.162m far | A770:d=1.415m far | B103:d=2.201m far | A996:d=2.540m far | 4135:d=2.826m far | 17A7:d=5.126m far | 27C2:d=5.579m far
[2026-03-27T22:24:22.478Z] [Tick] t89 COLLECT×1 | 398A:skip(done) | 1A97:skip(done) | 6D8F:skip(done) | 875A:skip(done) | 9D0C:skip(done) | 78E0:skip(done) | A4DB:skip(done) | 4B81:skip(done) | E30D:d=0.106m ✓ | A770:d=1.291m far | B103:d=2.168m far | A996:d=2.576m far | 4135:d=2.779m far | 17A7:d=5.028m far | 27C2:d=5.484m far
[2026-03-27T22:24:23.238Z] [Tick] t92 398A:skip(done) | 1A97:skip(done) | 6D8F:skip(done) | 875A:skip(done) | 9D0C:skip(done) | 78E0:skip(done) | A4DB:skip(done) | 4B81:skip(done) | E30D:skip(done) | A770:d=0.807m far | B103:d=1.912m far | A996:d=2.569m far | 4135:d=2.487m far | 17A7:d=4.591m far | 27C2:d=5.086m far
[2026-03-27T22:24:24.228Z] [Tick] t96 398A:skip(done) | 1A97:skip(done) | 6D8F:skip(done) | 875A:skip(done) | 9D0C:skip(done) | 78E0:skip(done) | A4DB:skip(done) | 4B81:skip(done) | E30D:skip(done) | A770:d=0.223m far | B103:d=1.859m far | A996:d=2.810m far | 4135:d=2.341m far | 17A7:d=4.122m far | 27C2:d=4.661m far
[2026-03-27T22:24:25.247Z] [Tick] t100 398A:skip(done) | 1A97:skip(done) | 6D8F:skip(done) | 875A:skip(done) | 9D0C:skip(done) | 78E0:skip(done) | A4DB:skip(done) | 4B81:skip(done) | E30D:skip(done) | A770:d=0.440m far | B103:d=1.827m far | A996:d=3.096m far | 4135:d=2.417m far | 17A7:d=3.876m far | 27C2:d=4.516m far
[2026-03-27T22:24:26.247Z] [Tick] t104 398A:skip(done) | 1A97:skip(done) | 6D8F:skip(done) | 875A:skip(done) | 9D0C:skip(done) | 78E0:skip(done) | A4DB:skip(done) | 4B81:skip(done) | E30D:skip(done) | A770:d=0.247m far | B103:d=1.791m far | A996:d=2.880m far | 4135:d=2.390m far | 17A7:d=4.111m far | 27C2:d=4.696m far
[2026-03-27T22:24:27.228Z] [Tick] t108 398A:skip(done) | 1A97:skip(done) | 6D8F:skip(done) | 875A:skip(done) | 9D0C:skip(done) | 78E0:skip(done) | A4DB:skip(done) | 4B81:skip(done) | E30D:skip(done) | A770:d=0.208m far | B103:d=1.927m far | A996:d=2.913m far | 4135:d=2.399m far | 17A7:d=4.098m far | 27C2:d=4.640m far
[2026-03-27T22:24:27.478Z] [Tick] t109 COLLECT×1 | 398A:skip(done) | 1A97:skip(done) | 6D8F:skip(done) | 875A:skip(done) | 9D0C:skip(done) | 78E0:skip(done) | A4DB:skip(done) | 4B81:skip(done) | E30D:skip(done) | A770:d=0.146m ✓ | B103:d=1.898m far | A996:d=2.884m far | 4135:d=2.340m far | 17A7:d=4.036m far | 27C2:d=4.579m far
[2026-03-27T22:24:28.241Z] [Tick] t112 398A:skip(done) | 1A97:skip(done) | 6D8F:skip(done) | 875A:skip(done) | 9D0C:skip(done) | 78E0:skip(done) | A4DB:skip(done) | 4B81:skip(done) | E30D:skip(done) | A770:skip(done) | B103:d=1.837m far | A996:d=2.888m far | 4135:d=2.345m far | 17A7:d=4.032m far | 27C2:d=4.600m far
[2026-03-27T22:24:29.228Z] [Tick] t116 398A:skip(done) | 1A97:skip(done) | 6D8F:skip(done) | 875A:skip(done) | 9D0C:skip(done) | 78E0:skip(done) | A4DB:skip(done) | 4B81:skip(done) | E30D:skip(done) | A770:skip(done) | B103:d=1.695m far | A996:d=2.986m far | 4135:d=2.333m far | 17A7:d=3.868m far | 27C2:d=4.521m far
[2026-03-27T22:24:30.228Z] [Tick] t120 398A:skip(done) | 1A97:skip(done) | 6D8F:skip(done) | 875A:skip(done) | 9D0C:skip(done) | 78E0:skip(done) | A4DB:skip(done) | 4B81:skip(done) | E30D:skip(done) | A770:skip(done) | B103:d=1.305m far | A996:d=2.786m far | 4135:d=2.320m far | 17A7:d=4.051m far | 27C2:d=4.778m far
[2026-03-27T22:24:31.242Z] [Tick] t124 398A:skip(done) | 1A97:skip(done) | 6D8F:skip(done) | 875A:skip(done) | 9D0C:skip(done) | 78E0:skip(done) | A4DB:skip(done) | 4B81:skip(done) | E30D:skip(done) | A770:skip(done) | B103:d=0.739m far | A996:d=2.380m far | 4135:d=1.991m far | 17A7:d=3.944m far | 27C2:d=4.712m far
[2026-03-27T22:24:32.227Z] [Tick] t128 COLLECT×1 | 398A:skip(done) | 1A97:skip(done) | 6D8F:skip(done) | 875A:skip(done) | 9D0C:skip(done) | 78E0:skip(done) | A4DB:skip(done) | 4B81:skip(done) | E30D:skip(done) | A770:skip(done) | B103:d=0.134m ✓ | A996:d=1.914m far | 4135:d=1.793m far | 17A7:d=4.043m far | 27C2:d=4.812m far
[2026-03-27T22:24:33.242Z] [Tick] t132 398A:skip(done) | 1A97:skip(done) | 6D8F:skip(done) | 875A:skip(done) | 9D0C:skip(done) | 78E0:skip(done) | A4DB:skip(done) | 4B81:skip(done) | E30D:skip(done) | A770:skip(done) | B103:skip(done) | A996:d=1.556m far | 4135:d=1.863m far | 17A7:d=4.319m far | 27C2:d=5.066m far
[2026-03-27T22:24:34.242Z] [Tick] t136 398A:skip(done) | 1A97:skip(done) | 6D8F:skip(done) | 875A:skip(done) | 9D0C:skip(done) | 78E0:skip(done) | A4DB:skip(done) | 4B81:skip(done) | E30D:skip(done) | A770:skip(done) | B103:skip(done) | A996:d=1.228m far | 4135:d=2.046m far | 17A7:d=4.669m far | 27C2:d=5.360m far
[2026-03-27T22:24:35.227Z] [Tick] t140 398A:skip(done) | 1A97:skip(done) | 6D8F:skip(done) | 875A:skip(done) | 9D0C:skip(done) | 78E0:skip(done) | A4DB:skip(done) | 4B81:skip(done) | E30D:skip(done) | A770:skip(done) | B103:skip(done) | A996:d=0.808m far | 4135:d=1.924m far | 17A7:d=4.696m far | 27C2:d=5.303m far
[2026-03-27T22:24:36.229Z] [Tick] t144 COLLECT×1 | 398A:skip(done) | 1A97:skip(done) | 6D8F:skip(done) | 875A:skip(done) | 9D0C:skip(done) | 78E0:skip(done) | A4DB:skip(done) | 4B81:skip(done) | E30D:skip(done) | A770:skip(done) | B103:skip(done) | A996:d=0.105m ✓ | 4135:d=1.824m far | 17A7:d=4.698m far | 27C2:d=5.152m far
[2026-03-27T22:24:37.228Z] [Tick] t148 398A:skip(done) | 1A97:skip(done) | 6D8F:skip(done) | 875A:skip(done) | 9D0C:skip(done) | 78E0:skip(done) | A4DB:skip(done) | 4B81:skip(done) | E30D:skip(done) | A770:skip(done) | B103:skip(done) | A996:skip(done) | 4135:d=1.678m far | 17A7:d=4.565m far | 27C2:d=4.989m far
[2026-03-27T22:24:38.246Z] [Tick] t152 398A:skip(done) | 1A97:skip(done) | 6D8F:skip(done) | 875A:skip(done) | 9D0C:skip(done) | 78E0:skip(done) | A4DB:skip(done) | 4B81:skip(done) | E30D:skip(done) | A770:skip(done) | B103:skip(done) | A996:skip(done) | 4135:d=1.625m far | 17A7:d=4.509m far | 27C2:d=4.919m far
[2026-03-27T22:24:39.244Z] [Tick] t156 398A:skip(done) | 1A97:skip(done) | 6D8F:skip(done) | 875A:skip(done) | 9D0C:skip(done) | 78E0:skip(done) | A4DB:skip(done) | 4B81:skip(done) | E30D:skip(done) | A770:skip(done) | B103:skip(done) | A996:skip(done) | 4135:d=1.677m far | 17A7:d=4.560m far | 27C2:d=4.978m far
[2026-03-27T22:24:40.227Z] [Tick] t160 398A:skip(done) | 1A97:skip(done) | 6D8F:skip(done) | 875A:skip(done) | 9D0C:skip(done) | 78E0:skip(done) | A4DB:skip(done) | 4B81:skip(done) | E30D:skip(done) | A770:skip(done) | B103:skip(done) | A996:skip(done) | 4135:d=1.925m far | 17A7:d=4.804m far | 27C2:d=5.273m far
[2026-03-27T22:24:41.228Z] [Tick] t164 398A:skip(done) | 1A97:skip(done) | 6D8F:skip(done) | 875A:skip(done) | 9D0C:skip(done) | 78E0:skip(done) | A4DB:skip(done) | 4B81:skip(done) | E30D:skip(done) | A770:skip(done) | B103:skip(done) | A996:skip(done) | 4135:d=1.944m far | 17A7:d=4.803m far | 27C2:d=5.325m far
[2026-03-27T22:24:42.236Z] [Tick] t168 398A:skip(done) | 1A97:skip(done) | 6D8F:skip(done) | 875A:skip(done) | 9D0C:skip(done) | 78E0:skip(done) | A4DB:skip(done) | 4B81:skip(done) | E30D:skip(done) | A770:skip(done) | B103:skip(done) | A996:skip(done) | 4135:d=2.050m far | 17A7:d=4.716m far | 27C2:d=5.386m far
[2026-03-27T22:24:43.228Z] [Tick] t172 398A:skip(done) | 1A97:skip(done) | 6D8F:skip(done) | 875A:skip(done) | 9D0C:skip(done) | 78E0:skip(done) | A4DB:skip(done) | 4B81:skip(done) | E30D:skip(done) | A770:skip(done) | B103:skip(done) | A996:skip(done) | 4135:d=1.979m far | 17A7:d=4.480m far | 27C2:d=5.197m far
[2026-03-27T22:24:44.228Z] [Tick] t176 398A:skip(done) | 1A97:skip(done) | 6D8F:skip(done) | 875A:skip(done) | 9D0C:skip(done) | 78E0:skip(done) | A4DB:skip(done) | 4B81:skip(done) | E30D:skip(done) | A770:skip(done) | B103:skip(done) | A996:skip(done) | 4135:d=1.885m far | 17A7:d=4.304m far | 27C2:d=5.024m far
[2026-03-27T22:24:45.228Z] [Tick] t180 398A:skip(done) | 1A97:skip(done) | 6D8F:skip(done) | 875A:skip(done) | 9D0C:skip(done) | 78E0:skip(done) | A4DB:skip(done) | 4B81:skip(done) | E30D:skip(done) | A770:skip(done) | B103:skip(done) | A996:skip(done) | 4135:d=1.990m far | 17A7:d=4.463m far | 27C2:d=5.195m far
[2026-03-27T22:24:46.228Z] [Tick] t184 398A:skip(done) | 1A97:skip(done) | 6D8F:skip(done) | 875A:skip(done) | 9D0C:skip(done) | 78E0:skip(done) | A4DB:skip(done) | 4B81:skip(done) | E30D:skip(done) | A770:skip(done) | B103:skip(done) | A996:skip(done) | 4135:d=2.003m far | 17A7:d=4.482m far | 27C2:d=5.214m far
[2026-03-27T22:24:47.228Z] [Tick] t188 398A:skip(done) | 1A97:skip(done) | 6D8F:skip(done) | 875A:skip(done) | 9D0C:skip(done) | 78E0:skip(done) | A4DB:skip(done) | 4B81:skip(done) | E30D:skip(done) | A770:skip(done) | B103:skip(done) | A996:skip(done) | 4135:d=2.006m far | 17A7:d=4.475m far | 27C2:d=5.211m far
[2026-03-27T22:24:48.228Z] [Tick] t192 398A:skip(done) | 1A97:skip(done) | 6D8F:skip(done) | 875A:skip(done) | 9D0C:skip(done) | 78E0:skip(done) | A4DB:skip(done) | 4B81:skip(done) | E30D:skip(done) | A770:skip(done) | B103:skip(done) | A996:skip(done) | 4135:d=2.001m far | 17A7:d=4.453m far | 27C2:d=5.188m far
[2026-03-27T22:24:49.227Z] [Tick] t196 398A:skip(done) | 1A97:skip(done) | 6D8F:skip(done) | 875A:skip(done) | 9D0C:skip(done) | 78E0:skip(done) | A4DB:skip(done) | 4B81:skip(done) | E30D:skip(done) | A770:skip(done) | B103:skip(done) | A996:skip(done) | 4135:d=2.012m far | 17A7:d=4.471m far | 27C2:d=5.203m far
[2026-03-27T22:24:50.240Z] [Tick] t200 398A:skip(done) | 1A97:skip(done) | 6D8F:skip(done) | 875A:skip(done) | 9D0C:skip(done) | 78E0:skip(done) | A4DB:skip(done) | 4B81:skip(done) | E30D:skip(done) | A770:skip(done) | B103:skip(done) | A996:skip(done) | 4135:d=2.041m far | 17A7:d=4.511m far | 27C2:d=5.243m far
[2026-03-27T22:24:51.228Z] [Tick] t204 398A:skip(done) | 1A97:skip(done) | 6D8F:skip(done) | 875A:skip(done) | 9D0C:skip(done) | 78E0:skip(done) | A4DB:skip(done) | 4B81:skip(done) | E30D:skip(done) | A770:skip(done) | B103:skip(done) | A996:skip(done) | 4135:d=2.002m far | 17A7:d=4.416m far | 27C2:d=5.147m far
[2026-03-27T22:24:52.228Z] [Tick] t208 398A:skip(done) | 1A97:skip(done) | 6D8F:skip(done) | 875A:skip(done) | 9D0C:skip(done) | 78E0:skip(done) | A4DB:skip(done) | 4B81:skip(done) | E30D:skip(done) | A770:skip(done) | B103:skip(done) | A996:skip(done) | 4135:d=1.836m far | 17A7:d=4.154m far | 27C2:d=4.869m far
[2026-03-27T22:24:53.237Z] [Tick] t212 398A:skip(done) | 1A97:skip(done) | 6D8F:skip(done) | 875A:skip(done) | 9D0C:skip(done) | 78E0:skip(done) | A4DB:skip(done) | 4B81:skip(done) | E30D:skip(done) | A770:skip(done) | B103:skip(done) | A996:skip(done) | 4135:d=1.931m far | 17A7:d=4.015m far | 27C2:d=4.728m far
[2026-03-27T22:24:54.234Z] [Tick] t216 398A:skip(done) | 1A97:skip(done) | 6D8F:skip(done) | 875A:skip(done) | 9D0C:skip(done) | 78E0:skip(done) | A4DB:skip(done) | 4B81:skip(done) | E30D:skip(done) | A770:skip(done) | B103:skip(done) | A996:skip(done) | 4135:d=2.117m far | 17A7:d=4.059m far | 27C2:d=4.767m far
[2026-03-27T22:24:55.232Z] [Tick] t220 398A:skip(done) | 1A97:skip(done) | 6D8F:skip(done) | 875A:skip(done) | 9D0C:skip(done) | 78E0:skip(done) | A4DB:skip(done) | 4B81:skip(done) | E30D:skip(done) | A770:skip(done) | B103:skip(done) | A996:skip(done) | 4135:d=2.401m far | 17A7:d=4.152m far | 27C2:d=4.878m far
[2026-03-27T22:24:56.228Z] [Tick] t224 398A:skip(done) | 1A97:skip(done) | 6D8F:skip(done) | 875A:skip(done) | 9D0C:skip(done) | 78E0:skip(done) | A4DB:skip(done) | 4B81:skip(done) | E30D:skip(done) | A770:skip(done) | B103:skip(done) | A996:skip(done) | 4135:d=2.582m far | 17A7:d=4.203m far | 27C2:d=4.922m far
[2026-03-27T22:24:57.228Z] [Tick] t228 398A:skip(done) | 1A97:skip(done) | 6D8F:skip(done) | 875A:skip(done) | 9D0C:skip(done) | 78E0:skip(done) | A4DB:skip(done) | 4B81:skip(done) | E30D:skip(done) | A770:skip(done) | B103:skip(done) | A996:skip(done) | 4135:d=2.679m far | 17A7:d=4.216m far | 27C2:d=4.954m far
[2026-03-27T22:24:58.244Z] [Tick] t232 398A:skip(done) | 1A97:skip(done) | 6D8F:skip(done) | 875A:skip(done) | 9D0C:skip(done) | 78E0:skip(done) | A4DB:skip(done) | 4B81:skip(done) | E30D:skip(done) | A770:skip(done) | B103:skip(done) | A996:skip(done) | 4135:d=2.701m far | 17A7:d=4.204m far | 27C2:d=4.934m far
[2026-03-27T22:24:59.229Z] [Tick] t236 398A:skip(done) | 1A97:skip(done) | 6D8F:skip(done) | 875A:skip(done) | 9D0C:skip(done) | 78E0:skip(done) | A4DB:skip(done) | 4B81:skip(done) | E30D:skip(done) | A770:skip(done) | B103:skip(done) | A996:skip(done) | 4135:d=2.551m far | 17A7:d=4.130m far | 27C2:d=4.890m far
[2026-03-27T22:25:00.228Z] [Tick] t240 398A:skip(done) | 1A97:skip(done) | 6D8F:skip(done) | 875A:skip(done) | 9D0C:skip(done) | 78E0:skip(done) | A4DB:skip(done) | 4B81:skip(done) | E30D:skip(done) | A770:skip(done) | B103:skip(done) | A996:skip(done) | 4135:d=2.154m far | 17A7:d=4.171m far | 27C2:d=4.921m far
[2026-03-27T22:25:01.230Z] [Tick] t244 398A:skip(done) | 1A97:skip(done) | 6D8F:skip(done) | 875A:skip(done) | 9D0C:skip(done) | 78E0:skip(done) | A4DB:skip(done) | 4B81:skip(done) | E30D:skip(done) | A770:skip(done) | B103:skip(done) | A996:skip(done) | 4135:d=1.869m far | 17A7:d=4.173m far | 27C2:d=4.898m far
[2026-03-27T22:25:02.228Z] [Tick] t248 398A:skip(done) | 1A97:skip(done) | 6D8F:skip(done) | 875A:skip(done) | 9D0C:skip(done) | 78E0:skip(done) | A4DB:skip(done) | 4B81:skip(done) | E30D:skip(done) | A770:skip(done) | B103:skip(done) | A996:skip(done) | 4135:d=1.960m far | 17A7:d=4.485m far | 27C2:d=5.212m far
[2026-03-27T22:25:03.230Z] [Tick] t252 398A:skip(done) | 1A97:skip(done) | 6D8F:skip(done) | 875A:skip(done) | 9D0C:skip(done) | 78E0:skip(done) | A4DB:skip(done) | 4B81:skip(done) | E30D:skip(done) | A770:skip(done) | B103:skip(done) | A996:skip(done) | 4135:d=1.990m far | 17A7:d=4.686m far | 27C2:d=5.341m far
[2026-03-27T22:25:04.231Z] [Tick] t256 398A:skip(done) | 1A97:skip(done) | 6D8F:skip(done) | 875A:skip(done) | 9D0C:skip(done) | 78E0:skip(done) | A4DB:skip(done) | 4B81:skip(done) | E30D:skip(done) | A770:skip(done) | B103:skip(done) | A996:skip(done) | 4135:d=1.787m far | 17A7:d=4.624m far | 27C2:d=5.175m far
[2026-03-27T22:25:05.227Z] [Tick] t260 398A:skip(done) | 1A97:skip(done) | 6D8F:skip(done) | 875A:skip(done) | 9D0C:skip(done) | 78E0:skip(done) | A4DB:skip(done) | 4B81:skip(done) | E30D:skip(done) | A770:skip(done) | B103:skip(done) | A996:skip(done) | 4135:d=1.611m far | 17A7:d=4.495m far | 27C2:d=4.972m far
[2026-03-27T22:25:06.259Z] [Tick] t264 398A:skip(done) | 1A97:skip(done) | 6D8F:skip(done) | 875A:skip(done) | 9D0C:skip(done) | 78E0:skip(done) | A4DB:skip(done) | 4B81:skip(done) | E30D:skip(done) | A770:skip(done) | B103:skip(done) | A996:skip(done) | 4135:d=1.388m far | 17A7:d=4.268m far | 27C2:d=4.712m far
[2026-03-27T22:25:07.228Z] [Tick] t268 398A:skip(done) | 1A97:skip(done) | 6D8F:skip(done) | 875A:skip(done) | 9D0C:skip(done) | 78E0:skip(done) | A4DB:skip(done) | 4B81:skip(done) | E30D:skip(done) | A770:skip(done) | B103:skip(done) | A996:skip(done) | 4135:d=1.312m far | 17A7:d=4.194m far | 27C2:d=4.622m far
[2026-03-27T22:25:08.232Z] [Tick] t272 398A:skip(done) | 1A97:skip(done) | 6D8F:skip(done) | 875A:skip(done) | 9D0C:skip(done) | 78E0:skip(done) | A4DB:skip(done) | 4B81:skip(done) | E30D:skip(done) | A770:skip(done) | B103:skip(done) | A996:skip(done) | 4135:d=1.638m far | 17A7:d=4.525m far | 27C2:d=4.960m far
[2026-03-27T22:25:09.233Z] [Tick] t276 398A:skip(done) | 1A97:skip(done) | 6D8F:skip(done) | 875A:skip(done) | 9D0C:skip(done) | 78E0:skip(done) | A4DB:skip(done) | 4B81:skip(done) | E30D:skip(done) | A770:skip(done) | B103:skip(done) | A996:skip(done) | 4135:d=1.991m far | 17A7:d=4.871m far | 27C2:d=5.272m far
[2026-03-27T22:25:10.233Z] [Tick] t280 398A:skip(done) | 1A97:skip(done) | 6D8F:skip(done) | 875A:skip(done) | 9D0C:skip(done) | 78E0:skip(done) | A4DB:skip(done) | 4B81:skip(done) | E30D:skip(done) | A770:skip(done) | B103:skip(done) | A996:skip(done) | 4135:d=1.712m far | 17A7:d=4.594m far | 27C2:d=4.992m far
[2026-03-27T22:25:11.228Z] [Tick] t284 398A:skip(done) | 1A97:skip(done) | 6D8F:skip(done) | 875A:skip(done) | 9D0C:skip(done) | 78E0:skip(done) | A4DB:skip(done) | 4B81:skip(done) | E30D:skip(done) | A770:skip(done) | B103:skip(done) | A996:skip(done) | 4135:d=1.362m far | 17A7:d=4.240m far | 27C2:d=4.663m far
[2026-03-27T22:25:12.234Z] [Tick] t288 398A:skip(done) | 1A97:skip(done) | 6D8F:skip(done) | 875A:skip(done) | 9D0C:skip(done) | 78E0:skip(done) | A4DB:skip(done) | 4B81:skip(done) | E30D:skip(done) | A770:skip(done) | B103:skip(done) | A996:skip(done) | 4135:d=0.730m far | 17A7:d=3.599m far | 27C2:d=4.049m far
[2026-03-27T22:25:13.228Z] [Tick] t292 398A:skip(done) | 1A97:skip(done) | 6D8F:skip(done) | 875A:skip(done) | 9D0C:skip(done) | 78E0:skip(done) | A4DB:skip(done) | 4B81:skip(done) | E30D:skip(done) | A770:skip(done) | B103:skip(done) | A996:skip(done) | 4135:d=0.257m far | 17A7:d=3.090m far | 27C2:d=3.592m far
[2026-03-27T22:25:13.479Z] [Tick] t293 COLLECT×1 | 398A:skip(done) | 1A97:skip(done) | 6D8F:skip(done) | 875A:skip(done) | 9D0C:skip(done) | 78E0:skip(done) | A4DB:skip(done) | 4B81:skip(done) | E30D:skip(done) | A770:skip(done) | B103:skip(done) | A996:skip(done) | 4135:d=0.104m ✓ | 17A7:d=2.905m far | 27C2:d=3.408m far
[2026-03-27T22:25:14.234Z] [Tick] t296 398A:skip(done) | 1A97:skip(done) | 6D8F:skip(done) | 875A:skip(done) | 9D0C:skip(done) | 78E0:skip(done) | A4DB:skip(done) | 4B81:skip(done) | E30D:skip(done) | A770:skip(done) | B103:skip(done) | A996:skip(done) | 4135:skip(done) | 17A7:d=2.761m far | 27C2:d=3.277m far
[2026-03-27T22:25:15.235Z] [Tick] t300 398A:skip(done) | 1A97:skip(done) | 6D8F:skip(done) | 875A:skip(done) | 9D0C:skip(done) | 78E0:skip(done) | A4DB:skip(done) | 4B81:skip(done) | E30D:skip(done) | A770:skip(done) | B103:skip(done) | A996:skip(done) | 4135:skip(done) | 17A7:d=2.353m far | 27C2:d=2.915m far
[2026-03-27T22:25:16.235Z] [Tick] t304 398A:skip(done) | 1A97:skip(done) | 6D8F:skip(done) | 875A:skip(done) | 9D0C:skip(done) | 78E0:skip(done) | A4DB:skip(done) | 4B81:skip(done) | E30D:skip(done) | A770:skip(done) | B103:skip(done) | A996:skip(done) | 4135:skip(done) | 17A7:d=1.963m far | 27C2:d=2.624m far
[2026-03-27T22:25:17.228Z] [Tick] t308 398A:skip(done) | 1A97:skip(done) | 6D8F:skip(done) | 875A:skip(done) | 9D0C:skip(done) | 78E0:skip(done) | A4DB:skip(done) | 4B81:skip(done) | E30D:skip(done) | A770:skip(done) | B103:skip(done) | A996:skip(done) | 4135:skip(done) | 17A7:d=1.550m far | 27C2:d=2.219m far
[2026-03-27T22:25:18.236Z] [Tick] t312 398A:skip(done) | 1A97:skip(done) | 6D8F:skip(done) | 875A:skip(done) | 9D0C:skip(done) | 78E0:skip(done) | A4DB:skip(done) | 4B81:skip(done) | E30D:skip(done) | A770:skip(done) | B103:skip(done) | A996:skip(done) | 4135:skip(done) | 17A7:d=1.101m far | 27C2:d=1.893m far
[2026-03-27T22:25:19.236Z] [Tick] t316 398A:skip(done) | 1A97:skip(done) | 6D8F:skip(done) | 875A:skip(done) | 9D0C:skip(done) | 78E0:skip(done) | A4DB:skip(done) | 4B81:skip(done) | E30D:skip(done) | A770:skip(done) | B103:skip(done) | A996:skip(done) | 4135:skip(done) | 17A7:d=0.695m far | 27C2:d=1.575m far
[2026-03-27T22:25:20.228Z] [Tick] t320 398A:skip(done) | 1A97:skip(done) | 6D8F:skip(done) | 875A:skip(done) | 9D0C:skip(done) | 78E0:skip(done) | A4DB:skip(done) | 4B81:skip(done) | E30D:skip(done) | A770:skip(done) | B103:skip(done) | A996:skip(done) | 4135:skip(done) | 17A7:d=0.339m far | 27C2:d=1.283m far
[2026-03-27T22:25:20.737Z] [Tick] t322 COLLECT×1 | 398A:skip(done) | 1A97:skip(done) | 6D8F:skip(done) | 875A:skip(done) | 9D0C:skip(done) | 78E0:skip(done) | A4DB:skip(done) | 4B81:skip(done) | E30D:skip(done) | A770:skip(done) | B103:skip(done) | A996:skip(done) | 4135:skip(done) | 17A7:d=0.080m ✓ | 27C2:d=1.157m far
[2026-03-27T22:25:21.237Z] [Tick] t324 398A:skip(done) | 1A97:skip(done) | 6D8F:skip(done) | 875A:skip(done) | 9D0C:skip(done) | 78E0:skip(done) | A4DB:skip(done) | 4B81:skip(done) | E30D:skip(done) | A770:skip(done) | B103:skip(done) | A996:skip(done) | 4135:skip(done) | 17A7:skip(done) | 27C2:d=1.115m far
[2026-03-27T22:25:22.263Z] [Tick] t328 398A:skip(done) | 1A97:skip(done) | 6D8F:skip(done) | 875A:skip(done) | 9D0C:skip(done) | 78E0:skip(done) | A4DB:skip(done) | 4B81:skip(done) | E30D:skip(done) | A770:skip(done) | B103:skip(done) | A996:skip(done) | 4135:skip(done) | 17A7:skip(done) | 27C2:d=0.494m far
[2026-03-27T22:25:22.978Z] [Tick] t331 COLLECT×1 | 398A:skip(done) | 1A97:skip(done) | 6D8F:skip(done) | 875A:skip(done) | 9D0C:skip(done) | 78E0:skip(done) | A4DB:skip(done) | 4B81:skip(done) | E30D:skip(done) | A770:skip(done) | B103:skip(done) | A996:skip(done) | 4135:skip(done) | 17A7:skip(done) | 27C2:d=0.146m ✓
[2026-03-27T22:25:23.238Z] [Tick] t332 398A:skip(done) | 1A97:skip(done) | 6D8F:skip(done) | 875A:skip(done) | 9D0C:skip(done) | 78E0:skip(done) | A4DB:skip(done) | 4B81:skip(done) | E30D:skip(done) | A770:skip(done) | B103:skip(done) | A996:skip(done) | 4135:skip(done) | 17A7:skip(done) | 27C2:skip(done)
[2026-03-27T22:25:24.228Z] [Tick] t336 398A:skip(done) | 1A97:skip(done) | 6D8F:skip(done) | 875A:skip(done) | 9D0C:skip(done) | 78E0:skip(done) | A4DB:skip(done) | 4B81:skip(done) | E30D:skip(done) | A770:skip(done) | B103:skip(done) | A996:skip(done) | 4135:skip(done) | 17A7:skip(done) | 27C2:skip(done)
[2026-03-27T22:25:25.238Z] [Tick] t340 398A:skip(done) | 1A97:skip(done) | 6D8F:skip(done) | 875A:skip(done) | 9D0C:skip(done) | 78E0:skip(done) | A4DB:skip(done) | 4B81:skip(done) | E30D:skip(done) | A770:skip(done) | B103:skip(done) | A996:skip(done) | 4135:skip(done) | 17A7:skip(done) | 27C2:skip(done)
[2026-03-27T22:25:26.239Z] [Tick] t344 398A:skip(done) | 1A97:skip(done) | 6D8F:skip(done) | 875A:skip(done) | 9D0C:skip(done) | 78E0:skip(done) | A4DB:skip(done) | 4B81:skip(done) | E30D:skip(done) | A770:skip(done) | B103:skip(done) | A996:skip(done) | 4135:skip(done) | 17A7:skip(done) | 27C2:skip(done)
