[2026-03-19T01:09:44.972Z] SESSION START mode=tight
[2026-03-19T01:09:44.978Z] Thresholds: match>=65%, features>=75, tracking>=65%, worldMap=true
[2026-03-19T01:09:45.004Z] AR precise capture started
[2026-03-19T01:10:01.025Z] geoSample #1 hAcc=9m vAcc=30m matchedLocal=yes
[2026-03-19T01:10:01.026Z] live quality: match=100% features=6 tracking=100% worldMap=yes ready=no blockers=low_features
[2026-03-19T01:10:01.027Z] World map snapshot captured (329195 bytes, encrypted=true)
[2026-03-19T01:10:03.021Z] World map snapshot captured (329195 bytes, encrypted=true)
[2026-03-19T01:10:05.043Z] World map snapshot captured (2335282 bytes, encrypted=true)
[2026-03-19T01:10:07.039Z] geoSample #2 hAcc=10m vAcc=30m matchedLocal=yes
[2026-03-19T01:10:07.040Z] live quality: match=100% features=179 tracking=100% worldMap=yes ready=yes blockers=none
[2026-03-19T01:10:07.058Z] World map snapshot captured (3900678 bytes, encrypted=true)
[2026-03-19T01:10:09.061Z] World map snapshot captured (5088622 bytes, encrypted=true)
[2026-03-19T01:10:11.072Z] World map snapshot captured (7955097 bytes, encrypted=true)
[2026-03-19T01:10:12.030Z] geoSample #3 hAcc=19m vAcc=31m matchedLocal=yes
[2026-03-19T01:10:12.031Z] live quality: match=100% features=217 tracking=100% worldMap=yes ready=yes blockers=none
[2026-03-19T01:10:12.229Z] geoSample #4 hAcc=17m vAcc=30m matchedLocal=yes
[2026-03-19T01:10:12.230Z] live quality: match=100% features=216 tracking=100% worldMap=yes ready=yes blockers=none
[2026-03-19T01:10:12.429Z] geoSample #5 hAcc=16m vAcc=29m matchedLocal=yes
[2026-03-19T01:10:12.430Z] live quality: match=100% features=215 tracking=100% worldMap=yes ready=yes blockers=none
[2026-03-19T01:10:12.628Z] live quality: match=100% features=226 tracking=100% worldMap=yes ready=yes blockers=none
[2026-03-19T01:10:13.091Z] World map snapshot captured (8808720 bytes, encrypted=true)
[2026-03-19T01:10:13.529Z] live quality: match=100% features=218 tracking=100% worldMap=yes ready=yes blockers=none
[2026-03-19T01:10:14.029Z] live quality: match=100% features=195 tracking=100% worldMap=yes ready=yes blockers=none
[2026-03-19T01:10:14.536Z] live quality: match=100% features=178 tracking=100% worldMap=yes ready=yes blockers=none
[2026-03-19T01:10:15.028Z] geoSample #10 hAcc=14m vAcc=22m matchedLocal=yes
[2026-03-19T01:10:15.029Z] live quality: match=100% features=185 tracking=100% worldMap=yes ready=yes blockers=none
[2026-03-19T01:10:15.094Z] World map snapshot captured (10849997 bytes, encrypted=true)
[2026-03-19T01:10:15.529Z] live quality: match=100% features=201 tracking=100% worldMap=yes ready=yes blockers=none
[2026-03-19T01:10:16.028Z] live quality: match=100% features=216 tracking=100% worldMap=yes ready=yes blockers=none
[2026-03-19T01:10:16.543Z] live quality: match=100% features=228 tracking=100% worldMap=yes ready=yes blockers=none
[2026-03-19T01:10:17.029Z] live quality: match=100% features=235 tracking=100% worldMap=yes ready=yes blockers=none
[2026-03-19T01:10:17.092Z] World map snapshot captured (11512422 bytes, encrypted=true)
[2026-03-19T01:10:17.530Z] live quality: match=100% features=246 tracking=100% worldMap=yes ready=yes blockers=none
[2026-03-19T01:10:18.029Z] live quality: match=100% features=256 tracking=100% worldMap=yes ready=yes blockers=none
[2026-03-19T01:10:18.529Z] live quality: match=100% features=253 tracking=100% worldMap=yes ready=yes blockers=none
[2026-03-19T01:10:18.599Z] Recording stopped by user. geoSamples=17, matchedLocal=17
[2026-03-19T01:10:18.600Z] AR precise capture paused
[2026-03-19T01:10:18.721Z] World map snapshot captured (12664675 bytes, encrypted=true)
[2026-03-19T01:10:21.576Z] Route saved as precise-ready. name=Run 3/18/26, 9:10 PM, geoSamples=17, localSamples=17
[2026-03-19T01:10:21.576Z] SESSION END reason=saved
[2026-03-19T01:11:25.544Z] Location error: The operation couldn’t be completed. (kCLErrorDomain error 1.)
[2026-03-19T01:12:46.217Z] [Tick] t4 52F9:d=0.634m far | 99F1:d=1.476m far | EAE2:d=2.341m far | AFBC:d=3.210m far | 4D09:d=3.706m far | 40C9:d=4.199m far | D751:d=4.699m far | 978B:d=5.205m far | CFA2:d=5.715m far | A6C3:d=6.227m far | FA8C:d=6.742m far | 30D5:d=6.944m far | 8608:d=7.061m far | 5E37:d=7.012m far | 663B:d=6.874m far | 48C4:d=7.007m far
[2026-03-19T01:12:47.217Z] [Tick] t8 52F9:d=0.285m far | 99F1:d=1.076m far | EAE2:d=1.939m far | AFBC:d=2.808m far | 4D09:d=3.304m far | 40C9:d=3.798m far | D751:d=4.299m far | 978B:d=4.807m far | CFA2:d=5.318m far | A6C3:d=5.832m far | FA8C:d=6.348m far | 30D5:d=6.553m far | 8608:d=6.673m far | 5E37:d=6.631m far | 663B:d=6.524m far | 48C4:d=6.681m far
[2026-03-19T01:12:48.217Z] [Tick] t12 COLLECT×1 | 52F9:d=0.134m ✓ | 99F1:d=0.905m far | EAE2:d=1.774m far | AFBC:d=2.645m far | 4D09:d=3.140m far | 40C9:d=3.634m far | D751:d=4.136m far | 978B:d=4.644m far | CFA2:d=5.156m far | A6C3:d=5.670m far | FA8C:d=6.187m far | 30D5:d=6.393m far | 8608:d=6.513m far | 5E37:d=6.473m far | 663B:d=6.377m far | 48C4:d=6.541m far
[2026-03-19T01:12:49.217Z] [Tick] t16 52F9:skip(done) | 99F1:d=0.832m far | EAE2:d=1.697m far | AFBC:d=2.567m far | 4D09:d=3.063m far | 40C9:d=3.558m far | D751:d=4.061m far | 978B:d=4.569m far | CFA2:d=5.082m far | A6C3:d=5.597m far | FA8C:d=6.114m far | 30D5:d=6.321m far | 8608:d=6.443m far | 5E37:d=6.406m far | 663B:d=6.319m far | 48C4:d=6.490m far
[2026-03-19T01:12:50.216Z] [Tick] t20 52F9:skip(done) | 99F1:d=0.597m far | EAE2:d=1.444m far | AFBC:d=2.311m far | 4D09:d=2.810m far | 40C9:d=3.309m far | D751:d=3.815m far | 978B:d=4.327m far | CFA2:d=4.841m far | A6C3:d=5.359m far | FA8C:d=5.878m far | 30D5:d=6.090m far | 8608:d=6.217m far | 5E37:d=6.191m far | 663B:d=6.140m far | 48C4:d=6.334m far
[2026-03-19T01:12:51.216Z] [Tick] t24 52F9:skip(done) | 99F1:d=0.154m far | EAE2:d=0.963m far | AFBC:d=1.832m far | 4D09:d=2.330m far | 40C9:d=2.829m far | D751:d=3.338m far | 978B:d=3.851m far | CFA2:d=4.368m far | A6C3:d=4.887m far | FA8C:d=5.407m far | 30D5:d=5.623m far | 8608:d=5.754m far | 5E37:d=5.738m far | 663B:d=5.731m far | 48C4:d=5.954m far
[2026-03-19T01:12:51.467Z] [Tick] t25 COLLECT×1 | 52F9:skip(done) | 99F1:d=0.111m ✓ | EAE2:d=0.887m far | AFBC:d=1.757m far | 4D09:d=2.254m far | 40C9:d=2.754m far | D751:d=3.262m far | 978B:d=3.776m far | CFA2:d=4.293m far | A6C3:d=4.812m far | FA8C:d=5.333m far | 30D5:d=5.549m far | 8608:d=5.681m far | 5E37:d=5.665m far | 663B:d=5.664m far | 48C4:d=5.892m far
[2026-03-19T01:12:52.217Z] [Tick] t28 52F9:skip(done) | 99F1:skip(done) | EAE2:d=1.183m far | AFBC:d=2.052m far | 4D09:d=2.550m far | 40C9:d=3.048m far | D751:d=3.555m far | 978B:d=4.067m far | CFA2:d=4.583m far | A6C3:d=5.101m far | FA8C:d=5.620m far | 30D5:d=5.833m far | 8608:d=5.962m far | 5E37:d=5.939m far | 663B:d=5.908m far | 48C4:d=6.116m far
[2026-03-19T01:12:53.223Z] [Tick] t32 52F9:skip(done) | 99F1:skip(done) | EAE2:d=0.847m far | AFBC:d=1.703m far | 4D09:d=2.199m far | 40C9:d=2.698m far | D751:d=3.206m far | 978B:d=3.719m far | CFA2:d=4.236m far | A6C3:d=4.755m far | FA8C:d=5.276m far | 30D5:d=5.494m far | 8608:d=5.628m far | 5E37:d=5.616m far | 663B:d=5.626m far | 48C4:d=5.861m far
[2026-03-19T01:12:54.217Z] [Tick] t36 COLLECT×1 | 52F9:skip(done) | 99F1:skip(done) | EAE2:d=0.076m ✓ | AFBC:d=0.906m far | 4D09:d=1.413m far | 40C9:d=1.924m far | D751:d=2.442m far | 978B:d=2.964m far | CFA2:d=3.487m far | A6C3:d=4.011m far | FA8C:d=4.537m far | 30D5:d=4.767m far | 8608:d=4.914m far | 5E37:d=4.931m far | 663B:d=5.054m far | 48C4:d=5.358m far
[2026-03-19T01:12:55.217Z] [Tick] t40 52F9:skip(done) | 99F1:skip(done) | EAE2:skip(done) | AFBC:d=0.411m far | 4D09:d=0.830m far | 40C9:d=1.324m far | D751:d=1.837m far | 978B:d=2.356m far | CFA2:d=2.878m far | A6C3:d=3.402m far | FA8C:d=3.927m far | 30D5:d=4.160m far | 8608:d=4.311m far | 5E37:d=4.341m far | 663B:d=4.525m far | 48C4:d=4.872m far
[2026-03-19T01:12:55.717Z] [Tick] t42 COLLECT×1 | 52F9:skip(done) | 99F1:skip(done) | EAE2:skip(done) | AFBC:d=0.100m ✓ | 4D09:d=0.612m far | 40C9:d=1.138m far | D751:d=1.664m far | 978B:d=2.191m far | CFA2:d=2.718m far | A6C3:d=3.246m far | FA8C:d=3.773m far | 30D5:d=4.019m far | 8608:d=4.183m far | 5E37:d=4.240m far | 663B:d=4.509m far | 48C4:d=4.895m far
[2026-03-19T01:12:56.217Z] [Tick] t44 52F9:skip(done) | 99F1:skip(done) | EAE2:skip(done) | AFBC:skip(done) | 4D09:d=0.502m far | 40C9:d=1.025m far | D751:d=1.550m far | 978B:d=2.077m far | CFA2:d=2.604m far | A6C3:d=3.131m far | FA8C:d=3.658m far | 30D5:d=3.908m far | 8608:d=4.075m far | 5E37:d=4.139m far | 663B:d=4.433m far | 48C4:d=4.833m far
[2026-03-19T01:12:56.966Z] [Tick] t47 COLLECT×1 | 52F9:skip(done) | 99F1:skip(done) | EAE2:skip(done) | AFBC:skip(done) | 4D09:d=0.126m ✓ | 40C9:d=0.533m far | D751:d=1.053m far | 978B:d=1.577m far | CFA2:d=2.104m far | A6C3:d=2.630m far | FA8C:d=3.157m far | 30D5:d=3.405m far | 8608:d=3.573m far | 5E37:d=3.641m far | 663B:d=3.978m far | 48C4:d=4.409m far
[2026-03-19T01:12:57.216Z] [Tick] t48 52F9:skip(done) | 99F1:skip(done) | EAE2:skip(done) | AFBC:skip(done) | 4D09:skip(done) | 40C9:d=0.350m far | D751:d=0.871m far | 978B:d=1.396m far | CFA2:d=1.923m far | A6C3:d=2.450m far | FA8C:d=2.977m far | 30D5:d=3.228m far | 8608:d=3.399m far | 5E37:d=3.475m far | 663B:d=3.848m far | 48C4:d=4.299m far
[2026-03-19T01:12:57.717Z] [Tick] t50 COLLECT×1 | 52F9:skip(done) | 99F1:skip(done) | EAE2:skip(done) | AFBC:skip(done) | 4D09:skip(done) | 40C9:d=0.095m ✓ | D751:d=0.541m far | 978B:d=1.065m far | CFA2:d=1.591m far | A6C3:d=2.117m far | FA8C:d=2.644m far | 30D5:d=2.896m far | 8608:d=3.070m far | 5E37:d=3.156m far | 663B:d=3.580m far | 48C4:d=4.061m far
[2026-03-19T01:12:58.217Z] [Tick] t52 52F9:skip(done) | 99F1:skip(done) | EAE2:skip(done) | AFBC:skip(done) | 4D09:skip(done) | 40C9:skip(done) | D751:d=0.298m far | 978B:d=0.816m far | CFA2:d=1.342m far | A6C3:d=1.868m far | FA8C:d=2.395m far | 30D5:d=2.642m far | 8608:d=2.812m far | 5E37:d=2.896m far | 663B:d=3.338m far | 48C4:d=3.834m far
[2026-03-19T01:12:58.467Z] [Tick] t53 COLLECT×1 | 52F9:skip(done) | 99F1:skip(done) | EAE2:skip(done) | AFBC:skip(done) | 4D09:skip(done) | 40C9:skip(done) | D751:d=0.132m ✓ | 978B:d=0.633m far | CFA2:d=1.157m far | A6C3:d=1.684m far | FA8C:d=2.210m far | 30D5:d=2.463m far | 8608:d=2.641m far | 5E37:d=2.742m far | 663B:d=3.242m far | 48C4:d=3.763m far
[2026-03-19T01:12:59.217Z] [Tick] t56 52F9:skip(done) | 99F1:skip(done) | EAE2:skip(done) | AFBC:skip(done) | 4D09:skip(done) | 40C9:skip(done) | D751:skip(done) | 978B:d=0.248m far | CFA2:d=0.753m far | A6C3:d=1.276m far | FA8C:d=1.802m far | 30D5:d=2.059m far | 8608:d=2.243m far | 5E37:d=2.366m far | 663B:d=2.961m far | 48C4:d=3.526m far
[2026-03-19T01:12:59.467Z] [Tick] t57 COLLECT×1 | 52F9:skip(done) | 99F1:skip(done) | EAE2:skip(done) | AFBC:skip(done) | 4D09:skip(done) | 40C9:skip(done) | D751:skip(done) | 978B:d=0.114m ✓ | CFA2:d=0.562m far | A6C3:d=1.084m far | FA8C:d=1.610m far | 30D5:d=1.867m far | 8608:d=2.054m far | 5E37:d=2.186m far | 663B:d=2.827m far | 48C4:d=3.411m far
[2026-03-19T01:13:00.216Z] [Tick] t60 52F9:skip(done) | 99F1:skip(done) | EAE2:skip(done) | AFBC:skip(done) | 4D09:skip(done) | 40C9:skip(done) | D751:skip(done) | 978B:skip(done) | CFA2:d=0.172m far | A6C3:d=0.627m far | FA8C:d=1.146m far | 30D5:d=1.410m far | 8608:d=1.610m far | 5E37:d=1.784m far | 663B:d=2.570m far | 48C4:d=3.203m far
[2026-03-19T01:13:00.466Z] [Tick] t61 COLLECT×1 | 52F9:skip(done) | 99F1:skip(done) | EAE2:skip(done) | AFBC:skip(done) | 4D09:skip(done) | 40C9:skip(done) | D751:skip(done) | 978B:skip(done) | CFA2:d=0.126m ✓ | A6C3:d=0.443m far | FA8C:d=0.965m far | 30D5:d=1.234m far | 8608:d=1.439m far | 5E37:d=1.632m far | 663B:d=2.481m far | 48C4:d=3.133m far
[2026-03-19T01:13:00.966Z] [Tick] t63 COLLECT×1 | 52F9:skip(done) | 99F1:skip(done) | EAE2:skip(done) | AFBC:skip(done) | 4D09:skip(done) | 40C9:skip(done) | D751:skip(done) | 978B:skip(done) | CFA2:skip(done) | A6C3:d=0.143m ✓ | FA8C:d=0.651m far | 30D5:d=0.916m far | 8608:d=1.128m far | 5E37:d=1.350m far | 663B:d=2.299m far | 48C4:d=2.977m far
[2026-03-19T01:13:01.216Z] [Tick] t64 52F9:skip(done) | 99F1:skip(done) | EAE2:skip(done) | AFBC:skip(done) | 4D09:skip(done) | 40C9:skip(done) | D751:skip(done) | 978B:skip(done) | CFA2:skip(done) | A6C3:skip(done) | FA8C:d=0.435m far | 30D5:d=0.688m far | 8608:d=0.903m far | 5E37:d=1.147m far | 663B:d=2.168m far | 48C4:d=2.861m far
[2026-03-19T01:13:02.217Z] [Tick] t68 52F9:skip(done) | 99F1:skip(done) | EAE2:skip(done) | AFBC:skip(done) | 4D09:skip(done) | 40C9:skip(done) | D751:skip(done) | 978B:skip(done) | CFA2:skip(done) | A6C3:skip(done) | FA8C:d=0.172m far | 30D5:d=0.236m far | 8608:d=0.485m far | 5E37:d=0.848m far | 663B:d=2.048m far | 48C4:d=2.759m far
[2026-03-19T01:13:02.469Z] [Tick] t69 COLLECT×1 | 52F9:skip(done) | 99F1:skip(done) | EAE2:skip(done) | AFBC:skip(done) | 4D09:skip(done) | 40C9:skip(done) | D751:skip(done) | 978B:skip(done) | CFA2:skip(done) | A6C3:skip(done) | FA8C:d=0.100m ✓ | 30D5:d=0.327m far | 8608:d=0.590m far | 5E37:d=0.960m far | 663B:d=2.155m far | 48C4:d=2.867m far
[2026-03-19T01:13:03.217Z] [Tick] t72 COLLECT×1 | 52F9:skip(done) | 99F1:skip(done) | EAE2:skip(done) | AFBC:skip(done) | 4D09:skip(done) | 40C9:skip(done) | D751:skip(done) | 978B:skip(done) | CFA2:skip(done) | A6C3:skip(done) | FA8C:skip(done) | 30D5:d=0.138m ✓ | 8608:d=0.385m far | 5E37:d=0.772m far | 663B:d=1.999m far | 48C4:d=2.712m far
[2026-03-19T01:13:04.217Z] [Tick] t76 52F9:skip(done) | 99F1:skip(done) | EAE2:skip(done) | AFBC:skip(done) | 4D09:skip(done) | 40C9:skip(done) | D751:skip(done) | 978B:skip(done) | CFA2:skip(done) | A6C3:skip(done) | FA8C:skip(done) | 30D5:skip(done) | 8608:d=0.340m far | 5E37:d=0.265m far | 663B:d=1.443m far | 48C4:d=2.148m far
[2026-03-19T01:13:04.467Z] [Tick] t77 COLLECT×1 | 52F9:skip(done) | 99F1:skip(done) | EAE2:skip(done) | AFBC:skip(done) | 4D09:skip(done) | 40C9:skip(done) | D751:skip(done) | 978B:skip(done) | CFA2:skip(done) | A6C3:skip(done) | FA8C:skip(done) | 30D5:skip(done) | 8608:d=0.436m far | 5E37:d=0.147m ✓ | 663B:d=1.299m far | 48C4:d=2.006m far
[2026-03-19T01:13:05.217Z] [Tick] t80 52F9:skip(done) | 99F1:skip(done) | EAE2:skip(done) | AFBC:skip(done) | 4D09:skip(done) | 40C9:skip(done) | D751:skip(done) | 978B:skip(done) | CFA2:skip(done) | A6C3:skip(done) | FA8C:skip(done) | 30D5:skip(done) | 8608:d=0.971m far | 5E37:skip(done) | 663B:d=0.773m far | 48C4:d=1.473m far
[2026-03-19T01:13:06.217Z] [Tick] t84 52F9:skip(done) | 99F1:skip(done) | EAE2:skip(done) | AFBC:skip(done) | 4D09:skip(done) | 40C9:skip(done) | D751:skip(done) | 978B:skip(done) | CFA2:skip(done) | A6C3:skip(done) | FA8C:skip(done) | 30D5:skip(done) | 8608:d=1.852m far | 5E37:skip(done) | 663B:d=0.210m far | 48C4:d=0.597m far
[2026-03-19T01:13:07.217Z] [Tick] t88 52F9:skip(done) | 99F1:skip(done) | EAE2:skip(done) | AFBC:skip(done) | 4D09:skip(done) | 40C9:skip(done) | D751:skip(done) | 978B:skip(done) | CFA2:skip(done) | A6C3:skip(done) | FA8C:skip(done) | 30D5:skip(done) | 8608:d=2.651m far | 5E37:skip(done) | 663B:d=0.957m far | 48C4:d=0.325m far
[2026-03-19T01:13:08.217Z] [Tick] t92 52F9:skip(done) | 99F1:skip(done) | EAE2:skip(done) | AFBC:skip(done) | 4D09:skip(done) | 40C9:skip(done) | D751:skip(done) | 978B:skip(done) | CFA2:skip(done) | A6C3:skip(done) | FA8C:skip(done) | 30D5:skip(done) | 8608:d=2.035m far | 5E37:skip(done) | 663B:d=0.536m far | 48C4:d=0.686m far
[2026-03-19T01:13:09.216Z] [Tick] t96 52F9:skip(done) | 99F1:skip(done) | EAE2:skip(done) | AFBC:skip(done) | 4D09:skip(done) | 40C9:skip(done) | D751:skip(done) | 978B:skip(done) | CFA2:skip(done) | A6C3:skip(done) | FA8C:skip(done) | 30D5:skip(done) | 8608:d=1.226m far | 5E37:skip(done) | 663B:d=0.619m far | 48C4:d=1.287m far
[2026-03-19T01:13:10.217Z] [Tick] t100 52F9:skip(done) | 99F1:skip(done) | EAE2:skip(done) | AFBC:skip(done) | 4D09:skip(done) | 40C9:skip(done) | D751:skip(done) | 978B:skip(done) | CFA2:skip(done) | A6C3:skip(done) | FA8C:skip(done) | 30D5:skip(done) | 8608:d=0.482m far | 5E37:skip(done) | 663B:d=1.315m far | 48C4:d=2.024m far
[2026-03-19T01:13:10.967Z] [Tick] t103 COLLECT×1 | 52F9:skip(done) | 99F1:skip(done) | EAE2:skip(done) | AFBC:skip(done) | 4D09:skip(done) | 40C9:skip(done) | D751:skip(done) | 978B:skip(done) | CFA2:skip(done) | A6C3:skip(done) | FA8C:skip(done) | 30D5:skip(done) | 8608:d=0.106m ✓ | 5E37:skip(done) | 663B:d=1.751m far | 48C4:d=2.461m far
[2026-03-19T01:13:11.217Z] [Tick] t104 52F9:skip(done) | 99F1:skip(done) | EAE2:skip(done) | AFBC:skip(done) | 4D09:skip(done) | 40C9:skip(done) | D751:skip(done) | 978B:skip(done) | CFA2:skip(done) | A6C3:skip(done) | FA8C:skip(done) | 30D5:skip(done) | 8608:skip(done) | 5E37:skip(done) | 663B:d=1.858m far | 48C4:d=2.567m far
[2026-03-19T01:13:12.217Z] [Tick] t108 52F9:skip(done) | 99F1:skip(done) | EAE2:skip(done) | AFBC:skip(done) | 4D09:skip(done) | 40C9:skip(done) | D751:skip(done) | 978B:skip(done) | CFA2:skip(done) | A6C3:skip(done) | FA8C:skip(done) | 30D5:skip(done) | 8608:skip(done) | 5E37:skip(done) | 663B:d=1.404m far | 48C4:d=2.097m far
[2026-03-19T01:13:13.228Z] [Tick] t112 52F9:skip(done) | 99F1:skip(done) | EAE2:skip(done) | AFBC:skip(done) | 4D09:skip(done) | 40C9:skip(done) | D751:skip(done) | 978B:skip(done) | CFA2:skip(done) | A6C3:skip(done) | FA8C:skip(done) | 30D5:skip(done) | 8608:skip(done) | 5E37:skip(done) | 663B:d=0.681m far | 48C4:d=1.372m far
[2026-03-19T01:13:13.967Z] [Tick] t115 COLLECT×1 | 52F9:skip(done) | 99F1:skip(done) | EAE2:skip(done) | AFBC:skip(done) | 4D09:skip(done) | 40C9:skip(done) | D751:skip(done) | 978B:skip(done) | CFA2:skip(done) | A6C3:skip(done) | FA8C:skip(done) | 30D5:skip(done) | 8608:skip(done) | 5E37:skip(done) | 663B:d=0.083m ✓ | 48C4:d=0.707m far
[2026-03-19T01:13:14.217Z] [Tick] t116 52F9:skip(done) | 99F1:skip(done) | EAE2:skip(done) | AFBC:skip(done) | 4D09:skip(done) | 40C9:skip(done) | D751:skip(done) | 978B:skip(done) | CFA2:skip(done) | A6C3:skip(done) | FA8C:skip(done) | 30D5:skip(done) | 8608:skip(done) | 5E37:skip(done) | 663B:skip(done) | 48C4:d=0.578m far
[2026-03-19T01:13:14.967Z] [Tick] t119 COLLECT×1 | 52F9:skip(done) | 99F1:skip(done) | EAE2:skip(done) | AFBC:skip(done) | 4D09:skip(done) | 40C9:skip(done) | D751:skip(done) | 978B:skip(done) | CFA2:skip(done) | A6C3:skip(done) | FA8C:skip(done) | 30D5:skip(done) | 8608:skip(done) | 5E37:skip(done) | 663B:skip(done) | 48C4:d=0.078m ✓
[2026-03-19T01:13:15.217Z] [Tick] t120 52F9:skip(done) | 99F1:skip(done) | EAE2:skip(done) | AFBC:skip(done) | 4D09:skip(done) | 40C9:skip(done) | D751:skip(done) | 978B:skip(done) | CFA2:skip(done) | A6C3:skip(done) | FA8C:skip(done) | 30D5:skip(done) | 8608:skip(done) | 5E37:skip(done) | 663B:skip(done) | 48C4:skip(done)
[2026-03-19T01:13:16.217Z] [Tick] t124 52F9:skip(done) | 99F1:skip(done) | EAE2:skip(done) | AFBC:skip(done) | 4D09:skip(done) | 40C9:skip(done) | D751:skip(done) | 978B:skip(done) | CFA2:skip(done) | A6C3:skip(done) | FA8C:skip(done) | 30D5:skip(done) | 8608:skip(done) | 5E37:skip(done) | 663B:skip(done) | 48C4:skip(done)
[2026-03-19T01:13:17.217Z] [Tick] t128 52F9:skip(done) | 99F1:skip(done) | EAE2:skip(done) | AFBC:skip(done) | 4D09:skip(done) | 40C9:skip(done) | D751:skip(done) | 978B:skip(done) | CFA2:skip(done) | A6C3:skip(done) | FA8C:skip(done) | 30D5:skip(done) | 8608:skip(done) | 5E37:skip(done) | 663B:skip(done) | 48C4:skip(done)
[2026-03-19T01:13:18.216Z] [Tick] t132 52F9:skip(done) | 99F1:skip(done) | EAE2:skip(done) | AFBC:skip(done) | 4D09:skip(done) | 40C9:skip(done) | D751:skip(done) | 978B:skip(done) | CFA2:skip(done) | A6C3:skip(done) | FA8C:skip(done) | 30D5:skip(done) | 8608:skip(done) | 5E37:skip(done) | 663B:skip(done) | 48C4:skip(done)
[2026-03-19T01:13:19.216Z] [Tick] t136 52F9:skip(done) | 99F1:skip(done) | EAE2:skip(done) | AFBC:skip(done) | 4D09:skip(done) | 40C9:skip(done) | D751:skip(done) | 978B:skip(done) | CFA2:skip(done) | A6C3:skip(done) | FA8C:skip(done) | 30D5:skip(done) | 8608:skip(done) | 5E37:skip(done) | 663B:skip(done) | 48C4:skip(done)
[2026-03-19T01:13:20.216Z] [Tick] t140 52F9:skip(done) | 99F1:skip(done) | EAE2:skip(done) | AFBC:skip(done) | 4D09:skip(done) | 40C9:skip(done) | D751:skip(done) | 978B:skip(done) | CFA2:skip(done) | A6C3:skip(done) | FA8C:skip(done) | 30D5:skip(done) | 8608:skip(done) | 5E37:skip(done) | 663B:skip(done) | 48C4:skip(done)
[2026-03-19T01:13:21.217Z] [Tick] t144 52F9:skip(done) | 99F1:skip(done) | EAE2:skip(done) | AFBC:skip(done) | 4D09:skip(done) | 40C9:skip(done) | D751:skip(done) | 978B:skip(done) | CFA2:skip(done) | A6C3:skip(done) | FA8C:skip(done) | 30D5:skip(done) | 8608:skip(done) | 5E37:skip(done) | 663B:skip(done) | 48C4:skip(done)
[2026-03-19T01:13:22.216Z] [Tick] t148 52F9:skip(done) | 99F1:skip(done) | EAE2:skip(done) | AFBC:skip(done) | 4D09:skip(done) | 40C9:skip(done) | D751:skip(done) | 978B:skip(done) | CFA2:skip(done) | A6C3:skip(done) | FA8C:skip(done) | 30D5:skip(done) | 8608:skip(done) | 5E37:skip(done) | 663B:skip(done) | 48C4:skip(done)
[2026-03-19T01:13:23.217Z] [Tick] t152 52F9:skip(done) | 99F1:skip(done) | EAE2:skip(done) | AFBC:skip(done) | 4D09:skip(done) | 40C9:skip(done) | D751:skip(done) | 978B:skip(done) | CFA2:skip(done) | A6C3:skip(done) | FA8C:skip(done) | 30D5:skip(done) | 8608:skip(done) | 5E37:skip(done) | 663B:skip(done) | 48C4:skip(done)
[2026-03-19T01:13:24.217Z] [Tick] t156 52F9:skip(done) | 99F1:skip(done) | EAE2:skip(done) | AFBC:skip(done) | 4D09:skip(done) | 40C9:skip(done) | D751:skip(done) | 978B:skip(done) | CFA2:skip(done) | A6C3:skip(done) | FA8C:skip(done) | 30D5:skip(done) | 8608:skip(done) | 5E37:skip(done) | 663B:skip(done) | 48C4:skip(done)
[2026-03-19T01:13:25.217Z] [Tick] t160 52F9:skip(done) | 99F1:skip(done) | EAE2:skip(done) | AFBC:skip(done) | 4D09:skip(done) | 40C9:skip(done) | D751:skip(done) | 978B:skip(done) | CFA2:skip(done) | A6C3:skip(done) | FA8C:skip(done) | 30D5:skip(done) | 8608:skip(done) | 5E37:skip(done) | 663B:skip(done) | 48C4:skip(done)
[2026-03-19T01:13:26.217Z] [Tick] t164 52F9:skip(done) | 99F1:skip(done) | EAE2:skip(done) | AFBC:skip(done) | 4D09:skip(done) | 40C9:skip(done) | D751:skip(done) | 978B:skip(done) | CFA2:skip(done) | A6C3:skip(done) | FA8C:skip(done) | 30D5:skip(done) | 8608:skip(done) | 5E37:skip(done) | 663B:skip(done) | 48C4:skip(done)
[2026-03-19T01:13:27.217Z] [Tick] t168 52F9:skip(done) | 99F1:skip(done) | EAE2:skip(done) | AFBC:skip(done) | 4D09:skip(done) | 40C9:skip(done) | D751:skip(done) | 978B:skip(done) | CFA2:skip(done) | A6C3:skip(done) | FA8C:skip(done) | 30D5:skip(done) | 8608:skip(done) | 5E37:skip(done) | 663B:skip(done) | 48C4:skip(done)
[2026-03-19T01:13:28.217Z] [Tick] t172 52F9:skip(done) | 99F1:skip(done) | EAE2:skip(done) | AFBC:skip(done) | 4D09:skip(done) | 40C9:skip(done) | D751:skip(done) | 978B:skip(done) | CFA2:skip(done) | A6C3:skip(done) | FA8C:skip(done) | 30D5:skip(done) | 8608:skip(done) | 5E37:skip(done) | 663B:skip(done) | 48C4:skip(done)
[2026-03-19T01:13:29.219Z] [Tick] t176 52F9:skip(done) | 99F1:skip(done) | EAE2:skip(done) | AFBC:skip(done) | 4D09:skip(done) | 40C9:skip(done) | D751:skip(done) | 978B:skip(done) | CFA2:skip(done) | A6C3:skip(done) | FA8C:skip(done) | 30D5:skip(done) | 8608:skip(done) | 5E37:skip(done) | 663B:skip(done) | 48C4:skip(done)
[2026-03-19T01:13:30.216Z] [Tick] t180 52F9:skip(done) | 99F1:skip(done) | EAE2:skip(done) | AFBC:skip(done) | 4D09:skip(done) | 40C9:skip(done) | D751:skip(done) | 978B:skip(done) | CFA2:skip(done) | A6C3:skip(done) | FA8C:skip(done) | 30D5:skip(done) | 8608:skip(done) | 5E37:skip(done) | 663B:skip(done) | 48C4:skip(done)
[2026-03-19T01:13:31.217Z] [Tick] t184 52F9:skip(done) | 99F1:skip(done) | EAE2:skip(done) | AFBC:skip(done) | 4D09:skip(done) | 40C9:skip(done) | D751:skip(done) | 978B:skip(done) | CFA2:skip(done) | A6C3:skip(done) | FA8C:skip(done) | 30D5:skip(done) | 8608:skip(done) | 5E37:skip(done) | 663B:skip(done) | 48C4:skip(done)
[2026-03-19T01:13:32.217Z] [Tick] t188 52F9:skip(done) | 99F1:skip(done) | EAE2:skip(done) | AFBC:skip(done) | 4D09:skip(done) | 40C9:skip(done) | D751:skip(done) | 978B:skip(done) | CFA2:skip(done) | A6C3:skip(done) | FA8C:skip(done) | 30D5:skip(done) | 8608:skip(done) | 5E37:skip(done) | 663B:skip(done) | 48C4:skip(done)
[2026-03-19T01:13:33.216Z] [Tick] t192 52F9:skip(done) | 99F1:skip(done) | EAE2:skip(done) | AFBC:skip(done) | 4D09:skip(done) | 40C9:skip(done) | D751:skip(done) | 978B:skip(done) | CFA2:skip(done) | A6C3:skip(done) | FA8C:skip(done) | 30D5:skip(done) | 8608:skip(done) | 5E37:skip(done) | 663B:skip(done) | 48C4:skip(done)
[2026-03-19T01:13:34.217Z] [Tick] t196 52F9:skip(done) | 99F1:skip(done) | EAE2:skip(done) | AFBC:skip(done) | 4D09:skip(done) | 40C9:skip(done) | D751:skip(done) | 978B:skip(done) | CFA2:skip(done) | A6C3:skip(done) | FA8C:skip(done) | 30D5:skip(done) | 8608:skip(done) | 5E37:skip(done) | 663B:skip(done) | 48C4:skip(done)
[2026-03-19T01:13:35.217Z] [Tick] t200 52F9:skip(done) | 99F1:skip(done) | EAE2:skip(done) | AFBC:skip(done) | 4D09:skip(done) | 40C9:skip(done) | D751:skip(done) | 978B:skip(done) | CFA2:skip(done) | A6C3:skip(done) | FA8C:skip(done) | 30D5:skip(done) | 8608:skip(done) | 5E37:skip(done) | 663B:skip(done) | 48C4:skip(done)
[2026-03-19T01:13:36.217Z] [Tick] t204 52F9:skip(done) | 99F1:skip(done) | EAE2:skip(done) | AFBC:skip(done) | 4D09:skip(done) | 40C9:skip(done) | D751:skip(done) | 978B:skip(done) | CFA2:skip(done) | A6C3:skip(done) | FA8C:skip(done) | 30D5:skip(done) | 8608:skip(done) | 5E37:skip(done) | 663B:skip(done) | 48C4:skip(done)
[2026-03-19T01:13:37.217Z] [Tick] t208 52F9:skip(done) | 99F1:skip(done) | EAE2:skip(done) | AFBC:skip(done) | 4D09:skip(done) | 40C9:skip(done) | D751:skip(done) | 978B:skip(done) | CFA2:skip(done) | A6C3:skip(done) | FA8C:skip(done) | 30D5:skip(done) | 8608:skip(done) | 5E37:skip(done) | 663B:skip(done) | 48C4:skip(done)
[2026-03-19T01:13:38.217Z] [Tick] t212 52F9:skip(done) | 99F1:skip(done) | EAE2:skip(done) | AFBC:skip(done) | 4D09:skip(done) | 40C9:skip(done) | D751:skip(done) | 978B:skip(done) | CFA2:skip(done) | A6C3:skip(done) | FA8C:skip(done) | 30D5:skip(done) | 8608:skip(done) | 5E37:skip(done) | 663B:skip(done) | 48C4:skip(done)
[2026-03-19T01:13:39.217Z] [Tick] t216 52F9:skip(done) | 99F1:skip(done) | EAE2:skip(done) | AFBC:skip(done) | 4D09:skip(done) | 40C9:skip(done) | D751:skip(done) | 978B:skip(done) | CFA2:skip(done) | A6C3:skip(done) | FA8C:skip(done) | 30D5:skip(done) | 8608:skip(done) | 5E37:skip(done) | 663B:skip(done) | 48C4:skip(done)
[2026-03-19T01:13:40.216Z] [Tick] t220 52F9:skip(done) | 99F1:skip(done) | EAE2:skip(done) | AFBC:skip(done) | 4D09:skip(done) | 40C9:skip(done) | D751:skip(done) | 978B:skip(done) | CFA2:skip(done) | A6C3:skip(done) | FA8C:skip(done) | 30D5:skip(done) | 8608:skip(done) | 5E37:skip(done) | 663B:skip(done) | 48C4:skip(done)
[2026-03-19T01:13:41.217Z] [Tick] t224 52F9:skip(done) | 99F1:skip(done) | EAE2:skip(done) | AFBC:skip(done) | 4D09:skip(done) | 40C9:skip(done) | D751:skip(done) | 978B:skip(done) | CFA2:skip(done) | A6C3:skip(done) | FA8C:skip(done) | 30D5:skip(done) | 8608:skip(done) | 5E37:skip(done) | 663B:skip(done) | 48C4:skip(done)
[2026-03-19T01:13:42.216Z] [Tick] t228 52F9:skip(done) | 99F1:skip(done) | EAE2:skip(done) | AFBC:skip(done) | 4D09:skip(done) | 40C9:skip(done) | D751:skip(done) | 978B:skip(done) | CFA2:skip(done) | A6C3:skip(done) | FA8C:skip(done) | 30D5:skip(done) | 8608:skip(done) | 5E37:skip(done) | 663B:skip(done) | 48C4:skip(done)
[2026-03-19T01:13:43.216Z] [Tick] t232 52F9:skip(done) | 99F1:skip(done) | EAE2:skip(done) | AFBC:skip(done) | 4D09:skip(done) | 40C9:skip(done) | D751:skip(done) | 978B:skip(done) | CFA2:skip(done) | A6C3:skip(done) | FA8C:skip(done) | 30D5:skip(done) | 8608:skip(done) | 5E37:skip(done) | 663B:skip(done) | 48C4:skip(done)
[2026-03-19T01:13:44.216Z] [Tick] t236 52F9:skip(done) | 99F1:skip(done) | EAE2:skip(done) | AFBC:skip(done) | 4D09:skip(done) | 40C9:skip(done) | D751:skip(done) | 978B:skip(done) | CFA2:skip(done) | A6C3:skip(done) | FA8C:skip(done) | 30D5:skip(done) | 8608:skip(done) | 5E37:skip(done) | 663B:skip(done) | 48C4:skip(done)
[2026-03-19T01:13:45.225Z] [Tick] t240 52F9:skip(done) | 99F1:skip(done) | EAE2:skip(done) | AFBC:skip(done) | 4D09:skip(done) | 40C9:skip(done) | D751:skip(done) | 978B:skip(done) | CFA2:skip(done) | A6C3:skip(done) | FA8C:skip(done) | 30D5:skip(done) | 8608:skip(done) | 5E37:skip(done) | 663B:skip(done) | 48C4:skip(done)
[2026-03-19T01:13:46.217Z] [Tick] t244 52F9:skip(done) | 99F1:skip(done) | EAE2:skip(done) | AFBC:skip(done) | 4D09:skip(done) | 40C9:skip(done) | D751:skip(done) | 978B:skip(done) | CFA2:skip(done) | A6C3:skip(done) | FA8C:skip(done) | 30D5:skip(done) | 8608:skip(done) | 5E37:skip(done) | 663B:skip(done) | 48C4:skip(done)
[2026-03-19T01:13:47.216Z] [Tick] t248 52F9:skip(done) | 99F1:skip(done) | EAE2:skip(done) | AFBC:skip(done) | 4D09:skip(done) | 40C9:skip(done) | D751:skip(done) | 978B:skip(done) | CFA2:skip(done) | A6C3:skip(done) | FA8C:skip(done) | 30D5:skip(done) | 8608:skip(done) | 5E37:skip(done) | 663B:skip(done) | 48C4:skip(done)
[2026-03-19T01:13:48.216Z] [Tick] t252 52F9:skip(done) | 99F1:skip(done) | EAE2:skip(done) | AFBC:skip(done) | 4D09:skip(done) | 40C9:skip(done) | D751:skip(done) | 978B:skip(done) | CFA2:skip(done) | A6C3:skip(done) | FA8C:skip(done) | 30D5:skip(done) | 8608:skip(done) | 5E37:skip(done) | 663B:skip(done) | 48C4:skip(done)
[2026-03-19T01:13:49.216Z] [Tick] t256 52F9:skip(done) | 99F1:skip(done) | EAE2:skip(done) | AFBC:skip(done) | 4D09:skip(done) | 40C9:skip(done) | D751:skip(done) | 978B:skip(done) | CFA2:skip(done) | A6C3:skip(done) | FA8C:skip(done) | 30D5:skip(done) | 8608:skip(done) | 5E37:skip(done) | 663B:skip(done) | 48C4:skip(done)
[2026-03-19T01:13:50.216Z] [Tick] t260 52F9:skip(done) | 99F1:skip(done) | EAE2:skip(done) | AFBC:skip(done) | 4D09:skip(done) | 40C9:skip(done) | D751:skip(done) | 978B:skip(done) | CFA2:skip(done) | A6C3:skip(done) | FA8C:skip(done) | 30D5:skip(done) | 8608:skip(done) | 5E37:skip(done) | 663B:skip(done) | 48C4:skip(done)
[2026-03-19T01:13:51.216Z] [Tick] t264 52F9:skip(done) | 99F1:skip(done) | EAE2:skip(done) | AFBC:skip(done) | 4D09:skip(done) | 40C9:skip(done) | D751:skip(done) | 978B:skip(done) | CFA2:skip(done) | A6C3:skip(done) | FA8C:skip(done) | 30D5:skip(done) | 8608:skip(done) | 5E37:skip(done) | 663B:skip(done) | 48C4:skip(done)
[2026-03-19T01:13:52.217Z] [Tick] t268 52F9:skip(done) | 99F1:skip(done) | EAE2:skip(done) | AFBC:skip(done) | 4D09:skip(done) | 40C9:skip(done) | D751:skip(done) | 978B:skip(done) | CFA2:skip(done) | A6C3:skip(done) | FA8C:skip(done) | 30D5:skip(done) | 8608:skip(done) | 5E37:skip(done) | 663B:skip(done) | 48C4:skip(done)
[2026-03-19T01:13:53.216Z] [Tick] t272 52F9:skip(done) | 99F1:skip(done) | EAE2:skip(done) | AFBC:skip(done) | 4D09:skip(done) | 40C9:skip(done) | D751:skip(done) | 978B:skip(done) | CFA2:skip(done) | A6C3:skip(done) | FA8C:skip(done) | 30D5:skip(done) | 8608:skip(done) | 5E37:skip(done) | 663B:skip(done) | 48C4:skip(done)
[2026-03-19T01:13:54.217Z] [Tick] t276 52F9:skip(done) | 99F1:skip(done) | EAE2:skip(done) | AFBC:skip(done) | 4D09:skip(done) | 40C9:skip(done) | D751:skip(done) | 978B:skip(done) | CFA2:skip(done) | A6C3:skip(done) | FA8C:skip(done) | 30D5:skip(done) | 8608:skip(done) | 5E37:skip(done) | 663B:skip(done) | 48C4:skip(done)
[2026-03-19T01:13:55.217Z] [Tick] t280 52F9:skip(done) | 99F1:skip(done) | EAE2:skip(done) | AFBC:skip(done) | 4D09:skip(done) | 40C9:skip(done) | D751:skip(done) | 978B:skip(done) | CFA2:skip(done) | A6C3:skip(done) | FA8C:skip(done) | 30D5:skip(done) | 8608:skip(done) | 5E37:skip(done) | 663B:skip(done) | 48C4:skip(done)
[2026-03-19T01:13:56.217Z] [Tick] t284 52F9:skip(done) | 99F1:skip(done) | EAE2:skip(done) | AFBC:skip(done) | 4D09:skip(done) | 40C9:skip(done) | D751:skip(done) | 978B:skip(done) | CFA2:skip(done) | A6C3:skip(done) | FA8C:skip(done) | 30D5:skip(done) | 8608:skip(done) | 5E37:skip(done) | 663B:skip(done) | 48C4:skip(done)
[2026-03-19T01:13:57.217Z] [Tick] t288 52F9:skip(done) | 99F1:skip(done) | EAE2:skip(done) | AFBC:skip(done) | 4D09:skip(done) | 40C9:skip(done) | D751:skip(done) | 978B:skip(done) | CFA2:skip(done) | A6C3:skip(done) | FA8C:skip(done) | 30D5:skip(done) | 8608:skip(done) | 5E37:skip(done) | 663B:skip(done) | 48C4:skip(done)
[2026-03-19T01:13:58.217Z] [Tick] t292 52F9:skip(done) | 99F1:skip(done) | EAE2:skip(done) | AFBC:skip(done) | 4D09:skip(done) | 40C9:skip(done) | D751:skip(done) | 978B:skip(done) | CFA2:skip(done) | A6C3:skip(done) | FA8C:skip(done) | 30D5:skip(done) | 8608:skip(done) | 5E37:skip(done) | 663B:skip(done) | 48C4:skip(done)
[2026-03-19T01:13:59.217Z] [Tick] t296 52F9:skip(done) | 99F1:skip(done) | EAE2:skip(done) | AFBC:skip(done) | 4D09:skip(done) | 40C9:skip(done) | D751:skip(done) | 978B:skip(done) | CFA2:skip(done) | A6C3:skip(done) | FA8C:skip(done) | 30D5:skip(done) | 8608:skip(done) | 5E37:skip(done) | 663B:skip(done) | 48C4:skip(done)
[2026-03-19T01:14:00.217Z] [Tick] t300 52F9:skip(done) | 99F1:skip(done) | EAE2:skip(done) | AFBC:skip(done) | 4D09:skip(done) | 40C9:skip(done) | D751:skip(done) | 978B:skip(done) | CFA2:skip(done) | A6C3:skip(done) | FA8C:skip(done) | 30D5:skip(done) | 8608:skip(done) | 5E37:skip(done) | 663B:skip(done) | 48C4:skip(done)
[2026-03-19T01:14:01.217Z] [Tick] t304 52F9:skip(done) | 99F1:skip(done) | EAE2:skip(done) | AFBC:skip(done) | 4D09:skip(done) | 40C9:skip(done) | D751:skip(done) | 978B:skip(done) | CFA2:skip(done) | A6C3:skip(done) | FA8C:skip(done) | 30D5:skip(done) | 8608:skip(done) | 5E37:skip(done) | 663B:skip(done) | 48C4:skip(done)
[2026-03-19T01:14:02.217Z] [Tick] t308 52F9:skip(done) | 99F1:skip(done) | EAE2:skip(done) | AFBC:skip(done) | 4D09:skip(done) | 40C9:skip(done) | D751:skip(done) | 978B:skip(done) | CFA2:skip(done) | A6C3:skip(done) | FA8C:skip(done) | 30D5:skip(done) | 8608:skip(done) | 5E37:skip(done) | 663B:skip(done) | 48C4:skip(done)
[2026-03-19T01:14:03.217Z] [Tick] t312 52F9:skip(done) | 99F1:skip(done) | EAE2:skip(done) | AFBC:skip(done) | 4D09:skip(done) | 40C9:skip(done) | D751:skip(done) | 978B:skip(done) | CFA2:skip(done) | A6C3:skip(done) | FA8C:skip(done) | 30D5:skip(done) | 8608:skip(done) | 5E37:skip(done) | 663B:skip(done) | 48C4:skip(done)
[2026-03-19T01:14:04.217Z] [Tick] t316 52F9:skip(done) | 99F1:skip(done) | EAE2:skip(done) | AFBC:skip(done) | 4D09:skip(done) | 40C9:skip(done) | D751:skip(done) | 978B:skip(done) | CFA2:skip(done) | A6C3:skip(done) | FA8C:skip(done) | 30D5:skip(done) | 8608:skip(done) | 5E37:skip(done) | 663B:skip(done) | 48C4:skip(done)
[2026-03-19T01:14:05.217Z] [Tick] t320 52F9:skip(done) | 99F1:skip(done) | EAE2:skip(done) | AFBC:skip(done) | 4D09:skip(done) | 40C9:skip(done) | D751:skip(done) | 978B:skip(done) | CFA2:skip(done) | A6C3:skip(done) | FA8C:skip(done) | 30D5:skip(done) | 8608:skip(done) | 5E37:skip(done) | 663B:skip(done) | 48C4:skip(done)
[2026-03-19T01:14:06.217Z] [Tick] t324 52F9:skip(done) | 99F1:skip(done) | EAE2:skip(done) | AFBC:skip(done) | 4D09:skip(done) | 40C9:skip(done) | D751:skip(done) | 978B:skip(done) | CFA2:skip(done) | A6C3:skip(done) | FA8C:skip(done) | 30D5:skip(done) | 8608:skip(done) | 5E37:skip(done) | 663B:skip(done) | 48C4:skip(done)
[2026-03-19T01:14:07.217Z] [Tick] t328 52F9:skip(done) | 99F1:skip(done) | EAE2:skip(done) | AFBC:skip(done) | 4D09:skip(done) | 40C9:skip(done) | D751:skip(done) | 978B:skip(done) | CFA2:skip(done) | A6C3:skip(done) | FA8C:skip(done) | 30D5:skip(done) | 8608:skip(done) | 5E37:skip(done) | 663B:skip(done) | 48C4:skip(done)
[2026-03-19T01:14:08.217Z] [Tick] t332 52F9:skip(done) | 99F1:skip(done) | EAE2:skip(done) | AFBC:skip(done) | 4D09:skip(done) | 40C9:skip(done) | D751:skip(done) | 978B:skip(done) | CFA2:skip(done) | A6C3:skip(done) | FA8C:skip(done) | 30D5:skip(done) | 8608:skip(done) | 5E37:skip(done) | 663B:skip(done) | 48C4:skip(done)
[2026-03-19T01:14:09.217Z] [Tick] t336 52F9:skip(done) | 99F1:skip(done) | EAE2:skip(done) | AFBC:skip(done) | 4D09:skip(done) | 40C9:skip(done) | D751:skip(done) | 978B:skip(done) | CFA2:skip(done) | A6C3:skip(done) | FA8C:skip(done) | 30D5:skip(done) | 8608:skip(done) | 5E37:skip(done) | 663B:skip(done) | 48C4:skip(done)
[2026-03-19T01:14:10.217Z] [Tick] t340 52F9:skip(done) | 99F1:skip(done) | EAE2:skip(done) | AFBC:skip(done) | 4D09:skip(done) | 40C9:skip(done) | D751:skip(done) | 978B:skip(done) | CFA2:skip(done) | A6C3:skip(done) | FA8C:skip(done) | 30D5:skip(done) | 8608:skip(done) | 5E37:skip(done) | 663B:skip(done) | 48C4:skip(done)
[2026-03-19T01:14:11.217Z] [Tick] t344 52F9:skip(done) | 99F1:skip(done) | EAE2:skip(done) | AFBC:skip(done) | 4D09:skip(done) | 40C9:skip(done) | D751:skip(done) | 978B:skip(done) | CFA2:skip(done) | A6C3:skip(done) | FA8C:skip(done) | 30D5:skip(done) | 8608:skip(done) | 5E37:skip(done) | 663B:skip(done) | 48C4:skip(done)
