[2026-03-19T01:15:32.722Z] SESSION START mode=tight
[2026-03-19T01:15:32.723Z] Thresholds: match>=65%, features>=75, tracking>=65%, worldMap=true
[2026-03-19T01:15:32.772Z] AR precise capture started
[2026-03-19T01:15:33.043Z] geoSample #1 hAcc=7m vAcc=14m matchedLocal=yes
[2026-03-19T01:15:33.043Z] live quality: match=100% features=0 tracking=35% worldMap=no ready=no blockers=low_features,low_tracking,missing_world_map
[2026-03-19T01:15:34.793Z] World map snapshot captured (300948 bytes, encrypted=true)
[2026-03-19T01:15:34.794Z] live quality: match=100% features=0 tracking=35% worldMap=yes ready=no blockers=low_features,low_tracking
[2026-03-19T01:15:35.044Z] geoSample #2 hAcc=14m vAcc=16m matchedLocal=yes
[2026-03-19T01:15:35.045Z] live quality: match=100% features=71 tracking=67% worldMap=yes ready=no blockers=low_features
[2026-03-19T01:15:36.044Z] geoSample #3 hAcc=8m vAcc=16m matchedLocal=yes
[2026-03-19T01:15:36.045Z] live quality: match=100% features=230 tracking=78% worldMap=yes ready=yes blockers=none
[2026-03-19T01:15:36.544Z] geoSample #4 hAcc=8m vAcc=16m matchedLocal=yes
[2026-03-19T01:15:36.546Z] live quality: match=100% features=310 tracking=83% worldMap=yes ready=yes blockers=none
[2026-03-19T01:15:36.814Z] World map snapshot captured (2799398 bytes, encrypted=true)
[2026-03-19T01:15:37.044Z] geoSample #5 hAcc=8m vAcc=16m matchedLocal=yes
[2026-03-19T01:15:37.046Z] live quality: match=100% features=347 tracking=86% worldMap=yes ready=yes blockers=none
[2026-03-19T01:15:38.033Z] live quality: match=100% features=341 tracking=89% worldMap=yes ready=yes blockers=none
[2026-03-19T01:15:38.531Z] live quality: match=100% features=325 tracking=90% worldMap=yes ready=yes blockers=none
[2026-03-19T01:15:38.828Z] World map snapshot captured (4350857 bytes, encrypted=true)
[2026-03-19T01:15:39.533Z] live quality: match=100% features=323 tracking=91% worldMap=yes ready=yes blockers=none
[2026-03-19T01:15:40.031Z] live quality: match=100% features=322 tracking=92% worldMap=yes ready=yes blockers=none
[2026-03-19T01:15:40.534Z] geoSample #10 hAcc=5m vAcc=10m matchedLocal=yes
[2026-03-19T01:15:40.535Z] live quality: match=100% features=316 tracking=93% worldMap=yes ready=yes blockers=none
[2026-03-19T01:15:40.829Z] World map snapshot captured (5103809 bytes, encrypted=true)
[2026-03-19T01:15:41.035Z] live quality: match=100% features=309 tracking=94% worldMap=yes ready=yes blockers=none
[2026-03-19T01:15:41.534Z] live quality: match=100% features=302 tracking=94% worldMap=yes ready=yes blockers=none
[2026-03-19T01:15:42.035Z] live quality: match=100% features=295 tracking=95% worldMap=yes ready=yes blockers=none
[2026-03-19T01:15:42.533Z] live quality: match=100% features=290 tracking=95% worldMap=yes ready=yes blockers=none
[2026-03-19T01:15:42.830Z] World map snapshot captured (4784659 bytes, encrypted=true)
[2026-03-19T01:15:43.034Z] live quality: match=100% features=283 tracking=95% worldMap=yes ready=yes blockers=none
[2026-03-19T01:15:43.537Z] live quality: match=100% features=273 tracking=95% worldMap=yes ready=yes blockers=none
[2026-03-19T01:15:44.034Z] live quality: match=100% features=259 tracking=96% worldMap=yes ready=yes blockers=none
[2026-03-19T01:15:44.531Z] live quality: match=100% features=248 tracking=96% worldMap=yes ready=yes blockers=none
[2026-03-19T01:15:44.830Z] World map snapshot captured (5346322 bytes, encrypted=true)
[2026-03-19T01:15:45.033Z] live quality: match=100% features=236 tracking=96% worldMap=yes ready=yes blockers=none
[2026-03-19T01:15:45.531Z] geoSample #20 hAcc=4m vAcc=10m matchedLocal=yes
[2026-03-19T01:15:45.532Z] live quality: match=100% features=226 tracking=96% worldMap=yes ready=yes blockers=none
[2026-03-19T01:15:46.031Z] live quality: match=100% features=215 tracking=96% worldMap=yes ready=yes blockers=none
[2026-03-19T01:15:46.828Z] World map snapshot captured (5477211 bytes, encrypted=true)
[2026-03-19T01:15:47.532Z] live quality: match=100% features=205 tracking=97% worldMap=yes ready=yes blockers=none
[2026-03-19T01:15:48.040Z] live quality: match=100% features=197 tracking=97% worldMap=yes ready=yes blockers=none
[2026-03-19T01:15:48.848Z] World map snapshot captured (5881360 bytes, encrypted=true)
[2026-03-19T01:15:49.036Z] live quality: match=100% features=189 tracking=97% worldMap=yes ready=yes blockers=none
[2026-03-19T01:15:50.833Z] World map snapshot captured (6055353 bytes, encrypted=true)
[2026-03-19T01:15:51.036Z] live quality: match=100% features=185 tracking=97% worldMap=yes ready=yes blockers=none
[2026-03-19T01:15:52.035Z] live quality: match=100% features=181 tracking=97% worldMap=yes ready=yes blockers=none
[2026-03-19T01:15:52.836Z] World map snapshot captured (6416236 bytes, encrypted=true)
[2026-03-19T01:15:53.037Z] live quality: match=100% features=174 tracking=97% worldMap=yes ready=yes blockers=none
[2026-03-19T01:15:54.036Z] live quality: match=100% features=171 tracking=97% worldMap=yes ready=yes blockers=none
[2026-03-19T01:15:54.850Z] World map snapshot captured (5957339 bytes, encrypted=true)
[2026-03-19T01:15:55.038Z] live quality: match=100% features=167 tracking=97% worldMap=yes ready=yes blockers=none
[2026-03-19T01:15:56.833Z] World map snapshot captured (6076433 bytes, encrypted=true)
[2026-03-19T01:15:57.037Z] geoSample #30 hAcc=4m vAcc=10m matchedLocal=yes
[2026-03-19T01:15:57.038Z] live quality: match=100% features=175 tracking=97% worldMap=yes ready=yes blockers=none
[2026-03-19T01:15:58.037Z] live quality: match=100% features=178 tracking=97% worldMap=yes ready=yes blockers=none
[2026-03-19T01:15:58.838Z] World map snapshot captured (7361351 bytes, encrypted=true)
[2026-03-19T01:15:59.036Z] live quality: match=100% features=185 tracking=97% worldMap=yes ready=yes blockers=none
[2026-03-19T01:16:00.039Z] live quality: match=100% features=186 tracking=98% worldMap=yes ready=yes blockers=none
[2026-03-19T01:16:00.840Z] World map snapshot captured (7429278 bytes, encrypted=true)
[2026-03-19T01:16:01.039Z] live quality: match=100% features=184 tracking=98% worldMap=yes ready=yes blockers=none
[2026-03-19T01:16:02.037Z] live quality: match=100% features=180 tracking=98% worldMap=yes ready=yes blockers=none
[2026-03-19T01:16:02.841Z] World map snapshot captured (7661853 bytes, encrypted=true)
[2026-03-19T01:16:03.038Z] live quality: match=100% features=175 tracking=98% worldMap=yes ready=yes blockers=none
[2026-03-19T01:16:04.038Z] live quality: match=100% features=173 tracking=98% worldMap=yes ready=yes blockers=none
[2026-03-19T01:16:04.841Z] World map snapshot captured (7956235 bytes, encrypted=true)
[2026-03-19T01:16:06.038Z] live quality: match=100% features=169 tracking=98% worldMap=yes ready=yes blockers=none
[2026-03-19T01:16:06.841Z] World map snapshot captured (8570385 bytes, encrypted=true)
[2026-03-19T01:16:08.847Z] World map snapshot captured (8834325 bytes, encrypted=true)
[2026-03-19T01:16:09.039Z] live quality: match=100% features=166 tracking=98% worldMap=yes ready=yes blockers=none
[2026-03-19T01:16:10.040Z] geoSample #40 hAcc=4m vAcc=4m matchedLocal=yes
[2026-03-19T01:16:10.040Z] live quality: match=100% features=164 tracking=98% worldMap=yes ready=yes blockers=none
[2026-03-19T01:16:10.844Z] World map snapshot captured (8432078 bytes, encrypted=true)
[2026-03-19T01:16:11.040Z] live quality: match=100% features=163 tracking=98% worldMap=yes ready=yes blockers=none
[2026-03-19T01:16:12.041Z] live quality: match=100% features=160 tracking=98% worldMap=yes ready=yes blockers=none
[2026-03-19T01:16:12.857Z] World map snapshot captured (8994280 bytes, encrypted=true)
[2026-03-19T01:16:13.041Z] live quality: match=100% features=163 tracking=98% worldMap=yes ready=yes blockers=none
[2026-03-19T01:16:14.041Z] live quality: match=100% features=165 tracking=98% worldMap=yes ready=yes blockers=none
[2026-03-19T01:16:14.564Z] Recording stopped by user. geoSamples=44, matchedLocal=44
[2026-03-19T01:16:14.564Z] AR precise capture paused
[2026-03-19T01:16:14.692Z] World map snapshot captured (9940496 bytes, encrypted=true)
[2026-03-19T01:16:18.374Z] Route saved as precise-ready. name=Run 3/18/26, 9:16 PM, geoSamples=44, localSamples=44
[2026-03-19T01:16:18.375Z] SESSION END reason=saved
[2026-03-19T01:17:18.142Z] [Tick] t4 FF37:d=1.905m far | D3E7:d=3.564m far | 0813:d=3.717m far | DBF9:d=4.225m far | 6501:d=5.246m far | CC56:d=5.824m far | 46A3:d=6.071m far | 6099:d=6.750m far | 26A2:d=5.359m far | 4004:d=4.829m far | 62CF:d=7.043m far | 0857:d=8.354m far | 0965:d=8.762m far | 26C1:d=8.848m far | 9C96:d=8.866m far | 31E3:d=8.730m far | 502F:d=6.442m far
[2026-03-19T01:17:19.141Z] [Tick] t8 FF37:d=1.517m far | D3E7:d=3.375m far | 0813:d=3.871m far | DBF9:d=4.509m far | 6501:d=5.557m far | CC56:d=6.127m far | 46A3:d=6.364m far | 6099:d=7.024m far | 26A2:d=5.625m far | 4004:d=5.045m far | 62CF:d=7.186m far | 0857:d=8.423m far | 0965:d=8.777m far | 26C1:d=8.856m far | 9C96:d=8.768m far | 31E3:d=8.554m far | 502F:d=6.236m far
[2026-03-19T01:17:20.141Z] [Tick] t12 FF37:d=0.454m far | D3E7:d=2.567m far | 0813:d=3.855m far | DBF9:d=4.808m far | 6501:d=5.901m far | CC56:d=6.428m far | 46A3:d=6.626m far | 6099:d=7.206m far | 26A2:d=5.819m far | 4004:d=5.149m far | 62CF:d=7.017m far | 0857:d=8.051m far | 0965:d=8.274m far | 26C1:d=8.340m far | 9C96:d=8.029m far | 31E3:d=7.676m far | 502F:d=5.323m far
[2026-03-19T01:17:21.142Z] [Tick] t16 FF37:d=0.885m far | D3E7:d=1.520m far | 0813:d=3.598m far | DBF9:d=4.824m far | 6501:d=5.909m far | CC56:d=6.365m far | 46A3:d=6.511m far | 6099:d=6.982m far | 26A2:d=5.688m far | 4004:d=4.987m far | 62CF:d=6.453m far | 0857:d=7.260m far | 0965:d=7.358m far | 26C1:d=7.411m far | 9C96:d=6.912m far | 31E3:d=6.479m far | 502F:d=4.118m far
[2026-03-19T01:17:22.142Z] [Tick] t20 FF37:d=0.959m far | D3E7:d=1.426m far | 0813:d=3.562m far | DBF9:d=4.805m far | 6501:d=5.889m far | CC56:d=6.340m far | 46A3:d=6.484m far | 6099:d=6.951m far | 26A2:d=5.692m far | 4004:d=5.000m far | 62CF:d=6.424m far | 0857:d=7.211m far | 0965:d=7.299m far | 26C1:d=7.351m far | 9C96:d=6.830m far | 31E3:d=6.386m far | 502F:d=4.025m far
[2026-03-19T01:17:23.142Z] [Tick] t24 FF37:d=0.241m far | D3E7:d=2.095m far | 0813:d=3.786m far | DBF9:d=4.880m far | 6501:d=5.979m far | CC56:d=6.478m far | 46A3:d=6.654m far | 6099:d=7.192m far | 26A2:d=5.868m far | 4004:d=5.184m far | 62CF:d=6.859m far | 0857:d=7.775m far | 0965:d=7.930m far | 26C1:d=7.988m far | 9C96:d=7.557m far | 31E3:d=7.136m far | 502F:d=4.776m far
[2026-03-19T01:17:24.142Z] [Tick] t28 FF37:d=0.483m far | D3E7:d=2.588m far | 0813:d=3.832m far | DBF9:d=4.772m far | 6501:d=5.865m far | CC56:d=6.395m far | 46A3:d=6.596m far | 6099:d=7.182m far | 26A2:d=5.807m far | 4004:d=5.146m far | 62CF:d=7.023m far | 0857:d=8.066m far | 0965:d=8.295m far | 26C1:d=8.362m far | 9C96:d=8.058m far | 31E3:d=7.710m far | 502F:d=5.359m far
[2026-03-19T01:17:25.142Z] [Tick] t32 FF37:d=0.450m far | D3E7:d=2.510m far | 0813:d=3.750m far | DBF9:d=4.701m far | 6501:d=5.795m far | CC56:d=6.323m far | 46A3:d=6.522m far | 6099:d=7.106m far | 26A2:d=5.744m far | 4004:d=5.088m far | 62CF:d=6.949m far | 0857:d=7.989m far | 0965:d=8.218m far | 26C1:d=8.285m far | 9C96:d=7.983m far | 31E3:d=7.641m far | 502F:d=5.292m far
[2026-03-19T01:17:25.921Z] [Tick] t35 COLLECT×1 | FF37:d=0.128m ✓ | D3E7:d=2.287m far | 0813:d=3.781m far | DBF9:d=4.813m far | 6501:d=5.912m far | CC56:d=6.426m far | 46A3:d=6.615m far | 6099:d=7.178m far | 26A2:d=5.854m far | 4004:d=5.187m far | 62CF:d=6.941m far | 0857:d=7.910m far | 0965:d=8.096m far | 26C1:d=8.157m far | 9C96:d=7.773m far | 31E3:d=7.377m far | 502F:d=5.021m far
[2026-03-19T01:17:26.142Z] [Tick] t36 FF37:skip(done) | D3E7:d=2.296m far | 0813:d=3.843m far | DBF9:d=4.885m far | 6501:d=5.984m far | CC56:d=6.497m far | 46A3:d=6.685m far | 6099:d=7.247m far | 26A2:d=5.929m far | 4004:d=5.259m far | 62CF:d=6.998m far | 0857:d=7.953m far | 0965:d=8.128m far | 26C1:d=8.188m far | 9C96:d=7.781m far | 31E3:d=7.368m far | 502F:d=5.009m far
[2026-03-19T01:17:27.141Z] [Tick] t40 FF37:skip(done) | D3E7:d=2.193m far | 0813:d=3.713m far | DBF9:d=4.763m far | 6501:d=5.858m far | CC56:d=6.360m far | 46A3:d=6.540m far | 6099:d=7.079m far | 26A2:d=5.687m far | 4004:d=4.993m far | 62CF:d=6.752m far | 0857:d=7.723m far | 0965:d=7.912m far | 26C1:d=7.975m far | 9C96:d=7.625m far | 31E3:d=7.264m far | 502F:d=4.910m far
[2026-03-19T01:17:28.142Z] [Tick] t44 FF37:skip(done) | D3E7:d=1.494m far | 0813:d=3.541m far | DBF9:d=4.765m far | 6501:d=5.849m far | CC56:d=6.303m far | 46A3:d=6.448m far | 6099:d=6.915m far | 26A2:d=5.607m far | 4004:d=4.902m far | 62CF:d=6.379m far | 0857:d=7.196m far | 0965:d=7.303m far | 26C1:d=7.356m far | 9C96:d=6.881m far | 31E3:d=6.468m far | 502F:d=4.110m far
[2026-03-19T01:17:29.142Z] [Tick] t48 FF37:skip(done) | D3E7:d=0.571m far | 0813:d=3.120m far | DBF9:d=4.491m far | 6501:d=5.530m far | CC56:d=5.919m far | 46A3:d=6.024m far | 6099:d=6.410m far | 26A2:d=5.289m far | 4004:d=4.638m far | 62CF:d=5.741m far | 0857:d=6.407m far | 0965:d=6.453m far | 26C1:d=6.501m far | 9C96:d=5.947m far | 31E3:d=5.551m far | 502F:d=3.209m far
[2026-03-19T01:17:29.892Z] [Tick] t51 COLLECT×1 | FF37:skip(done) | D3E7:d=0.125m ✓ | 0813:d=2.755m far | DBF9:d=4.185m far | 6501:d=5.180m far | CC56:d=5.528m far | 46A3:d=5.611m far | 6099:d=5.959m far | 26A2:d=5.039m far | 4004:d=4.472m far | 62CF:d=5.323m far | 0857:d=5.920m far | 0965:d=5.955m far | 26C1:d=6.002m far | 9C96:d=5.437m far | 31E3:d=5.093m far | 502F:d=2.808m far
[2026-03-19T01:17:30.142Z] [Tick] t52 FF37:skip(done) | D3E7:skip(done) | 0813:d=2.657m far | DBF9:d=4.096m far | 6501:d=5.078m far | CC56:d=5.416m far | 46A3:d=5.493m far | 6099:d=5.834m far | 26A2:d=4.968m far | 4004:d=4.427m far | 62CF:d=5.218m far | 0857:d=5.803m far | 0965:d=5.840m far | 26C1:d=5.888m far | 9C96:d=5.330m far | 31E3:d=5.007m far | 502F:d=2.747m far
[2026-03-19T01:17:31.141Z] [Tick] t56 FF37:skip(done) | D3E7:skip(done) | 0813:d=1.865m far | DBF9:d=3.306m far | 6501:d=4.266m far | CC56:d=4.591m far | 46A3:d=4.664m far | 6099:d=5.005m far | 26A2:d=4.172m far | 4004:d=3.714m far | 62CF:d=4.557m far | 0857:d=5.320m far | 0965:d=5.498m far | 26C1:d=5.562m far | 9C96:d=5.312m far | 31E3:d=5.249m far | 502F:d=3.163m far
[2026-03-19T01:17:32.142Z] [Tick] t60 FF37:skip(done) | D3E7:skip(done) | 0813:d=0.673m far | DBF9:d=2.097m far | 6501:d=3.051m far | CC56:d=3.398m far | 46A3:d=3.495m far | 6099:d=3.926m far | 26A2:d=3.318m far | 4004:d=3.109m far | 62CF:d=4.100m far | 0857:d=5.163m far | 0965:d=5.560m far | 26C1:d=5.646m far | 9C96:d=5.788m far | 31E3:d=5.991m far | 502F:d=4.151m far
[2026-03-19T01:17:33.142Z] [Tick] t64 FF37:skip(done) | D3E7:skip(done) | 0813:d=0.706m far | DBF9:d=0.786m far | 6501:d=1.801m far | CC56:d=2.247m far | 46A3:d=2.423m far | 6099:d=3.059m far | 26A2:d=2.827m far | 4004:d=2.988m far | 62CF:d=4.172m far | 0857:d=5.511m far | 0965:d=6.108m far | 26C1:d=6.212m far | 9C96:d=6.685m far | 31E3:d=7.070m far | 502F:d=5.399m far
[2026-03-19T01:17:33.892Z] [Tick] t67 COLLECT×1 | FF37:skip(done) | D3E7:skip(done) | 0813:d=1.487m far | DBF9:d=0.099m ✓ | 6501:d=1.094m far | CC56:d=1.644m far | 46A3:d=1.895m far | 6099:d=2.686m far | 26A2:d=2.815m far | 4004:d=3.210m far | 62CF:d=4.401m far | 0857:d=5.840m far | 0965:d=6.529m far | 26C1:d=6.640m far | 9C96:d=7.270m far | 31E3:d=7.741m far | 502F:d=6.161m far
[2026-03-19T01:17:34.142Z] [Tick] t68 FF37:skip(done) | D3E7:skip(done) | 0813:d=1.536m far | DBF9:skip(done) | 6501:d=1.052m far | CC56:d=1.609m far | 46A3:d=1.865m far | 6099:d=2.665m far | 26A2:d=2.816m far | 4004:d=3.226m far | 62CF:d=4.414m far | 0857:d=5.858m far | 0965:d=6.552m far | 26C1:d=6.664m far | 9C96:d=7.304m far | 31E3:d=7.781m far | 502F:d=6.206m far
[2026-03-19T01:17:35.142Z] [Tick] t72 FF37:skip(done) | D3E7:skip(done) | 0813:d=0.547m far | DBF9:skip(done) | 6501:d=1.952m far | CC56:d=2.382m far | 46A3:d=2.545m far | 6099:d=3.152m far | 26A2:d=2.864m far | 4004:d=2.976m far | 62CF:d=4.143m far | 0857:d=5.453m far | 0965:d=6.028m far | 26C1:d=6.130m far | 9C96:d=6.565m far | 31E3:d=6.930m far | 502F:d=5.240m far
[2026-03-19T01:17:36.142Z] [Tick] t76 FF37:skip(done) | D3E7:skip(done) | 0813:d=0.260m far | DBF9:skip(done) | 6501:d=2.641m far | CC56:d=3.035m far | 46A3:d=3.165m far | 6099:d=3.683m far | 26A2:d=3.190m far | 4004:d=3.091m far | 62CF:d=4.206m far | 0857:d=5.374m far | 0965:d=5.839m far | 26C1:d=5.932m far | 9C96:d=6.169m far | 31E3:d=6.413m far | 502F:d=4.611m far
[2026-03-19T01:17:36.642Z] [Tick] t78 COLLECT×1 | FF37:skip(done) | D3E7:skip(done) | 0813:d=0.111m ✓ | DBF9:skip(done) | 6501:d=2.513m far | CC56:d=2.897m far | 46A3:d=3.024m far | 6099:d=3.545m far | 26A2:d=3.162m far | 4004:d=3.117m far | 62CF:d=4.155m far | 0857:d=5.320m far | 0965:d=5.796m far | 26C1:d=5.889m far | 9C96:d=6.147m far | 31E3:d=6.414m far | 502F:d=4.657m far
[2026-03-19T01:17:37.142Z] [Tick] t80 FF37:skip(done) | D3E7:skip(done) | 0813:skip(done) | DBF9:skip(done) | 6501:d=2.431m far | CC56:d=2.818m far | 46A3:d=2.948m far | 6099:d=3.479m far | 26A2:d=3.109m far | 4004:d=3.085m far | 62CF:d=4.138m far | 0857:d=5.325m far | 0965:d=5.815m far | 26C1:d=5.910m far | 9C96:d=6.196m far | 31E3:d=6.479m far | 502F:d=4.735m far
[2026-03-19T01:17:38.142Z] [Tick] t84 FF37:skip(done) | D3E7:skip(done) | 0813:skip(done) | DBF9:skip(done) | 6501:d=1.561m far | CC56:d=2.051m far | 46A3:d=2.257m far | 6099:d=2.954m far | 26A2:d=2.800m far | 4004:d=3.038m far | 62CF:d=4.278m far | 0857:d=5.668m far | 0965:d=6.302m far | 26C1:d=6.409m far | 9C96:d=6.941m far | 31E3:d=7.353m far | 502F:d=5.701m far
[2026-03-19T01:17:39.142Z] [Tick] t88 FF37:skip(done) | D3E7:skip(done) | 0813:skip(done) | DBF9:skip(done) | 6501:d=0.892m far | CC56:d=1.463m far | 46A3:d=1.738m far | 6099:d=2.558m far | 26A2:d=2.722m far | 4004:d=3.199m far | 62CF:d=4.427m far | 0857:d=5.923m far | 0965:d=6.656m far | 26C1:d=6.770m far | 9C96:d=7.489m far | 31E3:d=8.011m far | 502F:d=6.459m far
[2026-03-19T01:17:40.141Z] [Tick] t92 FF37:skip(done) | D3E7:skip(done) | 0813:skip(done) | DBF9:skip(done) | 6501:d=0.425m far | CC56:d=0.956m far | 46A3:d=1.270m far | 6099:d=2.149m far | 26A2:d=2.748m far | 4004:d=3.413m far | 62CF:d=4.446m far | 0857:d=5.966m far | 0965:d=6.762m far | 26C1:d=6.881m far | 9C96:d=7.739m far | 31E3:d=8.358m far | 502F:d=6.930m far
[2026-03-19T01:17:41.141Z] [Tick] t96 COLLECT×1 | FF37:skip(done) | D3E7:skip(done) | 0813:skip(done) | DBF9:skip(done) | 6501:d=0.067m ✓ | CC56:d=0.672m far | 46A3:d=1.009m far | 6099:d=1.945m far | 26A2:d=2.927m far | 4004:d=3.630m far | 62CF:d=4.438m far | 0857:d=5.889m far | 0965:d=6.674m far | 26C1:d=6.791m far | 9C96:d=7.634m far | 31E3:d=8.264m far | 502F:d=6.910m far
[2026-03-19T01:17:42.152Z] [Tick] t100 FF37:skip(done) | D3E7:skip(done) | 0813:skip(done) | DBF9:skip(done) | 6501:skip(done) | CC56:d=0.527m far | 46A3:d=0.841m far | 6099:d=1.733m far | 26A2:d=2.777m far | 4004:d=3.564m far | 62CF:d=4.334m far | 0857:d=5.831m far | 0965:d=6.662m far | 26C1:d=6.783m far | 9C96:d=7.738m far | 31E3:d=8.440m far | 502F:d=7.134m far
[2026-03-19T01:17:43.142Z] [Tick] t104 FF37:skip(done) | D3E7:skip(done) | 0813:skip(done) | DBF9:skip(done) | 6501:skip(done) | CC56:d=0.753m far | 46A3:d=1.053m far | 6099:d=1.908m far | 26A2:d=2.756m far | 4004:d=3.531m far | 62CF:d=4.437m far | 0857:d=5.975m far | 0965:d=6.815m far | 26C1:d=6.937m far | 9C96:d=7.903m far | 31E3:d=8.596m far | 502F:d=7.249m far
[2026-03-19T01:17:44.142Z] [Tick] t108 FF37:skip(done) | D3E7:skip(done) | 0813:skip(done) | DBF9:skip(done) | 6501:skip(done) | CC56:d=0.408m far | 46A3:d=0.731m far | 6099:d=1.642m far | 26A2:d=2.810m far | 4004:d=3.606m far | 62CF:d=4.298m far | 0857:d=5.773m far | 0965:d=6.601m far | 26C1:d=6.721m far | 9C96:d=7.676m far | 31E3:d=8.384m far | 502F:d=7.105m far
[2026-03-19T01:17:44.642Z] [Tick] t110 COLLECT×1 | FF37:skip(done) | D3E7:skip(done) | 0813:skip(done) | DBF9:skip(done) | 6501:skip(done) | CC56:d=0.121m ✓ | 46A3:d=0.433m far | 6099:d=1.369m far | 26A2:d=2.816m far | 4004:d=3.643m far | 62CF:d=4.138m far | 0857:d=5.568m far | 0965:d=6.397m far | 26C1:d=6.517m far | 9C96:d=7.495m far | 31E3:d=8.237m far | 502F:d=7.032m far
[2026-03-19T01:17:45.141Z] [Tick] t112 FF37:skip(done) | D3E7:skip(done) | 0813:skip(done) | DBF9:skip(done) | 6501:skip(done) | CC56:skip(done) | 46A3:d=0.256m far | 6099:d=1.188m far | 26A2:d=2.789m far | 4004:d=3.641m far | 62CF:d=4.023m far | 0857:d=5.437m far | 0965:d=6.273m far | 26C1:d=6.393m far | 9C96:d=7.404m far | 31E3:d=8.176m far | 502F:d=7.017m far
[2026-03-19T01:17:45.642Z] [Tick] t114 COLLECT×1 | FF37:skip(done) | D3E7:skip(done) | 0813:skip(done) | DBF9:skip(done) | 6501:skip(done) | CC56:skip(done) | 46A3:d=0.040m ✓ | 6099:d=0.949m far | 26A2:d=2.774m far | 4004:d=3.640m far | 62CF:d=3.849m far | 0857:d=5.225m far | 0965:d=6.063m far | 26C1:d=6.182m far | 9C96:d=7.219m far | 31E3:d=8.024m far | 502F:d=6.927m far
[2026-03-19T01:17:46.161Z] [Tick] t116 FF37:skip(done) | D3E7:skip(done) | 0813:skip(done) | DBF9:skip(done) | 6501:skip(done) | CC56:skip(done) | 46A3:skip(done) | 6099:d=0.667m far | 26A2:d=2.716m far | 4004:d=3.626m far | 62CF:d=3.688m far | 0857:d=5.060m far | 0965:d=5.924m far | 26C1:d=6.046m far | 9C96:d=7.162m far | 31E3:d=8.025m far | 502F:d=6.996m far
[2026-03-19T01:17:47.141Z] [Tick] t120 FF37:skip(done) | D3E7:skip(done) | 0813:skip(done) | DBF9:skip(done) | 6501:skip(done) | CC56:skip(done) | 46A3:skip(done) | 6099:d=0.191m far | 26A2:d=2.695m far | 4004:d=3.642m far | 62CF:d=3.398m far | 0857:d=4.727m far | 0965:d=5.623m far | 26C1:d=5.746m far | 9C96:d=6.974m far | 31E3:d=7.928m far | 502F:d=7.019m far
[2026-03-19T01:17:47.392Z] [Tick] t121 COLLECT×1 | FF37:skip(done) | D3E7:skip(done) | 0813:skip(done) | DBF9:skip(done) | 6501:skip(done) | CC56:skip(done) | 46A3:skip(done) | 6099:d=0.080m ✓ | 26A2:d=2.710m far | 4004:d=3.660m far | 62CF:d=3.328m far | 0857:d=4.639m far | 0965:d=5.540m far | 26C1:d=5.663m far | 9C96:d=6.916m far | 31E3:d=7.891m far | 502F:d=7.015m far
[2026-03-19T01:17:48.142Z] [Tick] t124 FF37:skip(done) | D3E7:skip(done) | 0813:skip(done) | DBF9:skip(done) | 6501:skip(done) | CC56:skip(done) | 46A3:skip(done) | 6099:skip(done) | 26A2:d=2.551m far | 4004:d=3.503m far | 62CF:d=3.014m far | 0857:d=4.337m far | 0965:d=5.263m far | 26C1:d=5.388m far | 9C96:d=6.720m far | 31E3:d=7.749m far | 502F:d=6.920m far
[2026-03-19T01:17:49.142Z] [Tick] t128 FF37:skip(done) | D3E7:skip(done) | 0813:skip(done) | DBF9:skip(done) | 6501:skip(done) | CC56:skip(done) | 46A3:skip(done) | 6099:skip(done) | 26A2:d=2.263m far | 4004:d=3.212m far | 62CF:d=2.528m far | 0857:d=3.924m far | 0965:d=4.905m far | 26C1:d=5.036m far | 9C96:d=6.512m far | 31E3:d=7.627m far | 502F:d=6.847m far
[2026-03-19T01:17:50.142Z] [Tick] t132 FF37:skip(done) | D3E7:skip(done) | 0813:skip(done) | DBF9:skip(done) | 6501:skip(done) | CC56:skip(done) | 46A3:skip(done) | 6099:skip(done) | 26A2:d=2.047m far | 4004:d=2.946m far | 62CF:d=2.215m far | 0857:d=3.665m far | 0965:d=4.643m far | 26C1:d=4.775m far | 9C96:d=6.245m far | 31E3:d=7.358m far | 502F:d=6.557m far
[2026-03-19T01:17:51.142Z] [Tick] t136 FF37:skip(done) | D3E7:skip(done) | 0813:skip(done) | DBF9:skip(done) | 6501:skip(done) | CC56:skip(done) | 46A3:skip(done) | 6099:skip(done) | 26A2:d=1.952m far | 4004:d=2.821m far | 62CF:d=1.982m far | 0857:d=3.477m far | 0965:d=4.475m far | 26C1:d=4.609m far | 9C96:d=6.135m far | 31E3:d=7.279m far | 502F:d=6.494m far
[2026-03-19T01:17:52.142Z] [Tick] t140 FF37:skip(done) | D3E7:skip(done) | 0813:skip(done) | DBF9:skip(done) | 6501:skip(done) | CC56:skip(done) | 46A3:skip(done) | 6099:skip(done) | 26A2:d=1.893m far | 4004:d=2.779m far | 62CF:d=2.114m far | 0857:d=3.618m far | 0965:d=4.595m far | 26C1:d=4.728m far | 9C96:d=6.191m far | 31E3:d=7.295m far | 502F:d=6.459m far
[2026-03-19T01:17:53.142Z] [Tick] t144 FF37:skip(done) | D3E7:skip(done) | 0813:skip(done) | DBF9:skip(done) | 6501:skip(done) | CC56:skip(done) | 46A3:skip(done) | 6099:skip(done) | 26A2:d=1.048m far | 4004:d=2.001m far | 62CF:d=2.141m far | 0857:d=3.892m far | 0965:d=4.872m far | 26C1:d=5.008m far | 9C96:d=6.452m far | 31E3:d=7.495m far | 502F:d=6.449m far
[2026-03-19T01:17:54.142Z] [Tick] t148 FF37:skip(done) | D3E7:skip(done) | 0813:skip(done) | DBF9:skip(done) | 6501:skip(done) | CC56:skip(done) | 46A3:skip(done) | 6099:skip(done) | 26A2:d=0.335m far | 4004:d=1.366m far | 62CF:d=2.366m far | 0857:d=4.202m far | 0965:d=5.158m far | 26C1:d=5.295m far | 9C96:d=6.705m far | 31E3:d=7.693m far | 502F:d=6.490m far
[2026-03-19T01:17:54.642Z] [Tick] t150 COLLECT×1 | FF37:skip(done) | D3E7:skip(done) | 0813:skip(done) | DBF9:skip(done) | 6501:skip(done) | CC56:skip(done) | 46A3:skip(done) | 6099:skip(done) | 26A2:d=0.132m ✓ | 4004:d=1.100m far | 62CF:d=2.552m far | 0857:d=4.393m far | 0965:d=5.328m far | 26C1:d=5.463m far | 9C96:d=6.840m far | 31E3:d=7.792m far | 502F:d=6.513m far
[2026-03-19T01:17:55.142Z] [Tick] t152 FF37:skip(done) | D3E7:skip(done) | 0813:skip(done) | DBF9:skip(done) | 6501:skip(done) | CC56:skip(done) | 46A3:skip(done) | 6099:skip(done) | 26A2:skip(done) | 4004:d=0.944m far | 62CF:d=2.657m far | 0857:d=4.492m far | 0965:d=5.411m far | 26C1:d=5.545m far | 9C96:d=6.895m far | 31E3:d=7.823m far | 502F:d=6.499m far
[2026-03-19T01:17:56.142Z] [Tick] t156 FF37:skip(done) | D3E7:skip(done) | 0813:skip(done) | DBF9:skip(done) | 6501:skip(done) | CC56:skip(done) | 46A3:skip(done) | 6099:skip(done) | 26A2:skip(done) | 4004:d=0.725m far | 62CF:d=2.842m far | 0857:d=4.657m far | 0965:d=5.551m far | 26C1:d=5.684m far | 9C96:d=7.016m far | 31E3:d=7.919m far | 502F:d=6.539m far
[2026-03-19T01:17:56.891Z] [Tick] t159 COLLECT×1 | FF37:skip(done) | D3E7:skip(done) | 0813:skip(done) | DBF9:skip(done) | 6501:skip(done) | CC56:skip(done) | 46A3:skip(done) | 6099:skip(done) | 26A2:skip(done) | 4004:d=0.096m ✓ | 62CF:d=2.736m far | 0857:d=4.458m far | 0965:d=5.266m far | 26C1:d=5.393m far | 9C96:d=6.594m far | 31E3:d=7.428m far | 502F:d=5.983m far
[2026-03-19T01:17:57.141Z] [Tick] t160 FF37:skip(done) | D3E7:skip(done) | 0813:skip(done) | DBF9:skip(done) | 6501:skip(done) | CC56:skip(done) | 46A3:skip(done) | 6099:skip(done) | 26A2:skip(done) | 4004:skip(done) | 62CF:d=2.706m far | 0857:d=4.398m far | 0965:d=5.183m far | 26C1:d=5.308m far | 9C96:d=6.472m far | 31E3:d=7.290m far | 502F:d=5.830m far
[2026-03-19T01:17:58.141Z] [Tick] t164 FF37:skip(done) | D3E7:skip(done) | 0813:skip(done) | DBF9:skip(done) | 6501:skip(done) | CC56:skip(done) | 46A3:skip(done) | 6099:skip(done) | 26A2:skip(done) | 4004:skip(done) | 62CF:d=1.357m far | 0857:d=3.157m far | 0965:d=4.091m far | 26C1:d=4.227m far | 9C96:d=5.778m far | 31E3:d=6.890m far | 502F:d=5.887m far
[2026-03-19T01:17:59.142Z] [Tick] t168 FF37:skip(done) | D3E7:skip(done) | 0813:skip(done) | DBF9:skip(done) | 6501:skip(done) | CC56:skip(done) | 46A3:skip(done) | 6099:skip(done) | 26A2:skip(done) | 4004:skip(done) | 62CF:d=0.405m far | 0857:d=2.224m far | 0965:d=3.220m far | 26C1:d=3.360m far | 9C96:d=5.082m far | 31E3:d=6.343m far | 502F:d=5.654m far
[2026-03-19T01:17:59.642Z] [Tick] t170 COLLECT×1 | FF37:skip(done) | D3E7:skip(done) | 0813:skip(done) | DBF9:skip(done) | 6501:skip(done) | CC56:skip(done) | 46A3:skip(done) | 6099:skip(done) | 26A2:skip(done) | 4004:skip(done) | 62CF:d=0.044m ✓ | 0857:d=1.824m far | 0965:d=2.830m far | 26C1:d=2.970m far | 9C96:d=4.728m far | 31E3:d=6.037m far | 502F:d=5.475m far
[2026-03-19T01:18:00.141Z] [Tick] t172 FF37:skip(done) | D3E7:skip(done) | 0813:skip(done) | DBF9:skip(done) | 6501:skip(done) | CC56:skip(done) | 46A3:skip(done) | 6099:skip(done) | 26A2:skip(done) | 4004:skip(done) | 62CF:skip(done) | 0857:d=1.458m far | 0965:d=2.517m far | 26C1:d=2.658m far | 9C96:d=4.557m far | 31E3:d=5.953m far | 502F:d=5.568m far
[2026-03-19T01:18:01.142Z] [Tick] t176 FF37:skip(done) | D3E7:skip(done) | 0813:skip(done) | DBF9:skip(done) | 6501:skip(done) | CC56:skip(done) | 46A3:skip(done) | 6099:skip(done) | 26A2:skip(done) | 4004:skip(done) | 62CF:skip(done) | 0857:d=0.699m far | 0965:d=1.803m far | 26C1:d=1.941m far | 9C96:d=4.048m far | 31E3:d=5.583m far | 502F:d=5.545m far
[2026-03-19T01:18:01.892Z] [Tick] t179 COLLECT×1 | FF37:skip(done) | D3E7:skip(done) | 0813:skip(done) | DBF9:skip(done) | 6501:skip(done) | CC56:skip(done) | 46A3:skip(done) | 6099:skip(done) | 26A2:skip(done) | 4004:skip(done) | 62CF:skip(done) | 0857:d=0.137m ✓ | 0965:d=1.126m far | 26C1:d=1.261m far | 9C96:d=3.443m far | 31E3:d=5.042m far | 502F:d=5.236m far
[2026-03-19T01:18:02.152Z] [Tick] t180 FF37:skip(done) | D3E7:skip(done) | 0813:skip(done) | DBF9:skip(done) | 6501:skip(done) | CC56:skip(done) | 46A3:skip(done) | 6099:skip(done) | 26A2:skip(done) | 4004:skip(done) | 62CF:skip(done) | 0857:skip(done) | 0965:d=1.027m far | 26C1:d=1.163m far | 9C96:d=3.346m far | 31E3:d=4.947m far | 502F:d=5.160m far
[2026-03-19T01:18:03.142Z] [Tick] t184 FF37:skip(done) | D3E7:skip(done) | 0813:skip(done) | DBF9:skip(done) | 6501:skip(done) | CC56:skip(done) | 46A3:skip(done) | 6099:skip(done) | 26A2:skip(done) | 4004:skip(done) | 62CF:skip(done) | 0857:skip(done) | 0965:d=0.626m far | 26C1:d=0.741m far | 9C96:d=3.026m far | 31E3:d=4.685m far | 502F:d=5.103m far
[2026-03-19T01:18:04.142Z] [Tick] t188 COLLECT×1 | FF37:skip(done) | D3E7:skip(done) | 0813:skip(done) | DBF9:skip(done) | 6501:skip(done) | CC56:skip(done) | 46A3:skip(done) | 6099:skip(done) | 26A2:skip(done) | 4004:skip(done) | 62CF:skip(done) | 0857:skip(done) | 0965:d=0.081m ✓ | 26C1:d=0.158m far | 9C96:d=2.430m far | 31E3:d=4.103m far | 502F:d=4.663m far
[2026-03-19T01:18:04.391Z] [Tick] t189 COLLECT×1 | FF37:skip(done) | D3E7:skip(done) | 0813:skip(done) | DBF9:skip(done) | 6501:skip(done) | CC56:skip(done) | 46A3:skip(done) | 6099:skip(done) | 26A2:skip(done) | 4004:skip(done) | 62CF:skip(done) | 0857:skip(done) | 0965:skip(done) | 26C1:d=0.095m ✓ | 9C96:d=2.346m far | 31E3:d=4.022m far | 502F:d=4.605m far
[2026-03-19T01:18:05.142Z] [Tick] t192 FF37:skip(done) | D3E7:skip(done) | 0813:skip(done) | DBF9:skip(done) | 6501:skip(done) | CC56:skip(done) | 46A3:skip(done) | 6099:skip(done) | 26A2:skip(done) | 4004:skip(done) | 62CF:skip(done) | 0857:skip(done) | 0965:skip(done) | 26C1:skip(done) | 9C96:d=1.975m far | 31E3:d=3.663m far | 502F:d=4.362m far
[2026-03-19T01:18:06.142Z] [Tick] t196 FF37:skip(done) | D3E7:skip(done) | 0813:skip(done) | DBF9:skip(done) | 6501:skip(done) | CC56:skip(done) | 46A3:skip(done) | 6099:skip(done) | 26A2:skip(done) | 4004:skip(done) | 62CF:skip(done) | 0857:skip(done) | 0965:skip(done) | 26C1:skip(done) | 9C96:d=1.115m far | 31E3:d=2.820m far | 502F:d=3.779m far
[2026-03-19T01:18:07.142Z] [Tick] t200 FF37:skip(done) | D3E7:skip(done) | 0813:skip(done) | DBF9:skip(done) | 6501:skip(done) | CC56:skip(done) | 46A3:skip(done) | 6099:skip(done) | 26A2:skip(done) | 4004:skip(done) | 62CF:skip(done) | 0857:skip(done) | 0965:skip(done) | 26C1:skip(done) | 9C96:d=0.200m far | 31E3:d=1.928m far | 502F:d=3.271m far
[2026-03-19T01:18:07.392Z] [Tick] t201 COLLECT×1 | FF37:skip(done) | D3E7:skip(done) | 0813:skip(done) | DBF9:skip(done) | 6501:skip(done) | CC56:skip(done) | 46A3:skip(done) | 6099:skip(done) | 26A2:skip(done) | 4004:skip(done) | 62CF:skip(done) | 0857:skip(done) | 0965:skip(done) | 26C1:skip(done) | 9C96:d=0.070m ✓ | 31E3:d=1.702m far | 502F:d=3.165m far
[2026-03-19T01:18:08.141Z] [Tick] t204 FF37:skip(done) | D3E7:skip(done) | 0813:skip(done) | DBF9:skip(done) | 6501:skip(done) | CC56:skip(done) | 46A3:skip(done) | 6099:skip(done) | 26A2:skip(done) | 4004:skip(done) | 62CF:skip(done) | 0857:skip(done) | 0965:skip(done) | 26C1:skip(done) | 9C96:skip(done) | 31E3:d=1.094m far | 502F:d=2.858m far
[2026-03-19T01:18:09.142Z] [Tick] t208 FF37:skip(done) | D3E7:skip(done) | 0813:skip(done) | DBF9:skip(done) | 6501:skip(done) | CC56:skip(done) | 46A3:skip(done) | 6099:skip(done) | 26A2:skip(done) | 4004:skip(done) | 62CF:skip(done) | 0857:skip(done) | 0965:skip(done) | 26C1:skip(done) | 9C96:skip(done) | 31E3:d=0.484m far | 502F:d=2.565m far
[2026-03-19T01:18:09.643Z] [Tick] t210 COLLECT×1 | FF37:skip(done) | D3E7:skip(done) | 0813:skip(done) | DBF9:skip(done) | 6501:skip(done) | CC56:skip(done) | 46A3:skip(done) | 6099:skip(done) | 26A2:skip(done) | 4004:skip(done) | 62CF:skip(done) | 0857:skip(done) | 0965:skip(done) | 26C1:skip(done) | 9C96:skip(done) | 31E3:d=0.088m ✓ | 502F:d=2.350m far
[2026-03-19T01:18:10.142Z] [Tick] t212 FF37:skip(done) | D3E7:skip(done) | 0813:skip(done) | DBF9:skip(done) | 6501:skip(done) | CC56:skip(done) | 46A3:skip(done) | 6099:skip(done) | 26A2:skip(done) | 4004:skip(done) | 62CF:skip(done) | 0857:skip(done) | 0965:skip(done) | 26C1:skip(done) | 9C96:skip(done) | 31E3:skip(done) | 502F:d=2.209m far
[2026-03-19T01:18:11.141Z] [Tick] t216 FF37:skip(done) | D3E7:skip(done) | 0813:skip(done) | DBF9:skip(done) | 6501:skip(done) | CC56:skip(done) | 46A3:skip(done) | 6099:skip(done) | 26A2:skip(done) | 4004:skip(done) | 62CF:skip(done) | 0857:skip(done) | 0965:skip(done) | 26C1:skip(done) | 9C96:skip(done) | 31E3:skip(done) | 502F:d=1.743m far
[2026-03-19T01:18:12.142Z] [Tick] t220 FF37:skip(done) | D3E7:skip(done) | 0813:skip(done) | DBF9:skip(done) | 6501:skip(done) | CC56:skip(done) | 46A3:skip(done) | 6099:skip(done) | 26A2:skip(done) | 4004:skip(done) | 62CF:skip(done) | 0857:skip(done) | 0965:skip(done) | 26C1:skip(done) | 9C96:skip(done) | 31E3:skip(done) | 502F:d=1.046m far
[2026-03-19T01:18:13.142Z] [Tick] t224 FF37:skip(done) | D3E7:skip(done) | 0813:skip(done) | DBF9:skip(done) | 6501:skip(done) | CC56:skip(done) | 46A3:skip(done) | 6099:skip(done) | 26A2:skip(done) | 4004:skip(done) | 62CF:skip(done) | 0857:skip(done) | 0965:skip(done) | 26C1:skip(done) | 9C96:skip(done) | 31E3:skip(done) | 502F:d=0.242m far
[2026-03-19T01:18:13.396Z] [Tick] t225 COLLECT×1 | FF37:skip(done) | D3E7:skip(done) | 0813:skip(done) | DBF9:skip(done) | 6501:skip(done) | CC56:skip(done) | 46A3:skip(done) | 6099:skip(done) | 26A2:skip(done) | 4004:skip(done) | 62CF:skip(done) | 0857:skip(done) | 0965:skip(done) | 26C1:skip(done) | 9C96:skip(done) | 31E3:skip(done) | 502F:d=0.047m ✓
[2026-03-19T01:18:14.146Z] [Tick] t228 FF37:skip(done) | D3E7:skip(done) | 0813:skip(done) | DBF9:skip(done) | 6501:skip(done) | CC56:skip(done) | 46A3:skip(done) | 6099:skip(done) | 26A2:skip(done) | 4004:skip(done) | 62CF:skip(done) | 0857:skip(done) | 0965:skip(done) | 26C1:skip(done) | 9C96:skip(done) | 31E3:skip(done) | 502F:skip(done)
[2026-03-19T01:18:15.142Z] [Tick] t232 FF37:skip(done) | D3E7:skip(done) | 0813:skip(done) | DBF9:skip(done) | 6501:skip(done) | CC56:skip(done) | 46A3:skip(done) | 6099:skip(done) | 26A2:skip(done) | 4004:skip(done) | 62CF:skip(done) | 0857:skip(done) | 0965:skip(done) | 26C1:skip(done) | 9C96:skip(done) | 31E3:skip(done) | 502F:skip(done)
[2026-03-19T01:18:16.141Z] [Tick] t236 FF37:skip(done) | D3E7:skip(done) | 0813:skip(done) | DBF9:skip(done) | 6501:skip(done) | CC56:skip(done) | 46A3:skip(done) | 6099:skip(done) | 26A2:skip(done) | 4004:skip(done) | 62CF:skip(done) | 0857:skip(done) | 0965:skip(done) | 26C1:skip(done) | 9C96:skip(done) | 31E3:skip(done) | 502F:skip(done)
[2026-03-19T01:18:17.142Z] [Tick] t240 FF37:skip(done) | D3E7:skip(done) | 0813:skip(done) | DBF9:skip(done) | 6501:skip(done) | CC56:skip(done) | 46A3:skip(done) | 6099:skip(done) | 26A2:skip(done) | 4004:skip(done) | 62CF:skip(done) | 0857:skip(done) | 0965:skip(done) | 26C1:skip(done) | 9C96:skip(done) | 31E3:skip(done) | 502F:skip(done)
[2026-03-19T01:18:18.157Z] [Tick] t244 FF37:skip(done) | D3E7:skip(done) | 0813:skip(done) | DBF9:skip(done) | 6501:skip(done) | CC56:skip(done) | 46A3:skip(done) | 6099:skip(done) | 26A2:skip(done) | 4004:skip(done) | 62CF:skip(done) | 0857:skip(done) | 0965:skip(done) | 26C1:skip(done) | 9C96:skip(done) | 31E3:skip(done) | 502F:skip(done)
[2026-03-19T01:18:19.141Z] [Tick] t248 FF37:skip(done) | D3E7:skip(done) | 0813:skip(done) | DBF9:skip(done) | 6501:skip(done) | CC56:skip(done) | 46A3:skip(done) | 6099:skip(done) | 26A2:skip(done) | 4004:skip(done) | 62CF:skip(done) | 0857:skip(done) | 0965:skip(done) | 26C1:skip(done) | 9C96:skip(done) | 31E3:skip(done) | 502F:skip(done)
[2026-03-19T01:18:20.142Z] [Tick] t252 FF37:skip(done) | D3E7:skip(done) | 0813:skip(done) | DBF9:skip(done) | 6501:skip(done) | CC56:skip(done) | 46A3:skip(done) | 6099:skip(done) | 26A2:skip(done) | 4004:skip(done) | 62CF:skip(done) | 0857:skip(done) | 0965:skip(done) | 26C1:skip(done) | 9C96:skip(done) | 31E3:skip(done) | 502F:skip(done)
[2026-03-19T01:18:21.142Z] [Tick] t256 FF37:skip(done) | D3E7:skip(done) | 0813:skip(done) | DBF9:skip(done) | 6501:skip(done) | CC56:skip(done) | 46A3:skip(done) | 6099:skip(done) | 26A2:skip(done) | 4004:skip(done) | 62CF:skip(done) | 0857:skip(done) | 0965:skip(done) | 26C1:skip(done) | 9C96:skip(done) | 31E3:skip(done) | 502F:skip(done)
[2026-03-19T01:18:22.142Z] [Tick] t260 FF37:skip(done) | D3E7:skip(done) | 0813:skip(done) | DBF9:skip(done) | 6501:skip(done) | CC56:skip(done) | 46A3:skip(done) | 6099:skip(done) | 26A2:skip(done) | 4004:skip(done) | 62CF:skip(done) | 0857:skip(done) | 0965:skip(done) | 26C1:skip(done) | 9C96:skip(done) | 31E3:skip(done) | 502F:skip(done)
[2026-03-19T01:18:23.142Z] [Tick] t264 FF37:skip(done) | D3E7:skip(done) | 0813:skip(done) | DBF9:skip(done) | 6501:skip(done) | CC56:skip(done) | 46A3:skip(done) | 6099:skip(done) | 26A2:skip(done) | 4004:skip(done) | 62CF:skip(done) | 0857:skip(done) | 0965:skip(done) | 26C1:skip(done) | 9C96:skip(done) | 31E3:skip(done) | 502F:skip(done)
[2026-03-19T01:18:24.142Z] [Tick] t268 FF37:skip(done) | D3E7:skip(done) | 0813:skip(done) | DBF9:skip(done) | 6501:skip(done) | CC56:skip(done) | 46A3:skip(done) | 6099:skip(done) | 26A2:skip(done) | 4004:skip(done) | 62CF:skip(done) | 0857:skip(done) | 0965:skip(done) | 26C1:skip(done) | 9C96:skip(done) | 31E3:skip(done) | 502F:skip(done)
[2026-03-19T01:18:25.142Z] [Tick] t272 FF37:skip(done) | D3E7:skip(done) | 0813:skip(done) | DBF9:skip(done) | 6501:skip(done) | CC56:skip(done) | 46A3:skip(done) | 6099:skip(done) | 26A2:skip(done) | 4004:skip(done) | 62CF:skip(done) | 0857:skip(done) | 0965:skip(done) | 26C1:skip(done) | 9C96:skip(done) | 31E3:skip(done) | 502F:skip(done)
[2026-03-19T01:18:26.142Z] [Tick] t276 FF37:skip(done) | D3E7:skip(done) | 0813:skip(done) | DBF9:skip(done) | 6501:skip(done) | CC56:skip(done) | 46A3:skip(done) | 6099:skip(done) | 26A2:skip(done) | 4004:skip(done) | 62CF:skip(done) | 0857:skip(done) | 0965:skip(done) | 26C1:skip(done) | 9C96:skip(done) | 31E3:skip(done) | 502F:skip(done)
[2026-03-19T01:18:27.142Z] [Tick] t280 FF37:skip(done) | D3E7:skip(done) | 0813:skip(done) | DBF9:skip(done) | 6501:skip(done) | CC56:skip(done) | 46A3:skip(done) | 6099:skip(done) | 26A2:skip(done) | 4004:skip(done) | 62CF:skip(done) | 0857:skip(done) | 0965:skip(done) | 26C1:skip(done) | 9C96:skip(done) | 31E3:skip(done) | 502F:skip(done)
[2026-03-19T01:18:28.141Z] [Tick] t284 FF37:skip(done) | D3E7:skip(done) | 0813:skip(done) | DBF9:skip(done) | 6501:skip(done) | CC56:skip(done) | 46A3:skip(done) | 6099:skip(done) | 26A2:skip(done) | 4004:skip(done) | 62CF:skip(done) | 0857:skip(done) | 0965:skip(done) | 26C1:skip(done) | 9C96:skip(done) | 31E3:skip(done) | 502F:skip(done)
[2026-03-19T01:18:29.141Z] [Tick] t288 FF37:skip(done) | D3E7:skip(done) | 0813:skip(done) | DBF9:skip(done) | 6501:skip(done) | CC56:skip(done) | 46A3:skip(done) | 6099:skip(done) | 26A2:skip(done) | 4004:skip(done) | 62CF:skip(done) | 0857:skip(done) | 0965:skip(done) | 26C1:skip(done) | 9C96:skip(done) | 31E3:skip(done) | 502F:skip(done)
[2026-03-19T01:18:30.152Z] [Tick] t292 FF37:skip(done) | D3E7:skip(done) | 0813:skip(done) | DBF9:skip(done) | 6501:skip(done) | CC56:skip(done) | 46A3:skip(done) | 6099:skip(done) | 26A2:skip(done) | 4004:skip(done) | 62CF:skip(done) | 0857:skip(done) | 0965:skip(done) | 26C1:skip(done) | 9C96:skip(done) | 31E3:skip(done) | 502F:skip(done)
[2026-03-19T01:18:31.142Z] [Tick] t296 FF37:skip(done) | D3E7:skip(done) | 0813:skip(done) | DBF9:skip(done) | 6501:skip(done) | CC56:skip(done) | 46A3:skip(done) | 6099:skip(done) | 26A2:skip(done) | 4004:skip(done) | 62CF:skip(done) | 0857:skip(done) | 0965:skip(done) | 26C1:skip(done) | 9C96:skip(done) | 31E3:skip(done) | 502F:skip(done)
[2026-03-19T01:18:32.141Z] [Tick] t300 FF37:skip(done) | D3E7:skip(done) | 0813:skip(done) | DBF9:skip(done) | 6501:skip(done) | CC56:skip(done) | 46A3:skip(done) | 6099:skip(done) | 26A2:skip(done) | 4004:skip(done) | 62CF:skip(done) | 0857:skip(done) | 0965:skip(done) | 26C1:skip(done) | 9C96:skip(done) | 31E3:skip(done) | 502F:skip(done)
[2026-03-19T01:18:33.142Z] [Tick] t304 FF37:skip(done) | D3E7:skip(done) | 0813:skip(done) | DBF9:skip(done) | 6501:skip(done) | CC56:skip(done) | 46A3:skip(done) | 6099:skip(done) | 26A2:skip(done) | 4004:skip(done) | 62CF:skip(done) | 0857:skip(done) | 0965:skip(done) | 26C1:skip(done) | 9C96:skip(done) | 31E3:skip(done) | 502F:skip(done)
[2026-03-19T01:18:34.141Z] [Tick] t308 FF37:skip(done) | D3E7:skip(done) | 0813:skip(done) | DBF9:skip(done) | 6501:skip(done) | CC56:skip(done) | 46A3:skip(done) | 6099:skip(done) | 26A2:skip(done) | 4004:skip(done) | 62CF:skip(done) | 0857:skip(done) | 0965:skip(done) | 26C1:skip(done) | 9C96:skip(done) | 31E3:skip(done) | 502F:skip(done)
[2026-03-19T01:18:35.142Z] [Tick] t312 FF37:skip(done) | D3E7:skip(done) | 0813:skip(done) | DBF9:skip(done) | 6501:skip(done) | CC56:skip(done) | 46A3:skip(done) | 6099:skip(done) | 26A2:skip(done) | 4004:skip(done) | 62CF:skip(done) | 0857:skip(done) | 0965:skip(done) | 26C1:skip(done) | 9C96:skip(done) | 31E3:skip(done) | 502F:skip(done)
[2026-03-19T01:18:36.141Z] [Tick] t316 FF37:skip(done) | D3E7:skip(done) | 0813:skip(done) | DBF9:skip(done) | 6501:skip(done) | CC56:skip(done) | 46A3:skip(done) | 6099:skip(done) | 26A2:skip(done) | 4004:skip(done) | 62CF:skip(done) | 0857:skip(done) | 0965:skip(done) | 26C1:skip(done) | 9C96:skip(done) | 31E3:skip(done) | 502F:skip(done)
[2026-03-19T01:18:37.142Z] [Tick] t320 FF37:skip(done) | D3E7:skip(done) | 0813:skip(done) | DBF9:skip(done) | 6501:skip(done) | CC56:skip(done) | 46A3:skip(done) | 6099:skip(done) | 26A2:skip(done) | 4004:skip(done) | 62CF:skip(done) | 0857:skip(done) | 0965:skip(done) | 26C1:skip(done) | 9C96:skip(done) | 31E3:skip(done) | 502F:skip(done)
[2026-03-19T01:18:38.141Z] [Tick] t324 FF37:skip(done) | D3E7:skip(done) | 0813:skip(done) | DBF9:skip(done) | 6501:skip(done) | CC56:skip(done) | 46A3:skip(done) | 6099:skip(done) | 26A2:skip(done) | 4004:skip(done) | 62CF:skip(done) | 0857:skip(done) | 0965:skip(done) | 26C1:skip(done) | 9C96:skip(done) | 31E3:skip(done) | 502F:skip(done)
[2026-03-19T01:18:39.142Z] [Tick] t328 FF37:skip(done) | D3E7:skip(done) | 0813:skip(done) | DBF9:skip(done) | 6501:skip(done) | CC56:skip(done) | 46A3:skip(done) | 6099:skip(done) | 26A2:skip(done) | 4004:skip(done) | 62CF:skip(done) | 0857:skip(done) | 0965:skip(done) | 26C1:skip(done) | 9C96:skip(done) | 31E3:skip(done) | 502F:skip(done)
[2026-03-19T01:18:40.142Z] [Tick] t332 FF37:skip(done) | D3E7:skip(done) | 0813:skip(done) | DBF9:skip(done) | 6501:skip(done) | CC56:skip(done) | 46A3:skip(done) | 6099:skip(done) | 26A2:skip(done) | 4004:skip(done) | 62CF:skip(done) | 0857:skip(done) | 0965:skip(done) | 26C1:skip(done) | 9C96:skip(done) | 31E3:skip(done) | 502F:skip(done)
[2026-03-19T01:18:41.142Z] [Tick] t336 FF37:skip(done) | D3E7:skip(done) | 0813:skip(done) | DBF9:skip(done) | 6501:skip(done) | CC56:skip(done) | 46A3:skip(done) | 6099:skip(done) | 26A2:skip(done) | 4004:skip(done) | 62CF:skip(done) | 0857:skip(done) | 0965:skip(done) | 26C1:skip(done) | 9C96:skip(done) | 31E3:skip(done) | 502F:skip(done)
[2026-03-19T01:18:42.142Z] [Tick] t340 FF37:skip(done) | D3E7:skip(done) | 0813:skip(done) | DBF9:skip(done) | 6501:skip(done) | CC56:skip(done) | 46A3:skip(done) | 6099:skip(done) | 26A2:skip(done) | 4004:skip(done) | 62CF:skip(done) | 0857:skip(done) | 0965:skip(done) | 26C1:skip(done) | 9C96:skip(done) | 31E3:skip(done) | 502F:skip(done)
[2026-03-19T01:18:43.142Z] [Tick] t344 FF37:skip(done) | D3E7:skip(done) | 0813:skip(done) | DBF9:skip(done) | 6501:skip(done) | CC56:skip(done) | 46A3:skip(done) | 6099:skip(done) | 26A2:skip(done) | 4004:skip(done) | 62CF:skip(done) | 0857:skip(done) | 0965:skip(done) | 26C1:skip(done) | 9C96:skip(done) | 31E3:skip(done) | 502F:skip(done)
[2026-03-19T01:18:44.142Z] [Tick] t348 FF37:skip(done) | D3E7:skip(done) | 0813:skip(done) | DBF9:skip(done) | 6501:skip(done) | CC56:skip(done) | 46A3:skip(done) | 6099:skip(done) | 26A2:skip(done) | 4004:skip(done) | 62CF:skip(done) | 0857:skip(done) | 0965:skip(done) | 26C1:skip(done) | 9C96:skip(done) | 31E3:skip(done) | 502F:skip(done)
[2026-03-19T01:18:45.142Z] [Tick] t352 FF37:skip(done) | D3E7:skip(done) | 0813:skip(done) | DBF9:skip(done) | 6501:skip(done) | CC56:skip(done) | 46A3:skip(done) | 6099:skip(done) | 26A2:skip(done) | 4004:skip(done) | 62CF:skip(done) | 0857:skip(done) | 0965:skip(done) | 26C1:skip(done) | 9C96:skip(done) | 31E3:skip(done) | 502F:skip(done)
[2026-03-19T01:18:46.141Z] [Tick] t356 FF37:skip(done) | D3E7:skip(done) | 0813:skip(done) | DBF9:skip(done) | 6501:skip(done) | CC56:skip(done) | 46A3:skip(done) | 6099:skip(done) | 26A2:skip(done) | 4004:skip(done) | 62CF:skip(done) | 0857:skip(done) | 0965:skip(done) | 26C1:skip(done) | 9C96:skip(done) | 31E3:skip(done) | 502F:skip(done)
[2026-03-19T01:18:47.142Z] [Tick] t360 FF37:skip(done) | D3E7:skip(done) | 0813:skip(done) | DBF9:skip(done) | 6501:skip(done) | CC56:skip(done) | 46A3:skip(done) | 6099:skip(done) | 26A2:skip(done) | 4004:skip(done) | 62CF:skip(done) | 0857:skip(done) | 0965:skip(done) | 26C1:skip(done) | 9C96:skip(done) | 31E3:skip(done) | 502F:skip(done)
[2026-03-19T01:18:48.141Z] [Tick] t364 FF37:skip(done) | D3E7:skip(done) | 0813:skip(done) | DBF9:skip(done) | 6501:skip(done) | CC56:skip(done) | 46A3:skip(done) | 6099:skip(done) | 26A2:skip(done) | 4004:skip(done) | 62CF:skip(done) | 0857:skip(done) | 0965:skip(done) | 26C1:skip(done) | 9C96:skip(done) | 31E3:skip(done) | 502F:skip(done)
[2026-03-19T01:18:49.142Z] [Tick] t368 FF37:skip(done) | D3E7:skip(done) | 0813:skip(done) | DBF9:skip(done) | 6501:skip(done) | CC56:skip(done) | 46A3:skip(done) | 6099:skip(done) | 26A2:skip(done) | 4004:skip(done) | 62CF:skip(done) | 0857:skip(done) | 0965:skip(done) | 26C1:skip(done) | 9C96:skip(done) | 31E3:skip(done) | 502F:skip(done)
[2026-03-19T01:18:50.142Z] [Tick] t372 FF37:skip(done) | D3E7:skip(done) | 0813:skip(done) | DBF9:skip(done) | 6501:skip(done) | CC56:skip(done) | 46A3:skip(done) | 6099:skip(done) | 26A2:skip(done) | 4004:skip(done) | 62CF:skip(done) | 0857:skip(done) | 0965:skip(done) | 26C1:skip(done) | 9C96:skip(done) | 31E3:skip(done) | 502F:skip(done)
[2026-03-19T01:18:51.142Z] [Tick] t376 FF37:skip(done) | D3E7:skip(done) | 0813:skip(done) | DBF9:skip(done) | 6501:skip(done) | CC56:skip(done) | 46A3:skip(done) | 6099:skip(done) | 26A2:skip(done) | 4004:skip(done) | 62CF:skip(done) | 0857:skip(done) | 0965:skip(done) | 26C1:skip(done) | 9C96:skip(done) | 31E3:skip(done) | 502F:skip(done)
[2026-03-19T01:18:52.141Z] [Tick] t380 FF37:skip(done) | D3E7:skip(done) | 0813:skip(done) | DBF9:skip(done) | 6501:skip(done) | CC56:skip(done) | 46A3:skip(done) | 6099:skip(done) | 26A2:skip(done) | 4004:skip(done) | 62CF:skip(done) | 0857:skip(done) | 0965:skip(done) | 26C1:skip(done) | 9C96:skip(done) | 31E3:skip(done) | 502F:skip(done)
[2026-03-19T01:18:53.142Z] [Tick] t384 FF37:skip(done) | D3E7:skip(done) | 0813:skip(done) | DBF9:skip(done) | 6501:skip(done) | CC56:skip(done) | 46A3:skip(done) | 6099:skip(done) | 26A2:skip(done) | 4004:skip(done) | 62CF:skip(done) | 0857:skip(done) | 0965:skip(done) | 26C1:skip(done) | 9C96:skip(done) | 31E3:skip(done) | 502F:skip(done)
[2026-03-19T01:18:54.142Z] [Tick] t388 FF37:skip(done) | D3E7:skip(done) | 0813:skip(done) | DBF9:skip(done) | 6501:skip(done) | CC56:skip(done) | 46A3:skip(done) | 6099:skip(done) | 26A2:skip(done) | 4004:skip(done) | 62CF:skip(done) | 0857:skip(done) | 0965:skip(done) | 26C1:skip(done) | 9C96:skip(done) | 31E3:skip(done) | 502F:skip(done)
[2026-03-19T01:18:55.142Z] [Tick] t392 FF37:skip(done) | D3E7:skip(done) | 0813:skip(done) | DBF9:skip(done) | 6501:skip(done) | CC56:skip(done) | 46A3:skip(done) | 6099:skip(done) | 26A2:skip(done) | 4004:skip(done) | 62CF:skip(done) | 0857:skip(done) | 0965:skip(done) | 26C1:skip(done) | 9C96:skip(done) | 31E3:skip(done) | 502F:skip(done)
[2026-03-19T01:18:56.141Z] [Tick] t396 FF37:skip(done) | D3E7:skip(done) | 0813:skip(done) | DBF9:skip(done) | 6501:skip(done) | CC56:skip(done) | 46A3:skip(done) | 6099:skip(done) | 26A2:skip(done) | 4004:skip(done) | 62CF:skip(done) | 0857:skip(done) | 0965:skip(done) | 26C1:skip(done) | 9C96:skip(done) | 31E3:skip(done) | 502F:skip(done)
[2026-03-19T01:18:57.142Z] [Tick] t400 FF37:skip(done) | D3E7:skip(done) | 0813:skip(done) | DBF9:skip(done) | 6501:skip(done) | CC56:skip(done) | 46A3:skip(done) | 6099:skip(done) | 26A2:skip(done) | 4004:skip(done) | 62CF:skip(done) | 0857:skip(done) | 0965:skip(done) | 26C1:skip(done) | 9C96:skip(done) | 31E3:skip(done) | 502F:skip(done)
[2026-03-19T01:18:58.142Z] [Tick] t404 FF37:skip(done) | D3E7:skip(done) | 0813:skip(done) | DBF9:skip(done) | 6501:skip(done) | CC56:skip(done) | 46A3:skip(done) | 6099:skip(done) | 26A2:skip(done) | 4004:skip(done) | 62CF:skip(done) | 0857:skip(done) | 0965:skip(done) | 26C1:skip(done) | 9C96:skip(done) | 31E3:skip(done) | 502F:skip(done)
[2026-03-19T01:18:59.142Z] [Tick] t408 FF37:skip(done) | D3E7:skip(done) | 0813:skip(done) | DBF9:skip(done) | 6501:skip(done) | CC56:skip(done) | 46A3:skip(done) | 6099:skip(done) | 26A2:skip(done) | 4004:skip(done) | 62CF:skip(done) | 0857:skip(done) | 0965:skip(done) | 26C1:skip(done) | 9C96:skip(done) | 31E3:skip(done) | 502F:skip(done)
[2026-03-19T01:19:00.142Z] [Tick] t412 FF37:skip(done) | D3E7:skip(done) | 0813:skip(done) | DBF9:skip(done) | 6501:skip(done) | CC56:skip(done) | 46A3:skip(done) | 6099:skip(done) | 26A2:skip(done) | 4004:skip(done) | 62CF:skip(done) | 0857:skip(done) | 0965:skip(done) | 26C1:skip(done) | 9C96:skip(done) | 31E3:skip(done) | 502F:skip(done)
[2026-03-19T01:19:01.142Z] [Tick] t416 FF37:skip(done) | D3E7:skip(done) | 0813:skip(done) | DBF9:skip(done) | 6501:skip(done) | CC56:skip(done) | 46A3:skip(done) | 6099:skip(done) | 26A2:skip(done) | 4004:skip(done) | 62CF:skip(done) | 0857:skip(done) | 0965:skip(done) | 26C1:skip(done) | 9C96:skip(done) | 31E3:skip(done) | 502F:skip(done)
[2026-03-19T01:19:02.142Z] [Tick] t420 FF37:skip(done) | D3E7:skip(done) | 0813:skip(done) | DBF9:skip(done) | 6501:skip(done) | CC56:skip(done) | 46A3:skip(done) | 6099:skip(done) | 26A2:skip(done) | 4004:skip(done) | 62CF:skip(done) | 0857:skip(done) | 0965:skip(done) | 26C1:skip(done) | 9C96:skip(done) | 31E3:skip(done) | 502F:skip(done)
[2026-03-19T01:19:03.142Z] [Tick] t424 FF37:skip(done) | D3E7:skip(done) | 0813:skip(done) | DBF9:skip(done) | 6501:skip(done) | CC56:skip(done) | 46A3:skip(done) | 6099:skip(done) | 26A2:skip(done) | 4004:skip(done) | 62CF:skip(done) | 0857:skip(done) | 0965:skip(done) | 26C1:skip(done) | 9C96:skip(done) | 31E3:skip(done) | 502F:skip(done)
[2026-03-19T01:19:04.142Z] [Tick] t428 FF37:skip(done) | D3E7:skip(done) | 0813:skip(done) | DBF9:skip(done) | 6501:skip(done) | CC56:skip(done) | 46A3:skip(done) | 6099:skip(done) | 26A2:skip(done) | 4004:skip(done) | 62CF:skip(done) | 0857:skip(done) | 0965:skip(done) | 26C1:skip(done) | 9C96:skip(done) | 31E3:skip(done) | 502F:skip(done)
[2026-03-19T01:19:05.142Z] [Tick] t432 FF37:skip(done) | D3E7:skip(done) | 0813:skip(done) | DBF9:skip(done) | 6501:skip(done) | CC56:skip(done) | 46A3:skip(done) | 6099:skip(done) | 26A2:skip(done) | 4004:skip(done) | 62CF:skip(done) | 0857:skip(done) | 0965:skip(done) | 26C1:skip(done) | 9C96:skip(done) | 31E3:skip(done) | 502F:skip(done)
[2026-03-19T01:19:06.142Z] [Tick] t436 FF37:skip(done) | D3E7:skip(done) | 0813:skip(done) | DBF9:skip(done) | 6501:skip(done) | CC56:skip(done) | 46A3:skip(done) | 6099:skip(done) | 26A2:skip(done) | 4004:skip(done) | 62CF:skip(done) | 0857:skip(done) | 0965:skip(done) | 26C1:skip(done) | 9C96:skip(done) | 31E3:skip(done) | 502F:skip(done)
[2026-03-19T01:19:07.394Z] [Tick] t440 FF37:skip(done) | D3E7:skip(done) | 0813:skip(done) | DBF9:skip(done) | 6501:skip(done) | CC56:skip(done) | 46A3:skip(done) | 6099:skip(done) | 26A2:skip(done) | 4004:skip(done) | 62CF:skip(done) | 0857:skip(done) | 0965:skip(done) | 26C1:skip(done) | 9C96:skip(done) | 31E3:skip(done) | 502F:skip(done)
[2026-03-19T08:32:20.819Z] [Tick] t444 FF37:skip(done) | D3E7:skip(done) | 0813:skip(done) | DBF9:skip(done) | 6501:skip(done) | CC56:skip(done) | 46A3:skip(done) | 6099:skip(done) | 26A2:skip(done) | 4004:skip(done) | 62CF:skip(done) | 0857:skip(done) | 0965:skip(done) | 26C1:skip(done) | 9C96:skip(done) | 31E3:skip(done) | 502F:skip(done)
[2026-03-19T08:32:21.693Z] Location error: The operation couldn’t be completed. (kCLErrorDomain error 1.)
[2026-03-19T08:32:21.846Z] [Tick] t448 FF37:skip(done) | D3E7:skip(done) | 0813:skip(done) | DBF9:skip(done) | 6501:skip(done) | CC56:skip(done) | 46A3:skip(done) | 6099:skip(done) | 26A2:skip(done) | 4004:skip(done) | 62CF:skip(done) | 0857:skip(done) | 0965:skip(done) | 26C1:skip(done) | 9C96:skip(done) | 31E3:skip(done) | 502F:skip(done)
[2026-03-19T08:32:24.791Z] [Tick] t452 FF37:skip(done) | D3E7:skip(done) | 0813:skip(done) | DBF9:skip(done) | 6501:skip(done) | CC56:skip(done) | 46A3:skip(done) | 6099:skip(done) | 26A2:skip(done) | 4004:skip(done) | 62CF:skip(done) | 0857:skip(done) | 0965:skip(done) | 26C1:skip(done) | 9C96:skip(done) | 31E3:skip(done) | 502F:skip(done)
[2026-03-19T08:32:25.789Z] [Tick] t456 FF37:skip(done) | D3E7:skip(done) | 0813:skip(done) | DBF9:skip(done) | 6501:skip(done) | CC56:skip(done) | 46A3:skip(done) | 6099:skip(done) | 26A2:skip(done) | 4004:skip(done) | 62CF:skip(done) | 0857:skip(done) | 0965:skip(done) | 26C1:skip(done) | 9C96:skip(done) | 31E3:skip(done) | 502F:skip(done)
[2026-03-19T08:32:26.845Z] [Tick] t460 FF37:skip(done) | D3E7:skip(done) | 0813:skip(done) | DBF9:skip(done) | 6501:skip(done) | CC56:skip(done) | 46A3:skip(done) | 6099:skip(done) | 26A2:skip(done) | 4004:skip(done) | 62CF:skip(done) | 0857:skip(done) | 0965:skip(done) | 26C1:skip(done) | 9C96:skip(done) | 31E3:skip(done) | 502F:skip(done)
[2026-03-19T08:32:27.982Z] [Tick] t464 FF37:skip(done) | D3E7:skip(done) | 0813:skip(done) | DBF9:skip(done) | 6501:skip(done) | CC56:skip(done) | 46A3:skip(done) | 6099:skip(done) | 26A2:skip(done) | 4004:skip(done) | 62CF:skip(done) | 0857:skip(done) | 0965:skip(done) | 26C1:skip(done) | 9C96:skip(done) | 31E3:skip(done) | 502F:skip(done)
[2026-03-19T08:32:28.818Z] [Tick] t468 FF37:skip(done) | D3E7:skip(done) | 0813:skip(done) | DBF9:skip(done) | 6501:skip(done) | CC56:skip(done) | 46A3:skip(done) | 6099:skip(done) | 26A2:skip(done) | 4004:skip(done) | 62CF:skip(done) | 0857:skip(done) | 0965:skip(done) | 26C1:skip(done) | 9C96:skip(done) | 31E3:skip(done) | 502F:skip(done)
[2026-03-19T08:32:29.793Z] [Tick] t472 FF37:skip(done) | D3E7:skip(done) | 0813:skip(done) | DBF9:skip(done) | 6501:skip(done) | CC56:skip(done) | 46A3:skip(done) | 6099:skip(done) | 26A2:skip(done) | 4004:skip(done) | 62CF:skip(done) | 0857:skip(done) | 0965:skip(done) | 26C1:skip(done) | 9C96:skip(done) | 31E3:skip(done) | 502F:skip(done)
[2026-03-19T08:32:30.794Z] [Tick] t476 FF37:skip(done) | D3E7:skip(done) | 0813:skip(done) | DBF9:skip(done) | 6501:skip(done) | CC56:skip(done) | 46A3:skip(done) | 6099:skip(done) | 26A2:skip(done) | 4004:skip(done) | 62CF:skip(done) | 0857:skip(done) | 0965:skip(done) | 26C1:skip(done) | 9C96:skip(done) | 31E3:skip(done) | 502F:skip(done)
[2026-03-19T08:32:31.792Z] [Tick] t480 FF37:skip(done) | D3E7:skip(done) | 0813:skip(done) | DBF9:skip(done) | 6501:skip(done) | CC56:skip(done) | 46A3:skip(done) | 6099:skip(done) | 26A2:skip(done) | 4004:skip(done) | 62CF:skip(done) | 0857:skip(done) | 0965:skip(done) | 26C1:skip(done) | 9C96:skip(done) | 31E3:skip(done) | 502F:skip(done)
[2026-03-19T08:32:32.793Z] [Tick] t484 FF37:skip(done) | D3E7:skip(done) | 0813:skip(done) | DBF9:skip(done) | 6501:skip(done) | CC56:skip(done) | 46A3:skip(done) | 6099:skip(done) | 26A2:skip(done) | 4004:skip(done) | 62CF:skip(done) | 0857:skip(done) | 0965:skip(done) | 26C1:skip(done) | 9C96:skip(done) | 31E3:skip(done) | 502F:skip(done)
[2026-03-19T08:32:33.793Z] [Tick] t488 FF37:skip(done) | D3E7:skip(done) | 0813:skip(done) | DBF9:skip(done) | 6501:skip(done) | CC56:skip(done) | 46A3:skip(done) | 6099:skip(done) | 26A2:skip(done) | 4004:skip(done) | 62CF:skip(done) | 0857:skip(done) | 0965:skip(done) | 26C1:skip(done) | 9C96:skip(done) | 31E3:skip(done) | 502F:skip(done)
[2026-03-19T08:32:34.793Z] [Tick] t492 FF37:skip(done) | D3E7:skip(done) | 0813:skip(done) | DBF9:skip(done) | 6501:skip(done) | CC56:skip(done) | 46A3:skip(done) | 6099:skip(done) | 26A2:skip(done) | 4004:skip(done) | 62CF:skip(done) | 0857:skip(done) | 0965:skip(done) | 26C1:skip(done) | 9C96:skip(done) | 31E3:skip(done) | 502F:skip(done)
[2026-03-19T08:32:35.793Z] [Tick] t496 FF37:skip(done) | D3E7:skip(done) | 0813:skip(done) | DBF9:skip(done) | 6501:skip(done) | CC56:skip(done) | 46A3:skip(done) | 6099:skip(done) | 26A2:skip(done) | 4004:skip(done) | 62CF:skip(done) | 0857:skip(done) | 0965:skip(done) | 26C1:skip(done) | 9C96:skip(done) | 31E3:skip(done) | 502F:skip(done)
[2026-03-19T08:32:36.793Z] [Tick] t500 FF37:skip(done) | D3E7:skip(done) | 0813:skip(done) | DBF9:skip(done) | 6501:skip(done) | CC56:skip(done) | 46A3:skip(done) | 6099:skip(done) | 26A2:skip(done) | 4004:skip(done) | 62CF:skip(done) | 0857:skip(done) | 0965:skip(done) | 26C1:skip(done) | 9C96:skip(done) | 31E3:skip(done) | 502F:skip(done)
[2026-03-19T08:32:37.790Z] [Tick] t504 FF37:skip(done) | D3E7:skip(done) | 0813:skip(done) | DBF9:skip(done) | 6501:skip(done) | CC56:skip(done) | 46A3:skip(done) | 6099:skip(done) | 26A2:skip(done) | 4004:skip(done) | 62CF:skip(done) | 0857:skip(done) | 0965:skip(done) | 26C1:skip(done) | 9C96:skip(done) | 31E3:skip(done) | 502F:skip(done)
[2026-03-19T08:32:38.793Z] [Tick] t508 FF37:skip(done) | D3E7:skip(done) | 0813:skip(done) | DBF9:skip(done) | 6501:skip(done) | CC56:skip(done) | 46A3:skip(done) | 6099:skip(done) | 26A2:skip(done) | 4004:skip(done) | 62CF:skip(done) | 0857:skip(done) | 0965:skip(done) | 26C1:skip(done) | 9C96:skip(done) | 31E3:skip(done) | 502F:skip(done)
[2026-03-19T08:32:39.793Z] [Tick] t512 FF37:skip(done) | D3E7:skip(done) | 0813:skip(done) | DBF9:skip(done) | 6501:skip(done) | CC56:skip(done) | 46A3:skip(done) | 6099:skip(done) | 26A2:skip(done) | 4004:skip(done) | 62CF:skip(done) | 0857:skip(done) | 0965:skip(done) | 26C1:skip(done) | 9C96:skip(done) | 31E3:skip(done) | 502F:skip(done)
[2026-03-19T08:32:40.793Z] [Tick] t516 FF37:skip(done) | D3E7:skip(done) | 0813:skip(done) | DBF9:skip(done) | 6501:skip(done) | CC56:skip(done) | 46A3:skip(done) | 6099:skip(done) | 26A2:skip(done) | 4004:skip(done) | 62CF:skip(done) | 0857:skip(done) | 0965:skip(done) | 26C1:skip(done) | 9C96:skip(done) | 31E3:skip(done) | 502F:skip(done)
[2026-03-19T08:32:41.793Z] [Tick] t520 FF37:skip(done) | D3E7:skip(done) | 0813:skip(done) | DBF9:skip(done) | 6501:skip(done) | CC56:skip(done) | 46A3:skip(done) | 6099:skip(done) | 26A2:skip(done) | 4004:skip(done) | 62CF:skip(done) | 0857:skip(done) | 0965:skip(done) | 26C1:skip(done) | 9C96:skip(done) | 31E3:skip(done) | 502F:skip(done)
[2026-03-19T08:32:42.793Z] [Tick] t524 FF37:skip(done) | D3E7:skip(done) | 0813:skip(done) | DBF9:skip(done) | 6501:skip(done) | CC56:skip(done) | 46A3:skip(done) | 6099:skip(done) | 26A2:skip(done) | 4004:skip(done) | 62CF:skip(done) | 0857:skip(done) | 0965:skip(done) | 26C1:skip(done) | 9C96:skip(done) | 31E3:skip(done) | 502F:skip(done)
[2026-03-19T08:32:43.793Z] [Tick] t528 FF37:skip(done) | D3E7:skip(done) | 0813:skip(done) | DBF9:skip(done) | 6501:skip(done) | CC56:skip(done) | 46A3:skip(done) | 6099:skip(done) | 26A2:skip(done) | 4004:skip(done) | 62CF:skip(done) | 0857:skip(done) | 0965:skip(done) | 26C1:skip(done) | 9C96:skip(done) | 31E3:skip(done) | 502F:skip(done)
[2026-03-19T08:32:44.789Z] [Tick] t532 FF37:skip(done) | D3E7:skip(done) | 0813:skip(done) | DBF9:skip(done) | 6501:skip(done) | CC56:skip(done) | 46A3:skip(done) | 6099:skip(done) | 26A2:skip(done) | 4004:skip(done) | 62CF:skip(done) | 0857:skip(done) | 0965:skip(done) | 26C1:skip(done) | 9C96:skip(done) | 31E3:skip(done) | 502F:skip(done)
[2026-03-19T08:32:45.792Z] [Tick] t536 FF37:skip(done) | D3E7:skip(done) | 0813:skip(done) | DBF9:skip(done) | 6501:skip(done) | CC56:skip(done) | 46A3:skip(done) | 6099:skip(done) | 26A2:skip(done) | 4004:skip(done) | 62CF:skip(done) | 0857:skip(done) | 0965:skip(done) | 26C1:skip(done) | 9C96:skip(done) | 31E3:skip(done) | 502F:skip(done)
[2026-03-19T08:32:46.793Z] [Tick] t540 FF37:skip(done) | D3E7:skip(done) | 0813:skip(done) | DBF9:skip(done) | 6501:skip(done) | CC56:skip(done) | 46A3:skip(done) | 6099:skip(done) | 26A2:skip(done) | 4004:skip(done) | 62CF:skip(done) | 0857:skip(done) | 0965:skip(done) | 26C1:skip(done) | 9C96:skip(done) | 31E3:skip(done) | 502F:skip(done)
[2026-03-19T08:32:47.793Z] [Tick] t544 FF37:skip(done) | D3E7:skip(done) | 0813:skip(done) | DBF9:skip(done) | 6501:skip(done) | CC56:skip(done) | 46A3:skip(done) | 6099:skip(done) | 26A2:skip(done) | 4004:skip(done) | 62CF:skip(done) | 0857:skip(done) | 0965:skip(done) | 26C1:skip(done) | 9C96:skip(done) | 31E3:skip(done) | 502F:skip(done)
[2026-03-19T08:32:48.793Z] [Tick] t548 FF37:skip(done) | D3E7:skip(done) | 0813:skip(done) | DBF9:skip(done) | 6501:skip(done) | CC56:skip(done) | 46A3:skip(done) | 6099:skip(done) | 26A2:skip(done) | 4004:skip(done) | 62CF:skip(done) | 0857:skip(done) | 0965:skip(done) | 26C1:skip(done) | 9C96:skip(done) | 31E3:skip(done) | 502F:skip(done)
[2026-03-19T08:32:49.793Z] [Tick] t552 FF37:skip(done) | D3E7:skip(done) | 0813:skip(done) | DBF9:skip(done) | 6501:skip(done) | CC56:skip(done) | 46A3:skip(done) | 6099:skip(done) | 26A2:skip(done) | 4004:skip(done) | 62CF:skip(done) | 0857:skip(done) | 0965:skip(done) | 26C1:skip(done) | 9C96:skip(done) | 31E3:skip(done) | 502F:skip(done)
