[2026-03-21T17:34:34.601Z] SESSION START mode=tight
[2026-03-21T17:34:34.609Z] Thresholds: match>=65%, features>=75, tracking>=65%, worldMap=true
[2026-03-21T17:34:34.636Z] AR precise capture started
[2026-03-21T17:34:45.487Z] geoSample #1 hAcc=12m vAcc=11m matchedLocal=no
[2026-03-21T17:34:45.487Z] live quality: match=0% features=0 tracking=0% worldMap=no ready=no blockers=low_match,low_features,low_tracking,missing_world_map
[2026-03-21T17:34:46.035Z] geoSample #2 hAcc=12m vAcc=11m matchedLocal=yes
[2026-03-21T17:34:46.036Z] live quality: match=50% features=0 tracking=35% worldMap=no ready=no blockers=low_match,low_features,low_tracking,missing_world_map
[2026-03-21T17:34:47.035Z] geoSample #3 hAcc=12m vAcc=11m matchedLocal=yes
[2026-03-21T17:34:47.036Z] live quality: match=66% features=3 tracking=67% worldMap=no ready=no blockers=low_features,missing_world_map
[2026-03-21T17:34:48.036Z] geoSample #4 hAcc=12m vAcc=11m matchedLocal=yes
[2026-03-21T17:34:48.037Z] live quality: match=75% features=4 tracking=78% worldMap=no ready=no blockers=low_features,missing_world_map
[2026-03-21T17:34:48.664Z] World map snapshot captured (497003 bytes, encrypted=true)
[2026-03-21T17:34:48.665Z] live quality: match=75% features=4 tracking=78% worldMap=yes ready=no blockers=low_features
[2026-03-21T17:34:49.037Z] geoSample #5 hAcc=12m vAcc=11m matchedLocal=yes
[2026-03-21T17:34:49.038Z] live quality: match=80% features=3 tracking=83% worldMap=yes ready=no blockers=low_features
[2026-03-21T17:34:50.035Z] live quality: match=83% features=37 tracking=86% worldMap=yes ready=no blockers=low_features
[2026-03-21T17:34:50.653Z] World map snapshot captured (497003 bytes, encrypted=true)
[2026-03-21T17:34:51.034Z] live quality: match=85% features=52 tracking=89% worldMap=yes ready=no blockers=low_features
[2026-03-21T17:34:52.036Z] live quality: match=87% features=71 tracking=90% worldMap=yes ready=no blockers=low_features
[2026-03-21T17:34:52.654Z] World map snapshot captured (497003 bytes, encrypted=true)
[2026-03-21T17:34:53.036Z] live quality: match=88% features=80 tracking=91% worldMap=yes ready=yes blockers=none
[2026-03-21T17:34:54.654Z] World map snapshot captured (497003 bytes, encrypted=true)
[2026-03-21T17:34:55.038Z] geoSample #10 hAcc=12m vAcc=12m matchedLocal=yes
[2026-03-21T17:34:55.039Z] live quality: match=90% features=89 tracking=92% worldMap=yes ready=yes blockers=none
[2026-03-21T17:34:56.037Z] live quality: match=90% features=97 tracking=93% worldMap=yes ready=yes blockers=none
[2026-03-21T17:34:56.655Z] World map snapshot captured (497003 bytes, encrypted=true)
[2026-03-21T17:34:57.037Z] live quality: match=91% features=104 tracking=94% worldMap=yes ready=yes blockers=none
[2026-03-21T17:34:58.038Z] live quality: match=92% features=105 tracking=94% worldMap=yes ready=yes blockers=none
[2026-03-21T17:34:58.654Z] World map snapshot captured (497003 bytes, encrypted=true)
[2026-03-21T17:34:59.036Z] live quality: match=92% features=106 tracking=95% worldMap=yes ready=yes blockers=none
[2026-03-21T17:35:00.036Z] live quality: match=93% features=111 tracking=95% worldMap=yes ready=yes blockers=none
[2026-03-21T17:35:00.657Z] World map snapshot captured (1002881 bytes, encrypted=true)
[2026-03-21T17:35:02.675Z] World map snapshot captured (1982196 bytes, encrypted=true)
[2026-03-21T17:35:03.036Z] live quality: match=93% features=120 tracking=95% worldMap=yes ready=yes blockers=none
[2026-03-21T17:35:04.037Z] live quality: match=94% features=125 tracking=95% worldMap=yes ready=yes blockers=none
[2026-03-21T17:35:04.682Z] World map snapshot captured (3173124 bytes, encrypted=true)
[2026-03-21T17:35:05.036Z] live quality: match=94% features=137 tracking=96% worldMap=yes ready=yes blockers=none
[2026-03-21T17:35:06.039Z] live quality: match=94% features=150 tracking=96% worldMap=yes ready=yes blockers=none
[2026-03-21T17:35:06.687Z] World map snapshot captured (4121139 bytes, encrypted=true)
[2026-03-21T17:35:07.036Z] geoSample #20 hAcc=11m vAcc=11m matchedLocal=yes
[2026-03-21T17:35:07.037Z] live quality: match=95% features=161 tracking=96% worldMap=yes ready=yes blockers=none
[2026-03-21T17:35:08.039Z] live quality: match=95% features=165 tracking=96% worldMap=yes ready=yes blockers=none
[2026-03-21T17:35:08.689Z] World map snapshot captured (4291199 bytes, encrypted=true)
[2026-03-21T17:35:09.036Z] live quality: match=95% features=167 tracking=96% worldMap=yes ready=yes blockers=none
[2026-03-21T17:35:10.038Z] live quality: match=95% features=175 tracking=97% worldMap=yes ready=yes blockers=none
[2026-03-21T17:35:10.696Z] World map snapshot captured (5258203 bytes, encrypted=true)
[2026-03-21T17:35:11.037Z] live quality: match=95% features=182 tracking=97% worldMap=yes ready=yes blockers=none
[2026-03-21T17:35:12.040Z] live quality: match=96% features=184 tracking=97% worldMap=yes ready=yes blockers=none
[2026-03-21T17:35:12.706Z] World map snapshot captured (6918214 bytes, encrypted=true)
[2026-03-21T17:35:13.040Z] live quality: match=96% features=190 tracking=97% worldMap=yes ready=yes blockers=none
[2026-03-21T17:35:14.041Z] live quality: match=96% features=193 tracking=97% worldMap=yes ready=yes blockers=none
[2026-03-21T17:35:14.709Z] World map snapshot captured (8069442 bytes, encrypted=true)
[2026-03-21T17:35:15.037Z] live quality: match=96% features=200 tracking=97% worldMap=yes ready=yes blockers=none
[2026-03-21T17:35:16.041Z] live quality: match=96% features=201 tracking=97% worldMap=yes ready=yes blockers=none
[2026-03-21T17:35:16.708Z] World map snapshot captured (9133565 bytes, encrypted=true)
[2026-03-21T17:35:16.914Z] Recording stopped by user. geoSamples=29, matchedLocal=28
[2026-03-21T17:35:16.915Z] AR precise capture paused
[2026-03-21T17:35:17.074Z] World map snapshot captured (9253300 bytes, encrypted=true)
[2026-03-21T17:36:31.829Z] Route saved as precise-ready. name=Run 3/21/26, 1:35 PM, geoSamples=29, localSamples=28
[2026-03-21T17:36:31.833Z] SESSION END reason=saved
[2026-03-21T17:37:34.254Z] [Tick] t4 0C58:d=0.511m far | 254B:d=0.504m far | 49D6:d=0.492m far | A537:d=0.490m far | 97DE:d=0.403m far | 8997:d=2.357m far | 8780:d=5.062m far | 8EF9:d=7.117m far | 94B1:d=8.182m far | 3D2F:d=8.614m far | FB7A:d=8.548m far | 5171:d=8.553m far
[2026-03-21T17:37:35.254Z] [Tick] t8 0C58:d=1.017m far | 254B:d=1.011m far | 49D6:d=1.019m far | A537:d=1.007m far | 97DE:d=0.884m far | 8997:d=1.753m far | 8780:d=4.589m far | 8EF9:d=6.654m far | 94B1:d=7.704m far | 3D2F:d=8.115m far | FB7A:d=7.993m far | 5171:d=7.946m far
[2026-03-21T17:37:36.286Z] [Tick] t12 0C58:d=1.645m far | 254B:d=1.642m far | 49D6:d=1.664m far | A537:d=1.647m far | 97DE:d=1.532m far | 8997:d=1.106m far | 8780:d=4.012m far | 8EF9:d=6.074m far | 94B1:d=7.108m far | 3D2F:d=7.499m far | FB7A:d=7.334m far | 5171:d=7.259m far
[2026-03-21T17:37:37.254Z] [Tick] t16 0C58:d=2.451m far | 254B:d=2.451m far | 49D6:d=2.484m far | A537:d=2.463m far | 97DE:d=2.359m far | 8997:d=0.154m far | 8780:d=3.188m far | 8EF9:d=5.236m far | 94B1:d=6.251m far | 3D2F:d=6.624m far | FB7A:d=6.425m far | 5171:d=6.350m far
[2026-03-21T17:37:37.504Z] [Tick] t17 COLLECT×1 | 0C58:d=2.653m far | 254B:d=2.654m far | 49D6:d=2.689m far | A537:d=2.668m far | 97DE:d=2.567m far | 8997:d=0.127m ✓ | 8780:d=2.976m far | 8EF9:d=5.018m far | 94B1:d=6.029m far | 3D2F:d=6.399m far | FB7A:d=6.198m far | 5171:d=6.135m far
[2026-03-21T17:37:38.254Z] [Tick] t20 0C58:d=3.151m far | 254B:d=3.156m far | 49D6:d=3.203m far | A537:d=3.178m far | 97DE:d=3.098m far | 8997:skip(done) | 8780:d=2.238m far | 8EF9:d=4.289m far | 94B1:d=5.313m far | 3D2F:d=5.702m far | FB7A:d=5.576m far | 5171:d=5.652m far
[2026-03-21T17:37:39.254Z] [Tick] t24 0C58:d=4.060m far | 254B:d=4.069m far | 49D6:d=4.124m far | A537:d=4.097m far | 97DE:d=4.037m far | 8997:skip(done) | 8780:d=1.168m far | 8EF9:d=3.219m far | 94B1:d=4.261m far | 3D2F:d=4.679m far | FB7A:d=4.680m far | 5171:d=4.991m far
[2026-03-21T17:37:40.254Z] [Tick] t28 COLLECT×1 | 0C58:d=5.186m far | 254B:d=5.197m far | 49D6:d=5.256m far | A537:d=5.228m far | 97DE:d=5.178m far | 8997:skip(done) | 8780:d=0.090m ✓ | 8EF9:d=2.019m far | 94B1:d=3.080m far | 3D2F:d=3.530m far | FB7A:d=3.697m far | 5171:d=4.312m far
[2026-03-21T17:37:41.253Z] [Tick] t32 0C58:d=6.092m far | 254B:d=6.104m far | 49D6:d=6.165m far | A537:d=6.136m far | 97DE:d=6.091m far | 8997:skip(done) | 8780:skip(done) | 8EF9:d=1.155m far | 94B1:d=2.205m far | 3D2F:d=2.683m far | FB7A:d=3.037m far | 5171:d=3.938m far
[2026-03-21T17:37:42.254Z] [Tick] t36 0C58:d=6.594m far | 254B:d=6.606m far | 49D6:d=6.666m far | A537:d=6.638m far | 97DE:d=6.591m far | 8997:skip(done) | 8780:skip(done) | 8EF9:d=0.719m far | 94B1:d=1.717m far | 3D2F:d=2.192m far | FB7A:d=2.621m far | 5171:d=3.661m far
[2026-03-21T17:37:43.254Z] [Tick] t40 0C58:d=7.043m far | 254B:d=7.055m far | 49D6:d=7.116m far | A537:d=7.087m far | 97DE:d=7.044m far | 8997:skip(done) | 8780:skip(done) | 8EF9:d=0.218m far | 94B1:d=1.247m far | 3D2F:d=1.773m far | FB7A:d=2.402m far | 5171:d=3.628m far
[2026-03-21T17:37:43.504Z] [Tick] t41 COLLECT×1 | 0C58:d=7.192m far | 254B:d=7.203m far | 49D6:d=7.264m far | A537:d=7.236m far | 97DE:d=7.192m far | 8997:skip(done) | 8780:skip(done) | 8EF9:d=0.116m ✓ | 94B1:d=1.093m far | 3D2F:d=1.624m far | FB7A:d=2.297m far | 5171:d=3.569m far
[2026-03-21T17:37:44.254Z] [Tick] t44 0C58:d=7.430m far | 254B:d=7.442m far | 49D6:d=7.503m far | A537:d=7.474m far | 97DE:d=7.431m far | 8997:skip(done) | 8780:skip(done) | 8EF9:skip(done) | 94B1:d=0.907m far | 3D2F:d=1.444m far | FB7A:d=2.212m far | 5171:d=3.558m far
[2026-03-21T17:37:45.254Z] [Tick] t48 0C58:d=7.500m far | 254B:d=7.512m far | 49D6:d=7.573m far | A537:d=7.544m far | 97DE:d=7.500m far | 8997:skip(done) | 8780:skip(done) | 8EF9:skip(done) | 94B1:d=0.874m far | 3D2F:d=1.394m far | FB7A:d=2.171m far | 5171:d=3.529m far
[2026-03-21T17:37:46.254Z] [Tick] t52 0C58:d=7.788m far | 254B:d=7.800m far | 49D6:d=7.861m far | A537:d=7.833m far | 97DE:d=7.790m far | 8997:skip(done) | 8780:skip(done) | 8EF9:skip(done) | 94B1:d=0.647m far | 3D2F:d=1.191m far | FB7A:d=2.123m far | 5171:d=3.572m far
[2026-03-21T17:37:47.254Z] [Tick] t56 0C58:d=8.232m far | 254B:d=8.244m far | 49D6:d=8.304m far | A537:d=8.276m far | 97DE:d=8.229m far | 8997:skip(done) | 8780:skip(done) | 8EF9:skip(done) | 94B1:d=0.202m far | 3D2F:d=0.701m far | FB7A:d=1.802m far | 5171:d=3.353m far
[2026-03-21T17:37:48.266Z] [Tick] t60 0C58:d=8.362m far | 254B:d=8.373m far | 49D6:d=8.434m far | A537:d=8.406m far | 97DE:d=8.360m far | 8997:skip(done) | 8780:skip(done) | 8EF9:skip(done) | 94B1:d=0.331m far | 3D2F:d=0.698m far | FB7A:d=1.848m far | 5171:d=3.417m far
[2026-03-21T17:37:49.254Z] [Tick] t64 0C58:d=8.201m far | 254B:d=8.213m far | 49D6:d=8.273m far | A537:d=8.245m far | 97DE:d=8.199m far | 8997:skip(done) | 8780:skip(done) | 8EF9:skip(done) | 94B1:d=0.170m far | 3D2F:d=0.724m far | FB7A:d=1.822m far | 5171:d=3.370m far
[2026-03-21T17:37:50.254Z] [Tick] t68 0C58:d=8.197m far | 254B:d=8.209m far | 49D6:d=8.270m far | A537:d=8.242m far | 97DE:d=8.197m far | 8997:skip(done) | 8780:skip(done) | 8EF9:skip(done) | 94B1:d=0.368m far | 3D2F:d=0.833m far | FB7A:d=1.918m far | 5171:d=3.457m far
[2026-03-21T17:37:51.004Z] [Tick] t71 COLLECT×1 | 0C58:d=8.316m far | 254B:d=8.327m far | 49D6:d=8.387m far | A537:d=8.359m far | 97DE:d=8.311m far | 8997:skip(done) | 8780:skip(done) | 8EF9:skip(done) | 94B1:d=0.100m ✓ | 3D2F:d=0.566m far | FB7A:d=1.699m far | 5171:d=3.269m far
[2026-03-21T17:37:51.254Z] [Tick] t72 0C58:d=8.273m far | 254B:d=8.284m far | 49D6:d=8.344m far | A537:d=8.315m far | 97DE:d=8.266m far | 8997:skip(done) | 8780:skip(done) | 8EF9:skip(done) | 94B1:skip(done) | 3D2F:d=0.541m far | FB7A:d=1.626m far | 5171:d=3.186m far
[2026-03-21T17:37:52.286Z] [Tick] t76 0C58:d=8.440m far | 254B:d=8.452m far | 49D6:d=8.512m far | A537:d=8.484m far | 97DE:d=8.438m far | 8997:skip(done) | 8780:skip(done) | 8EF9:skip(done) | 94B1:skip(done) | 3D2F:d=0.707m far | FB7A:d=1.845m far | 5171:d=3.417m far
[2026-03-21T17:37:53.254Z] [Tick] t80 0C58:d=8.663m far | 254B:d=8.674m far | 49D6:d=8.734m far | A537:d=8.706m far | 97DE:d=8.658m far | 8997:skip(done) | 8780:skip(done) | 8EF9:skip(done) | 94B1:skip(done) | 3D2F:d=0.508m far | FB7A:d=1.697m far | 5171:d=3.299m far
[2026-03-21T17:37:54.254Z] [Tick] t84 0C58:d=8.781m far | 254B:d=8.793m far | 49D6:d=8.853m far | A537:d=8.825m far | 97DE:d=8.779m far | 8997:skip(done) | 8780:skip(done) | 8EF9:skip(done) | 94B1:skip(done) | 3D2F:d=0.623m far | FB7A:d=1.832m far | 5171:d=3.440m far
[2026-03-21T17:37:55.254Z] [Tick] t88 0C58:d=8.771m far | 254B:d=8.783m far | 49D6:d=8.843m far | A537:d=8.815m far | 97DE:d=8.769m far | 8997:skip(done) | 8780:skip(done) | 8EF9:skip(done) | 94B1:skip(done) | 3D2F:d=0.642m far | FB7A:d=1.847m far | 5171:d=3.453m far
[2026-03-21T17:37:56.254Z] [Tick] t92 0C58:d=8.760m far | 254B:d=8.771m far | 49D6:d=8.832m far | A537:d=8.804m far | 97DE:d=8.758m far | 8997:skip(done) | 8780:skip(done) | 8EF9:skip(done) | 94B1:skip(done) | 3D2F:d=0.662m far | FB7A:d=1.865m far | 5171:d=3.470m far
[2026-03-21T17:37:57.254Z] [Tick] t96 0C58:d=8.769m far | 254B:d=8.780m far | 49D6:d=8.841m far | A537:d=8.813m far | 97DE:d=8.767m far | 8997:skip(done) | 8780:skip(done) | 8EF9:skip(done) | 94B1:skip(done) | 3D2F:d=0.682m far | FB7A:d=1.884m far | 5171:d=3.488m far
[2026-03-21T17:37:58.254Z] [Tick] t100 0C58:d=8.768m far | 254B:d=8.779m far | 49D6:d=8.840m far | A537:d=8.812m far | 97DE:d=8.766m far | 8997:skip(done) | 8780:skip(done) | 8EF9:skip(done) | 94B1:skip(done) | 3D2F:d=0.664m far | FB7A:d=1.878m far | 5171:d=3.485m far
[2026-03-21T17:37:59.254Z] [Tick] t104 0C58:d=8.733m far | 254B:d=8.745m far | 49D6:d=8.806m far | A537:d=8.777m far | 97DE:d=8.733m far | 8997:skip(done) | 8780:skip(done) | 8EF9:skip(done) | 94B1:skip(done) | 3D2F:d=0.758m far | FB7A:d=1.967m far | 5171:d=3.568m far
[2026-03-21T17:38:00.255Z] [Tick] t108 0C58:d=8.795m far | 254B:d=8.807m far | 49D6:d=8.868m far | A537:d=8.839m far | 97DE:d=8.795m far | 8997:skip(done) | 8780:skip(done) | 8EF9:skip(done) | 94B1:skip(done) | 3D2F:d=0.774m far | FB7A:d=1.984m far | 5171:d=3.588m far
[2026-03-21T17:38:01.254Z] [Tick] t112 0C58:d=8.806m far | 254B:d=8.818m far | 49D6:d=8.878m far | A537:d=8.850m far | 97DE:d=8.805m far | 8997:skip(done) | 8780:skip(done) | 8EF9:skip(done) | 94B1:skip(done) | 3D2F:d=0.725m far | FB7A:d=1.933m far | 5171:d=3.539m far
[2026-03-21T17:38:02.254Z] [Tick] t116 0C58:d=8.793m far | 254B:d=8.805m far | 49D6:d=8.866m far | A537:d=8.838m far | 97DE:d=8.793m far | 8997:skip(done) | 8780:skip(done) | 8EF9:skip(done) | 94B1:skip(done) | 3D2F:d=0.734m far | FB7A:d=1.951m far | 5171:d=3.558m far
[2026-03-21T17:38:03.254Z] [Tick] t120 0C58:d=8.839m far | 254B:d=8.851m far | 49D6:d=8.912m far | A537:d=8.884m far | 97DE:d=8.839m far | 8997:skip(done) | 8780:skip(done) | 8EF9:skip(done) | 94B1:skip(done) | 3D2F:d=0.721m far | FB7A:d=1.938m far | 5171:d=3.548m far
[2026-03-21T17:38:04.274Z] [Tick] t124 0C58:d=8.865m far | 254B:d=8.877m far | 49D6:d=8.937m far | A537:d=8.909m far | 97DE:d=8.863m far | 8997:skip(done) | 8780:skip(done) | 8EF9:skip(done) | 94B1:skip(done) | 3D2F:d=0.681m far | FB7A:d=1.884m far | 5171:d=3.493m far
[2026-03-21T17:38:05.254Z] [Tick] t128 0C58:d=8.831m far | 254B:d=8.843m far | 49D6:d=8.903m far | A537:d=8.875m far | 97DE:d=8.830m far | 8997:skip(done) | 8780:skip(done) | 8EF9:skip(done) | 94B1:skip(done) | 3D2F:d=0.683m far | FB7A:d=1.898m far | 5171:d=3.508m far
[2026-03-21T17:38:06.254Z] [Tick] t132 0C58:d=8.830m far | 254B:d=8.841m far | 49D6:d=8.902m far | A537:d=8.874m far | 97DE:d=8.828m far | 8997:skip(done) | 8780:skip(done) | 8EF9:skip(done) | 94B1:skip(done) | 3D2F:d=0.671m far | FB7A:d=1.885m far | 5171:d=3.495m far
[2026-03-21T17:38:07.254Z] [Tick] t136 0C58:d=8.819m far | 254B:d=8.831m far | 49D6:d=8.891m far | A537:d=8.863m far | 97DE:d=8.817m far | 8997:skip(done) | 8780:skip(done) | 8EF9:skip(done) | 94B1:skip(done) | 3D2F:d=0.661m far | FB7A:d=1.876m far | 5171:d=3.486m far
[2026-03-21T17:38:08.283Z] [Tick] t140 0C58:d=8.873m far | 254B:d=8.884m far | 49D6:d=8.944m far | A537:d=8.916m far | 97DE:d=8.870m far | 8997:skip(done) | 8780:skip(done) | 8EF9:skip(done) | 94B1:skip(done) | 3D2F:d=0.633m far | FB7A:d=1.835m far | 5171:d=3.446m far
[2026-03-21T17:38:09.254Z] [Tick] t144 0C58:d=8.785m far | 254B:d=8.796m far | 49D6:d=8.857m far | A537:d=8.828m far | 97DE:d=8.782m far | 8997:skip(done) | 8780:skip(done) | 8EF9:skip(done) | 94B1:skip(done) | 3D2F:d=0.560m far | FB7A:d=1.794m far | 5171:d=3.409m far
[2026-03-21T17:38:10.254Z] [Tick] t148 0C58:d=8.853m far | 254B:d=8.865m far | 49D6:d=8.926m far | A537:d=8.897m far | 97DE:d=8.852m far | 8997:skip(done) | 8780:skip(done) | 8EF9:skip(done) | 94B1:skip(done) | 3D2F:d=0.680m far | FB7A:d=1.881m far | 5171:d=3.490m far
[2026-03-21T17:38:11.255Z] [Tick] t152 0C58:d=8.814m far | 254B:d=8.825m far | 49D6:d=8.886m far | A537:d=8.858m far | 97DE:d=8.812m far | 8997:skip(done) | 8780:skip(done) | 8EF9:skip(done) | 94B1:skip(done) | 3D2F:d=0.682m far | FB7A:d=1.891m far | 5171:d=3.500m far
[2026-03-21T17:38:12.254Z] [Tick] t156 0C58:d=8.812m far | 254B:d=8.824m far | 49D6:d=8.884m far | A537:d=8.856m far | 97DE:d=8.810m far | 8997:skip(done) | 8780:skip(done) | 8EF9:skip(done) | 94B1:skip(done) | 3D2F:d=0.639m far | FB7A:d=1.844m far | 5171:d=3.453m far
[2026-03-21T17:38:13.254Z] [Tick] t160 0C58:d=8.736m far | 254B:d=8.748m far | 49D6:d=8.809m far | A537:d=8.781m far | 97DE:d=8.736m far | 8997:skip(done) | 8780:skip(done) | 8EF9:skip(done) | 94B1:skip(done) | 3D2F:d=0.734m far | FB7A:d=1.949m far | 5171:d=3.552m far
[2026-03-21T17:38:14.254Z] [Tick] t164 0C58:d=8.824m far | 254B:d=8.836m far | 49D6:d=8.896m far | A537:d=8.868m far | 97DE:d=8.823m far | 8997:skip(done) | 8780:skip(done) | 8EF9:skip(done) | 94B1:skip(done) | 3D2F:d=0.679m far | FB7A:d=1.901m far | 5171:d=3.513m far
[2026-03-21T17:38:15.254Z] [Tick] t168 0C58:d=8.789m far | 254B:d=8.801m far | 49D6:d=8.862m far | A537:d=8.833m far | 97DE:d=8.788m far | 8997:skip(done) | 8780:skip(done) | 8EF9:skip(done) | 94B1:skip(done) | 3D2F:d=0.667m far | FB7A:d=1.890m far | 5171:d=3.500m far
[2026-03-21T17:38:16.254Z] [Tick] t172 0C58:d=8.796m far | 254B:d=8.807m far | 49D6:d=8.868m far | A537:d=8.839m far | 97DE:d=8.794m far | 8997:skip(done) | 8780:skip(done) | 8EF9:skip(done) | 94B1:skip(done) | 3D2F:d=0.656m far | FB7A:d=1.873m far | 5171:d=3.482m far
[2026-03-21T17:38:17.254Z] [Tick] t176 0C58:d=8.758m far | 254B:d=8.770m far | 49D6:d=8.831m far | A537:d=8.802m far | 97DE:d=8.757m far | 8997:skip(done) | 8780:skip(done) | 8EF9:skip(done) | 94B1:skip(done) | 3D2F:d=0.697m far | FB7A:d=1.917m far | 5171:d=3.523m far
[2026-03-21T17:38:18.254Z] [Tick] t180 0C58:d=8.804m far | 254B:d=8.816m far | 49D6:d=8.877m far | A537:d=8.848m far | 97DE:d=8.803m far | 8997:skip(done) | 8780:skip(done) | 8EF9:skip(done) | 94B1:skip(done) | 3D2F:d=0.639m far | FB7A:d=1.875m far | 5171:d=3.489m far
[2026-03-21T17:38:19.254Z] [Tick] t184 0C58:d=8.770m far | 254B:d=8.782m far | 49D6:d=8.843m far | A537:d=8.814m far | 97DE:d=8.770m far | 8997:skip(done) | 8780:skip(done) | 8EF9:skip(done) | 94B1:skip(done) | 3D2F:d=0.692m far | FB7A:d=1.923m far | 5171:d=3.533m far
[2026-03-21T17:38:20.254Z] [Tick] t188 0C58:d=8.793m far | 254B:d=8.805m far | 49D6:d=8.866m far | A537:d=8.837m far | 97DE:d=8.793m far | 8997:skip(done) | 8780:skip(done) | 8EF9:skip(done) | 94B1:skip(done) | 3D2F:d=0.705m far | FB7A:d=1.930m far | 5171:d=3.539m far
[2026-03-21T17:38:21.254Z] [Tick] t192 0C58:d=8.796m far | 254B:d=8.808m far | 49D6:d=8.868m far | A537:d=8.840m far | 97DE:d=8.794m far | 8997:skip(done) | 8780:skip(done) | 8EF9:skip(done) | 94B1:skip(done) | 3D2F:d=0.642m far | FB7A:d=1.858m far | 5171:d=3.467m far
[2026-03-21T17:38:22.254Z] [Tick] t196 0C58:d=8.769m far | 254B:d=8.780m far | 49D6:d=8.840m far | A537:d=8.812m far | 97DE:d=8.763m far | 8997:skip(done) | 8780:skip(done) | 8EF9:skip(done) | 94B1:skip(done) | 3D2F:d=0.477m far | FB7A:d=1.699m far | 5171:d=3.313m far
[2026-03-21T17:38:23.254Z] [Tick] t200 0C58:d=8.735m far | 254B:d=8.745m far | 49D6:d=8.803m far | A537:d=8.775m far | 97DE:d=8.721m far | 8997:skip(done) | 8780:skip(done) | 8EF9:skip(done) | 94B1:skip(done) | 3D2F:d=0.204m far | FB7A:d=1.252m far | 5171:d=2.870m far
[2026-03-21T17:38:23.503Z] [Tick] t201 COLLECT×1 | 0C58:d=8.716m far | 254B:d=8.726m far | 49D6:d=8.784m far | A537:d=8.756m far | 97DE:d=8.702m far | 8997:skip(done) | 8780:skip(done) | 8EF9:skip(done) | 94B1:skip(done) | 3D2F:d=0.110m ✓ | FB7A:d=1.251m far | 5171:d=2.873m far
[2026-03-21T17:38:24.278Z] [Tick] t204 0C58:d=8.859m far | 254B:d=8.870m far | 49D6:d=8.928m far | A537:d=8.900m far | 97DE:d=8.845m far | 8997:skip(done) | 8780:skip(done) | 8EF9:skip(done) | 94B1:skip(done) | 3D2F:skip(done) | FB7A:d=1.303m far | 5171:d=2.921m far
[2026-03-21T17:38:25.254Z] [Tick] t208 0C58:d=8.972m far | 254B:d=8.982m far | 49D6:d=9.038m far | A537:d=9.011m far | 97DE:d=8.951m far | 8997:skip(done) | 8780:skip(done) | 8EF9:skip(done) | 94B1:skip(done) | 3D2F:skip(done) | FB7A:d=1.019m far | 5171:d=2.607m far
[2026-03-21T17:38:26.254Z] [Tick] t212 0C58:d=8.998m far | 254B:d=9.007m far | 49D6:d=9.062m far | A537:d=9.035m far | 97DE:d=8.974m far | 8997:skip(done) | 8780:skip(done) | 8EF9:skip(done) | 94B1:skip(done) | 3D2F:skip(done) | FB7A:d=0.924m far | 5171:d=2.490m far
[2026-03-21T17:38:27.254Z] [Tick] t216 0C58:d=8.981m far | 254B:d=8.991m far | 49D6:d=9.047m far | A537:d=9.020m far | 97DE:d=8.960m far | 8997:skip(done) | 8780:skip(done) | 8EF9:skip(done) | 94B1:skip(done) | 3D2F:skip(done) | FB7A:d=1.014m far | 5171:d=2.600m far
[2026-03-21T17:38:28.254Z] [Tick] t220 0C58:d=8.955m far | 254B:d=8.965m far | 49D6:d=9.022m far | A537:d=8.995m far | 97DE:d=8.938m far | 8997:skip(done) | 8780:skip(done) | 8EF9:skip(done) | 94B1:skip(done) | 3D2F:skip(done) | FB7A:d=1.226m far | 5171:d=2.833m far
[2026-03-21T17:38:29.254Z] [Tick] t224 0C58:d=8.883m far | 254B:d=8.893m far | 49D6:d=8.951m far | A537:d=8.923m far | 97DE:d=8.868m far | 8997:skip(done) | 8780:skip(done) | 8EF9:skip(done) | 94B1:skip(done) | 3D2F:skip(done) | FB7A:d=1.292m far | 5171:d=2.900m far
[2026-03-21T17:38:30.254Z] [Tick] t228 0C58:d=8.925m far | 254B:d=8.935m far | 49D6:d=8.993m far | A537:d=8.965m far | 97DE:d=8.910m far | 8997:skip(done) | 8780:skip(done) | 8EF9:skip(done) | 94B1:skip(done) | 3D2F:skip(done) | FB7A:d=1.290m far | 5171:d=2.898m far
[2026-03-21T17:38:31.254Z] [Tick] t232 0C58:d=8.981m far | 254B:d=8.991m far | 49D6:d=9.048m far | A537:d=9.020m far | 97DE:d=8.965m far | 8997:skip(done) | 8780:skip(done) | 8EF9:skip(done) | 94B1:skip(done) | 3D2F:skip(done) | FB7A:d=1.274m far | 5171:d=2.876m far
[2026-03-21T17:38:32.254Z] [Tick] t236 0C58:d=8.998m far | 254B:d=9.008m far | 49D6:d=9.066m far | A537:d=9.039m far | 97DE:d=8.984m far | 8997:skip(done) | 8780:skip(done) | 8EF9:skip(done) | 94B1:skip(done) | 3D2F:skip(done) | FB7A:d=1.355m far | 5171:d=2.964m far
[2026-03-21T17:38:33.254Z] [Tick] t240 0C58:d=9.120m far | 254B:d=9.131m far | 49D6:d=9.190m far | A537:d=9.162m far | 97DE:d=9.110m far | 8997:skip(done) | 8780:skip(done) | 8EF9:skip(done) | 94B1:skip(done) | 3D2F:skip(done) | FB7A:d=1.535m far | 5171:d=3.147m far
[2026-03-21T17:38:34.254Z] [Tick] t244 0C58:d=9.100m far | 254B:d=9.111m far | 49D6:d=9.170m far | A537:d=9.142m far | 97DE:d=9.090m far | 8997:skip(done) | 8780:skip(done) | 8EF9:skip(done) | 94B1:skip(done) | 3D2F:skip(done) | FB7A:d=1.568m far | 5171:d=3.183m far
[2026-03-21T17:38:35.254Z] [Tick] t248 0C58:d=9.077m far | 254B:d=9.087m far | 49D6:d=9.147m far | A537:d=9.118m far | 97DE:d=9.068m far | 8997:skip(done) | 8780:skip(done) | 8EF9:skip(done) | 94B1:skip(done) | 3D2F:skip(done) | FB7A:d=1.587m far | 5171:d=3.205m far
[2026-03-21T17:38:36.259Z] [Tick] t252 0C58:d=9.081m far | 254B:d=9.092m far | 49D6:d=9.151m far | A537:d=9.123m far | 97DE:d=9.072m far | 8997:skip(done) | 8780:skip(done) | 8EF9:skip(done) | 94B1:skip(done) | 3D2F:skip(done) | FB7A:d=1.572m far | 5171:d=3.188m far
[2026-03-21T17:38:37.254Z] [Tick] t256 0C58:d=9.106m far | 254B:d=9.116m far | 49D6:d=9.176m far | A537:d=9.147m far | 97DE:d=9.097m far | 8997:skip(done) | 8780:skip(done) | 8EF9:skip(done) | 94B1:skip(done) | 3D2F:skip(done) | FB7A:d=1.598m far | 5171:d=3.213m far
[2026-03-21T17:38:38.254Z] [Tick] t260 0C58:d=9.097m far | 254B:d=9.107m far | 49D6:d=9.166m far | A537:d=9.138m far | 97DE:d=9.087m far | 8997:skip(done) | 8780:skip(done) | 8EF9:skip(done) | 94B1:skip(done) | 3D2F:skip(done) | FB7A:d=1.546m far | 5171:d=3.161m far
[2026-03-21T17:38:39.254Z] [Tick] t264 0C58:d=9.084m far | 254B:d=9.095m far | 49D6:d=9.153m far | A537:d=9.125m far | 97DE:d=9.074m far | 8997:skip(done) | 8780:skip(done) | 8EF9:skip(done) | 94B1:skip(done) | 3D2F:skip(done) | FB7A:d=1.538m far | 5171:d=3.152m far
[2026-03-21T17:38:40.267Z] [Tick] t268 0C58:d=9.120m far | 254B:d=9.130m far | 49D6:d=9.189m far | A537:d=9.161m far | 97DE:d=9.109m far | 8997:skip(done) | 8780:skip(done) | 8EF9:skip(done) | 94B1:skip(done) | 3D2F:skip(done) | FB7A:d=1.516m far | 5171:d=3.129m far
[2026-03-21T17:38:41.254Z] [Tick] t272 0C58:d=9.092m far | 254B:d=9.102m far | 49D6:d=9.161m far | A537:d=9.133m far | 97DE:d=9.081m far | 8997:skip(done) | 8780:skip(done) | 8EF9:skip(done) | 94B1:skip(done) | 3D2F:skip(done) | FB7A:d=1.510m far | 5171:d=3.123m far
[2026-03-21T17:38:42.254Z] [Tick] t276 0C58:d=9.116m far | 254B:d=9.127m far | 49D6:d=9.185m far | A537:d=9.157m far | 97DE:d=9.103m far | 8997:skip(done) | 8780:skip(done) | 8EF9:skip(done) | 94B1:skip(done) | 3D2F:skip(done) | FB7A:d=1.430m far | 5171:d=3.039m far
[2026-03-21T17:38:43.254Z] [Tick] t280 0C58:d=9.077m far | 254B:d=9.087m far | 49D6:d=9.146m far | A537:d=9.118m far | 97DE:d=9.066m far | 8997:skip(done) | 8780:skip(done) | 8EF9:skip(done) | 94B1:skip(done) | 3D2F:skip(done) | FB7A:d=1.523m far | 5171:d=3.138m far
[2026-03-21T17:38:44.254Z] [Tick] t284 0C58:d=9.097m far | 254B:d=9.108m far | 49D6:d=9.167m far | A537:d=9.139m far | 97DE:d=9.088m far | 8997:skip(done) | 8780:skip(done) | 8EF9:skip(done) | 94B1:skip(done) | 3D2F:skip(done) | FB7A:d=1.598m far | 5171:d=3.212m far
[2026-03-21T17:38:45.254Z] [Tick] t288 0C58:d=9.078m far | 254B:d=9.089m far | 49D6:d=9.148m far | A537:d=9.120m far | 97DE:d=9.068m far | 8997:skip(done) | 8780:skip(done) | 8EF9:skip(done) | 94B1:skip(done) | 3D2F:skip(done) | FB7A:d=1.557m far | 5171:d=3.172m far
[2026-03-21T17:38:46.255Z] [Tick] t292 0C58:d=9.098m far | 254B:d=9.108m far | 49D6:d=9.167m far | A537:d=9.139m far | 97DE:d=9.088m far | 8997:skip(done) | 8780:skip(done) | 8EF9:skip(done) | 94B1:skip(done) | 3D2F:skip(done) | FB7A:d=1.591m far | 5171:d=3.207m far
[2026-03-21T17:38:47.254Z] [Tick] t296 0C58:d=8.864m far | 254B:d=8.874m far | 49D6:d=8.932m far | A537:d=8.904m far | 97DE:d=8.850m far | 8997:skip(done) | 8780:skip(done) | 8EF9:skip(done) | 94B1:skip(done) | 3D2F:skip(done) | FB7A:d=1.315m far | 5171:d=2.934m far
[2026-03-21T17:38:48.254Z] [Tick] t300 0C58:d=8.976m far | 254B:d=8.985m far | 49D6:d=9.042m far | A537:d=9.015m far | 97DE:d=8.958m far | 8997:skip(done) | 8780:skip(done) | 8EF9:skip(done) | 94B1:skip(done) | 3D2F:skip(done) | FB7A:d=1.144m far | 5171:d=2.763m far
[2026-03-21T17:38:49.254Z] [Tick] t304 0C58:d=9.054m far | 254B:d=9.063m far | 49D6:d=9.120m far | A537:d=9.092m far | 97DE:d=9.035m far | 8997:skip(done) | 8780:skip(done) | 8EF9:skip(done) | 94B1:skip(done) | 3D2F:skip(done) | FB7A:d=1.146m far | 5171:d=2.758m far
[2026-03-21T17:38:50.253Z] [Tick] t308 0C58:d=9.187m far | 254B:d=9.197m far | 49D6:d=9.255m far | A537:d=9.227m far | 97DE:d=9.172m far | 8997:skip(done) | 8780:skip(done) | 8EF9:skip(done) | 94B1:skip(done) | 3D2F:skip(done) | FB7A:d=1.360m far | 5171:d=2.966m far
[2026-03-21T17:38:51.254Z] [Tick] t312 0C58:d=9.228m far | 254B:d=9.238m far | 49D6:d=9.295m far | A537:d=9.267m far | 97DE:d=9.211m far | 8997:skip(done) | 8780:skip(done) | 8EF9:skip(done) | 94B1:skip(done) | 3D2F:skip(done) | FB7A:d=1.319m far | 5171:d=2.908m far
[2026-03-21T17:38:52.264Z] [Tick] t316 0C58:d=9.178m far | 254B:d=9.188m far | 49D6:d=9.245m far | A537:d=9.217m far | 97DE:d=9.161m far | 8997:skip(done) | 8780:skip(done) | 8EF9:skip(done) | 94B1:skip(done) | 3D2F:skip(done) | FB7A:d=1.323m far | 5171:d=2.895m far
[2026-03-21T17:38:53.254Z] [Tick] t320 0C58:d=9.075m far | 254B:d=9.085m far | 49D6:d=9.143m far | A537:d=9.115m far | 97DE:d=9.060m far | 8997:skip(done) | 8780:skip(done) | 8EF9:skip(done) | 94B1:skip(done) | 3D2F:skip(done) | FB7A:d=1.340m far | 5171:d=2.925m far
[2026-03-21T17:38:54.254Z] [Tick] t324 0C58:d=9.040m far | 254B:d=9.051m far | 49D6:d=9.108m far | A537:d=9.081m far | 97DE:d=9.026m far | 8997:skip(done) | 8780:skip(done) | 8EF9:skip(done) | 94B1:skip(done) | 3D2F:skip(done) | FB7A:d=1.361m far | 5171:d=2.951m far
[2026-03-21T17:38:55.254Z] [Tick] t328 0C58:d=9.094m far | 254B:d=9.104m far | 49D6:d=9.162m far | A537:d=9.134m far | 97DE:d=9.080m far | 8997:skip(done) | 8780:skip(done) | 8EF9:skip(done) | 94B1:skip(done) | 3D2F:skip(done) | FB7A:d=1.389m far | 5171:d=2.986m far
[2026-03-21T17:38:56.258Z] [Tick] t332 0C58:d=9.075m far | 254B:d=9.085m far | 49D6:d=9.143m far | A537:d=9.115m far | 97DE:d=9.062m far | 8997:skip(done) | 8780:skip(done) | 8EF9:skip(done) | 94B1:skip(done) | 3D2F:skip(done) | FB7A:d=1.421m far | 5171:d=3.020m far
[2026-03-21T17:38:57.253Z] [Tick] t336 0C58:d=9.124m far | 254B:d=9.134m far | 49D6:d=9.193m far | A537:d=9.165m far | 97DE:d=9.112m far | 8997:skip(done) | 8780:skip(done) | 8EF9:skip(done) | 94B1:skip(done) | 3D2F:skip(done) | FB7A:d=1.484m far | 5171:d=3.078m far
[2026-03-21T17:38:58.254Z] [Tick] t340 0C58:d=9.147m far | 254B:d=9.157m far | 49D6:d=9.216m far | A537:d=9.188m far | 97DE:d=9.135m far | 8997:skip(done) | 8780:skip(done) | 8EF9:skip(done) | 94B1:skip(done) | 3D2F:skip(done) | FB7A:d=1.527m far | 5171:d=3.121m far
[2026-03-21T17:38:59.254Z] [Tick] t344 0C58:d=9.055m far | 254B:d=9.066m far | 49D6:d=9.125m far | A537:d=9.097m far | 97DE:d=9.046m far | 8997:skip(done) | 8780:skip(done) | 8EF9:skip(done) | 94B1:skip(done) | 3D2F:skip(done) | FB7A:d=1.586m far | 5171:d=3.200m far
[2026-03-21T17:39:14.754Z] [Tick] t348 0C58:d=0.273m far | 254B:d=0.282m far | 49D6:d=0.299m far | A537:d=0.291m far | 97DE:d=0.343m far | 8997:skip(done) | 8780:skip(done) | 8EF9:skip(done) | 94B1:skip(done) | 3D2F:skip(done) | FB7A:d=8.698m far | 5171:d=8.769m far
[2026-03-21T17:39:15.754Z] [Tick] t352 0C58:d=0.273m far | 254B:d=0.282m far | 49D6:d=0.299m far | A537:d=0.291m far | 97DE:d=0.343m far | 8997:skip(done) | 8780:skip(done) | 8EF9:skip(done) | 94B1:skip(done) | 3D2F:skip(done) | FB7A:d=8.698m far | 5171:d=8.769m far
[2026-03-21T17:39:16.754Z] [Tick] t356 0C58:d=0.408m far | 254B:d=0.404m far | 49D6:d=0.362m far | A537:d=0.382m far | 97DE:d=0.450m far | 8997:skip(done) | 8780:skip(done) | 8EF9:skip(done) | 94B1:skip(done) | 3D2F:skip(done) | FB7A:d=9.010m far | 5171:d=9.059m far
[2026-03-21T17:39:17.754Z] [Tick] t360 0C58:d=0.831m far | 254B:d=0.832m far | 49D6:d=0.800m far | A537:d=0.819m far | 97DE:d=0.925m far | 8997:skip(done) | 8780:skip(done) | 8EF9:skip(done) | 94B1:skip(done) | 3D2F:skip(done) | FB7A:d=9.468m far | 5171:d=9.553m far
[2026-03-21T17:39:18.754Z] [Tick] t364 0C58:d=1.633m far | 254B:d=1.628m far | 49D6:d=1.578m far | A537:d=1.603m far | 97DE:d=1.679m far | 8997:skip(done) | 8780:skip(done) | 8EF9:skip(done) | 94B1:skip(done) | 3D2F:skip(done) | FB7A:d=10.285m far | 5171:d=10.320m far
[2026-03-21T17:39:19.754Z] [Tick] t368 0C58:d=2.704m far | 254B:d=2.700m far | 49D6:d=2.654m far | A537:d=2.678m far | 97DE:d=2.767m far | 8997:skip(done) | 8780:skip(done) | 8EF9:skip(done) | 94B1:skip(done) | 3D2F:skip(done) | FB7A:d=11.386m far | 5171:d=11.449m far
[2026-03-21T17:39:20.754Z] [Tick] t372 0C58:d=0.872m far | 254B:d=0.895m far | 49D6:d=0.963m far | A537:d=0.938m far | 97DE:d=1.013m far | 8997:skip(done) | 8780:skip(done) | 8EF9:skip(done) | 94B1:skip(done) | 3D2F:skip(done) | FB7A:d=8.324m far | 5171:d=8.541m far
[2026-03-21T17:39:21.754Z] [Tick] t376 0C58:d=1.221m far | 254B:d=1.236m far | 49D6:d=1.272m far | A537:d=1.263m far | 97DE:d=1.390m far | 8997:skip(done) | 8780:skip(done) | 8EF9:skip(done) | 94B1:skip(done) | 3D2F:skip(done) | FB7A:d=9.084m far | 5171:d=9.337m far
[2026-03-21T17:39:22.754Z] [Tick] t380 0C58:d=1.216m far | 254B:d=1.234m far | 49D6:d=1.279m far | A537:d=1.267m far | 97DE:d=1.388m far | 8997:skip(done) | 8780:skip(done) | 8EF9:skip(done) | 94B1:skip(done) | 3D2F:skip(done) | FB7A:d=8.917m far | 5171:d=9.186m far
[2026-03-21T17:39:23.754Z] [Tick] t384 0C58:d=1.098m far | 254B:d=1.120m far | 49D6:d=1.175m far | A537:d=1.158m far | 97DE:d=1.275m far | 8997:skip(done) | 8780:skip(done) | 8EF9:skip(done) | 94B1:skip(done) | 3D2F:skip(done) | FB7A:d=8.716m far | 5171:d=8.985m far
[2026-03-21T17:39:24.754Z] [Tick] t388 0C58:d=0.815m far | 254B:d=0.834m far | 49D6:d=0.900m far | A537:d=0.872m far | 97DE:d=0.890m far | 8997:skip(done) | 8780:skip(done) | 8EF9:skip(done) | 94B1:skip(done) | 3D2F:skip(done) | FB7A:d=8.074m far | 5171:d=8.234m far
[2026-03-21T17:39:25.755Z] [Tick] t392 0C58:d=0.993m far | 254B:d=1.003m far | 49D6:d=1.056m far | A537:d=1.030m far | 97DE:d=0.981m far | 8997:skip(done) | 8780:skip(done) | 8EF9:skip(done) | 94B1:skip(done) | 3D2F:skip(done) | FB7A:d=7.758m far | 5171:d=7.856m far
[2026-03-21T17:39:26.754Z] [Tick] t396 0C58:d=1.139m far | 254B:d=1.150m far | 49D6:d=1.207m far | A537:d=1.180m far | 97DE:d=1.137m far | 8997:skip(done) | 8780:skip(done) | 8EF9:skip(done) | 94B1:skip(done) | 3D2F:skip(done) | FB7A:d=7.600m far | 5171:d=7.721m far
[2026-03-21T17:39:27.754Z] [Tick] t400 0C58:d=1.079m far | 254B:d=1.092m far | 49D6:d=1.152m far | A537:d=1.125m far | 97DE:d=1.094m far | 8997:skip(done) | 8780:skip(done) | 8EF9:skip(done) | 94B1:skip(done) | 3D2F:skip(done) | FB7A:d=7.683m far | 5171:d=7.817m far
[2026-03-21T17:39:28.761Z] [Tick] t404 0C58:d=1.082m far | 254B:d=1.095m far | 49D6:d=1.155m far | A537:d=1.127m far | 97DE:d=1.095m far | 8997:skip(done) | 8780:skip(done) | 8EF9:skip(done) | 94B1:skip(done) | 3D2F:skip(done) | FB7A:d=7.679m far | 5171:d=7.813m far
[2026-03-21T17:42:02.477Z] Location error: The operation couldn’t be completed. (kCLErrorDomain error 1.)
[2026-03-21T17:44:09.415Z] Location error: The operation couldn’t be completed. (kCLErrorDomain error 0.)
[2026-03-21T18:07:16.996Z] [Tick] t4 602F:d=4.805m far | DD73:d=7.137m far | 57D1:d=9.849m far | 52F4:d=12.935m far | 5C63:d=14.813m far | 25E7:d=17.022m far | 77FB:d=19.701m far | 5CF4:d=22.548m far | 8898:d=24.314m far | FA81:d=26.065m far | B475:d=26.686m far | C4C2:d=27.396m far | C16B:d=29.068m far | 4FFB:d=31.037m far | 27EA:d=33.492m far | 8900:d=36.043m far | 6FF0:d=38.753m far | 662F:d=41.603m far | F64F:d=44.526m far | 5224:d=46.079m far | E813:d=46.668m far | 80F8:d=44.788m far | 0AB8:d=42.829m far | 07D1:d=40.797m far | 7BC1:d=39.238m far | A2D6:d=38.071m far | FC0A:d=36.596m far | 4E0E:d=35.130m far | 0994:d=37.618m far | 1613:d=40.448m far | 9A8C:d=44.045m far | 180E:d=47.199m far | E7FE:d=49.496m far | EEA7:d=51.801m far | F159:d=54.641m far | 1C6E:d=57.593m far | 3714:d=60.867m far | BEFF:d=64.353m far | F846:d=68.102m far | 737B:d=71.620m far | D538:d=74.467m far | F095:d=77.314m far | FAB7:d=79.975m far | 4A99:d=82.589m far | 2A30:d=85.458m far | E512:d=88.330m far | DC5C:d=91.081m far | E994:d=93.831m far | 66C0:d=96.651m far | 50CB:d=99.479m far | C58A:d=102.613m far | E903:d=105.840m far | 3E9C:d=109.392m far | 5F7D:d=112.807m far | CE5D:d=115.699m far | E355:d=118.378m far | EF2B:d=120.315m far
[2026-03-21T18:07:18.186Z] [Tick] t8 602F:d=4.097m far | DD73:d=6.451m far | 57D1:d=9.125m far | 52F4:d=12.177m far | 5C63:d=14.020m far | 25E7:d=16.219m far | 77FB:d=18.902m far | 5CF4:d=21.756m far | 8898:d=23.538m far | FA81:d=25.307m far | B475:d=25.961m far | C4C2:d=26.714m far | C16B:d=28.426m far | 4FFB:d=30.433m far | 27EA:d=32.912m far | 8900:d=35.488m far | 6FF0:d=38.231m far | 662F:d=41.103m far | F64F:d=44.043m far | 5224:d=45.561m far | E813:d=46.117m far | 80F8:d=44.220m far | 0AB8:d=42.239m far | 07D1:d=40.179m far | 7BC1:d=38.586m far | A2D6:d=37.384m far | FC0A:d=35.882m far | 4E0E:d=34.392m far | 0994:d=36.863m far | 1613:d=39.684m far | 9A8C:d=43.285m far | 180E:d=46.444m far | E7FE:d=48.744m far | EEA7:d=51.052m far | F159:d=53.899m far | 1C6E:d=56.858m far | 3714:d=60.140m far | BEFF:d=63.628m far | F846:d=67.373m far | 737B:d=70.890m far | D538:d=73.737m far | F095:d=76.585m far | FAB7:d=79.247m far | 4A99:d=81.863m far | 2A30:d=84.731m far | E512:d=87.601m far | DC5C:d=90.351m far | E994:d=93.100m far | 66C0:d=95.920m far | 50CB:d=98.747m far | C58A:d=101.881m far | E903:d=105.109m far | 3E9C:d=108.660m far | 5F7D:d=112.076m far | CE5D:d=114.969m far | E355:d=117.649m far | EF2B:d=119.586m far
[2026-03-21T18:07:18.985Z] [Tick] t12 602F:d=3.301m far | DD73:d=5.661m far | 57D1:d=8.295m far | 52F4:d=11.321m far | 5C63:d=13.152m far | 25E7:d=15.364m far | 77FB:d=18.068m far | 5CF4:d=20.946m far | 8898:d=22.757m far | FA81:d=24.559m far | B475:d=25.266m far | C4C2:d=26.082m far | C16B:d=27.850m far | 4FFB:d=29.908m far | 27EA:d=32.417m far | 8900:d=35.027m far | 6FF0:d=37.810m far | 662F:d=40.710m far | F64F:d=43.668m far | 5224:d=45.143m far | E813:d=45.658m far | 80F8:d=43.737m far | 0AB8:d=41.729m far | 07D1:d=39.632m far | 7BC1:d=37.994m far | A2D6:d=36.742m far | FC0A:d=35.200m far | 4E0E:d=33.674m far | 0994:d=36.118m far | 1613:d=38.923m far | 9A8C:d=42.533m far | 180E:d=45.698m far | E7FE:d=48.005m far | EEA7:d=50.318m far | F159:d=53.175m far | 1C6E:d=56.143m far | 3714:d=59.438m far | BEFF:d=62.930m far | F846:d=66.667m far | 737B:d=70.179m far | D538:d=73.027m far | F095:d=75.876m far | FAB7:d=78.541m far | 4A99:d=81.159m far | 2A30:d=84.024m far | E512:d=86.891m far | DC5C:d=89.640m far | E994:d=92.388m far | 66C0:d=95.207m far | 50CB:d=98.033m far | C58A:d=101.167m far | E903:d=104.394m far | 3E9C:d=107.946m far | 5F7D:d=111.362m far | CE5D:d=114.256m far | E355:d=116.936m far | EF2B:d=118.875m far
[2026-03-21T18:07:19.986Z] [Tick] t16 602F:d=2.399m far | DD73:d=4.742m far | 57D1:d=7.314m far | 52F4:d=10.308m far | 5C63:d=12.132m far | 25E7:d=14.366m far | 77FB:d=17.103m far | 5CF4:d=20.013m far | 8898:d=21.866m far | FA81:d=23.711m far | B475:d=24.489m far | C4C2:d=25.387m far | C16B:d=27.225m far | 4FFB:d=29.346m far | 27EA:d=31.892m far | 8900:d=34.542m far | 6FF0:d=37.371m far | 662F:d=40.304m far | F64F:d=43.285m far | 5224:d=44.705m far | E813:d=45.168m far | 80F8:d=43.221m far | 0AB8:d=41.178m far | 07D1:d=39.038m far | 7BC1:d=37.342m far | A2D6:d=36.028m far | FC0A:d=34.436m far | 4E0E:d=32.863m far | 0994:d=35.271m far | 1613:d=38.054m far | 9A8C:d=41.675m far | 180E:d=44.849m far | E7FE:d=47.163m far | EEA7:d=49.483m far | F159:d=52.351m far | 1C6E:d=55.332m far | 3714:d=58.643m far | BEFF:d=62.139m far | F846:d=65.866m far | 737B:d=69.372m far | D538:d=72.221m far | F095:d=75.071m far | FAB7:d=77.739m far | 4A99:d=80.359m far | 2A30:d=83.221m far | E512:d=86.085m far | DC5C:d=88.832m far | E994:d=91.578m far | 66C0:d=94.396m far | 50CB:d=97.221m far | C58A:d=100.354m far | E903:d=103.581m far | 3E9C:d=107.133m far | 5F7D:d=110.549m far | CE5D:d=113.444m far | E355:d=116.126m far | EF2B:d=118.065m far
[2026-03-21T18:07:20.994Z] [Tick] t20 602F:d=1.671m far | DD73:d=3.970m far | 57D1:d=6.502m far | 52F4:d=9.491m far | 5C63:d=11.344m far | 25E7:d=13.625m far | 77FB:d=16.408m far | 5CF4:d=19.357m far | 8898:d=21.257m far | FA81:d=23.149m far | B475:d=24.000m far | C4C2:d=24.977m far | C16B:d=26.880m far | 4FFB:d=29.057m far | 27EA:d=31.634m far | 8900:d=34.317m far | 6FF0:d=37.187m far | 662F:d=40.147m far | F64F:d=43.145m far | 5224:d=44.519m far | E813:d=44.937m far | 80F8:d=42.967m far | 0AB8:d=40.894m far | 07D1:d=38.714m far | 7BC1:d=36.967m far | A2D6:d=35.594m far | FC0A:d=33.954m far | 4E0E:d=32.334m far | 0994:d=34.704m far | 1613:d=37.464m far | 9A8C:d=41.095m far | 180E:d=44.278m far | E7FE:d=46.598m far | EEA7:d=48.925m far | F159:d=51.805m far | 1C6E:d=54.798m far | 3714:d=58.125m far | BEFF:d=61.624m far | F846:d=65.341m far | 737B:d=68.840m far | D538:d=71.691m far | F095:d=74.542m far | FAB7:d=77.212m far | 4A99:d=79.835m far | 2A30:d=82.693m far | E512:d=85.553m far | DC5C:d=88.298m far | E994:d=91.042m far | 66C0:d=93.859m far | 50CB:d=96.684m far | C58A:d=99.816m far | E903:d=103.042m far | 3E9C:d=106.594m far | 5F7D:d=110.011m far | CE5D:d=112.907m far | E355:d=115.590m far | EF2B:d=117.529m far
[2026-03-21T18:07:21.985Z] [Tick] t24 602F:d=1.535m far | DD73:d=3.782m far | 57D1:d=6.272m far | 52F4:d=9.240m far | 5C63:d=11.079m far | 25E7:d=13.358m far | 77FB:d=16.144m far | 5CF4:d=19.098m far | 8898:d=21.006m far | FA81:d=22.906m far | B475:d=23.772m far | C4C2:d=24.767m far | C16B:d=26.686m far | 4FFB:d=28.876m far | 27EA:d=31.461m far | 8900:d=34.154m far | 6FF0:d=37.034m far | 662F:d=40.001m far | F64F:d=43.004m far | 5224:d=44.365m far | E813:d=44.770m far | 80F8:d=42.794m far | 0AB8:d=40.714m far | 07D1:d=38.524m far | 7BC1:d=36.764m far | A2D6:d=35.377m far | FC0A:d=33.727m far | 4E0E:d=32.097m far | 0994:d=34.459m far | 1613:d=37.215m far | 9A8C:d=40.848m far | 180E:d=44.032m far | E7FE:d=46.354m far | EEA7:d=48.681m far | F159:d=51.564m far | 1C6E:d=54.560m far | 3714:d=57.889m far | BEFF:d=61.389m far | F846:d=65.105m far | 737B:d=68.603m far | D538:d=71.453m far | F095:d=74.304m far | FAB7:d=76.975m far | 4A99:d=79.599m far | 2A30:d=82.456m far | E512:d=85.315m far | DC5C:d=88.060m far | E994:d=90.804m far | 66C0:d=93.620m far | 50CB:d=96.445m far | C58A:d=99.577m far | E903:d=102.803m far | 3E9C:d=106.355m far | 5F7D:d=109.772m far | CE5D:d=112.668m far | E355:d=115.351m far | EF2B:d=117.291m far
[2026-03-21T18:07:22.986Z] [Tick] t28 602F:d=1.433m far | DD73:d=3.609m far | 57D1:d=6.059m far | 52F4:d=9.010m far | 5C63:d=10.839m far | 25E7:d=13.120m far | 77FB:d=15.911m far | 5CF4:d=18.870m far | 8898:d=20.787m far | FA81:d=22.696m far | B475:d=23.578m far | C4C2:d=24.593m far | C16B:d=26.527m far | 4FFB:d=28.731m far | 27EA:d=31.323m far | 8900:d=34.023m far | 6FF0:d=36.914m far | 662F:d=39.887m far | F64F:d=42.894m far | 5224:d=44.242m far | E813:d=44.637m far | 80F8:d=42.656m far | 0AB8:d=40.568m far | 07D1:d=38.369m far | 7BC1:d=36.596m far | A2D6:d=35.195m far | FC0A:d=33.534m far | 4E0E:d=31.895m far | 0994:d=34.248m far | 1613:d=36.998m far | 9A8C:d=40.632m far | 180E:d=43.817m far | E7FE:d=46.140m far | EEA7:d=48.469m far | F159:d=51.354m far | 1C6E:d=54.352m far | 3714:d=57.685m far | BEFF:d=61.186m far | F846:d=64.901m far | 737B:d=68.399m far | D538:d=71.250m far | F095:d=74.101m far | FAB7:d=76.773m far | 4A99:d=79.397m far | 2A30:d=82.253m far | E512:d=85.112m far | DC5C:d=87.856m far | E994:d=90.600m far | 66C0:d=93.416m far | 50CB:d=96.241m far | C58A:d=99.373m far | E903:d=102.599m far | 3E9C:d=106.151m far | 5F7D:d=109.568m far | CE5D:d=112.465m far | E355:d=115.149m far | EF2B:d=117.089m far
[2026-03-21T18:07:23.994Z] [Tick] t32 602F:d=1.080m far | DD73:d=2.655m far | 57D1:d=4.979m far | 52F4:d=7.922m far | 5C63:d=9.810m far | 25E7:d=12.171m far | 77FB:d=15.035m far | 5CF4:d=18.051m far | 8898:d=20.040m far | FA81:d=22.016m far | B475:d=23.007m far | C4C2:d=24.137m far | C16B:d=26.161m far | 4FFB:d=28.440m far | 27EA:d=31.072m far | 8900:d=33.815m far | 6FF0:d=36.758m far | 662F:d=39.764m far | F64F:d=42.793m far | 5224:d=44.076m far | E813:d=44.408m far | 80F8:d=42.396m far | 0AB8:d=40.269m far | 07D1:d=38.017m far | 7BC1:d=36.173m far | A2D6:d=34.689m far | FC0A:d=32.960m far | 4E0E:d=31.254m far | 0994:d=33.548m far | 1613:d=36.262m far | 9A8C:d=39.910m far | 180E:d=43.106m far | E7FE:d=45.438m far | EEA7:d=47.775m far | F159:d=50.677m far | 1C6E:d=53.692m far | 3714:d=57.046m far | BEFF:d=60.552m far | F846:d=64.252m far | 737B:d=67.740m far | D538:d=70.592m far | F095:d=73.444m far | FAB7:d=76.119m far | 4A99:d=78.746m far | 2A30:d=81.596m far | E512:d=84.450m far | DC5C:d=87.191m far | E994:d=89.931m far | 66C0:d=92.746m far | 50CB:d=95.569m far | C58A:d=98.700m far | E903:d=101.925m far | 3E9C:d=105.477m far | 5F7D:d=108.894m far | CE5D:d=111.793m far | E355:d=114.477m far | EF2B:d=116.419m far
[2026-03-21T18:07:24.985Z] [Tick] t36 602F:d=1.415m far | DD73:d=1.556m far | 57D1:d=3.834m far | 52F4:d=6.869m far | 5C63:d=8.936m far | 25E7:d=11.450m far | 77FB:d=14.427m far | 5CF4:d=17.523m far | 8898:d=19.608m far | FA81:d=21.672m far | B475:d=22.799m far | C4C2:d=24.066m far | C16B:d=26.191m far | 4FFB:d=28.552m far | 27EA:d=31.223m far | 8900:d=34.011m far | 6FF0:d=37.006m far | 662F:d=40.046m far | F64F:d=43.095m far | 5224:d=44.308m far | E813:d=44.573m far | 80F8:d=42.529m far | 0AB8:d=40.359m far | 07D1:d=38.049m far | 7BC1:d=36.125m far | A2D6:d=34.545m far | FC0A:d=32.735m far | 4E0E:d=30.946m far | 0994:d=33.162m far | 1613:d=35.825m far | 9A8C:d=39.489m far | 180E:d=42.698m far | E7FE:d=45.042m far | EEA7:d=47.389m far | F159:d=50.311m far | 1C6E:d=53.346m far | 3714:d=56.726m far | BEFF:d=60.236m far | F846:d=63.915m far | 737B:d=67.389m far | D538:d=70.241m far | F095:d=73.094m far | FAB7:d=75.772m far | 4A99:d=78.403m far | 2A30:d=81.245m far | E512:d=84.092m far | DC5C:d=86.828m far | E994:d=89.564m far | 66C0:d=92.376m far | 50CB:d=95.196m far | C58A:d=98.325m far | E903:d=101.548m far | 3E9C:d=105.099m far | 5F7D:d=108.516m far | CE5D:d=111.416m far | E355:d=114.102m far | EF2B:d=116.044m far
[2026-03-21T18:07:25.986Z] [Tick] t40 602F:d=2.327m far | DD73:d=0.972m far | 57D1:d=2.809m far | 52F4:d=5.897m far | 5C63:d=8.103m far | 25E7:d=10.735m far | 77FB:d=13.798m far | 5CF4:d=16.953m far | 8898:d=19.116m far | FA81:d=21.249m far | B475:d=22.489m far | C4C2:d=23.872m far | C16B:d=26.082m far | 4FFB:d=28.511m far | 27EA:d=31.216m far | 8900:d=34.040m far | 6FF0:d=37.080m far | 662F:d=40.148m far | F64F:d=43.214m far | 5224:d=44.363m far | E813:d=44.567m far | 80F8:d=42.494m far | 0AB8:d=40.288m far | 07D1:d=37.929m far | 7BC1:d=35.935m far | A2D6:d=34.274m far | FC0A:d=32.395m far | 4E0E:d=30.538m far | 0994:d=32.688m far | 1613:d=35.308m far | 9A8C:d=38.983m far | 180E:d=42.203m far | E7FE:d=44.555m far | EEA7:d=46.910m far | F159:d=49.847m far | 1C6E:d=52.898m far | 3714:d=56.299m far | BEFF:d=59.810m far | F846:d=63.466m far | 737B:d=66.926m far | D538:d=69.778m far | F095:d=72.630m far | FAB7:d=75.311m far | 4A99:d=77.944m far | 2A30:d=80.779m far | E512:d=83.619m far | DC5C:d=86.350m far | E994:d=89.082m far | 66C0:d=91.891m far | 50CB:d=94.708m far | C58A:d=97.834m far | E903:d=101.055m far | 3E9C:d=104.604m far | 5F7D:d=108.020m far | CE5D:d=110.920m far | E355:d=113.606m far | EF2B:d=115.548m far
[2026-03-21T18:07:26.994Z] [Tick] t44 602F:d=2.724m far | DD73:d=0.957m far | 57D1:d=2.394m far | 52F4:d=5.516m far | 5C63:d=7.797m far | 25E7:d=10.484m far | 77FB:d=13.583m far | 5CF4:d=16.761m far | 8898:d=18.957m far | FA81:d=21.120m far | B475:d=22.410m far | C4C2:d=23.842m far | C16B:d=26.086m far | 4FFB:d=28.543m far | 27EA:d=31.261m far | 8900:d=34.099m far | 6FF0:d=37.156m far | 662F:d=40.235m far | F64F:d=43.307m far | 5224:d=44.429m far | E813:d=44.608m far | 80F8:d=42.525m far | 0AB8:d=40.303m far | 07D1:d=37.924m far | 7BC1:d=35.902m far | A2D6:d=34.206m far | FC0A:d=32.299m far | 4E0E:d=30.413m far | 0994:d=32.532m far | 1613:d=35.131m far | 9A8C:d=38.811m far | 180E:d=42.034m far | E7FE:d=44.390m far | EEA7:d=46.748m far | F159:d=49.691m far | 1C6E:d=52.748m far | 3714:d=56.159m far | BEFF:d=59.670m far | F846:d=63.317m far | 737B:d=66.771m far | D538:d=69.623m far | F095:d=72.475m far | FAB7:d=75.156m far | 4A99:d=77.790m far | 2A30:d=80.622m far | E512:d=83.459m far | DC5C:d=86.189m far | E994:d=88.919m far | 66C0:d=91.726m far | 50CB:d=94.542m far | C58A:d=97.668m far | E903:d=100.888m far | 3E9C:d=104.436m far | 5F7D:d=107.852m far | CE5D:d=110.752m far | E355:d=113.438m far | EF2B:d=115.380m far
[2026-03-21T18:07:27.985Z] [Tick] t48 602F:d=2.769m far | DD73:d=0.969m far | 57D1:d=2.347m far | 52F4:d=5.472m far | 5C63:d=7.760m far | 25E7:d=10.452m far | 77FB:d=13.554m far | 5CF4:d=16.736m far | 8898:d=18.935m far | FA81:d=21.101m far | B475:d=22.396m far | C4C2:d=23.833m far | C16B:d=26.082m far | 4FFB:d=28.541m far | 27EA:d=31.260m far | 8900:d=34.100m far | 6FF0:d=37.160m far | 662F:d=40.239m far | F64F:d=43.312m far | 5224:d=44.431m far | E813:d=44.607m far | 80F8:d=42.523m far | 0AB8:d=40.300m far | 07D1:d=37.918m far | 7BC1:d=35.893m far | A2D6:d=34.194m far | FC0A:d=32.283m far | 4E0E:d=30.394m far | 0994:d=32.509m far | 1613:d=35.107m far | 9A8C:d=38.787m far | 180E:d=42.011m far | E7FE:d=44.366m far | EEA7:d=46.725m far | F159:d=49.669m far | 1C6E:d=52.727m far | 3714:d=56.138m far | BEFF:d=59.649m far | F846:d=63.296m far | 737B:d=66.749m far | D538:d=69.601m far | F095:d=72.452m far | FAB7:d=75.134m far | 4A99:d=77.768m far | 2A30:d=80.600m far | E512:d=83.437m far | DC5C:d=86.166m far | E994:d=88.896m far | 66C0:d=91.703m far | 50CB:d=94.519m far | C58A:d=97.644m far | E903:d=100.864m far | 3E9C:d=104.412m far | 5F7D:d=107.828m far | CE5D:d=110.728m far | E355:d=113.414m far | EF2B:d=115.357m far
[2026-03-21T18:07:28.986Z] [Tick] t52 602F:d=2.837m far | DD73:d=0.919m far | 57D1:d=2.251m far | 52F4:d=5.408m far | 5C63:d=7.731m far | 25E7:d=10.444m far | 77FB:d=13.558m far | 5CF4:d=16.746m far | 8898:d=18.956m far | FA81:d=21.132m far | B475:d=22.440m far | C4C2:d=23.891m far | C16B:d=26.148m far | 4FFB:d=28.614m far | 27EA:d=31.335m far | 8900:d=34.178m far | 6FF0:d=37.241m far | 662F:d=40.323m far | F64F:d=43.397m far | 5224:d=44.511m far | E813:d=44.681m far | 80F8:d=42.595m far | 0AB8:d=40.368m far | 07D1:d=37.982m far | 7BC1:d=35.949m far | A2D6:d=34.241m far | FC0A:d=32.323m far | 4E0E:d=30.425m far | 0994:d=32.531m far | 1613:d=35.122m far | 9A8C:d=38.803m far | 180E:d=42.028m far | E7FE:d=44.385m far | EEA7:d=46.744m far | F159:d=49.690m far | 1C6E:d=52.750m far | 3714:d=56.164m far | BEFF:d=59.675m far | F846:d=63.320m far | 737B:d=66.772m far | D538:d=69.623m far | F095:d=72.475m far | FAB7:d=75.157m far | 4A99:d=77.792m far | 2A30:d=80.622m far | E512:d=83.458m far | DC5C:d=86.187m far | E994:d=88.917m far | 66C0:d=91.723m far | 50CB:d=94.539m far | C58A:d=97.664m far | E903:d=100.883m far | 3E9C:d=104.431m far | 5F7D:d=107.847m far | CE5D:d=110.747m far | E355:d=113.434m far | EF2B:d=115.376m far
[2026-03-21T18:07:29.986Z] [Tick] t56 602F:d=2.800m far | DD73:d=0.914m far | 57D1:d=2.298m far | 52F4:d=5.449m far | 5C63:d=7.766m far | 25E7:d=10.473m far | 77FB:d=13.584m far | 5CF4:d=16.770m far | 8898:d=18.977m far | FA81:d=21.149m far | B475:d=22.453m far | C4C2:d=23.899m far | C16B:d=26.152m far | 4FFB:d=28.616m far | 27EA:d=31.336m far | 8900:d=34.178m far | 6FF0:d=37.239m far | 662F:d=40.320m far | F64F:d=43.394m far | 5224:d=44.510m far | E813:d=44.683m far | 80F8:d=42.597m far | 0AB8:d=40.372m far | 07D1:d=37.988m far | 7BC1:d=35.958m far | A2D6:d=34.253m far | FC0A:d=32.337m far | 4E0E:d=30.442m far | 0994:d=32.551m far | 1613:d=35.144m far | 9A8C:d=38.825m far | 180E:d=42.050m far | E7FE:d=44.406m far | EEA7:d=46.765m far | F159:d=49.711m far | 1C6E:d=52.770m far | 3714:d=56.183m far | BEFF:d=59.694m far | F846:d=63.340m far | 737B:d=66.792m far | D538:d=69.643m far | F095:d=72.495m far | FAB7:d=75.177m far | 4A99:d=77.811m far | 2A30:d=80.642m far | E512:d=83.478m far | DC5C:d=86.207m far | E994:d=88.937m far | 66C0:d=91.744m far | 50CB:d=94.560m far | C58A:d=97.684m far | E903:d=100.904m far | 3E9C:d=104.452m far | 5F7D:d=107.868m far | CE5D:d=110.768m far | E355:d=113.454m far | EF2B:d=115.397m far
[2026-03-21T18:07:59.485Z] [Tick] t60 602F:d=4.821m far | DD73:d=2.586m far | 57D1:d=0.388m far | 52F4:d=3.560m far | 5C63:d=6.199m far | 25E7:d=9.116m far | 77FB:d=12.354m far | 5CF4:d=15.621m far | 8898:d=17.965m far | FA81:d=20.262m far | B475:d=21.787m far | C4C2:d=23.456m far | C16B:d=25.863m far | 4FFB:d=28.446m far | 27EA:d=31.217m far | 8900:d=34.118m far | 6FF0:d=37.257m far | 662F:d=40.383m far | F64F:d=43.481m far | 5224:d=44.470m far | E813:d=44.524m far | 80F8:d=42.389m far | 0AB8:d=40.099m far | 07D1:d=37.624m far | 7BC1:d=35.465m far | A2D6:d=33.604m far | FC0A:d=31.560m far | 4E0E:d=29.537m far | 0994:d=31.503m far | 1613:d=34.001m far | 9A8C:d=37.695m far | 180E:d=40.931m far | E7FE:d=43.300m far | EEA7:d=45.669m far | F159:d=48.641m far | 1C6E:d=51.727m far | 3714:d=55.176m far | BEFF:d=58.689m far | F846:d=62.295m far | 737B:d=65.721m far | D538:d=68.570m far | F095:d=71.420m far | FAB7:d=74.105m far | 4A99:d=76.743m far | 2A30:d=79.559m far | E512:d=82.381m far | DC5C:d=85.101m far | E994:d=87.822m far | 66C0:d=90.623m far | 50CB:d=93.433m far | C58A:d=96.553m far | E903:d=99.768m far | 3E9C:d=103.313m far | 5F7D:d=106.727m far | CE5D:d=109.628m far | E355:d=112.315m far | EF2B:d=114.258m far
[2026-03-21T18:08:00.486Z] [Tick] t64 602F:d=4.781m far | DD73:d=2.550m far | 57D1:d=0.417m far | 52F4:d=3.594m far | 5C63:d=6.223m far | 25E7:d=9.136m far | 77FB:d=12.371m far | 5CF4:d=15.637m far | 8898:d=17.978m far | FA81:d=20.272m far | B475:d=21.793m far | C4C2:d=23.457m far | C16B:d=25.861m far | 4FFB:d=28.442m far | 27EA:d=31.212m far | 8900:d=34.112m far | 6FF0:d=37.249m far | 662F:d=40.374m far | F64F:d=43.472m far | 5224:d=44.464m far | E813:d=44.520m far | 80F8:d=42.386m far | 0AB8:d=40.097m far | 07D1:d=37.624m far | 7BC1:d=35.468m far | A2D6:d=33.609m far | FC0A:d=31.568m far | 4E0E:d=29.548m far | 0994:d=31.518m far | 1613:d=34.018m far | 9A8C:d=37.712m far | 180E:d=40.948m far | E7FE:d=43.316m far | EEA7:d=45.685m far | F159:d=48.656m far | 1C6E:d=51.742m far | 3714:d=55.190m far | BEFF:d=58.703m far | F846:d=62.310m far | 737B:d=65.736m far | D538:d=68.586m far | F095:d=71.435m far | FAB7:d=74.121m far | 4A99:d=76.758m far | 2A30:d=79.575m far | E512:d=82.397m far | DC5C:d=85.118m far | E994:d=87.839m far | 66C0:d=90.640m far | 50CB:d=93.450m far | C58A:d=96.570m far | E903:d=99.785m far | 3E9C:d=103.330m far | 5F7D:d=106.744m far | CE5D:d=109.645m far | E355:d=112.333m far | EF2B:d=114.276m far
[2026-03-21T18:10:20.446Z] [Tick] t4 CE29:d=0.498m far | C4F7:d=0.517m far | 16A7:d=0.548m far | 65A2:d=0.540m far | 865C:d=0.644m far | 45CA:d=2.802m far | F204:d=5.201m far | 5DE5:d=7.218m far | C9D3:d=8.298m far | 036B:d=8.762m far | 2139:d=8.799m far | 4F99:d=8.926m far
[2026-03-21T18:10:21.386Z] [Tick] t8 CE29:d=0.369m far | C4F7:d=0.385m far | 16A7:d=0.408m far | 65A2:d=0.402m far | 865C:d=0.504m far | 45CA:d=2.751m far | F204:d=5.223m far | 5DE5:d=7.250m far | C9D3:d=8.329m far | 036B:d=8.787m far | 2139:d=8.804m far | 4F99:d=8.906m far
[2026-03-21T18:10:22.136Z] [Tick] t11 COLLECT×1 | CE29:d=0.148m ✓ | C4F7:d=0.157m far | 16A7:d=0.169m far | 65A2:d=0.165m far | 865C:d=0.275m far | 45CA:d=2.653m far | F204:d=5.212m far | 5DE5:d=7.251m far | C9D3:d=8.328m far | 036B:d=8.779m far | 2139:d=8.773m far | 4F99:d=8.846m far
[2026-03-21T18:10:22.385Z] [Tick] t12 COLLECT×4 | CE29:skip(done) | C4F7:d=0.094m ✓ | 16A7:d=0.064m ✓ | 65A2:d=0.067m ✓ | 865C:d=0.142m ✓ | 45CA:d=2.584m far | F204:d=5.198m far | 5DE5:d=7.243m far | C9D3:d=8.318m far | 036B:d=8.765m far | 2139:d=8.741m far | 4F99:d=8.794m far
[2026-03-21T18:10:23.386Z] [Tick] t16 CE29:skip(done) | C4F7:skip(done) | 16A7:skip(done) | 65A2:skip(done) | 865C:skip(done) | 45CA:d=2.409m far | F204:d=5.214m far | 5DE5:d=7.277m far | C9D3:d=8.339m far | 036B:d=8.763m far | 2139:d=8.669m far | 4F99:d=8.636m far
[2026-03-21T18:10:24.386Z] [Tick] t20 CE29:skip(done) | C4F7:skip(done) | 16A7:skip(done) | 65A2:skip(done) | 865C:skip(done) | 45CA:d=2.205m far | F204:d=5.114m far | 5DE5:d=7.179m far | C9D3:d=8.225m far | 036B:d=8.628m far | 2139:d=8.475m far | 4F99:d=8.372m far
[2026-03-21T18:10:25.386Z] [Tick] t24 CE29:skip(done) | C4F7:skip(done) | 16A7:skip(done) | 65A2:skip(done) | 865C:skip(done) | 45CA:d=1.876m far | F204:d=4.888m far | 5DE5:d=6.947m far | C9D3:d=7.972m far | 036B:d=8.351m far | 2139:d=8.134m far | 4F99:d=7.960m far
[2026-03-21T18:10:26.386Z] [Tick] t28 CE29:skip(done) | C4F7:skip(done) | 16A7:skip(done) | 65A2:skip(done) | 865C:skip(done) | 45CA:d=1.500m far | F204:d=4.545m far | 5DE5:d=6.565m far | C9D3:d=7.550m far | 036B:d=7.886m far | 2139:d=7.567m far | 4F99:d=7.279m far
[2026-03-21T18:10:27.386Z] [Tick] t32 CE29:skip(done) | C4F7:skip(done) | 16A7:skip(done) | 65A2:skip(done) | 865C:skip(done) | 45CA:d=1.101m far | F204:d=3.863m far | 5DE5:d=5.818m far | C9D3:d=6.763m far | 036B:d=7.068m far | 2139:d=6.686m far | 4F99:d=6.356m far
[2026-03-21T18:10:28.386Z] [Tick] t36 CE29:skip(done) | C4F7:skip(done) | 16A7:skip(done) | 65A2:skip(done) | 865C:skip(done) | 45CA:d=0.886m far | F204:d=2.944m far | 5DE5:d=4.881m far | C9D3:d=5.826m far | 036B:d=6.139m far | 2139:d=5.801m far | 4F99:d=5.583m far
[2026-03-21T18:10:29.386Z] [Tick] t40 CE29:skip(done) | C4F7:skip(done) | 16A7:skip(done) | 65A2:skip(done) | 865C:skip(done) | 45CA:d=1.535m far | F204:d=1.631m far | 5DE5:d=3.674m far | C9D3:d=4.702m far | 036B:d=5.100m far | 2139:d=5.025m far | 4F99:d=5.212m far
[2026-03-21T18:10:30.386Z] [Tick] t44 CE29:skip(done) | C4F7:skip(done) | 16A7:skip(done) | 65A2:skip(done) | 865C:skip(done) | 45CA:d=2.543m far | F204:d=0.670m far | 5DE5:d=2.677m far | C9D3:d=3.720m far | 036B:d=4.147m far | 2139:d=4.207m far | 4F99:d=4.640m far
[2026-03-21T18:10:31.386Z] [Tick] t48 CE29:skip(done) | C4F7:skip(done) | 16A7:skip(done) | 65A2:skip(done) | 865C:skip(done) | 45CA:d=3.464m far | F204:d=0.460m far | 5DE5:d=1.753m far | C9D3:d=2.804m far | 036B:d=3.256m far | 2139:d=3.465m far | 4F99:d=4.159m far
[2026-03-21T18:10:32.386Z] [Tick] t52 CE29:skip(done) | C4F7:skip(done) | 16A7:skip(done) | 65A2:skip(done) | 865C:skip(done) | 45CA:d=4.195m far | F204:d=1.127m far | 5DE5:d=1.044m far | C9D3:d=2.094m far | 036B:d=2.575m far | 2139:d=2.951m far | 4F99:d=3.886m far
[2026-03-21T18:10:33.386Z] [Tick] t56 CE29:skip(done) | C4F7:skip(done) | 16A7:skip(done) | 65A2:skip(done) | 865C:skip(done) | 45CA:d=4.823m far | F204:d=1.745m far | 5DE5:d=0.495m far | C9D3:d=1.500m far | 036B:d=2.015m far | 2139:d=2.589m far | 4F99:d=3.746m far
[2026-03-21T18:10:34.386Z] [Tick] t60 COLLECT×1 | CE29:skip(done) | C4F7:skip(done) | 16A7:skip(done) | 65A2:skip(done) | 865C:skip(done) | 45CA:d=5.067m far | F204:d=1.995m far | 5DE5:d=0.127m ✓ | C9D3:d=1.162m far | 036B:d=1.680m far | 2139:d=2.304m far | 4F99:d=3.542m far
[2026-03-21T18:10:35.386Z] [Tick] t64 CE29:skip(done) | C4F7:skip(done) | 16A7:skip(done) | 65A2:skip(done) | 865C:skip(done) | 45CA:d=5.039m far | F204:d=1.961m far | 5DE5:skip(done) | C9D3:d=1.290m far | 036B:d=1.815m far | 2139:d=2.461m far | 4F99:d=3.690m far
[2026-03-21T18:10:36.454Z] [Tick] t68 CE29:skip(done) | C4F7:skip(done) | 16A7:skip(done) | 65A2:skip(done) | 865C:skip(done) | 45CA:d=4.893m far | F204:d=1.826m far | 5DE5:skip(done) | C9D3:d=1.433m far | 036B:d=1.939m far | 2139:d=2.517m far | 4F99:d=3.689m far
[2026-03-21T18:10:37.386Z] [Tick] t72 CE29:skip(done) | C4F7:skip(done) | 16A7:skip(done) | 65A2:skip(done) | 865C:skip(done) | 45CA:d=4.642m far | F204:d=1.578m far | 5DE5:skip(done) | C9D3:d=1.671m far | 036B:d=2.165m far | 2139:d=2.659m far | 4F99:d=3.743m far
[2026-03-21T18:10:38.386Z] [Tick] t76 CE29:skip(done) | C4F7:skip(done) | 16A7:skip(done) | 65A2:skip(done) | 865C:skip(done) | 45CA:d=4.444m far | F204:d=1.386m far | 5DE5:skip(done) | C9D3:d=1.839m far | 036B:d=2.319m far | 2139:d=2.738m far | 4F99:d=3.747m far
[2026-03-21T18:10:39.386Z] [Tick] t80 CE29:skip(done) | C4F7:skip(done) | 16A7:skip(done) | 65A2:skip(done) | 865C:skip(done) | 45CA:d=4.405m far | F204:d=1.344m far | 5DE5:skip(done) | C9D3:d=1.887m far | 036B:d=2.369m far | 2139:d=2.787m far | 4F99:d=3.787m far
[2026-03-21T18:10:40.386Z] [Tick] t84 CE29:skip(done) | C4F7:skip(done) | 16A7:skip(done) | 65A2:skip(done) | 865C:skip(done) | 45CA:d=4.674m far | F204:d=1.604m far | 5DE5:skip(done) | C9D3:d=1.636m far | 036B:d=2.135m far | 2139:d=2.642m far | 4F99:d=3.740m far
[2026-03-21T18:10:41.386Z] [Tick] t88 CE29:skip(done) | C4F7:skip(done) | 16A7:skip(done) | 65A2:skip(done) | 865C:skip(done) | 45CA:d=4.961m far | F204:d=1.887m far | 5DE5:skip(done) | C9D3:d=1.396m far | 036B:d=1.916m far | 2139:d=2.539m far | 4F99:d=3.740m far
[2026-03-21T18:10:42.385Z] [Tick] t92 CE29:skip(done) | C4F7:skip(done) | 16A7:skip(done) | 65A2:skip(done) | 865C:skip(done) | 45CA:d=4.974m far | F204:d=1.902m far | 5DE5:skip(done) | C9D3:d=1.361m far | 036B:d=1.877m far | 2139:d=2.492m far | 4F99:d=3.695m far
[2026-03-21T18:10:43.386Z] [Tick] t96 CE29:skip(done) | C4F7:skip(done) | 16A7:skip(done) | 65A2:skip(done) | 865C:skip(done) | 45CA:d=4.931m far | F204:d=1.856m far | 5DE5:skip(done) | C9D3:d=1.400m far | 036B:d=1.916m far | 2139:d=2.519m far | 4F99:d=3.709m far
[2026-03-21T18:10:44.386Z] [Tick] t100 CE29:skip(done) | C4F7:skip(done) | 16A7:skip(done) | 65A2:skip(done) | 865C:skip(done) | 45CA:d=4.968m far | F204:d=1.890m far | 5DE5:skip(done) | C9D3:d=1.370m far | 036B:d=1.893m far | 2139:d=2.518m far | 4F99:d=3.724m far
[2026-03-21T18:10:45.386Z] [Tick] t104 CE29:skip(done) | C4F7:skip(done) | 16A7:skip(done) | 65A2:skip(done) | 865C:skip(done) | 45CA:d=4.958m far | F204:d=1.878m far | 5DE5:skip(done) | C9D3:d=1.392m far | 036B:d=1.918m far | 2139:d=2.547m far | 4F99:d=3.751m far
[2026-03-21T18:10:46.386Z] [Tick] t108 CE29:skip(done) | C4F7:skip(done) | 16A7:skip(done) | 65A2:skip(done) | 865C:skip(done) | 45CA:d=4.608m far | F204:d=1.557m far | 5DE5:skip(done) | C9D3:d=1.615m far | 036B:d=2.082m far | 2139:d=2.501m far | 4F99:d=3.554m far
[2026-03-21T18:10:47.386Z] [Tick] t112 CE29:skip(done) | C4F7:skip(done) | 16A7:skip(done) | 65A2:skip(done) | 865C:skip(done) | 45CA:d=3.789m far | F204:d=0.756m far | 5DE5:skip(done) | C9D3:d=2.413m far | 036B:d=2.851m far | 2139:d=3.060m far | 4F99:d=3.819m far
[2026-03-21T18:10:48.386Z] [Tick] t116 CE29:skip(done) | C4F7:skip(done) | 16A7:skip(done) | 65A2:skip(done) | 865C:skip(done) | 45CA:d=3.250m far | F204:d=0.302m far | 5DE5:skip(done) | C9D3:d=3.054m far | 036B:d=3.518m far | 2139:d=3.732m far | 4F99:d=4.394m far
[2026-03-21T18:10:49.386Z] [Tick] t120 CE29:skip(done) | C4F7:skip(done) | 16A7:skip(done) | 65A2:skip(done) | 865C:skip(done) | 45CA:d=2.424m far | F204:d=0.846m far | 5DE5:skip(done) | C9D3:d=3.930m far | 036B:d=4.378m far | 2139:d=4.488m far | 4F99:d=4.946m far
[2026-03-21T18:10:50.386Z] [Tick] t124 CE29:skip(done) | C4F7:skip(done) | 16A7:skip(done) | 65A2:skip(done) | 865C:skip(done) | 45CA:d=1.628m far | F204:d=1.660m far | 5DE5:skip(done) | C9D3:d=4.772m far | 036B:d=5.205m far | 2139:d=5.226m far | 4F99:d=5.513m far
