[2026-03-23T00:18:04.075Z] SESSION START mode=tight
[2026-03-23T00:18:04.082Z] Thresholds: match>=65%, features>=75, tracking>=65%, worldMap=true
[2026-03-23T00:18:04.137Z] AR precise capture started
[2026-03-23T00:18:24.169Z] World map snapshot captured (251976 bytes, encrypted=true)
[2026-03-23T00:18:24.170Z] live quality: match=0% features=0 tracking=0% worldMap=yes ready=no blockers=low_match,low_features,low_tracking
[2026-03-23T00:18:25.465Z] geoSample #1 hAcc=10m vAcc=30m matchedLocal=yes
[2026-03-23T00:18:25.466Z] live quality: match=100% features=3 tracking=100% worldMap=yes ready=no blockers=low_features
[2026-03-23T00:18:26.170Z] World map snapshot captured (1208112 bytes, encrypted=true)
[2026-03-23T00:18:27.037Z] geoSample #2 hAcc=14m vAcc=12m matchedLocal=yes
[2026-03-23T00:18:27.038Z] live quality: match=100% features=70 tracking=100% worldMap=yes ready=no blockers=low_features
[2026-03-23T00:18:27.237Z] geoSample #3 hAcc=10m vAcc=10m matchedLocal=yes
[2026-03-23T00:18:27.238Z] live quality: match=100% features=91 tracking=100% worldMap=yes ready=yes blockers=none
[2026-03-23T00:18:27.437Z] geoSample #4 hAcc=8m vAcc=10m matchedLocal=yes
[2026-03-23T00:18:27.438Z] live quality: match=100% features=100 tracking=100% worldMap=yes ready=yes blockers=none
[2026-03-23T00:18:27.637Z] geoSample #5 hAcc=7m vAcc=9m matchedLocal=yes
[2026-03-23T00:18:27.638Z] live quality: match=100% features=108 tracking=100% worldMap=yes ready=yes blockers=none
[2026-03-23T00:18:27.838Z] live quality: match=100% features=113 tracking=100% worldMap=yes ready=yes blockers=none
[2026-03-23T00:18:28.038Z] live quality: match=100% features=116 tracking=100% worldMap=yes ready=yes blockers=none
[2026-03-23T00:18:28.156Z] World map snapshot captured (1208112 bytes, encrypted=true)
[2026-03-23T00:18:28.237Z] live quality: match=100% features=121 tracking=100% worldMap=yes ready=yes blockers=none
[2026-03-23T00:18:28.438Z] live quality: match=100% features=128 tracking=100% worldMap=yes ready=yes blockers=none
[2026-03-23T00:18:28.838Z] geoSample #10 hAcc=5m vAcc=8m matchedLocal=yes
[2026-03-23T00:18:28.839Z] live quality: match=100% features=133 tracking=100% worldMap=yes ready=yes blockers=none
[2026-03-23T00:18:29.038Z] live quality: match=100% features=136 tracking=100% worldMap=yes ready=yes blockers=none
[2026-03-23T00:18:29.889Z] live quality: match=100% features=135 tracking=100% worldMap=yes ready=yes blockers=none
[2026-03-23T00:18:30.158Z] World map snapshot captured (1208112 bytes, encrypted=true)
[2026-03-23T00:18:30.789Z] live quality: match=100% features=146 tracking=100% worldMap=yes ready=yes blockers=none
[2026-03-23T00:18:32.194Z] World map snapshot captured (2297239 bytes, encrypted=true)
[2026-03-23T00:18:33.032Z] live quality: match=100% features=160 tracking=100% worldMap=yes ready=yes blockers=none
[2026-03-23T00:18:34.040Z] live quality: match=100% features=176 tracking=100% worldMap=yes ready=yes blockers=none
[2026-03-23T00:18:34.173Z] World map snapshot captured (3496544 bytes, encrypted=true)
[2026-03-23T00:18:36.028Z] live quality: match=100% features=184 tracking=100% worldMap=yes ready=yes blockers=none
[2026-03-23T00:18:36.175Z] World map snapshot captured (4509021 bytes, encrypted=true)
[2026-03-23T00:18:36.538Z] live quality: match=100% features=194 tracking=100% worldMap=yes ready=yes blockers=none
[2026-03-23T00:18:37.541Z] live quality: match=100% features=207 tracking=100% worldMap=yes ready=yes blockers=none
[2026-03-23T00:18:38.189Z] World map snapshot captured (4610090 bytes, encrypted=true)
[2026-03-23T00:18:38.534Z] geoSample #20 hAcc=4m vAcc=9m matchedLocal=yes
[2026-03-23T00:18:38.535Z] live quality: match=100% features=204 tracking=100% worldMap=yes ready=yes blockers=none
[2026-03-23T00:18:39.042Z] live quality: match=100% features=200 tracking=100% worldMap=yes ready=yes blockers=none
[2026-03-23T00:18:39.542Z] live quality: match=100% features=193 tracking=100% worldMap=yes ready=yes blockers=none
[2026-03-23T00:18:40.029Z] live quality: match=100% features=185 tracking=100% worldMap=yes ready=yes blockers=none
[2026-03-23T00:18:40.175Z] World map snapshot captured (5191728 bytes, encrypted=true)
[2026-03-23T00:18:40.531Z] live quality: match=100% features=177 tracking=100% worldMap=yes ready=yes blockers=none
[2026-03-23T00:18:41.543Z] live quality: match=100% features=171 tracking=100% worldMap=yes ready=yes blockers=none
[2026-03-23T00:18:42.176Z] World map snapshot captured (5096663 bytes, encrypted=true)
[2026-03-23T00:18:42.543Z] live quality: match=100% features=164 tracking=100% worldMap=yes ready=yes blockers=none
[2026-03-23T00:18:43.533Z] live quality: match=100% features=158 tracking=100% worldMap=yes ready=yes blockers=none
[2026-03-23T00:18:44.082Z] Recording stopped by user. geoSamples=27, matchedLocal=27
[2026-03-23T00:18:44.083Z] AR precise capture paused
[2026-03-23T00:18:44.202Z] World map snapshot captured (5237970 bytes, encrypted=true)
[2026-03-23T00:18:51.245Z] Route saved as precise-ready. name=Run 3/22/26, 8:18 PM, geoSamples=27, localSamples=27
[2026-03-23T00:18:51.246Z] SESSION END reason=saved
[2026-03-23T00:20:49.432Z] [Tick] t4 FB59:d=0.755m far | B7BF:d=0.755m far | 68C7:d=0.755m far | B9DC:d=0.755m far | 5329:d=0.755m far | D6B6:d=0.755m far | 1981:d=0.755m far | 164D:d=0.758m far | 28D0:d=0.764m far | 7626:d=0.796m far | 4BBD:d=0.936m far | B5D3:d=1.006m far | AA42:d=3.091m far | 45D4:d=4.427m far | 3D0D:d=4.617m far | 6EA6:d=4.655m far
[2026-03-23T00:20:50.432Z] [Tick] t8 FB59:d=0.660m far | B7BF:d=0.659m far | 68C7:d=0.659m far | B9DC:d=0.658m far | 5329:d=0.658m far | D6B6:d=0.658m far | 1981:d=0.657m far | 164D:d=0.659m far | 28D0:d=0.666m far | 7626:d=0.698m far | 4BBD:d=0.836m far | B5D3:d=0.908m far | AA42:d=2.987m far | 45D4:d=4.332m far | 3D0D:d=4.524m far | 6EA6:d=4.564m far
[2026-03-23T00:20:51.442Z] [Tick] t12 FB59:d=0.208m far | B7BF:d=0.208m far | 68C7:d=0.208m far | B9DC:d=0.209m far | 5329:d=0.209m far | D6B6:d=0.210m far | 1981:d=0.210m far | 164D:d=0.214m far | 28D0:d=0.219m far | 7626:d=0.240m far | 4BBD:d=0.348m far | B5D3:d=0.409m far | AA42:d=2.537m far | 45D4:d=4.100m far | 3D0D:d=4.312m far | 6EA6:d=4.359m far
[2026-03-23T00:20:51.933Z] [Tick] t14 COLLECT×5 | FB59:d=0.152m far | B7BF:d=0.151m far | 68C7:d=0.150m far | B9DC:d=0.149m ✓ | 5329:d=0.149m ✓ | D6B6:d=0.149m ✓ | 1981:d=0.149m ✓ | 164D:d=0.151m far | 28D0:d=0.152m far | 7626:d=0.150m ✓ | 4BBD:d=0.203m far | B5D3:d=0.259m far | AA42:d=2.394m far | 45D4:d=4.008m far | 3D0D:d=4.226m far | 6EA6:d=4.275m far
[2026-03-23T00:20:52.432Z] [Tick] t16 COLLECT×1 | FB59:d=0.177m far | B7BF:d=0.176m far | 68C7:d=0.175m far | B9DC:skip(done) | 5329:skip(done) | D6B6:skip(done) | 1981:skip(done) | 164D:d=0.175m far | 28D0:d=0.173m far | 7626:skip(done) | 4BBD:d=0.142m ✓ | B5D3:d=0.187m far | AA42:d=2.326m far | 45D4:d=3.972m far | 3D0D:d=4.192m far | 6EA6:d=4.242m far
[2026-03-23T00:20:52.682Z] [Tick] t17 COLLECT×1 | FB59:d=0.206m far | B7BF:d=0.205m far | 68C7:d=0.204m far | B9DC:skip(done) | 5329:skip(done) | D6B6:skip(done) | 1981:skip(done) | 164D:d=0.202m far | 28D0:d=0.199m far | 7626:skip(done) | 4BBD:skip(done) | B5D3:d=0.149m ✓ | AA42:d=2.284m far | 45D4:d=3.945m far | 3D0D:d=4.167m far | 6EA6:d=4.218m far
[2026-03-23T00:20:53.432Z] [Tick] t20 FB59:d=0.336m far | B7BF:d=0.335m far | 68C7:d=0.335m far | B9DC:skip(done) | 5329:skip(done) | D6B6:skip(done) | 1981:skip(done) | 164D:d=0.334m far | 28D0:d=0.329m far | 7626:skip(done) | 4BBD:skip(done) | B5D3:skip(done) | AA42:d=2.147m far | 45D4:d=3.881m far | 3D0D:d=4.109m far | 6EA6:d=4.163m far
[2026-03-23T00:20:54.433Z] [Tick] t24 FB59:d=0.528m far | B7BF:d=0.529m far | 68C7:d=0.529m far | B9DC:skip(done) | 5329:skip(done) | D6B6:skip(done) | 1981:skip(done) | 164D:d=0.533m far | 28D0:d=0.539m far | 7626:skip(done) | 4BBD:skip(done) | B5D3:skip(done) | AA42:d=2.876m far | 45D4:d=4.303m far | 3D0D:d=4.502m far | 6EA6:d=4.544m far
[2026-03-23T00:20:55.432Z] [Tick] t28 FB59:d=0.391m far | B7BF:d=0.392m far | 68C7:d=0.393m far | B9DC:skip(done) | 5329:skip(done) | D6B6:skip(done) | 1981:skip(done) | 164D:d=0.401m far | 28D0:d=0.408m far | 7626:skip(done) | 4BBD:skip(done) | B5D3:skip(done) | AA42:d=2.779m far | 45D4:d=4.280m far | 3D0D:d=4.485m far | 6EA6:d=4.529m far
[2026-03-23T00:20:55.932Z] [Tick] t30 COLLECT×5 | FB59:d=0.125m ✓ | B7BF:d=0.126m ✓ | 68C7:d=0.127m ✓ | B9DC:skip(done) | 5329:skip(done) | D6B6:skip(done) | 1981:skip(done) | 164D:d=0.139m ✓ | 28D0:d=0.145m ✓ | 7626:skip(done) | 4BBD:skip(done) | B5D3:skip(done) | AA42:d=2.523m far | 45D4:d=4.114m far | 3D0D:d=4.328m far | 6EA6:d=4.376m far
[2026-03-23T00:20:56.432Z] [Tick] t32 FB59:skip(done) | B7BF:skip(done) | 68C7:skip(done) | B9DC:skip(done) | 5329:skip(done) | D6B6:skip(done) | 1981:skip(done) | 164D:skip(done) | 28D0:skip(done) | 7626:skip(done) | 4BBD:skip(done) | B5D3:skip(done) | AA42:d=2.405m far | 45D4:d=4.036m far | 3D0D:d=4.254m far | 6EA6:d=4.304m far
[2026-03-23T00:20:57.432Z] [Tick] t36 FB59:skip(done) | B7BF:skip(done) | 68C7:skip(done) | B9DC:skip(done) | 5329:skip(done) | D6B6:skip(done) | 1981:skip(done) | 164D:skip(done) | 28D0:skip(done) | 7626:skip(done) | 4BBD:skip(done) | B5D3:skip(done) | AA42:d=2.821m far | 45D4:d=4.286m far | 3D0D:d=4.489m far | 6EA6:d=4.531m far
[2026-03-23T00:20:58.432Z] [Tick] t40 FB59:skip(done) | B7BF:skip(done) | 68C7:skip(done) | B9DC:skip(done) | 5329:skip(done) | D6B6:skip(done) | 1981:skip(done) | 164D:skip(done) | 28D0:skip(done) | 7626:skip(done) | 4BBD:skip(done) | B5D3:skip(done) | AA42:d=3.134m far | 45D4:d=4.412m far | 3D0D:d=4.597m far | 6EA6:d=4.634m far
[2026-03-23T00:20:59.432Z] [Tick] t44 FB59:skip(done) | B7BF:skip(done) | 68C7:skip(done) | B9DC:skip(done) | 5329:skip(done) | D6B6:skip(done) | 1981:skip(done) | 164D:skip(done) | 28D0:skip(done) | 7626:skip(done) | 4BBD:skip(done) | B5D3:skip(done) | AA42:d=3.346m far | 45D4:d=4.593m far | 3D0D:d=4.773m far | 6EA6:d=4.808m far
[2026-03-23T00:21:00.432Z] [Tick] t48 FB59:skip(done) | B7BF:skip(done) | 68C7:skip(done) | B9DC:skip(done) | 5329:skip(done) | D6B6:skip(done) | 1981:skip(done) | 164D:skip(done) | 28D0:skip(done) | 7626:skip(done) | 4BBD:skip(done) | B5D3:skip(done) | AA42:d=3.262m far | 45D4:d=4.515m far | 3D0D:d=4.696m far | 6EA6:d=4.732m far
[2026-03-23T00:21:01.432Z] [Tick] t52 FB59:skip(done) | B7BF:skip(done) | 68C7:skip(done) | B9DC:skip(done) | 5329:skip(done) | D6B6:skip(done) | 1981:skip(done) | 164D:skip(done) | 28D0:skip(done) | 7626:skip(done) | 4BBD:skip(done) | B5D3:skip(done) | AA42:d=3.238m far | 45D4:d=4.483m far | 3D0D:d=4.664m far | 6EA6:d=4.700m far
[2026-03-23T00:21:02.432Z] [Tick] t56 FB59:skip(done) | B7BF:skip(done) | 68C7:skip(done) | B9DC:skip(done) | 5329:skip(done) | D6B6:skip(done) | 1981:skip(done) | 164D:skip(done) | 28D0:skip(done) | 7626:skip(done) | 4BBD:skip(done) | B5D3:skip(done) | AA42:d=3.198m far | 45D4:d=4.474m far | 3D0D:d=4.658m far | 6EA6:d=4.694m far
[2026-03-23T00:21:03.432Z] [Tick] t60 FB59:skip(done) | B7BF:skip(done) | 68C7:skip(done) | B9DC:skip(done) | 5329:skip(done) | D6B6:skip(done) | 1981:skip(done) | 164D:skip(done) | 28D0:skip(done) | 7626:skip(done) | 4BBD:skip(done) | B5D3:skip(done) | AA42:d=3.253m far | 45D4:d=4.498m far | 3D0D:d=4.678m far | 6EA6:d=4.713m far
[2026-03-23T00:21:04.432Z] [Tick] t64 FB59:skip(done) | B7BF:skip(done) | 68C7:skip(done) | B9DC:skip(done) | 5329:skip(done) | D6B6:skip(done) | 1981:skip(done) | 164D:skip(done) | 28D0:skip(done) | 7626:skip(done) | 4BBD:skip(done) | B5D3:skip(done) | AA42:d=3.235m far | 45D4:d=4.496m far | 3D0D:d=4.678m far | 6EA6:d=4.714m far
[2026-03-23T00:21:05.432Z] [Tick] t68 FB59:skip(done) | B7BF:skip(done) | 68C7:skip(done) | B9DC:skip(done) | 5329:skip(done) | D6B6:skip(done) | 1981:skip(done) | 164D:skip(done) | 28D0:skip(done) | 7626:skip(done) | 4BBD:skip(done) | B5D3:skip(done) | AA42:d=3.203m far | 45D4:d=4.475m far | 3D0D:d=4.659m far | 6EA6:d=4.695m far
[2026-03-23T00:21:06.432Z] [Tick] t72 FB59:skip(done) | B7BF:skip(done) | 68C7:skip(done) | B9DC:skip(done) | 5329:skip(done) | D6B6:skip(done) | 1981:skip(done) | 164D:skip(done) | 28D0:skip(done) | 7626:skip(done) | 4BBD:skip(done) | B5D3:skip(done) | AA42:d=3.156m far | 45D4:d=4.420m far | 3D0D:d=4.604m far | 6EA6:d=4.640m far
[2026-03-23T00:21:07.432Z] [Tick] t76 FB59:skip(done) | B7BF:skip(done) | 68C7:skip(done) | B9DC:skip(done) | 5329:skip(done) | D6B6:skip(done) | 1981:skip(done) | 164D:skip(done) | 28D0:skip(done) | 7626:skip(done) | 4BBD:skip(done) | B5D3:skip(done) | AA42:d=3.130m far | 45D4:d=4.381m far | 3D0D:d=4.565m far | 6EA6:d=4.601m far
[2026-03-23T00:21:08.432Z] [Tick] t80 FB59:skip(done) | B7BF:skip(done) | 68C7:skip(done) | B9DC:skip(done) | 5329:skip(done) | D6B6:skip(done) | 1981:skip(done) | 164D:skip(done) | 28D0:skip(done) | 7626:skip(done) | 4BBD:skip(done) | B5D3:skip(done) | AA42:d=3.125m far | 45D4:d=4.389m far | 3D0D:d=4.573m far | 6EA6:d=4.610m far
[2026-03-23T00:22:00.298Z] [Tick] t4 FB59:d=0.286m far | B7BF:d=0.282m far | 68C7:d=0.278m far | B9DC:d=0.273m far | 5329:d=0.269m far | D6B6:d=0.266m far | 1981:d=0.262m far | 164D:d=0.262m far | 28D0:d=0.264m far | 7626:d=0.277m far | 4BBD:d=0.357m far | B5D3:d=0.427m far | AA42:d=2.450m far | 45D4:d=3.927m far | 3D0D:d=4.136m far | 6EA6:d=4.181m far
[2026-03-23T00:22:00.547Z] [Tick] t5 COLLECT×7 | FB59:d=0.153m far | B7BF:d=0.150m far | 68C7:d=0.147m ✓ | B9DC:d=0.145m ✓ | 5329:d=0.142m ✓ | D6B6:d=0.140m ✓ | 1981:d=0.138m ✓ | 164D:d=0.140m ✓ | 28D0:d=0.142m ✓ | 7626:d=0.152m far | 4BBD:d=0.239m far | B5D3:d=0.307m far | AA42:d=2.427m far | 45D4:d=3.997m far | 3D0D:d=4.211m far | 6EA6:d=4.259m far
[2026-03-23T00:22:01.065Z] [Tick] t6 COLLECT×2 | FB59:d=0.174m far | B7BF:d=0.175m far | 68C7:skip(done) | B9DC:skip(done) | 5329:skip(done) | D6B6:skip(done) | 1981:skip(done) | 164D:skip(done) | 28D0:skip(done) | 7626:d=0.152m far | 4BBD:d=0.096m ✓ | B5D3:d=0.120m ✓ | AA42:d=2.316m far | 45D4:d=4.011m far | 3D0D:d=4.235m far | 6EA6:d=4.287m far
[2026-03-23T00:22:01.546Z] [Tick] t8 FB59:d=0.331m far | B7BF:d=0.331m far | 68C7:skip(done) | B9DC:skip(done) | 5329:skip(done) | D6B6:skip(done) | 1981:skip(done) | 164D:skip(done) | 28D0:skip(done) | 7626:d=0.302m far | 4BBD:skip(done) | B5D3:skip(done) | AA42:d=2.186m far | 45D4:d=3.956m far | 3D0D:d=4.186m far | 6EA6:d=4.240m far
[2026-03-23T00:22:02.546Z] [Tick] t12 FB59:d=0.439m far | B7BF:d=0.434m far | 68C7:skip(done) | B9DC:skip(done) | 5329:skip(done) | D6B6:skip(done) | 1981:skip(done) | 164D:skip(done) | 28D0:skip(done) | 7626:d=0.424m far | 4BBD:skip(done) | B5D3:skip(done) | AA42:d=2.482m far | 45D4:d=3.841m far | 3D0D:d=4.042m far | 6EA6:d=4.086m far
[2026-03-23T00:22:03.547Z] [Tick] t16 FB59:d=0.572m far | B7BF:d=0.567m far | 68C7:skip(done) | B9DC:skip(done) | 5329:skip(done) | D6B6:skip(done) | 1981:skip(done) | 164D:skip(done) | 28D0:skip(done) | 7626:d=0.561m far | 4BBD:skip(done) | B5D3:skip(done) | AA42:d=2.529m far | 45D4:d=3.810m far | 3D0D:d=4.006m far | 6EA6:d=4.047m far
[2026-03-23T00:22:04.297Z] [Tick] t19 COLLECT×3 | FB59:d=0.046m ✓ | B7BF:d=0.042m ✓ | 68C7:skip(done) | B9DC:skip(done) | 5329:skip(done) | D6B6:skip(done) | 1981:skip(done) | 164D:skip(done) | 28D0:skip(done) | 7626:d=0.074m ✓ | 4BBD:skip(done) | B5D3:skip(done) | AA42:d=2.471m far | 45D4:d=4.057m far | 3D0D:d=4.273m far | 6EA6:d=4.322m far
[2026-03-23T00:22:04.546Z] [Tick] t20 FB59:skip(done) | B7BF:skip(done) | 68C7:skip(done) | B9DC:skip(done) | 5329:skip(done) | D6B6:skip(done) | 1981:skip(done) | 164D:skip(done) | 28D0:skip(done) | 7626:skip(done) | 4BBD:skip(done) | B5D3:skip(done) | AA42:d=2.446m far | 45D4:d=4.077m far | 3D0D:d=4.296m far | 6EA6:d=4.346m far
[2026-03-23T00:22:05.546Z] [Tick] t24 FB59:skip(done) | B7BF:skip(done) | 68C7:skip(done) | B9DC:skip(done) | 5329:skip(done) | D6B6:skip(done) | 1981:skip(done) | 164D:skip(done) | 28D0:skip(done) | 7626:skip(done) | 4BBD:skip(done) | B5D3:skip(done) | AA42:d=2.573m far | 45D4:d=3.938m far | 3D0D:d=4.139m far | 6EA6:d=4.181m far
[2026-03-23T00:22:06.548Z] [Tick] t28 FB59:skip(done) | B7BF:skip(done) | 68C7:skip(done) | B9DC:skip(done) | 5329:skip(done) | D6B6:skip(done) | 1981:skip(done) | 164D:skip(done) | 28D0:skip(done) | 7626:skip(done) | 4BBD:skip(done) | B5D3:skip(done) | AA42:d=2.717m far | 45D4:d=3.837m far | 3D0D:d=4.019m far | 6EA6:d=4.055m far
[2026-03-23T00:22:07.546Z] [Tick] t32 FB59:skip(done) | B7BF:skip(done) | 68C7:skip(done) | B9DC:skip(done) | 5329:skip(done) | D6B6:skip(done) | 1981:skip(done) | 164D:skip(done) | 28D0:skip(done) | 7626:skip(done) | 4BBD:skip(done) | B5D3:skip(done) | AA42:d=2.743m far | 45D4:d=3.798m far | 3D0D:d=3.976m far | 6EA6:d=4.010m far
[2026-03-23T00:22:08.546Z] [Tick] t36 FB59:skip(done) | B7BF:skip(done) | 68C7:skip(done) | B9DC:skip(done) | 5329:skip(done) | D6B6:skip(done) | 1981:skip(done) | 164D:skip(done) | 28D0:skip(done) | 7626:skip(done) | 4BBD:skip(done) | B5D3:skip(done) | AA42:d=2.717m far | 45D4:d=3.712m far | 3D0D:d=3.887m far | 6EA6:d=3.920m far
[2026-03-23T00:22:09.546Z] [Tick] t40 FB59:skip(done) | B7BF:skip(done) | 68C7:skip(done) | B9DC:skip(done) | 5329:skip(done) | D6B6:skip(done) | 1981:skip(done) | 164D:skip(done) | 28D0:skip(done) | 7626:skip(done) | 4BBD:skip(done) | B5D3:skip(done) | AA42:d=2.742m far | 45D4:d=3.698m far | 3D0D:d=3.870m far | 6EA6:d=3.903m far
[2026-03-23T00:22:10.546Z] [Tick] t44 FB59:skip(done) | B7BF:skip(done) | 68C7:skip(done) | B9DC:skip(done) | 5329:skip(done) | D6B6:skip(done) | 1981:skip(done) | 164D:skip(done) | 28D0:skip(done) | 7626:skip(done) | 4BBD:skip(done) | B5D3:skip(done) | AA42:d=2.753m far | 45D4:d=3.676m far | 3D0D:d=3.846m far | 6EA6:d=3.878m far
[2026-03-23T00:22:11.547Z] [Tick] t48 FB59:skip(done) | B7BF:skip(done) | 68C7:skip(done) | B9DC:skip(done) | 5329:skip(done) | D6B6:skip(done) | 1981:skip(done) | 164D:skip(done) | 28D0:skip(done) | 7626:skip(done) | 4BBD:skip(done) | B5D3:skip(done) | AA42:d=2.518m far | 45D4:d=3.591m far | 3D0D:d=3.775m far | 6EA6:d=3.813m far
[2026-03-23T00:22:12.547Z] [Tick] t52 FB59:skip(done) | B7BF:skip(done) | 68C7:skip(done) | B9DC:skip(done) | 5329:skip(done) | D6B6:skip(done) | 1981:skip(done) | 164D:skip(done) | 28D0:skip(done) | 7626:skip(done) | 4BBD:skip(done) | B5D3:skip(done) | AA42:d=2.070m far | 45D4:d=3.432m far | 3D0D:d=3.643m far | 6EA6:d=3.689m far
[2026-03-23T00:22:13.546Z] [Tick] t56 FB59:skip(done) | B7BF:skip(done) | 68C7:skip(done) | B9DC:skip(done) | 5329:skip(done) | D6B6:skip(done) | 1981:skip(done) | 164D:skip(done) | 28D0:skip(done) | 7626:skip(done) | 4BBD:skip(done) | B5D3:skip(done) | AA42:d=1.766m far | 45D4:d=3.393m far | 3D0D:d=3.623m far | 6EA6:d=3.676m far
[2026-03-23T00:22:14.547Z] [Tick] t60 FB59:skip(done) | B7BF:skip(done) | 68C7:skip(done) | B9DC:skip(done) | 5329:skip(done) | D6B6:skip(done) | 1981:skip(done) | 164D:skip(done) | 28D0:skip(done) | 7626:skip(done) | 4BBD:skip(done) | B5D3:skip(done) | AA42:d=1.807m far | 45D4:d=3.491m far | 3D0D:d=3.721m far | 6EA6:d=3.775m far
[2026-03-23T00:22:15.547Z] [Tick] t64 FB59:skip(done) | B7BF:skip(done) | 68C7:skip(done) | B9DC:skip(done) | 5329:skip(done) | D6B6:skip(done) | 1981:skip(done) | 164D:skip(done) | 28D0:skip(done) | 7626:skip(done) | 4BBD:skip(done) | B5D3:skip(done) | AA42:d=1.900m far | 45D4:d=3.633m far | 3D0D:d=3.865m far | 6EA6:d=3.918m far
[2026-03-23T00:22:16.547Z] [Tick] t68 FB59:skip(done) | B7BF:skip(done) | 68C7:skip(done) | B9DC:skip(done) | 5329:skip(done) | D6B6:skip(done) | 1981:skip(done) | 164D:skip(done) | 28D0:skip(done) | 7626:skip(done) | 4BBD:skip(done) | B5D3:skip(done) | AA42:d=1.927m far | 45D4:d=3.647m far | 3D0D:d=3.877m far | 6EA6:d=3.930m far
[2026-03-23T00:22:17.547Z] [Tick] t72 FB59:skip(done) | B7BF:skip(done) | 68C7:skip(done) | B9DC:skip(done) | 5329:skip(done) | D6B6:skip(done) | 1981:skip(done) | 164D:skip(done) | 28D0:skip(done) | 7626:skip(done) | 4BBD:skip(done) | B5D3:skip(done) | AA42:d=2.086m far | 45D4:d=3.535m far | 3D0D:d=3.749m far | 6EA6:d=3.798m far
[2026-03-23T00:22:18.546Z] [Tick] t76 FB59:skip(done) | B7BF:skip(done) | 68C7:skip(done) | B9DC:skip(done) | 5329:skip(done) | D6B6:skip(done) | 1981:skip(done) | 164D:skip(done) | 28D0:skip(done) | 7626:skip(done) | 4BBD:skip(done) | B5D3:skip(done) | AA42:d=2.346m far | 45D4:d=3.654m far | 3D0D:d=3.856m far | 6EA6:d=3.900m far
[2026-03-23T00:22:19.547Z] [Tick] t80 FB59:skip(done) | B7BF:skip(done) | 68C7:skip(done) | B9DC:skip(done) | 5329:skip(done) | D6B6:skip(done) | 1981:skip(done) | 164D:skip(done) | 28D0:skip(done) | 7626:skip(done) | 4BBD:skip(done) | B5D3:skip(done) | AA42:d=2.453m far | 45D4:d=3.669m far | 3D0D:d=3.863m far | 6EA6:d=3.904m far
[2026-03-23T00:22:20.547Z] [Tick] t84 FB59:skip(done) | B7BF:skip(done) | 68C7:skip(done) | B9DC:skip(done) | 5329:skip(done) | D6B6:skip(done) | 1981:skip(done) | 164D:skip(done) | 28D0:skip(done) | 7626:skip(done) | 4BBD:skip(done) | B5D3:skip(done) | AA42:d=2.400m far | 45D4:d=3.623m far | 3D0D:d=3.819m far | 6EA6:d=3.860m far
[2026-03-23T00:22:21.546Z] [Tick] t88 FB59:skip(done) | B7BF:skip(done) | 68C7:skip(done) | B9DC:skip(done) | 5329:skip(done) | D6B6:skip(done) | 1981:skip(done) | 164D:skip(done) | 28D0:skip(done) | 7626:skip(done) | 4BBD:skip(done) | B5D3:skip(done) | AA42:d=2.436m far | 45D4:d=3.647m far | 3D0D:d=3.842m far | 6EA6:d=3.883m far
[2026-03-23T00:22:22.547Z] [Tick] t92 FB59:skip(done) | B7BF:skip(done) | 68C7:skip(done) | B9DC:skip(done) | 5329:skip(done) | D6B6:skip(done) | 1981:skip(done) | 164D:skip(done) | 28D0:skip(done) | 7626:skip(done) | 4BBD:skip(done) | B5D3:skip(done) | AA42:d=2.422m far | 45D4:d=3.638m far | 3D0D:d=3.833m far | 6EA6:d=3.874m far
[2026-03-23T00:22:23.546Z] [Tick] t96 FB59:skip(done) | B7BF:skip(done) | 68C7:skip(done) | B9DC:skip(done) | 5329:skip(done) | D6B6:skip(done) | 1981:skip(done) | 164D:skip(done) | 28D0:skip(done) | 7626:skip(done) | 4BBD:skip(done) | B5D3:skip(done) | AA42:d=2.417m far | 45D4:d=3.640m far | 3D0D:d=3.835m far | 6EA6:d=3.877m far
[2026-03-23T00:22:24.547Z] [Tick] t100 FB59:skip(done) | B7BF:skip(done) | 68C7:skip(done) | B9DC:skip(done) | 5329:skip(done) | D6B6:skip(done) | 1981:skip(done) | 164D:skip(done) | 28D0:skip(done) | 7626:skip(done) | 4BBD:skip(done) | B5D3:skip(done) | AA42:d=2.408m far | 45D4:d=3.626m far | 3D0D:d=3.821m far | 6EA6:d=3.863m far
[2026-03-23T00:22:25.546Z] [Tick] t104 FB59:skip(done) | B7BF:skip(done) | 68C7:skip(done) | B9DC:skip(done) | 5329:skip(done) | D6B6:skip(done) | 1981:skip(done) | 164D:skip(done) | 28D0:skip(done) | 7626:skip(done) | 4BBD:skip(done) | B5D3:skip(done) | AA42:d=2.390m far | 45D4:d=3.621m far | 3D0D:d=3.817m far | 6EA6:d=3.859m far
[2026-03-23T00:22:26.546Z] [Tick] t108 FB59:skip(done) | B7BF:skip(done) | 68C7:skip(done) | B9DC:skip(done) | 5329:skip(done) | D6B6:skip(done) | 1981:skip(done) | 164D:skip(done) | 28D0:skip(done) | 7626:skip(done) | 4BBD:skip(done) | B5D3:skip(done) | AA42:d=2.278m far | 45D4:d=3.522m far | 3D0D:d=3.721m far | 6EA6:d=3.764m far
[2026-03-23T00:22:27.547Z] [Tick] t112 FB59:skip(done) | B7BF:skip(done) | 68C7:skip(done) | B9DC:skip(done) | 5329:skip(done) | D6B6:skip(done) | 1981:skip(done) | 164D:skip(done) | 28D0:skip(done) | 7626:skip(done) | 4BBD:skip(done) | B5D3:skip(done) | AA42:d=2.278m far | 45D4:d=3.522m far | 3D0D:d=3.721m far | 6EA6:d=3.764m far
