[2026-03-21T18:11:10.856Z] SESSION START mode=tight
[2026-03-21T18:11:10.863Z] Thresholds: match>=65%, features>=75, tracking>=65%, worldMap=true
[2026-03-21T18:11:10.865Z] AR precise capture started
[2026-03-21T18:11:11.043Z] geoSample #1 hAcc=10m vAcc=8m matchedLocal=no
[2026-03-21T18:11:11.043Z] live quality: match=0% features=0 tracking=0% worldMap=no ready=no blockers=low_match,low_features,low_tracking,missing_world_map
[2026-03-21T18:11:12.039Z] geoSample #2 hAcc=10m vAcc=8m matchedLocal=yes
[2026-03-21T18:11:12.039Z] live quality: match=50% features=0 tracking=35% worldMap=no ready=no blockers=low_match,low_features,low_tracking,missing_world_map
[2026-03-21T18:11:14.046Z] geoSample #3 hAcc=10m vAcc=9m matchedLocal=yes
[2026-03-21T18:11:14.046Z] live quality: match=66% features=253 tracking=67% worldMap=no ready=no blockers=missing_world_map
[2026-03-21T18:11:14.904Z] World map snapshot captured (1945622 bytes, encrypted=true)
[2026-03-21T18:11:14.905Z] live quality: match=66% features=253 tracking=67% worldMap=yes ready=yes blockers=none
[2026-03-21T18:11:15.037Z] geoSample #4 hAcc=10m vAcc=9m matchedLocal=yes
[2026-03-21T18:11:15.038Z] live quality: match=75% features=261 tracking=78% worldMap=yes ready=yes blockers=none
[2026-03-21T18:11:16.095Z] geoSample #5 hAcc=10m vAcc=9m matchedLocal=yes
[2026-03-21T18:11:16.095Z] live quality: match=80% features=297 tracking=83% worldMap=yes ready=yes blockers=none
[2026-03-21T18:11:16.921Z] World map snapshot captured (4132843 bytes, encrypted=true)
[2026-03-21T18:11:17.037Z] live quality: match=83% features=309 tracking=86% worldMap=yes ready=yes blockers=none
[2026-03-21T18:11:18.037Z] live quality: match=85% features=305 tracking=89% worldMap=yes ready=yes blockers=none
[2026-03-21T18:11:18.919Z] World map snapshot captured (5279387 bytes, encrypted=true)
[2026-03-21T18:11:19.048Z] live quality: match=87% features=296 tracking=90% worldMap=yes ready=yes blockers=none
[2026-03-21T18:11:20.036Z] live quality: match=88% features=279 tracking=91% worldMap=yes ready=yes blockers=none
[2026-03-21T18:11:20.918Z] World map snapshot captured (5473891 bytes, encrypted=true)
[2026-03-21T18:11:21.037Z] geoSample #10 hAcc=10m vAcc=10m matchedLocal=yes
[2026-03-21T18:11:21.037Z] live quality: match=90% features=251 tracking=92% worldMap=yes ready=yes blockers=none
[2026-03-21T18:11:22.049Z] live quality: match=90% features=227 tracking=93% worldMap=yes ready=yes blockers=none
[2026-03-21T18:11:22.907Z] World map snapshot captured (5473891 bytes, encrypted=true)
[2026-03-21T18:11:23.035Z] live quality: match=91% features=207 tracking=94% worldMap=yes ready=yes blockers=none
[2026-03-21T18:11:24.957Z] World map snapshot captured (5064243 bytes, encrypted=true)
[2026-03-21T18:11:26.036Z] live quality: match=92% features=200 tracking=94% worldMap=yes ready=yes blockers=none
[2026-03-21T18:11:26.917Z] World map snapshot captured (5172404 bytes, encrypted=true)
[2026-03-21T18:11:28.036Z] live quality: match=92% features=186 tracking=95% worldMap=yes ready=yes blockers=none
[2026-03-21T18:11:28.925Z] World map snapshot captured (5172404 bytes, encrypted=true)
[2026-03-21T18:11:30.037Z] live quality: match=93% features=191 tracking=95% worldMap=yes ready=yes blockers=none
[2026-03-21T18:11:30.925Z] World map snapshot captured (5531735 bytes, encrypted=true)
[2026-03-21T18:11:32.930Z] World map snapshot captured (5941875 bytes, encrypted=true)
[2026-03-21T18:11:33.036Z] live quality: match=93% features=187 tracking=95% worldMap=yes ready=yes blockers=none
[2026-03-21T18:11:34.935Z] World map snapshot captured (7124819 bytes, encrypted=true)
[2026-03-21T18:11:35.038Z] live quality: match=94% features=175 tracking=95% worldMap=yes ready=yes blockers=none
[2026-03-21T18:11:36.936Z] World map snapshot captured (7222168 bytes, encrypted=true)
[2026-03-21T18:11:37.037Z] live quality: match=94% features=180 tracking=96% worldMap=yes ready=yes blockers=none
[2026-03-21T18:11:38.038Z] live quality: match=94% features=182 tracking=96% worldMap=yes ready=yes blockers=none
[2026-03-21T18:11:38.921Z] World map snapshot captured (7866770 bytes, encrypted=true)
[2026-03-21T18:11:39.038Z] geoSample #20 hAcc=6m vAcc=6m matchedLocal=yes
[2026-03-21T18:11:39.039Z] live quality: match=95% features=193 tracking=96% worldMap=yes ready=yes blockers=none
[2026-03-21T18:11:40.041Z] live quality: match=95% features=201 tracking=96% worldMap=yes ready=yes blockers=none
[2026-03-21T18:11:40.977Z] World map snapshot captured (9382623 bytes, encrypted=true)
[2026-03-21T18:11:41.054Z] live quality: match=95% features=199 tracking=96% worldMap=yes ready=yes blockers=none
[2026-03-21T18:11:42.039Z] live quality: match=95% features=202 tracking=97% worldMap=yes ready=yes blockers=none
[2026-03-21T18:11:42.956Z] World map snapshot captured (10250711 bytes, encrypted=true)
[2026-03-21T18:11:43.036Z] live quality: match=95% features=199 tracking=97% worldMap=yes ready=yes blockers=none
[2026-03-21T18:11:44.040Z] live quality: match=96% features=192 tracking=97% worldMap=yes ready=yes blockers=none
[2026-03-21T18:11:44.954Z] World map snapshot captured (10780827 bytes, encrypted=true)
[2026-03-21T18:11:45.037Z] live quality: match=96% features=185 tracking=97% worldMap=yes ready=yes blockers=none
[2026-03-21T18:11:46.041Z] live quality: match=96% features=184 tracking=97% worldMap=yes ready=yes blockers=none
[2026-03-21T18:11:46.957Z] World map snapshot captured (11354838 bytes, encrypted=true)
[2026-03-21T18:11:47.041Z] live quality: match=96% features=185 tracking=97% worldMap=yes ready=yes blockers=none
[2026-03-21T18:11:48.038Z] live quality: match=96% features=192 tracking=97% worldMap=yes ready=yes blockers=none
[2026-03-21T18:11:48.960Z] World map snapshot captured (12266518 bytes, encrypted=true)
[2026-03-21T18:11:49.036Z] geoSample #30 hAcc=6m vAcc=6m matchedLocal=yes
[2026-03-21T18:11:49.036Z] live quality: match=96% features=194 tracking=97% worldMap=yes ready=yes blockers=none
[2026-03-21T18:11:50.039Z] live quality: match=96% features=196 tracking=97% worldMap=yes ready=yes blockers=none
[2026-03-21T18:11:50.976Z] World map snapshot captured (13309295 bytes, encrypted=true)
[2026-03-21T18:11:51.042Z] live quality: match=96% features=197 tracking=97% worldMap=yes ready=yes blockers=none
[2026-03-21T18:11:52.043Z] live quality: match=96% features=193 tracking=97% worldMap=yes ready=yes blockers=none
[2026-03-21T18:11:52.971Z] World map snapshot captured (14406312 bytes, encrypted=true)
[2026-03-21T18:11:53.039Z] live quality: match=97% features=188 tracking=98% worldMap=yes ready=yes blockers=none
[2026-03-21T18:11:54.037Z] live quality: match=97% features=184 tracking=98% worldMap=yes ready=yes blockers=none
[2026-03-21T18:11:54.960Z] World map snapshot captured (14711157 bytes, encrypted=true)
[2026-03-21T18:11:56.997Z] World map snapshot captured (14919793 bytes, encrypted=true)
[2026-03-21T18:11:58.041Z] live quality: match=97% features=182 tracking=98% worldMap=yes ready=yes blockers=none
[2026-03-21T18:11:58.972Z] World map snapshot captured (14684234 bytes, encrypted=true)
[2026-03-21T18:11:59.044Z] live quality: match=97% features=185 tracking=98% worldMap=yes ready=yes blockers=none
[2026-03-21T18:12:00.585Z] Recording stopped by user. geoSamples=38, matchedLocal=37
[2026-03-21T18:12:00.587Z] AR precise capture paused
[2026-03-21T18:12:00.730Z] World map snapshot captured (16148873 bytes, encrypted=true)
[2026-03-21T18:12:02.612Z] Route saved as precise-ready. name=Run 3/21/26, 2:12 PM, geoSamples=38, localSamples=37
[2026-03-21T18:12:02.614Z] SESSION END reason=saved
[2026-03-21T18:14:05.815Z] [Tick] t4 0290:d=1.421m far | 691B:d=3.695m far | 6890:d=5.165m far | CE3F:d=6.391m far | 5994:d=7.131m far | 2E70:d=5.510m far | A8A8:d=8.082m far | 58BE:d=9.204m far | 24A0:d=10.354m far | 6E37:d=10.743m far | EB17:d=10.382m far | 8FB8:d=8.703m far | B9CE:d=7.278m far | E814:d=6.410m far | 7D33:d=7.671m far | DC2C:d=7.152m far
[2026-03-21T18:14:06.811Z] [Tick] t8 0290:d=1.408m far | 691B:d=3.698m far | 6890:d=5.173m far | CE3F:d=6.398m far | 5994:d=7.136m far | 2E70:d=5.518m far | A8A8:d=8.079m far | 58BE:d=9.199m far | 24A0:d=10.347m far | 6E37:d=10.734m far | EB17:d=10.372m far | 8FB8:d=8.692m far | B9CE:d=7.268m far | E814:d=6.405m far | 7D33:d=7.668m far | DC2C:d=7.140m far
[2026-03-21T18:14:07.812Z] [Tick] t12 0290:d=1.360m far | 691B:d=3.802m far | 6890:d=5.304m far | CE3F:d=6.525m far | 5994:d=7.250m far | 2E70:d=5.633m far | A8A8:d=8.113m far | 58BE:d=9.218m far | 24A0:d=10.334m far | 6E37:d=10.701m far | EB17:d=10.325m far | 8FB8:d=8.633m far | B9CE:d=7.207m far | E814:d=6.406m far | 7D33:d=7.698m far | DC2C:d=7.090m far
[2026-03-21T18:14:08.816Z] [Tick] t16 0290:d=1.354m far | 691B:d=3.869m far | 6890:d=5.381m far | CE3F:d=6.603m far | 5994:d=7.332m far | 2E70:d=5.730m far | A8A8:d=8.177m far | 58BE:d=9.272m far | 24A0:d=10.371m far | 6E37:d=10.727m far | EB17:d=10.344m far | 8FB8:d=8.647m far | B9CE:d=7.223m far | E814:d=6.458m far | 7D33:d=7.760m far | DC2C:d=7.094m far
[2026-03-21T18:14:09.814Z] [Tick] t20 0290:d=1.464m far | 691B:d=3.767m far | 6890:d=5.235m far | CE3F:d=6.458m far | 5994:d=7.187m far | 2E70:d=5.530m far | A8A8:d=8.101m far | 58BE:d=9.223m far | 24A0:d=10.366m far | 6E37:d=10.749m far | EB17:d=10.382m far | 8FB8:d=8.693m far | B9CE:d=7.262m far | E814:d=6.412m far | 7D33:d=7.689m far | DC2C:d=7.173m far
[2026-03-21T18:14:10.812Z] [Tick] t24 0290:d=1.426m far | 691B:d=3.868m far | 6890:d=5.364m far | CE3F:d=6.581m far | 5994:d=7.291m far | 2E70:d=5.624m far | A8A8:d=8.115m far | 58BE:d=9.223m far | 24A0:d=10.335m far | 6E37:d=10.698m far | EB17:d=10.318m far | 8FB8:d=8.614m far | B9CE:d=7.181m far | E814:d=6.391m far | 7D33:d=7.699m far | DC2C:d=7.114m far
[2026-03-21T18:14:11.814Z] [Tick] t28 0290:d=1.397m far | 691B:d=3.859m far | 6890:d=5.358m far | CE3F:d=6.579m far | 5994:d=7.302m far | 2E70:d=5.670m far | A8A8:d=8.151m far | 58BE:d=9.255m far | 24A0:d=10.364m far | 6E37:d=10.726m far | EB17:d=10.347m far | 8FB8:d=8.648m far | B9CE:d=7.220m far | E814:d=6.434m far | 7D33:d=7.735m far | DC2C:d=7.118m far
[2026-03-21T18:14:12.815Z] [Tick] t32 0290:d=1.366m far | 691B:d=3.815m far | 6890:d=5.315m far | CE3F:d=6.539m far | 5994:d=7.272m far | 2E70:d=5.668m far | A8A8:d=8.150m far | 58BE:d=9.253m far | 24A0:d=10.367m far | 6E37:d=10.733m far | EB17:d=10.357m far | 8FB8:d=8.665m far | B9CE:d=7.242m far | E814:d=6.446m far | 7D33:d=7.735m far | DC2C:d=7.110m far
[2026-03-21T18:14:13.814Z] [Tick] t36 0290:d=1.352m far | 691B:d=3.822m far | 6890:d=5.327m far | CE3F:d=6.551m far | 5994:d=7.281m far | 2E70:d=5.681m far | A8A8:d=8.148m far | 58BE:d=9.249m far | 24A0:d=10.358m far | 6E37:d=10.722m far | EB17:d=10.344m far | 8FB8:d=8.652m far | B9CE:d=7.229m far | E814:d=6.440m far | 7D33:d=7.733m far | DC2C:d=7.096m far
[2026-03-21T18:14:14.814Z] [Tick] t40 0290:d=1.374m far | 691B:d=3.839m far | 6890:d=5.341m far | CE3F:d=6.564m far | 5994:d=7.294m far | 2E70:d=5.683m far | A8A8:d=8.159m far | 58BE:d=9.261m far | 24A0:d=10.371m far | 6E37:d=10.733m far | EB17:d=10.355m far | 8FB8:d=8.661m far | B9CE:d=7.236m far | E814:d=6.449m far | 7D33:d=7.744m far | DC2C:d=7.112m far
[2026-03-21T18:14:15.822Z] [Tick] t44 0290:d=1.360m far | 691B:d=3.827m far | 6890:d=5.331m far | CE3F:d=6.554m far | 5994:d=7.284m far | 2E70:d=5.679m far | A8A8:d=8.150m far | 58BE:d=9.252m far | 24A0:d=10.361m far | 6E37:d=10.724m far | EB17:d=10.347m far | 8FB8:d=8.654m far | B9CE:d=7.230m far | E814:d=6.441m far | 7D33:d=7.735m far | DC2C:d=7.101m far
[2026-03-21T18:14:16.811Z] [Tick] t48 0290:d=1.297m far | 691B:d=3.783m far | 6890:d=5.299m far | CE3F:d=6.521m far | 5994:d=7.246m far | 2E70:d=5.658m far | A8A8:d=8.102m far | 58BE:d=9.200m far | 24A0:d=10.308m far | 6E37:d=10.671m far | EB17:d=10.295m far | 8FB8:d=8.606m far | B9CE:d=7.185m far | E814:d=6.395m far | 7D33:d=7.686m far | DC2C:d=7.042m far
[2026-03-21T18:14:17.810Z] [Tick] t52 0290:d=1.347m far | 691B:d=3.837m far | 6890:d=5.345m far | CE3F:d=6.568m far | 5994:d=7.298m far | 2E70:d=5.700m far | A8A8:d=8.157m far | 58BE:d=9.256m far | 24A0:d=10.360m far | 6E37:d=10.721m far | EB17:d=10.342m far | 8FB8:d=8.648m far | B9CE:d=7.225m far | E814:d=6.445m far | 7D33:d=7.742m far | DC2C:d=7.091m far
[2026-03-21T18:14:18.810Z] [Tick] t56 0290:d=1.271m far | 691B:d=3.785m far | 6890:d=5.309m far | CE3F:d=6.529m far | 5994:d=7.251m far | 2E70:d=5.667m far | A8A8:d=8.090m far | 58BE:d=9.185m far | 24A0:d=10.287m far | 6E37:d=10.648m far | EB17:d=10.270m far | 8FB8:d=8.580m far | B9CE:d=7.159m far | E814:d=6.378m far | 7D33:d=7.674m far | DC2C:d=7.015m far
[2026-03-21T18:14:19.844Z] [Tick] t60 0290:d=1.420m far | 691B:d=3.791m far | 6890:d=5.274m far | CE3F:d=6.497m far | 5994:d=7.229m far | 2E70:d=5.598m far | A8A8:d=8.129m far | 58BE:d=9.242m far | 24A0:d=10.372m far | 6E37:d=10.746m far | EB17:d=10.375m far | 8FB8:d=8.685m far | B9CE:d=7.257m far | E814:d=6.433m far | 7D33:d=7.715m far | DC2C:d=7.148m far
[2026-03-21T18:14:20.815Z] [Tick] t64 0290:d=1.499m far | 691B:d=3.750m far | 6890:d=5.203m far | CE3F:d=6.432m far | 5994:d=7.181m far | 2E70:d=5.549m far | A8A8:d=8.157m far | 58BE:d=9.282m far | 24A0:d=10.436m far | 6E37:d=10.824m far | EB17:d=10.462m far | 8FB8:d=8.780m far | B9CE:d=7.353m far | E814:d=6.486m far | 7D33:d=7.747m far | DC2C:d=7.235m far
[2026-03-21T18:14:21.810Z] [Tick] t68 0290:d=1.508m far | 691B:d=3.768m far | 6890:d=5.219m far | CE3F:d=6.449m far | 5994:d=7.200m far | 2E70:d=5.567m far | A8A8:d=8.175m far | 58BE:d=9.299m far | 24A0:d=10.451m far | 6E37:d=10.838m far | EB17:d=10.475m far | 8FB8:d=8.791m far | B9CE:d=7.364m far | E814:d=6.503m far | 7D33:d=7.765m far | DC2C:d=7.247m far
[2026-03-21T18:14:22.810Z] [Tick] t72 0290:d=1.358m far | 691B:d=3.820m far | 6890:d=5.324m far | CE3F:d=6.546m far | 5994:d=7.272m far | 2E70:d=5.659m far | A8A8:d=8.130m far | 58BE:d=9.232m far | 24A0:d=10.343m far | 6E37:d=10.707m far | EB17:d=10.330m far | 8FB8:d=8.636m far | B9CE:d=7.211m far | E814:d=6.419m far | 7D33:d=7.715m far | DC2C:d=7.091m far
[2026-03-21T18:14:23.810Z] [Tick] t76 0290:d=1.298m far | 691B:d=3.845m far | 6890:d=5.371m far | CE3F:d=6.589m far | 5994:d=7.304m far | 2E70:d=5.700m far | A8A8:d=8.112m far | 58BE:d=9.205m far | 24A0:d=10.297m far | 6E37:d=10.651m far | EB17:d=10.268m far | 8FB8:d=8.570m far | B9CE:d=7.146m far | E814:d=6.385m far | 7D33:d=7.694m far | DC2C:d=7.024m far
[2026-03-21T18:14:24.811Z] [Tick] t80 0290:d=1.295m far | 691B:d=3.832m far | 6890:d=5.356m far | CE3F:d=6.575m far | 5994:d=7.294m far | 2E70:d=5.699m far | A8A8:d=8.116m far | 58BE:d=9.210m far | 24A0:d=10.305m far | 6E37:d=10.661m far | EB17:d=10.279m far | 8FB8:d=8.584m far | B9CE:d=7.161m far | E814:d=6.395m far | 7D33:d=7.699m far | DC2C:d=7.030m far
[2026-03-21T18:14:25.810Z] [Tick] t84 0290:d=0.941m far | 691B:d=3.605m far | 6890:d=5.199m far | CE3F:d=6.404m far | 5994:d=7.091m far | 2E70:d=5.582m far | A8A8:d=7.834m far | 58BE:d=8.909m far | 24A0:d=9.990m far | 6E37:d=10.348m far | EB17:d=9.974m far | 8FB8:d=8.299m far | B9CE:d=6.891m far | E814:d=6.118m far | 7D33:d=7.416m far | DC2C:d=6.690m far
[2026-03-21T18:14:26.810Z] [Tick] t88 0290:d=0.501m far | 691B:d=3.405m far | 6890:d=5.089m far | CE3F:d=6.266m far | 5994:d=6.904m far | 2E70:d=5.510m far | A8A8:d=7.509m far | 58BE:d=8.552m far | 24A0:d=9.603m far | 6E37:d=9.954m far | EB17:d=9.584m far | 8FB8:d=7.932m far | B9CE:d=6.546m far | E814:d=5.790m far | 7D33:d=7.089m far | DC2C:d=6.257m far
[2026-03-21T18:14:27.561Z] [Tick] t91 COLLECT×1 | 0290:d=0.146m ✓ | 691B:d=3.305m far | 6890:d=5.050m far | CE3F:d=6.203m far | 5994:d=6.813m far | 2E70:d=5.541m far | A8A8:d=7.321m far | 58BE:d=8.332m far | 24A0:d=9.349m far | 6E37:d=9.691m far | EB17:d=9.325m far | 8FB8:d=7.696m far | B9CE:d=6.334m far | E814:d=5.608m far | 7D33:d=6.901m far | DC2C:d=5.941m far
[2026-03-21T18:14:27.810Z] [Tick] t92 0290:skip(done) | 691B:d=3.305m far | 6890:d=5.055m far | CE3F:d=6.206m far | 5994:d=6.810m far | 2E70:d=5.544m far | A8A8:d=7.301m far | 58BE:d=8.309m far | 24A0:d=9.321m far | 6E37:d=9.661m far | EB17:d=9.294m far | 8FB8:d=7.665m far | B9CE:d=6.305m far | E814:d=5.585m far | 7D33:d=6.880m far | DC2C:d=5.909m far
[2026-03-21T18:14:28.810Z] [Tick] t96 0290:skip(done) | 691B:d=3.308m far | 6890:d=4.980m far | CE3F:d=6.155m far | 5994:d=6.784m far | 2E70:d=5.353m far | A8A8:d=7.410m far | 58BE:d=8.470m far | 24A0:d=9.550m far | 6E37:d=9.918m far | EB17:d=9.558m far | 8FB8:d=7.911m far | B9CE:d=6.518m far | E814:d=5.704m far | 7D33:d=6.992m far | DC2C:d=6.264m far
[2026-03-21T18:14:29.811Z] [Tick] t100 0290:skip(done) | 691B:d=3.450m far | 6890:d=4.992m far | CE3F:d=6.203m far | 5994:d=6.907m far | 2E70:d=5.354m far | A8A8:d=7.778m far | 58BE:d=8.886m far | 24A0:d=10.030m far | 6E37:d=10.423m far | EB17:d=10.071m far | 8FB8:d=8.411m far | B9CE:d=6.998m far | E814:d=6.111m far | 7D33:d=7.367m far | DC2C:d=6.821m far
[2026-03-21T18:14:30.811Z] [Tick] t104 0290:skip(done) | 691B:d=3.473m far | 6890:d=5.026m far | CE3F:d=6.234m far | 5994:d=6.929m far | 2E70:d=5.375m far | A8A8:d=7.764m far | 58BE:d=8.867m far | 24A0:d=10.000m far | 6E37:d=10.387m far | EB17:d=10.030m far | 8FB8:d=8.367m far | B9CE:d=6.953m far | E814:d=6.085m far | 7D33:d=7.351m far | DC2C:d=6.782m far
[2026-03-21T18:14:31.810Z] [Tick] t108 0290:skip(done) | 691B:d=3.436m far | 6890:d=4.983m far | CE3F:d=6.197m far | 5994:d=6.913m far | 2E70:d=5.397m far | A8A8:d=7.805m far | 58BE:d=8.909m far | 24A0:d=10.050m far | 6E37:d=10.442m far | EB17:d=10.090m far | 8FB8:d=8.436m far | B9CE:d=7.029m far | E814:d=6.147m far | 7D33:d=7.395m far | DC2C:d=6.817m far
[2026-03-21T18:14:32.811Z] [Tick] t112 0290:skip(done) | 691B:d=3.453m far | 6890:d=5.033m far | CE3F:d=6.238m far | 5994:d=6.930m far | 2E70:d=5.418m far | A8A8:d=7.737m far | 58BE:d=8.828m far | 24A0:d=9.946m far | 6E37:d=10.326m far | EB17:d=9.968m far | 8FB8:d=8.308m far | B9CE:d=6.901m far | E814:d=6.054m far | 7D33:d=7.323m far | DC2C:d=6.695m far
[2026-03-21T18:14:33.810Z] [Tick] t116 0290:skip(done) | 691B:d=3.600m far | 6890:d=5.171m far | CE3F:d=6.369m far | 5994:d=7.033m far | 2E70:d=5.430m far | A8A8:d=7.754m far | 58BE:d=8.847m far | 24A0:d=9.951m far | 6E37:d=10.319m far | EB17:d=9.948m far | 8FB8:d=8.264m far | B9CE:d=6.841m far | E814:d=6.030m far | 7D33:d=7.336m far | DC2C:d=6.731m far
[2026-03-21T18:14:34.810Z] [Tick] t120 0290:skip(done) | 691B:d=3.633m far | 6890:d=5.216m far | CE3F:d=6.412m far | 5994:d=7.068m far | 2E70:d=5.469m far | A8A8:d=7.753m far | 58BE:d=8.839m far | 24A0:d=9.929m far | 6E37:d=10.289m far | EB17:d=9.913m far | 8FB8:d=8.224m far | B9CE:d=6.802m far | E814:d=6.016m far | 7D33:d=7.333m far | DC2C:d=6.693m far
[2026-03-21T18:14:35.841Z] [Tick] t124 0290:skip(done) | 691B:d=3.556m far | 6890:d=5.146m far | CE3F:d=6.346m far | 5994:d=7.019m far | 2E70:d=5.475m far | A8A8:d=7.748m far | 58BE:d=8.832m far | 24A0:d=9.927m far | 6E37:d=10.292m far | EB17:d=9.922m far | 8FB8:d=8.247m far | B9CE:d=6.834m far | E814:d=6.033m far | 7D33:d=7.331m far | DC2C:d=6.667m far
[2026-03-21T18:14:36.811Z] [Tick] t128 0290:skip(done) | 691B:d=3.421m far | 6890:d=5.031m far | CE3F:d=6.230m far | 5994:d=6.911m far | 2E70:d=5.440m far | A8A8:d=7.673m far | 58BE:d=8.751m far | 24A0:d=9.852m far | 6E37:d=10.226m far | EB17:d=9.866m far | 8FB8:d=8.210m far | B9CE:d=6.810m far | E814:d=5.984m far | 7D33:d=7.258m far | DC2C:d=6.573m far
[2026-03-21T18:14:37.810Z] [Tick] t132 0290:skip(done) | 691B:d=3.255m far | 6890:d=4.897m far | CE3F:d=6.087m far | 5994:d=6.753m far | 2E70:d=5.335m far | A8A8:d=7.499m far | 58BE:d=8.573m far | 24A0:d=9.681m far | 6E37:d=10.064m far | EB17:d=9.715m far | 8FB8:d=8.078m far | B9CE:d=6.688m far | E814:d=5.830m far | 7D33:d=7.086m far | DC2C:d=6.406m far
[2026-03-21T18:14:38.811Z] [Tick] t136 0290:skip(done) | 691B:d=3.236m far | 6890:d=4.891m far | CE3F:d=6.075m far | 5994:d=6.729m far | 2E70:d=5.315m far | A8A8:d=7.444m far | 58BE:d=8.515m far | 24A0:d=9.618m far | 6E37:d=10.000m far | EB17:d=9.650m far | 8FB8:d=8.014m far | B9CE:d=6.626m far | E814:d=5.769m far | 7D33:d=7.030m far | DC2C:d=6.345m far
[2026-03-21T18:14:39.810Z] [Tick] t140 0290:skip(done) | 691B:d=3.287m far | 6890:d=4.961m far | CE3F:d=6.138m far | 5994:d=6.775m far | 2E70:d=5.365m far | A8A8:d=7.421m far | 58BE:d=8.480m far | 24A0:d=9.561m far | 6E37:d=9.931m far | EB17:d=9.573m far | 8FB8:d=7.931m far | B9CE:d=6.542m far | E814:d=5.725m far | 7D33:d=7.004m far | DC2C:d=6.265m far
[2026-03-21T18:14:40.810Z] [Tick] t144 0290:skip(done) | 691B:d=3.267m far | 6890:d=4.959m far | CE3F:d=6.125m far | 5994:d=6.738m far | 2E70:d=5.324m far | A8A8:d=7.323m far | 58BE:d=8.377m far | 24A0:d=9.450m far | 6E37:d=9.818m far | EB17:d=9.460m far | 8FB8:d=7.816m far | B9CE:d=6.427m far | E814:d=5.614m far | 7D33:d=6.904m far | DC2C:d=6.163m far
[2026-03-21T18:14:41.810Z] [Tick] t148 0290:skip(done) | 691B:d=3.177m far | 6890:d=4.863m far | CE3F:d=6.032m far | 5994:d=6.653m far | 2E70:d=5.253m far | A8A8:d=7.287m far | 58BE:d=8.350m far | 24A0:d=9.443m far | 6E37:d=9.823m far | EB17:d=9.474m far | 8FB8:d=7.842m far | B9CE:d=6.457m far | E814:d=5.602m far | 7D33:d=6.871m far | DC2C:d=6.174m far
[2026-03-21T18:14:42.810Z] [Tick] t152 0290:skip(done) | 691B:d=2.947m far | 6890:d=4.685m far | CE3F:d=5.829m far | 5994:d=6.416m far | 2E70:d=5.107m far | A8A8:d=7.001m far | 58BE:d=8.054m far | 24A0:d=9.154m far | 6E37:d=9.549m far | EB17:d=9.217m far | 8FB8:d=7.617m far | B9CE:d=6.250m far | E814:d=5.345m far | 7D33:d=6.587m far | DC2C:d=5.896m far
[2026-03-21T18:14:43.810Z] [Tick] t156 0290:skip(done) | 691B:d=2.547m far | 6890:d=4.355m far | CE3F:d=5.452m far | 5994:d=5.984m far | 2E70:d=4.849m far | A8A8:d=6.526m far | 58BE:d=7.569m far | 24A0:d=8.700m far | 6E37:d=9.132m far | EB17:d=8.838m far | 8FB8:d=7.305m far | B9CE:d=5.978m far | E814:d=4.948m far | 7D33:d=6.119m far | DC2C:d=5.489m far
[2026-03-21T18:14:44.811Z] [Tick] t160 0290:skip(done) | 691B:d=1.740m far | 6890:d=3.570m far | CE3F:d=4.631m far | 5994:d=5.147m far | 2E70:d=4.193m far | A8A8:d=5.994m far | 58BE:d=7.098m far | 24A0:d=8.398m far | 6E37:d=8.947m far | EB17:d=8.744m far | 8FB8:d=7.334m far | B9CE:d=6.063m far | E814:d=4.660m far | 7D33:d=5.615m far | DC2C:d=5.462m far
[2026-03-21T18:14:45.811Z] [Tick] t164 0290:skip(done) | 691B:d=0.647m far | 6890:d=2.461m far | CE3F:d=3.502m far | 5994:d=4.084m far | 2E70:d=3.462m far | A8A8:d=5.658m far | 58BE:d=6.848m far | 24A0:d=8.393m far | 6E37:d=9.099m far | EB17:d=9.021m far | 8FB8:d=7.784m far | B9CE:d=6.598m far | E814:d=4.757m far | 7D33:d=5.338m far | DC2C:d=5.880m far
[2026-03-21T18:14:46.811Z] [Tick] t168 0290:skip(done) | 691B:d=0.538m far | 6890:d=1.425m far | CE3F:d=2.480m far | 5994:d=3.215m far | 2E70:d=2.989m far | A8A8:d=5.669m far | 58BE:d=6.921m far | 24A0:d=8.668m far | 6E37:d=9.501m far | EB17:d=9.525m far | 8FB8:d=8.431m far | B9CE:d=7.313m far | E814:d=5.180m far | 7D33:d=5.418m far | DC2C:d=6.552m far
[2026-03-21T18:14:47.814Z] [Tick] t172 0290:skip(done) | 691B:d=1.557m far | 6890:d=0.403m far | CE3F:d=1.541m far | 5994:d=2.579m far | 2E70:d=2.855m far | A8A8:d=5.985m far | 58BE:d=7.270m far | 24A0:d=9.176m far | 6E37:d=10.112m far | EB17:d=10.221m far | 8FB8:d=9.245m far | B9CE:d=8.183m far | E814:d=5.856m far | 7D33:d=5.804m far | DC2C:d=7.409m far
[2026-03-21T18:14:48.811Z] [Tick] t176 0290:skip(done) | 691B:d=2.215m far | 6890:d=0.450m far | CE3F:d=0.879m far | 5994:d=2.108m far | 2E70:d=2.954m far | A8A8:d=6.053m far | 58BE:d=7.329m far | 24A0:d=9.321m far | 6E37:d=10.324m far | EB17:d=10.497m far | 8FB8:d=9.626m far | B9CE:d=8.623m far | E814:d=6.186m far | 7D33:d=5.925m far | DC2C:d=7.814m far
[2026-03-21T18:14:49.810Z] [Tick] t180 0290:skip(done) | 691B:d=2.238m far | 6890:d=0.416m far | CE3F:d=1.072m far | 5994:d=2.335m far | 2E70:d=2.965m far | A8A8:d=6.267m far | 58BE:d=7.557m far | 24A0:d=9.544m far | 6E37:d=10.537m far | EB17:d=10.695m far | 8FB8:d=9.789m far | B9CE:d=8.759m far | E814:d=6.341m far | 7D33:d=6.130m far | DC2C:d=7.983m far
[2026-03-21T18:14:50.810Z] [Tick] t184 COLLECT×1 | 0290:skip(done) | 691B:d=1.875m far | 6890:d=0.107m ✓ | CE3F:d=1.241m far | 5994:d=2.428m far | 2E70:d=3.005m far | A8A8:d=6.123m far | 58BE:d=7.397m far | 24A0:d=9.337m far | 6E37:d=10.301m far | EB17:d=10.439m far | 8FB8:d=9.510m far | B9CE:d=8.475m far | E814:d=6.111m far | 7D33:d=5.966m far | DC2C:d=7.653m far
[2026-03-21T18:14:51.844Z] [Tick] t188 0290:skip(done) | 691B:d=1.818m far | 6890:skip(done) | CE3F:d=1.328m far | 5994:d=2.491m far | 2E70:d=2.966m far | A8A8:d=6.131m far | 58BE:d=7.412m far | 24A0:d=9.345m far | 6E37:d=10.303m far | EB17:d=10.432m far | 8FB8:d=9.487m far | B9CE:d=8.441m far | E814:d=6.087m far | 7D33:d=5.969m far | DC2C:d=7.638m far
[2026-03-21T18:14:52.810Z] [Tick] t192 0290:skip(done) | 691B:d=1.619m far | 6890:skip(done) | CE3F:d=1.493m far | 5994:d=2.583m far | 2E70:d=2.924m far | A8A8:d=6.057m far | 58BE:d=7.338m far | 24A0:d=9.248m far | 6E37:d=10.187m far | EB17:d=10.300m far | 8FB8:d=9.332m far | B9CE:d=8.273m far | E814:d=5.947m far | 7D33:d=5.881m far | DC2C:d=7.480m far
[2026-03-21T18:14:53.810Z] [Tick] t196 0290:skip(done) | 691B:d=1.625m far | 6890:skip(done) | CE3F:d=1.485m far | 5994:d=2.571m far | 2E70:d=2.913m far | A8A8:d=6.048m far | 58BE:d=7.329m far | 24A0:d=9.241m far | 6E37:d=10.182m far | EB17:d=10.296m far | 8FB8:d=9.328m far | B9CE:d=8.270m far | E814:d=5.941m far | 7D33:d=5.872m far | DC2C:d=7.480m far
[2026-03-21T18:14:54.811Z] [Tick] t200 0290:skip(done) | 691B:d=1.564m far | 6890:skip(done) | CE3F:d=1.539m far | 5994:d=2.602m far | 2E70:d=2.901m far | A8A8:d=6.026m far | 58BE:d=7.307m far | 24A0:d=9.211m far | 6E37:d=10.147m far | EB17:d=10.255m far | 8FB8:d=9.280m far | B9CE:d=8.217m far | E814:d=5.897m far | 7D33:d=5.846m far | DC2C:d=7.431m far
[2026-03-21T18:14:55.810Z] [Tick] t204 0290:skip(done) | 691B:d=0.677m far | 6890:skip(done) | CE3F:d=2.318m far | 5994:d=3.128m far | 2E70:d=3.020m far | A8A8:d=5.773m far | 58BE:d=7.027m far | 24A0:d=8.797m far | 6E37:d=9.645m far | EB17:d=9.683m far | 8FB8:d=8.610m far | B9CE:d=7.504m far | E814:d=5.348m far | 7D33:d=5.534m far | DC2C:d=6.714m far
[2026-03-21T18:14:56.560Z] [Tick] t207 COLLECT×1 | 0290:skip(done) | 691B:d=0.100m ✓ | 6890:skip(done) | CE3F:d=3.016m far | 5994:d=3.708m far | 2E70:d=3.424m far | A8A8:d=5.730m far | 58BE:d=6.928m far | 24A0:d=8.551m far | 6E37:d=9.312m far | EB17:d=9.285m far | 8FB8:d=8.135m far | B9CE:d=6.999m far | E814:d=5.046m far | 7D33:d=5.446m far | DC2C:d=6.156m far
[2026-03-21T18:14:56.809Z] [Tick] t208 0290:skip(done) | 691B:skip(done) | 6890:skip(done) | CE3F:d=3.202m far | 5994:d=3.855m far | 2E70:d=3.531m far | A8A8:d=5.700m far | 58BE:d=6.880m far | 24A0:d=8.462m far | 6E37:d=9.200m far | EB17:d=9.156m far | 8FB8:d=7.986m far | B9CE:d=6.844m far | E814:d=4.948m far | 7D33:d=5.404m far | DC2C:d=5.992m far
[2026-03-21T18:14:57.810Z] [Tick] t212 0290:skip(done) | 691B:skip(done) | 6890:skip(done) | CE3F:d=3.101m far | 5994:d=3.604m far | 2E70:d=3.331m far | A8A8:d=5.294m far | 58BE:d=6.480m far | 24A0:d=8.090m far | 6E37:d=8.853m far | EB17:d=8.833m far | 8FB8:d=7.702m far | B9CE:d=6.587m far | E814:d=4.602m far | 7D33:d=5.002m far | DC2C:d=5.757m far
[2026-03-21T18:14:58.810Z] [Tick] t216 0290:skip(done) | 691B:skip(done) | 6890:skip(done) | CE3F:d=2.531m far | 5994:d=3.251m far | 2E70:d=3.059m far | A8A8:d=5.642m far | 58BE:d=6.884m far | 24A0:d=8.614m far | 6E37:d=9.440m far | EB17:d=9.460m far | 8FB8:d=8.367m far | B9CE:d=7.254m far | E814:d=5.139m far | 7D33:d=5.388m far | DC2C:d=6.466m far
[2026-03-21T18:14:59.811Z] [Tick] t220 0290:skip(done) | 691B:skip(done) | 6890:skip(done) | CE3F:d=1.789m far | 5994:d=2.678m far | 2E70:d=2.863m far | A8A8:d=5.763m far | 58BE:d=7.034m far | 24A0:d=8.894m far | 6E37:d=9.803m far | EB17:d=9.893m far | 8FB8:d=8.896m far | B9CE:d=7.829m far | E814:d=5.548m far | 7D33:d=5.563m far | DC2C:d=7.036m far
[2026-03-21T18:15:00.810Z] [Tick] t224 0290:skip(done) | 691B:skip(done) | 6890:skip(done) | CE3F:d=1.030m far | 5994:d=2.152m far | 2E70:d=2.839m far | A8A8:d=5.947m far | 58BE:d=7.231m far | 24A0:d=9.208m far | 6E37:d=10.199m far | EB17:d=10.359m far | 8FB8:d=9.464m far | B9CE:d=8.449m far | E814:d=6.025m far | 7D33:d=5.807m far | DC2C:d=7.664m far
[2026-03-21T18:15:01.810Z] [Tick] t228 0290:skip(done) | 691B:skip(done) | 6890:skip(done) | CE3F:d=0.572m far | 5994:d=1.804m far | 2E70:d=2.925m far | A8A8:d=6.035m far | 58BE:d=7.313m far | 24A0:d=9.365m far | 6E37:d=10.412m far | EB17:d=10.624m far | 8FB8:d=9.812m far | B9CE:d=8.842m far | E814:d=6.325m far | 7D33:d=5.940m far | DC2C:d=8.066m far
[2026-03-21T18:15:02.810Z] [Tick] t232 0290:skip(done) | 691B:skip(done) | 6890:skip(done) | CE3F:d=0.592m far | 5994:d=1.813m far | 2E70:d=2.951m far | A8A8:d=6.127m far | 58BE:d=7.408m far | 24A0:d=9.476m far | 6E37:d=10.533m far | EB17:d=10.754m far | 8FB8:d=9.950m far | B9CE:d=8.982m far | E814:d=6.449m far | 7D33:d=6.039m far | DC2C:d=8.224m far
[2026-03-21T18:15:03.819Z] [Tick] t236 0290:skip(done) | 691B:skip(done) | 6890:skip(done) | CE3F:d=0.572m far | 5994:d=1.831m far | 2E70:d=2.998m far | A8A8:d=6.160m far | 58BE:d=7.438m far | 24A0:d=9.504m far | 6E37:d=10.561m far | EB17:d=10.783m far | 8FB8:d=9.981m far | B9CE:d=9.015m far | E814:d=6.485m far | 7D33:d=6.074m far | DC2C:d=8.245m far
[2026-03-21T18:15:04.810Z] [Tick] t240 0290:skip(done) | 691B:skip(done) | 6890:skip(done) | CE3F:d=0.568m far | 5994:d=1.832m far | 2E70:d=2.987m far | A8A8:d=6.138m far | 58BE:d=7.415m far | 24A0:d=9.477m far | 6E37:d=10.531m far | EB17:d=10.749m far | 8FB8:d=9.945m far | B9CE:d=8.977m far | E814:d=6.452m far | 7D33:d=6.048m far | DC2C:d=8.203m far
[2026-03-21T18:15:05.810Z] [Tick] t244 0290:skip(done) | 691B:skip(done) | 6890:skip(done) | CE3F:d=0.575m far | 5994:d=1.844m far | 2E70:d=2.976m far | A8A8:d=6.115m far | 58BE:d=7.393m far | 24A0:d=9.448m far | 6E37:d=10.497m far | EB17:d=10.711m far | 8FB8:d=9.901m far | B9CE:d=8.930m far | E814:d=6.413m far | 7D33:d=6.022m far | DC2C:d=8.152m far
[2026-03-21T18:15:06.810Z] [Tick] t248 0290:skip(done) | 691B:skip(done) | 6890:skip(done) | CE3F:d=0.408m far | 5994:d=1.742m far | 2E70:d=3.071m far | A8A8:d=6.068m far | 58BE:d=7.330m far | 24A0:d=9.386m far | 6E37:d=10.443m far | EB17:d=10.669m far | 8FB8:d=9.885m far | B9CE:d=8.935m far | E814:d=6.413m far | 7D33:d=5.984m far | DC2C:d=8.118m far
[2026-03-21T18:15:07.832Z] [Tick] t252 COLLECT×1 | 0290:skip(done) | 691B:skip(done) | 6890:skip(done) | CE3F:d=0.102m ✓ | 5994:d=1.434m far | 2E70:d=3.266m far | A8A8:d=5.909m far | 58BE:d=7.133m far | 24A0:d=9.204m far | 6E37:d=10.287m far | EB17:d=10.549m far | 8FB8:d=9.842m far | B9CE:d=8.947m far | E814:d=6.398m far | 7D33:d=5.852m far | DC2C:d=8.061m far
[2026-03-21T18:15:08.810Z] [Tick] t256 0290:skip(done) | 691B:skip(done) | 6890:skip(done) | CE3F:skip(done) | 5994:d=1.773m far | 2E70:d=3.220m far | A8A8:d=6.105m far | 58BE:d=7.350m far | 24A0:d=9.393m far | 6E37:d=10.447m far | EB17:d=10.675m far | 8FB8:d=9.903m far | B9CE:d=8.963m far | E814:d=6.458m far | 7D33:d=6.022m far | DC2C:d=8.091m far
[2026-03-21T18:15:09.810Z] [Tick] t260 0290:skip(done) | 691B:skip(done) | 6890:skip(done) | CE3F:skip(done) | 5994:d=1.761m far | 2E70:d=2.966m far | A8A8:d=6.060m far | 58BE:d=7.335m far | 24A0:d=9.397m far | 6E37:d=10.453m far | EB17:d=10.674m far | 8FB8:d=9.876m far | B9CE:d=8.915m far | E814:d=6.386m far | 7D33:d=5.973m far | DC2C:d=8.137m far
[2026-03-21T18:15:10.810Z] [Tick] t264 0290:skip(done) | 691B:skip(done) | 6890:skip(done) | CE3F:skip(done) | 5994:d=1.789m far | 2E70:d=2.963m far | A8A8:d=6.077m far | 58BE:d=7.353m far | 24A0:d=9.413m far | 6E37:d=10.466m far | EB17:d=10.685m far | 8FB8:d=9.883m far | B9CE:d=8.918m far | E814:d=6.393m far | 7D33:d=5.987m far | DC2C:d=8.141m far
[2026-03-21T18:15:11.811Z] [Tick] t268 0290:skip(done) | 691B:skip(done) | 6890:skip(done) | CE3F:skip(done) | 5994:d=1.950m far | 2E70:d=2.936m far | A8A8:d=6.243m far | 58BE:d=7.534m far | 24A0:d=9.602m far | 6E37:d=10.654m far | EB17:d=10.866m far | 8FB8:d=10.042m far | B9CE:d=9.057m far | E814:d=6.531m far | 7D33:d=6.150m far | DC2C:d=8.325m far
[2026-03-21T18:15:12.811Z] [Tick] t272 0290:skip(done) | 691B:skip(done) | 6890:skip(done) | CE3F:skip(done) | 5994:d=1.602m far | 2E70:d=3.261m far | A8A8:d=6.011m far | 58BE:d=7.243m far | 24A0:d=9.299m far | 6E37:d=10.368m far | EB17:d=10.614m far | 8FB8:d=9.877m far | B9CE:d=8.962m far | E814:d=6.435m far | 7D33:d=5.941m far | DC2C:d=8.075m far
[2026-03-21T18:15:13.810Z] [Tick] t276 0290:skip(done) | 691B:skip(done) | 6890:skip(done) | CE3F:skip(done) | 5994:d=1.240m far | 2E70:d=3.301m far | A8A8:d=5.762m far | 58BE:d=6.971m far | 24A0:d=9.051m far | 6E37:d=10.147m far | EB17:d=10.427m far | 8FB8:d=9.757m far | B9CE:d=8.888m far | E814:d=6.322m far | 7D33:d=5.718m far | DC2C:d=7.988m far
[2026-03-21T18:15:14.811Z] [Tick] t280 0290:skip(done) | 691B:skip(done) | 6890:skip(done) | CE3F:skip(done) | 5994:d=0.363m far | 2E70:d=3.043m far | A8A8:d=4.893m far | 58BE:d=6.097m far | 24A0:d=8.229m far | 6E37:d=9.369m far | EB17:d=9.693m far | 8FB8:d=9.113m far | B9CE:d=8.319m far | E814:d=5.665m far | 7D33:d=4.886m far | DC2C:d=7.517m far
[2026-03-21T18:15:15.090Z] [Tick] t281 COLLECT×1 | 0290:skip(done) | 691B:skip(done) | 6890:skip(done) | CE3F:skip(done) | 5994:d=0.130m ✓ | 2E70:d=2.990m far | A8A8:d=4.683m far | 58BE:d=5.891m far | 24A0:d=8.056m far | 6E37:d=9.219m far | EB17:d=9.564m far | 8FB8:d=9.020m far | B9CE:d=8.251m far | E814:d=5.557m far | 7D33:d=4.697m far | DC2C:d=7.519m far
[2026-03-21T18:15:15.810Z] [Tick] t284 0290:skip(done) | 691B:skip(done) | 6890:skip(done) | CE3F:skip(done) | 5994:skip(done) | 2E70:d=2.696m far | A8A8:d=4.876m far | 58BE:d=6.131m far | 24A0:d=8.293m far | 6E37:d=9.436m far | EB17:d=9.750m far | 8FB8:d=9.132m far | B9CE:d=8.305m far | E814:d=5.613m far | 7D33:d=4.863m far | DC2C:d=7.644m far
[2026-03-21T18:15:16.810Z] [Tick] t288 0290:skip(done) | 691B:skip(done) | 6890:skip(done) | CE3F:skip(done) | 5994:skip(done) | 2E70:d=2.750m far | A8A8:d=5.140m far | 58BE:d=6.397m far | 24A0:d=8.586m far | 6E37:d=9.747m far | EB17:d=10.074m far | 8FB8:d=9.468m far | B9CE:d=8.639m far | E814:d=5.924m far | 7D33:d=5.144m far | DC2C:d=8.021m far
[2026-03-21T18:15:17.810Z] [Tick] t292 0290:skip(done) | 691B:skip(done) | 6890:skip(done) | CE3F:skip(done) | 5994:skip(done) | 2E70:d=2.902m far | A8A8:d=4.588m far | 58BE:d=5.807m far | 24A0:d=7.980m far | 6E37:d=9.144m far | EB17:d=9.488m far | 8FB8:d=8.940m far | B9CE:d=8.169m far | E814:d=5.463m far | 7D33:d=4.602m far | DC2C:d=7.474m far
[2026-03-21T18:15:18.811Z] [Tick] t296 0290:skip(done) | 691B:skip(done) | 6890:skip(done) | CE3F:skip(done) | 5994:skip(done) | 2E70:d=2.456m far | A8A8:d=3.908m far | 58BE:d=5.201m far | 24A0:d=7.377m far | 6E37:d=8.523m far | EB17:d=8.839m far | 8FB8:d=8.242m far | B9CE:d=7.452m far | E814:d=4.708m far | 7D33:d=3.892m far | DC2C:d=6.943m far
[2026-03-21T18:15:19.810Z] [Tick] t300 0290:skip(done) | 691B:skip(done) | 6890:skip(done) | CE3F:skip(done) | 5994:skip(done) | 2E70:d=1.762m far | A8A8:d=4.159m far | 58BE:d=5.530m far | 24A0:d=7.700m far | 6E37:d=8.816m far | EB17:d=9.083m far | 8FB8:d=8.367m far | B9CE:d=7.484m far | E814:d=4.728m far | 7D33:d=4.101m far | DC2C:d=7.196m far
[2026-03-21T18:15:20.810Z] [Tick] t304 0290:skip(done) | 691B:skip(done) | 6890:skip(done) | CE3F:skip(done) | 5994:skip(done) | 2E70:d=1.153m far | A8A8:d=4.492m far | 58BE:d=5.905m far | 24A0:d=8.045m far | 6E37:d=9.124m far | EB17:d=9.342m far | 8FB8:d=8.517m far | B9CE:d=7.551m far | E814:d=4.828m far | 7D33:d=4.396m far | DC2C:d=7.433m far
[2026-03-21T18:15:21.810Z] [Tick] t308 0290:skip(done) | 691B:skip(done) | 6890:skip(done) | CE3F:skip(done) | 5994:skip(done) | 2E70:d=0.585m far | A8A8:d=4.798m far | 58BE:d=6.236m far | 24A0:d=8.339m far | 6E37:d=9.380m far | EB17:d=9.553m far | 8FB8:d=8.633m far | B9CE:d=7.598m far | E814:d=4.928m far | 7D33:d=4.670m far | DC2C:d=7.655m far
[2026-03-21T18:15:22.561Z] [Tick] t311 COLLECT×1 | 0290:skip(done) | 691B:skip(done) | 6890:skip(done) | CE3F:skip(done) | 5994:skip(done) | 2E70:d=0.139m ✓ | A8A8:d=5.086m far | 58BE:d=6.535m far | 24A0:d=8.580m far | 6E37:d=9.573m far | EB17:d=9.694m far | 8FB8:d=8.673m far | B9CE:d=7.570m far | E814:d=4.985m far | 7D33:d=4.922m far | DC2C:d=7.777m far
[2026-03-21T18:15:22.810Z] [Tick] t312 0290:skip(done) | 691B:skip(done) | 6890:skip(done) | CE3F:skip(done) | 5994:skip(done) | 2E70:skip(done) | A8A8:d=5.114m far | 58BE:d=6.564m far | 24A0:d=8.560m far | 6E37:d=9.517m far | EB17:d=9.604m far | 8FB8:d=8.525m far | B9CE:d=7.386m far | E814:d=4.859m far | 7D33:d=4.922m far | DC2C:d=7.650m far
[2026-03-21T18:15:23.834Z] [Tick] t316 0290:skip(done) | 691B:skip(done) | 6890:skip(done) | CE3F:skip(done) | 5994:skip(done) | 2E70:skip(done) | A8A8:d=4.272m far | 58BE:d=5.719m far | 24A0:d=7.692m far | 6E37:d=8.646m far | EB17:d=8.742m far | 8FB8:d=7.706m far | B9CE:d=6.614m far | E814:d=4.019m far | 7D33:d=4.064m far | DC2C:d=6.921m far
[2026-03-21T18:15:24.810Z] [Tick] t320 0290:skip(done) | 691B:skip(done) | 6890:skip(done) | CE3F:skip(done) | 5994:skip(done) | 2E70:skip(done) | A8A8:d=3.555m far | 58BE:d=4.999m far | 24A0:d=6.974m far | 6E37:d=7.944m far | EB17:d=8.066m far | 8FB8:d=7.102m far | B9CE:d=6.079m far | E814:d=3.395m far | 7D33:d=3.341m far | DC2C:d=6.327m far
[2026-03-21T18:15:25.810Z] [Tick] t324 0290:skip(done) | 691B:skip(done) | 6890:skip(done) | CE3F:skip(done) | 5994:skip(done) | 2E70:skip(done) | A8A8:d=2.772m far | 58BE:d=4.219m far | 24A0:d=6.227m far | 6E37:d=7.237m far | EB17:d=7.409m far | 8FB8:d=6.568m far | B9CE:d=5.660m far | E814:d=2.873m far | 7D33:d=2.575m far | DC2C:d=5.899m far
[2026-03-21T18:15:26.810Z] [Tick] t328 0290:skip(done) | 691B:skip(done) | 6890:skip(done) | CE3F:skip(done) | 5994:skip(done) | 2E70:skip(done) | A8A8:d=1.628m far | 58BE:d=3.077m far | 24A0:d=5.153m far | 6E37:d=6.236m far | EB17:d=6.502m far | 8FB8:d=5.898m far | B9CE:d=5.211m far | E814:d=2.396m far | 7D33:d=1.482m far | DC2C:d=5.345m far
[2026-03-21T18:15:27.810Z] [Tick] t332 0290:skip(done) | 691B:skip(done) | 6890:skip(done) | CE3F:skip(done) | 5994:skip(done) | 2E70:skip(done) | A8A8:d=0.761m far | 58BE:d=2.211m far | 24A0:d=4.313m far | 6E37:d=5.441m far | EB17:d=5.773m far | 8FB8:d=5.360m far | B9CE:d=4.869m far | E814:d=2.209m far | 7D33:d=0.686m far | DC2C:d=5.008m far
[2026-03-21T18:15:28.810Z] [Tick] t336 0290:skip(done) | 691B:skip(done) | 6890:skip(done) | CE3F:skip(done) | 5994:skip(done) | 2E70:skip(done) | A8A8:d=0.232m far | 58BE:d=1.678m far | 24A0:d=3.812m far | 6E37:d=4.978m far | EB17:d=5.364m far | 8FB8:d=5.102m far | B9CE:d=4.757m far | E814:d=2.288m far | 7D33:d=0.422m far | DC2C:d=4.871m far
[2026-03-21T18:15:29.102Z] [Tick] t337 COLLECT×1 | 0290:skip(done) | 691B:skip(done) | 6890:skip(done) | CE3F:skip(done) | 5994:skip(done) | 2E70:skip(done) | A8A8:d=0.084m ✓ | 58BE:d=1.477m far | 24A0:d=3.602m far | 6E37:d=4.773m far | EB17:d=5.172m far | 8FB8:d=4.956m far | B9CE:d=4.662m far | E814:d=2.284m far | 7D33:d=0.393m far | DC2C:d=4.751m far
[2026-03-21T18:15:29.810Z] [Tick] t340 0290:skip(done) | 691B:skip(done) | 6890:skip(done) | CE3F:skip(done) | 5994:skip(done) | 2E70:skip(done) | A8A8:skip(done) | 58BE:d=1.409m far | 24A0:d=3.527m far | 6E37:d=4.699m far | EB17:d=5.101m far | 8FB8:d=4.902m far | B9CE:d=4.626m far | E814:d=2.282m far | 7D33:d=0.411m far | DC2C:d=4.723m far
[2026-03-21T18:15:30.810Z] [Tick] t344 0290:skip(done) | 691B:skip(done) | 6890:skip(done) | CE3F:skip(done) | 5994:skip(done) | 2E70:skip(done) | A8A8:skip(done) | 58BE:d=1.399m far | 24A0:d=3.526m far | 6E37:d=4.703m far | EB17:d=5.109m far | 8FB8:d=4.917m far | B9CE:d=4.646m far | E814:d=2.304m far | 7D33:d=0.427m far | DC2C:d=4.723m far
[2026-03-21T18:15:31.810Z] [Tick] t348 0290:skip(done) | 691B:skip(done) | 6890:skip(done) | CE3F:skip(done) | 5994:skip(done) | 2E70:skip(done) | A8A8:skip(done) | 58BE:d=1.398m far | 24A0:d=3.530m far | 6E37:d=4.709m far | EB17:d=5.117m far | 8FB8:d=4.928m far | B9CE:d=4.657m far | E814:d=2.315m far | 7D33:d=0.436m far | DC2C:d=4.730m far
[2026-03-21T18:15:32.810Z] [Tick] t352 0290:skip(done) | 691B:skip(done) | 6890:skip(done) | CE3F:skip(done) | 5994:skip(done) | 2E70:skip(done) | A8A8:skip(done) | 58BE:d=1.189m far | 24A0:d=3.388m far | 6E37:d=4.605m far | EB17:d=5.059m far | 8FB8:d=4.971m far | B9CE:d=4.775m far | E814:d=2.527m far | 7D33:d=0.679m far | DC2C:d=4.805m far
[2026-03-21T18:15:33.810Z] [Tick] t356 0290:skip(done) | 691B:skip(done) | 6890:skip(done) | CE3F:skip(done) | 5994:skip(done) | 2E70:skip(done) | A8A8:skip(done) | 58BE:d=0.679m far | 24A0:d=2.911m far | 6E37:d=4.172m far | EB17:d=4.691m far | 8FB8:d=4.786m far | B9CE:d=4.754m far | E814:d=2.781m far | 7D33:d=1.125m far | DC2C:d=4.823m far
[2026-03-21T18:15:34.560Z] [Tick] t359 COLLECT×1 | 0290:skip(done) | 691B:skip(done) | 6890:skip(done) | CE3F:skip(done) | 5994:skip(done) | 2E70:skip(done) | A8A8:skip(done) | 58BE:d=0.139m ✓ | 24A0:d=2.244m far | 6E37:d=3.551m far | EB17:d=4.151m far | 8FB8:d=4.492m far | B9CE:d=4.678m far | E814:d=3.111m far | 7D33:d=1.725m far | DC2C:d=4.701m far
[2026-03-21T18:15:34.810Z] [Tick] t360 0290:skip(done) | 691B:skip(done) | 6890:skip(done) | CE3F:skip(done) | 5994:skip(done) | 2E70:skip(done) | A8A8:skip(done) | 58BE:skip(done) | 24A0:d=2.029m far | 6E37:d=3.352m far | EB17:d=3.982m far | 8FB8:d=4.412m far | B9CE:d=4.673m far | E814:d=3.245m far | 7D33:d=1.940m far | DC2C:d=4.693m far
[2026-03-21T18:15:35.814Z] [Tick] t364 0290:skip(done) | 691B:skip(done) | 6890:skip(done) | CE3F:skip(done) | 5994:skip(done) | 2E70:skip(done) | A8A8:skip(done) | 58BE:skip(done) | 24A0:d=1.710m far | 6E37:d=3.061m far | EB17:d=3.749m far | 8FB8:d=4.339m far | B9CE:d=4.724m far | E814:d=3.513m far | 7D33:d=2.313m far | DC2C:d=4.776m far
[2026-03-21T18:15:36.810Z] [Tick] t368 0290:skip(done) | 691B:skip(done) | 6890:skip(done) | CE3F:skip(done) | 5994:skip(done) | 2E70:skip(done) | A8A8:skip(done) | 58BE:skip(done) | 24A0:d=0.812m far | 6E37:d=2.163m far | EB17:d=2.911m far | 8FB8:d=3.781m far | B9CE:d=4.429m far | E814:d=3.811m far | 7D33:d=2.999m far | DC2C:d=4.539m far
[2026-03-21T18:15:37.560Z] [Tick] t371 COLLECT×1 | 0290:skip(done) | 691B:skip(done) | 6890:skip(done) | CE3F:skip(done) | 5994:skip(done) | 2E70:skip(done) | A8A8:skip(done) | 58BE:skip(done) | 24A0:d=0.123m ✓ | 6E37:d=1.382m far | EB17:d=2.219m far | 8FB8:d=3.420m far | B9CE:d=4.318m far | E814:d=4.224m far | 7D33:d=3.682m far | DC2C:d=4.447m far
[2026-03-21T18:15:37.810Z] [Tick] t372 0290:skip(done) | 691B:skip(done) | 6890:skip(done) | CE3F:skip(done) | 5994:skip(done) | 2E70:skip(done) | A8A8:skip(done) | 58BE:skip(done) | 24A0:skip(done) | 6E37:d=1.143m far | EB17:d=2.011m far | 8FB8:d=3.320m far | B9CE:d=4.293m far | E814:d=4.357m far | 7D33:d=3.894m far | DC2C:d=4.450m far
[2026-03-21T18:15:38.810Z] [Tick] t376 0290:skip(done) | 691B:skip(done) | 6890:skip(done) | CE3F:skip(done) | 5994:skip(done) | 2E70:skip(done) | A8A8:skip(done) | 58BE:skip(done) | 24A0:skip(done) | 6E37:d=0.238m far | EB17:d=1.199m far | 8FB8:d=2.908m far | B9CE:d=4.136m far | E814:d=4.794m far | 7D33:d=4.638m far | DC2C:d=4.411m far
[2026-03-21T18:15:39.088Z] [Tick] t377 COLLECT×1 | 0290:skip(done) | 691B:skip(done) | 6890:skip(done) | CE3F:skip(done) | 5994:skip(done) | 2E70:skip(done) | A8A8:skip(done) | 58BE:skip(done) | 24A0:skip(done) | 6E37:d=0.136m ✓ | EB17:d=1.003m far | 8FB8:d=2.826m far | B9CE:d=4.115m far | E814:d=4.928m far | 7D33:d=4.847m far | DC2C:d=4.416m far
[2026-03-21T18:15:39.838Z] [Tick] t380 0290:skip(done) | 691B:skip(done) | 6890:skip(done) | CE3F:skip(done) | 5994:skip(done) | 2E70:skip(done) | A8A8:skip(done) | 58BE:skip(done) | 24A0:skip(done) | 6E37:skip(done) | EB17:d=0.660m far | 8FB8:d=2.659m far | B9CE:d=4.081m far | E814:d=5.278m far | 7D33:d=5.387m far | DC2C:d=4.450m far
[2026-03-21T18:15:40.810Z] [Tick] t384 0290:skip(done) | 691B:skip(done) | 6890:skip(done) | CE3F:skip(done) | 5994:skip(done) | 2E70:skip(done) | A8A8:skip(done) | 58BE:skip(done) | 24A0:skip(done) | 6E37:skip(done) | EB17:d=0.974m far | 8FB8:d=2.708m far | B9CE:d=4.208m far | E814:d=5.761m far | 7D33:d=6.036m far | DC2C:d=4.657m far
[2026-03-21T18:15:41.810Z] [Tick] t388 0290:skip(done) | 691B:skip(done) | 6890:skip(done) | CE3F:skip(done) | 5994:skip(done) | 2E70:skip(done) | A8A8:skip(done) | 58BE:skip(done) | 24A0:skip(done) | 6E37:skip(done) | EB17:d=0.853m far | 8FB8:d=2.659m far | B9CE:d=4.149m far | E814:d=5.628m far | 7D33:d=5.874m far | DC2C:d=4.669m far
[2026-03-21T18:15:42.810Z] [Tick] t392 0290:skip(done) | 691B:skip(done) | 6890:skip(done) | CE3F:skip(done) | 5994:skip(done) | 2E70:skip(done) | A8A8:skip(done) | 58BE:skip(done) | 24A0:skip(done) | 6E37:skip(done) | EB17:d=0.936m far | 8FB8:d=2.826m far | B9CE:d=4.305m far | E814:d=5.701m far | 7D33:d=5.879m far | DC2C:d=4.731m far
[2026-03-21T18:15:43.810Z] [Tick] t396 0290:skip(done) | 691B:skip(done) | 6890:skip(done) | CE3F:skip(done) | 5994:skip(done) | 2E70:skip(done) | A8A8:skip(done) | 58BE:skip(done) | 24A0:skip(done) | 6E37:skip(done) | EB17:d=0.880m far | 8FB8:d=2.754m far | B9CE:d=4.234m far | E814:d=5.659m far | 7D33:d=5.861m far | DC2C:d=4.568m far
[2026-03-21T18:15:44.810Z] [Tick] t400 0290:skip(done) | 691B:skip(done) | 6890:skip(done) | CE3F:skip(done) | 5994:skip(done) | 2E70:skip(done) | A8A8:skip(done) | 58BE:skip(done) | 24A0:skip(done) | 6E37:skip(done) | EB17:d=1.058m far | 8FB8:d=2.922m far | B9CE:d=4.409m far | E814:d=5.832m far | 7D33:d=6.011m far | DC2C:d=4.814m far
[2026-03-21T18:15:45.810Z] [Tick] t404 0290:skip(done) | 691B:skip(done) | 6890:skip(done) | CE3F:skip(done) | 5994:skip(done) | 2E70:skip(done) | A8A8:skip(done) | 58BE:skip(done) | 24A0:skip(done) | 6E37:skip(done) | EB17:d=1.007m far | 8FB8:d=2.870m far | B9CE:d=4.356m far | E814:d=5.786m far | 7D33:d=5.976m far | DC2C:d=4.748m far
[2026-03-21T18:15:46.810Z] [Tick] t408 0290:skip(done) | 691B:skip(done) | 6890:skip(done) | CE3F:skip(done) | 5994:skip(done) | 2E70:skip(done) | A8A8:skip(done) | 58BE:skip(done) | 24A0:skip(done) | 6E37:skip(done) | EB17:d=1.256m far | 8FB8:d=3.070m far | B9CE:d=4.566m far | E814:d=6.033m far | 7D33:d=6.218m far | DC2C:d=4.991m far
[2026-03-21T18:15:47.810Z] [Tick] t412 0290:skip(done) | 691B:skip(done) | 6890:skip(done) | CE3F:skip(done) | 5994:skip(done) | 2E70:skip(done) | A8A8:skip(done) | 58BE:skip(done) | 24A0:skip(done) | 6E37:skip(done) | EB17:d=1.545m far | 8FB8:d=3.330m far | B9CE:d=4.831m far | E814:d=6.318m far | 7D33:d=6.484m far | DC2C:d=5.256m far
[2026-03-21T18:15:48.810Z] [Tick] t416 0290:skip(done) | 691B:skip(done) | 6890:skip(done) | CE3F:skip(done) | 5994:skip(done) | 2E70:skip(done) | A8A8:skip(done) | 58BE:skip(done) | 24A0:skip(done) | 6E37:skip(done) | EB17:d=1.581m far | 8FB8:d=3.373m far | B9CE:d=4.874m far | E814:d=6.349m far | 7D33:d=6.504m far | DC2C:d=5.299m far
[2026-03-21T18:15:49.811Z] [Tick] t420 0290:skip(done) | 691B:skip(done) | 6890:skip(done) | CE3F:skip(done) | 5994:skip(done) | 2E70:skip(done) | A8A8:skip(done) | 58BE:skip(done) | 24A0:skip(done) | 6E37:skip(done) | EB17:d=1.588m far | 8FB8:d=3.366m far | B9CE:d=4.868m far | E814:d=6.360m far | 7D33:d=6.525m far | DC2C:d=5.300m far
[2026-03-21T18:15:50.810Z] [Tick] t424 0290:skip(done) | 691B:skip(done) | 6890:skip(done) | CE3F:skip(done) | 5994:skip(done) | 2E70:skip(done) | A8A8:skip(done) | 58BE:skip(done) | 24A0:skip(done) | 6E37:skip(done) | EB17:d=1.624m far | 8FB8:d=3.384m far | B9CE:d=4.888m far | E814:d=6.396m far | 7D33:d=6.569m far | DC2C:d=5.334m far
[2026-03-21T18:15:51.820Z] [Tick] t428 0290:skip(done) | 691B:skip(done) | 6890:skip(done) | CE3F:skip(done) | 5994:skip(done) | 2E70:skip(done) | A8A8:skip(done) | 58BE:skip(done) | 24A0:skip(done) | 6E37:skip(done) | EB17:d=1.590m far | 8FB8:d=3.350m far | B9CE:d=4.854m far | E814:d=6.364m far | 7D33:d=6.541m far | DC2C:d=5.301m far
[2026-03-21T18:15:52.810Z] [Tick] t432 0290:skip(done) | 691B:skip(done) | 6890:skip(done) | CE3F:skip(done) | 5994:skip(done) | 2E70:skip(done) | A8A8:skip(done) | 58BE:skip(done) | 24A0:skip(done) | 6E37:skip(done) | EB17:d=1.597m far | 8FB8:d=3.367m far | B9CE:d=4.870m far | E814:d=6.370m far | 7D33:d=6.540m far | DC2C:d=5.303m far
[2026-03-21T18:15:53.810Z] [Tick] t436 0290:skip(done) | 691B:skip(done) | 6890:skip(done) | CE3F:skip(done) | 5994:skip(done) | 2E70:skip(done) | A8A8:skip(done) | 58BE:skip(done) | 24A0:skip(done) | 6E37:skip(done) | EB17:d=1.668m far | 8FB8:d=3.425m far | B9CE:d=4.930m far | E814:d=6.443m far | 7D33:d=6.614m far | DC2C:d=5.359m far
[2026-03-21T18:15:54.810Z] [Tick] t440 0290:skip(done) | 691B:skip(done) | 6890:skip(done) | CE3F:skip(done) | 5994:skip(done) | 2E70:skip(done) | A8A8:skip(done) | 58BE:skip(done) | 24A0:skip(done) | 6E37:skip(done) | EB17:d=1.800m far | 8FB8:d=3.571m far | B9CE:d=5.076m far | E814:d=6.569m far | 7D33:d=6.714m far | DC2C:d=5.486m far
[2026-03-21T18:15:55.834Z] [Tick] t444 0290:skip(done) | 691B:skip(done) | 6890:skip(done) | CE3F:skip(done) | 5994:skip(done) | 2E70:skip(done) | A8A8:skip(done) | 58BE:skip(done) | 24A0:skip(done) | 6E37:skip(done) | EB17:d=1.760m far | 8FB8:d=3.532m far | B9CE:d=5.037m far | E814:d=6.530m far | 7D33:d=6.679m far | DC2C:d=5.448m far
[2026-03-21T18:15:56.810Z] [Tick] t448 0290:skip(done) | 691B:skip(done) | 6890:skip(done) | CE3F:skip(done) | 5994:skip(done) | 2E70:skip(done) | A8A8:skip(done) | 58BE:skip(done) | 24A0:skip(done) | 6E37:skip(done) | EB17:d=1.749m far | 8FB8:d=3.532m far | B9CE:d=5.035m far | E814:d=6.518m far | 7D33:d=6.660m far | DC2C:d=5.437m far
[2026-03-21T18:15:57.810Z] [Tick] t452 0290:skip(done) | 691B:skip(done) | 6890:skip(done) | CE3F:skip(done) | 5994:skip(done) | 2E70:skip(done) | A8A8:skip(done) | 58BE:skip(done) | 24A0:skip(done) | 6E37:skip(done) | EB17:d=1.707m far | 8FB8:d=3.466m far | B9CE:d=4.971m far | E814:d=6.482m far | 7D33:d=6.646m far | DC2C:d=5.394m far
[2026-03-21T18:15:58.810Z] [Tick] t456 0290:skip(done) | 691B:skip(done) | 6890:skip(done) | CE3F:skip(done) | 5994:skip(done) | 2E70:skip(done) | A8A8:skip(done) | 58BE:skip(done) | 24A0:skip(done) | 6E37:skip(done) | EB17:d=1.573m far | 8FB8:d=3.340m far | B9CE:d=4.843m far | E814:d=6.343m far | 7D33:d=6.517m far | DC2C:d=5.297m far
[2026-03-21T18:15:59.810Z] [Tick] t460 0290:skip(done) | 691B:skip(done) | 6890:skip(done) | CE3F:skip(done) | 5994:skip(done) | 2E70:skip(done) | A8A8:skip(done) | 58BE:skip(done) | 24A0:skip(done) | 6E37:skip(done) | EB17:d=0.984m far | 8FB8:d=2.798m far | B9CE:d=4.289m far | E814:d=5.758m far | 7D33:d=5.979m far | DC2C:d=4.784m far
[2026-03-21T18:16:00.810Z] [Tick] t464 0290:skip(done) | 691B:skip(done) | 6890:skip(done) | CE3F:skip(done) | 5994:skip(done) | 2E70:skip(done) | A8A8:skip(done) | 58BE:skip(done) | 24A0:skip(done) | 6E37:skip(done) | EB17:d=0.193m far | 8FB8:d=2.115m far | B9CE:d=3.560m far | E814:d=4.944m far | 7D33:d=5.234m far | DC2C:d=4.135m far
[2026-03-21T18:16:01.100Z] [Tick] t465 COLLECT×1 | 0290:skip(done) | 691B:skip(done) | 6890:skip(done) | CE3F:skip(done) | 5994:skip(done) | 2E70:skip(done) | A8A8:skip(done) | 58BE:skip(done) | 24A0:skip(done) | 6E37:skip(done) | EB17:d=0.125m ✓ | 8FB8:d=1.923m far | B9CE:d=3.357m far | E814:d=4.754m far | 7D33:d=5.088m far | DC2C:d=3.969m far
[2026-03-21T18:16:01.810Z] [Tick] t468 0290:skip(done) | 691B:skip(done) | 6890:skip(done) | CE3F:skip(done) | 5994:skip(done) | 2E70:skip(done) | A8A8:skip(done) | 58BE:skip(done) | 24A0:skip(done) | 6E37:skip(done) | EB17:skip(done) | 8FB8:d=2.079m far | B9CE:d=3.469m far | E814:d=4.708m far | 7D33:d=4.952m far | DC2C:d=4.076m far
[2026-03-21T18:16:02.810Z] [Tick] t472 0290:skip(done) | 691B:skip(done) | 6890:skip(done) | CE3F:skip(done) | 5994:skip(done) | 2E70:skip(done) | A8A8:skip(done) | 58BE:skip(done) | 24A0:skip(done) | 6E37:skip(done) | EB17:skip(done) | 8FB8:d=2.475m far | B9CE:d=3.714m far | E814:d=4.523m far | 7D33:d=4.530m far | DC2C:d=4.197m far
[2026-03-21T18:16:03.810Z] [Tick] t476 0290:skip(done) | 691B:skip(done) | 6890:skip(done) | CE3F:skip(done) | 5994:skip(done) | 2E70:skip(done) | A8A8:skip(done) | 58BE:skip(done) | 24A0:skip(done) | 6E37:skip(done) | EB17:skip(done) | 8FB8:d=2.899m far | B9CE:d=3.944m far | E814:d=4.273m far | 7D33:d=4.020m far | DC2C:d=4.294m far
[2026-03-21T18:16:04.810Z] [Tick] t480 0290:skip(done) | 691B:skip(done) | 6890:skip(done) | CE3F:skip(done) | 5994:skip(done) | 2E70:skip(done) | A8A8:skip(done) | 58BE:skip(done) | 24A0:skip(done) | 6E37:skip(done) | EB17:skip(done) | 8FB8:d=2.720m far | B9CE:d=3.829m far | E814:d=4.324m far | 7D33:d=4.169m far | DC2C:d=4.190m far
[2026-03-21T18:16:05.810Z] [Tick] t484 0290:skip(done) | 691B:skip(done) | 6890:skip(done) | CE3F:skip(done) | 5994:skip(done) | 2E70:skip(done) | A8A8:skip(done) | 58BE:skip(done) | 24A0:skip(done) | 6E37:skip(done) | EB17:skip(done) | 8FB8:d=2.215m far | B9CE:d=3.554m far | E814:d=4.642m far | 7D33:d=4.804m far | DC2C:d=4.132m far
[2026-03-21T18:16:06.810Z] [Tick] t488 0290:skip(done) | 691B:skip(done) | 6890:skip(done) | CE3F:skip(done) | 5994:skip(done) | 2E70:skip(done) | A8A8:skip(done) | 58BE:skip(done) | 24A0:skip(done) | 6E37:skip(done) | EB17:skip(done) | 8FB8:d=1.587m far | B9CE:d=3.038m far | E814:d=4.574m far | 7D33:d=5.033m far | DC2C:d=3.859m far
[2026-03-21T18:16:07.810Z] [Tick] t492 0290:skip(done) | 691B:skip(done) | 6890:skip(done) | CE3F:skip(done) | 5994:skip(done) | 2E70:skip(done) | A8A8:skip(done) | 58BE:skip(done) | 24A0:skip(done) | 6E37:skip(done) | EB17:skip(done) | 8FB8:d=0.624m far | B9CE:d=2.116m far | E814:d=4.055m far | 7D33:d=4.867m far | DC2C:d=3.366m far
[2026-03-21T18:16:08.309Z] [Tick] t494 COLLECT×1 | 0290:skip(done) | 691B:skip(done) | 6890:skip(done) | CE3F:skip(done) | 5994:skip(done) | 2E70:skip(done) | A8A8:skip(done) | 58BE:skip(done) | 24A0:skip(done) | 6E37:skip(done) | EB17:skip(done) | 8FB8:d=0.102m ✓ | B9CE:d=1.571m far | E814:d=3.773m far | 7D33:d=4.794m far | DC2C:d=3.161m far
[2026-03-21T18:16:08.810Z] [Tick] t496 0290:skip(done) | 691B:skip(done) | 6890:skip(done) | CE3F:skip(done) | 5994:skip(done) | 2E70:skip(done) | A8A8:skip(done) | 58BE:skip(done) | 24A0:skip(done) | 6E37:skip(done) | EB17:skip(done) | 8FB8:skip(done) | B9CE:d=1.141m far | E814:d=3.527m far | 7D33:d=4.700m far | DC2C:d=3.062m far
[2026-03-21T18:16:09.810Z] [Tick] t500 0290:skip(done) | 691B:skip(done) | 6890:skip(done) | CE3F:skip(done) | 5994:skip(done) | 2E70:skip(done) | A8A8:skip(done) | 58BE:skip(done) | 24A0:skip(done) | 6E37:skip(done) | EB17:skip(done) | 8FB8:skip(done) | B9CE:d=0.240m far | E814:d=2.965m far | 7D33:d=4.435m far | DC2C:d=2.984m far
[2026-03-21T18:16:10.810Z] [Tick] t504 0290:skip(done) | 691B:skip(done) | 6890:skip(done) | CE3F:skip(done) | 5994:skip(done) | 2E70:skip(done) | A8A8:skip(done) | 58BE:skip(done) | 24A0:skip(done) | 6E37:skip(done) | EB17:skip(done) | 8FB8:skip(done) | B9CE:d=0.822m far | E814:d=2.237m far | 7D33:d=3.957m far | DC2C:d=3.087m far
[2026-03-21T18:16:11.824Z] [Tick] t508 0290:skip(done) | 691B:skip(done) | 6890:skip(done) | CE3F:skip(done) | 5994:skip(done) | 2E70:skip(done) | A8A8:skip(done) | 58BE:skip(done) | 24A0:skip(done) | 6E37:skip(done) | EB17:skip(done) | 8FB8:skip(done) | B9CE:d=0.334m far | E814:d=2.843m far | 7D33:d=4.462m far | DC2C:d=3.080m far
[2026-03-21T18:16:12.810Z] [Tick] t512 0290:skip(done) | 691B:skip(done) | 6890:skip(done) | CE3F:skip(done) | 5994:skip(done) | 2E70:skip(done) | A8A8:skip(done) | 58BE:skip(done) | 24A0:skip(done) | 6E37:skip(done) | EB17:skip(done) | 8FB8:skip(done) | B9CE:d=0.638m far | E814:d=2.601m far | 7D33:d=4.304m far | DC2C:d=3.138m far
[2026-03-21T18:16:13.810Z] [Tick] t516 0290:skip(done) | 691B:skip(done) | 6890:skip(done) | CE3F:skip(done) | 5994:skip(done) | 2E70:skip(done) | A8A8:skip(done) | 58BE:skip(done) | 24A0:skip(done) | 6E37:skip(done) | EB17:skip(done) | 8FB8:skip(done) | B9CE:d=1.166m far | E814:d=1.726m far | 7D33:d=3.424m far | DC2C:d=3.077m far
[2026-03-21T18:16:14.810Z] [Tick] t520 0290:skip(done) | 691B:skip(done) | 6890:skip(done) | CE3F:skip(done) | 5994:skip(done) | 2E70:skip(done) | A8A8:skip(done) | 58BE:skip(done) | 24A0:skip(done) | 6E37:skip(done) | EB17:skip(done) | 8FB8:skip(done) | B9CE:d=1.380m far | E814:d=1.534m far | 7D33:d=3.264m far | DC2C:d=3.174m far
[2026-03-21T18:16:15.810Z] [Tick] t524 0290:skip(done) | 691B:skip(done) | 6890:skip(done) | CE3F:skip(done) | 5994:skip(done) | 2E70:skip(done) | A8A8:skip(done) | 58BE:skip(done) | 24A0:skip(done) | 6E37:skip(done) | EB17:skip(done) | 8FB8:skip(done) | B9CE:d=0.775m far | E814:d=2.097m far | 7D33:d=3.716m far | DC2C:d=3.016m far
[2026-03-21T18:16:16.563Z] [Tick] t527 COLLECT×1 | 0290:skip(done) | 691B:skip(done) | 6890:skip(done) | CE3F:skip(done) | 5994:skip(done) | 2E70:skip(done) | A8A8:skip(done) | 58BE:skip(done) | 24A0:skip(done) | 6E37:skip(done) | EB17:skip(done) | 8FB8:skip(done) | B9CE:d=0.080m ✓ | E814:d=2.824m far | 7D33:d=4.351m far | DC2C:d=2.941m far
[2026-03-21T18:16:16.810Z] [Tick] t528 0290:skip(done) | 691B:skip(done) | 6890:skip(done) | CE3F:skip(done) | 5994:skip(done) | 2E70:skip(done) | A8A8:skip(done) | 58BE:skip(done) | 24A0:skip(done) | 6E37:skip(done) | EB17:skip(done) | 8FB8:skip(done) | B9CE:skip(done) | E814:d=2.954m far | 7D33:d=4.502m far | DC2C:d=2.937m far
[2026-03-21T18:16:17.810Z] [Tick] t532 0290:skip(done) | 691B:skip(done) | 6890:skip(done) | CE3F:skip(done) | 5994:skip(done) | 2E70:skip(done) | A8A8:skip(done) | 58BE:skip(done) | 24A0:skip(done) | 6E37:skip(done) | EB17:skip(done) | 8FB8:skip(done) | B9CE:skip(done) | E814:d=1.414m far | 7D33:d=3.105m far | DC2C:d=3.055m far
[2026-03-21T18:16:18.810Z] [Tick] t536 0290:skip(done) | 691B:skip(done) | 6890:skip(done) | CE3F:skip(done) | 5994:skip(done) | 2E70:skip(done) | A8A8:skip(done) | 58BE:skip(done) | 24A0:skip(done) | 6E37:skip(done) | EB17:skip(done) | 8FB8:skip(done) | B9CE:skip(done) | E814:d=0.360m far | 7D33:d=2.217m far | DC2C:d=3.534m far
[2026-03-21T18:16:19.095Z] [Tick] t537 COLLECT×1 | 0290:skip(done) | 691B:skip(done) | 6890:skip(done) | CE3F:skip(done) | 5994:skip(done) | 2E70:skip(done) | A8A8:skip(done) | 58BE:skip(done) | 24A0:skip(done) | 6E37:skip(done) | EB17:skip(done) | 8FB8:skip(done) | B9CE:skip(done) | E814:d=0.113m ✓ | 7D33:d=1.975m far | DC2C:d=3.638m far
[2026-03-21T18:16:19.810Z] [Tick] t540 0290:skip(done) | 691B:skip(done) | 6890:skip(done) | CE3F:skip(done) | 5994:skip(done) | 2E70:skip(done) | A8A8:skip(done) | 58BE:skip(done) | 24A0:skip(done) | 6E37:skip(done) | EB17:skip(done) | 8FB8:skip(done) | B9CE:skip(done) | E814:skip(done) | 7D33:d=1.476m far | DC2C:d=3.890m far
[2026-03-21T18:16:20.810Z] [Tick] t544 0290:skip(done) | 691B:skip(done) | 6890:skip(done) | CE3F:skip(done) | 5994:skip(done) | 2E70:skip(done) | A8A8:skip(done) | 58BE:skip(done) | 24A0:skip(done) | 6E37:skip(done) | EB17:skip(done) | 8FB8:skip(done) | B9CE:skip(done) | E814:skip(done) | 7D33:d=0.610m far | DC2C:d=4.499m far
[2026-03-21T18:16:21.810Z] [Tick] t548 0290:skip(done) | 691B:skip(done) | 6890:skip(done) | CE3F:skip(done) | 5994:skip(done) | 2E70:skip(done) | A8A8:skip(done) | 58BE:skip(done) | 24A0:skip(done) | 6E37:skip(done) | EB17:skip(done) | 8FB8:skip(done) | B9CE:skip(done) | E814:skip(done) | 7D33:d=0.166m far | DC2C:d=4.507m far
[2026-03-21T18:16:22.810Z] [Tick] t552 0290:skip(done) | 691B:skip(done) | 6890:skip(done) | CE3F:skip(done) | 5994:skip(done) | 2E70:skip(done) | A8A8:skip(done) | 58BE:skip(done) | 24A0:skip(done) | 6E37:skip(done) | EB17:skip(done) | 8FB8:skip(done) | B9CE:skip(done) | E814:skip(done) | 7D33:d=0.265m far | DC2C:d=4.628m far
[2026-03-21T18:16:23.815Z] [Tick] t556 0290:skip(done) | 691B:skip(done) | 6890:skip(done) | CE3F:skip(done) | 5994:skip(done) | 2E70:skip(done) | A8A8:skip(done) | 58BE:skip(done) | 24A0:skip(done) | 6E37:skip(done) | EB17:skip(done) | 8FB8:skip(done) | B9CE:skip(done) | E814:skip(done) | 7D33:d=0.164m far | DC2C:d=4.579m far
[2026-03-21T18:16:24.087Z] [Tick] t557 COLLECT×1 | 0290:skip(done) | 691B:skip(done) | 6890:skip(done) | CE3F:skip(done) | 5994:skip(done) | 2E70:skip(done) | A8A8:skip(done) | 58BE:skip(done) | 24A0:skip(done) | 6E37:skip(done) | EB17:skip(done) | 8FB8:skip(done) | B9CE:skip(done) | E814:skip(done) | 7D33:d=0.130m ✓ | DC2C:d=4.507m far
[2026-03-21T18:16:24.810Z] [Tick] t560 0290:skip(done) | 691B:skip(done) | 6890:skip(done) | CE3F:skip(done) | 5994:skip(done) | 2E70:skip(done) | A8A8:skip(done) | 58BE:skip(done) | 24A0:skip(done) | 6E37:skip(done) | EB17:skip(done) | 8FB8:skip(done) | B9CE:skip(done) | E814:skip(done) | 7D33:skip(done) | DC2C:d=4.688m far
[2026-03-21T18:16:25.810Z] [Tick] t564 0290:skip(done) | 691B:skip(done) | 6890:skip(done) | CE3F:skip(done) | 5994:skip(done) | 2E70:skip(done) | A8A8:skip(done) | 58BE:skip(done) | 24A0:skip(done) | 6E37:skip(done) | EB17:skip(done) | 8FB8:skip(done) | B9CE:skip(done) | E814:skip(done) | 7D33:skip(done) | DC2C:d=4.159m far
[2026-03-21T18:16:26.810Z] [Tick] t568 0290:skip(done) | 691B:skip(done) | 6890:skip(done) | CE3F:skip(done) | 5994:skip(done) | 2E70:skip(done) | A8A8:skip(done) | 58BE:skip(done) | 24A0:skip(done) | 6E37:skip(done) | EB17:skip(done) | 8FB8:skip(done) | B9CE:skip(done) | E814:skip(done) | 7D33:skip(done) | DC2C:d=3.069m far
[2026-03-21T18:16:27.828Z] [Tick] t572 0290:skip(done) | 691B:skip(done) | 6890:skip(done) | CE3F:skip(done) | 5994:skip(done) | 2E70:skip(done) | A8A8:skip(done) | 58BE:skip(done) | 24A0:skip(done) | 6E37:skip(done) | EB17:skip(done) | 8FB8:skip(done) | B9CE:skip(done) | E814:skip(done) | 7D33:skip(done) | DC2C:d=1.937m far
[2026-03-21T18:16:28.809Z] [Tick] t576 0290:skip(done) | 691B:skip(done) | 6890:skip(done) | CE3F:skip(done) | 5994:skip(done) | 2E70:skip(done) | A8A8:skip(done) | 58BE:skip(done) | 24A0:skip(done) | 6E37:skip(done) | EB17:skip(done) | 8FB8:skip(done) | B9CE:skip(done) | E814:skip(done) | 7D33:skip(done) | DC2C:d=0.805m far
[2026-03-21T18:16:29.564Z] [Tick] t579 COLLECT×1 | 0290:skip(done) | 691B:skip(done) | 6890:skip(done) | CE3F:skip(done) | 5994:skip(done) | 2E70:skip(done) | A8A8:skip(done) | 58BE:skip(done) | 24A0:skip(done) | 6E37:skip(done) | EB17:skip(done) | 8FB8:skip(done) | B9CE:skip(done) | E814:skip(done) | 7D33:skip(done) | DC2C:d=0.144m ✓
[2026-03-21T18:16:29.810Z] [Tick] t580 0290:skip(done) | 691B:skip(done) | 6890:skip(done) | CE3F:skip(done) | 5994:skip(done) | 2E70:skip(done) | A8A8:skip(done) | 58BE:skip(done) | 24A0:skip(done) | 6E37:skip(done) | EB17:skip(done) | 8FB8:skip(done) | B9CE:skip(done) | E814:skip(done) | 7D33:skip(done) | DC2C:skip(done)
[2026-03-21T18:16:30.810Z] [Tick] t584 0290:skip(done) | 691B:skip(done) | 6890:skip(done) | CE3F:skip(done) | 5994:skip(done) | 2E70:skip(done) | A8A8:skip(done) | 58BE:skip(done) | 24A0:skip(done) | 6E37:skip(done) | EB17:skip(done) | 8FB8:skip(done) | B9CE:skip(done) | E814:skip(done) | 7D33:skip(done) | DC2C:skip(done)
[2026-03-21T18:16:31.810Z] [Tick] t588 0290:skip(done) | 691B:skip(done) | 6890:skip(done) | CE3F:skip(done) | 5994:skip(done) | 2E70:skip(done) | A8A8:skip(done) | 58BE:skip(done) | 24A0:skip(done) | 6E37:skip(done) | EB17:skip(done) | 8FB8:skip(done) | B9CE:skip(done) | E814:skip(done) | 7D33:skip(done) | DC2C:skip(done)
[2026-03-21T18:16:32.810Z] [Tick] t592 0290:skip(done) | 691B:skip(done) | 6890:skip(done) | CE3F:skip(done) | 5994:skip(done) | 2E70:skip(done) | A8A8:skip(done) | 58BE:skip(done) | 24A0:skip(done) | 6E37:skip(done) | EB17:skip(done) | 8FB8:skip(done) | B9CE:skip(done) | E814:skip(done) | 7D33:skip(done) | DC2C:skip(done)
[2026-03-21T18:16:33.810Z] [Tick] t596 0290:skip(done) | 691B:skip(done) | 6890:skip(done) | CE3F:skip(done) | 5994:skip(done) | 2E70:skip(done) | A8A8:skip(done) | 58BE:skip(done) | 24A0:skip(done) | 6E37:skip(done) | EB17:skip(done) | 8FB8:skip(done) | B9CE:skip(done) | E814:skip(done) | 7D33:skip(done) | DC2C:skip(done)
[2026-03-21T18:16:34.810Z] [Tick] t600 0290:skip(done) | 691B:skip(done) | 6890:skip(done) | CE3F:skip(done) | 5994:skip(done) | 2E70:skip(done) | A8A8:skip(done) | 58BE:skip(done) | 24A0:skip(done) | 6E37:skip(done) | EB17:skip(done) | 8FB8:skip(done) | B9CE:skip(done) | E814:skip(done) | 7D33:skip(done) | DC2C:skip(done)
[2026-03-21T18:16:35.810Z] [Tick] t604 0290:skip(done) | 691B:skip(done) | 6890:skip(done) | CE3F:skip(done) | 5994:skip(done) | 2E70:skip(done) | A8A8:skip(done) | 58BE:skip(done) | 24A0:skip(done) | 6E37:skip(done) | EB17:skip(done) | 8FB8:skip(done) | B9CE:skip(done) | E814:skip(done) | 7D33:skip(done) | DC2C:skip(done)
[2026-03-21T18:16:36.809Z] [Tick] t608 0290:skip(done) | 691B:skip(done) | 6890:skip(done) | CE3F:skip(done) | 5994:skip(done) | 2E70:skip(done) | A8A8:skip(done) | 58BE:skip(done) | 24A0:skip(done) | 6E37:skip(done) | EB17:skip(done) | 8FB8:skip(done) | B9CE:skip(done) | E814:skip(done) | 7D33:skip(done) | DC2C:skip(done)
[2026-03-21T18:16:37.810Z] [Tick] t612 0290:skip(done) | 691B:skip(done) | 6890:skip(done) | CE3F:skip(done) | 5994:skip(done) | 2E70:skip(done) | A8A8:skip(done) | 58BE:skip(done) | 24A0:skip(done) | 6E37:skip(done) | EB17:skip(done) | 8FB8:skip(done) | B9CE:skip(done) | E814:skip(done) | 7D33:skip(done) | DC2C:skip(done)
[2026-03-21T18:16:38.810Z] [Tick] t616 0290:skip(done) | 691B:skip(done) | 6890:skip(done) | CE3F:skip(done) | 5994:skip(done) | 2E70:skip(done) | A8A8:skip(done) | 58BE:skip(done) | 24A0:skip(done) | 6E37:skip(done) | EB17:skip(done) | 8FB8:skip(done) | B9CE:skip(done) | E814:skip(done) | 7D33:skip(done) | DC2C:skip(done)
[2026-03-21T18:16:39.821Z] [Tick] t620 0290:skip(done) | 691B:skip(done) | 6890:skip(done) | CE3F:skip(done) | 5994:skip(done) | 2E70:skip(done) | A8A8:skip(done) | 58BE:skip(done) | 24A0:skip(done) | 6E37:skip(done) | EB17:skip(done) | 8FB8:skip(done) | B9CE:skip(done) | E814:skip(done) | 7D33:skip(done) | DC2C:skip(done)
[2026-03-21T18:16:40.810Z] [Tick] t624 0290:skip(done) | 691B:skip(done) | 6890:skip(done) | CE3F:skip(done) | 5994:skip(done) | 2E70:skip(done) | A8A8:skip(done) | 58BE:skip(done) | 24A0:skip(done) | 6E37:skip(done) | EB17:skip(done) | 8FB8:skip(done) | B9CE:skip(done) | E814:skip(done) | 7D33:skip(done) | DC2C:skip(done)
[2026-03-21T18:16:41.810Z] [Tick] t628 0290:skip(done) | 691B:skip(done) | 6890:skip(done) | CE3F:skip(done) | 5994:skip(done) | 2E70:skip(done) | A8A8:skip(done) | 58BE:skip(done) | 24A0:skip(done) | 6E37:skip(done) | EB17:skip(done) | 8FB8:skip(done) | B9CE:skip(done) | E814:skip(done) | 7D33:skip(done) | DC2C:skip(done)
[2026-03-21T18:16:42.810Z] [Tick] t632 0290:skip(done) | 691B:skip(done) | 6890:skip(done) | CE3F:skip(done) | 5994:skip(done) | 2E70:skip(done) | A8A8:skip(done) | 58BE:skip(done) | 24A0:skip(done) | 6E37:skip(done) | EB17:skip(done) | 8FB8:skip(done) | B9CE:skip(done) | E814:skip(done) | 7D33:skip(done) | DC2C:skip(done)
[2026-03-21T18:16:43.816Z] [Tick] t636 0290:skip(done) | 691B:skip(done) | 6890:skip(done) | CE3F:skip(done) | 5994:skip(done) | 2E70:skip(done) | A8A8:skip(done) | 58BE:skip(done) | 24A0:skip(done) | 6E37:skip(done) | EB17:skip(done) | 8FB8:skip(done) | B9CE:skip(done) | E814:skip(done) | 7D33:skip(done) | DC2C:skip(done)
[2026-03-21T18:16:44.810Z] [Tick] t640 0290:skip(done) | 691B:skip(done) | 6890:skip(done) | CE3F:skip(done) | 5994:skip(done) | 2E70:skip(done) | A8A8:skip(done) | 58BE:skip(done) | 24A0:skip(done) | 6E37:skip(done) | EB17:skip(done) | 8FB8:skip(done) | B9CE:skip(done) | E814:skip(done) | 7D33:skip(done) | DC2C:skip(done)
