[2026-04-16T21:22:46.280Z] SESSION START mode=tight
[2026-04-16T21:22:46.288Z] Thresholds: match>=65%, features>=75, tracking>=65%, worldMap=true
[2026-04-16T21:22:46.345Z] AR precise capture started
[2026-04-16T21:22:50.368Z] World map snapshot captured (345238 bytes, encrypted=true)
[2026-04-16T21:22:50.369Z] live quality: match=0% features=0 tracking=0% worldMap=yes ready=no blockers=low_match,low_features,low_tracking
[2026-04-16T21:22:51.844Z] geoSample #1 hAcc=16m vAcc=29m matchedLocal=yes
[2026-04-16T21:22:51.845Z] live quality: match=100% features=179 tracking=100% worldMap=yes ready=yes blockers=none
[2026-04-16T21:22:52.368Z] World map snapshot captured (345238 bytes, encrypted=true)
[2026-04-16T21:22:54.373Z] World map snapshot captured (1055498 bytes, encrypted=true)
[2026-04-16T21:22:56.395Z] World map snapshot captured (3570057 bytes, encrypted=true)
[2026-04-16T21:22:58.273Z] geoSample #2 hAcc=15m vAcc=29m matchedLocal=yes
[2026-04-16T21:22:58.274Z] live quality: match=100% features=213 tracking=100% worldMap=yes ready=yes blockers=none
[2026-04-16T21:22:58.396Z] World map snapshot captured (4344983 bytes, encrypted=true)
[2026-04-16T21:23:00.390Z] World map snapshot captured (3561538 bytes, encrypted=true)
[2026-04-16T21:23:02.051Z] geoSample #3 hAcc=15m vAcc=29m matchedLocal=yes
[2026-04-16T21:23:02.051Z] live quality: match=100% features=191 tracking=100% worldMap=yes ready=yes blockers=none
[2026-04-16T21:23:02.405Z] World map snapshot captured (4694365 bytes, encrypted=true)
[2026-04-16T21:23:04.406Z] World map snapshot captured (5680891 bytes, encrypted=true)
[2026-04-16T21:23:06.410Z] World map snapshot captured (6083238 bytes, encrypted=true)
[2026-04-16T21:23:08.408Z] World map snapshot captured (6030585 bytes, encrypted=true)
[2026-04-16T21:23:08.783Z] geoSample #4 hAcc=15m vAcc=13m matchedLocal=yes
[2026-04-16T21:23:08.784Z] live quality: match=100% features=187 tracking=100% worldMap=yes ready=yes blockers=none
[2026-04-16T21:23:10.417Z] World map snapshot captured (7941859 bytes, encrypted=true)
[2026-04-16T21:23:12.420Z] World map snapshot captured (8835545 bytes, encrypted=true)
[2026-04-16T21:23:14.429Z] World map snapshot captured (9601776 bytes, encrypted=true)
[2026-04-16T21:23:15.228Z] geoSample #5 hAcc=15m vAcc=23m matchedLocal=yes
[2026-04-16T21:23:15.229Z] live quality: match=100% features=206 tracking=100% worldMap=yes ready=yes blockers=none
[2026-04-16T21:23:16.430Z] World map snapshot captured (10404290 bytes, encrypted=true)
[2026-04-16T21:23:18.436Z] World map snapshot captured (11419938 bytes, encrypted=true)
[2026-04-16T21:23:20.438Z] World map snapshot captured (12073743 bytes, encrypted=true)
[2026-04-16T21:23:21.659Z] live quality: match=100% features=205 tracking=100% worldMap=yes ready=yes blockers=none
[2026-04-16T21:23:22.446Z] World map snapshot captured (13086928 bytes, encrypted=true)
[2026-04-16T21:23:24.448Z] World map snapshot captured (14560704 bytes, encrypted=true)
[2026-04-16T21:23:26.461Z] World map snapshot captured (15745647 bytes, encrypted=true)
[2026-04-16T21:23:28.108Z] live quality: match=100% features=176 tracking=100% worldMap=yes ready=yes blockers=none
[2026-04-16T21:23:28.461Z] World map snapshot captured (15745647 bytes, encrypted=true)
[2026-04-16T21:23:30.446Z] World map snapshot captured (15745647 bytes, encrypted=true)
[2026-04-16T21:23:32.462Z] World map snapshot captured (16991758 bytes, encrypted=true)
[2026-04-16T21:23:34.458Z] World map snapshot captured (17267361 bytes, encrypted=true)
[2026-04-16T21:23:34.534Z] live quality: match=100% features=177 tracking=100% worldMap=yes ready=yes blockers=none
[2026-04-16T21:23:36.469Z] World map snapshot captured (18357712 bytes, encrypted=true)
[2026-04-16T21:23:38.477Z] World map snapshot captured (19732719 bytes, encrypted=true)
[2026-04-16T21:23:40.480Z] World map snapshot captured (21909081 bytes, encrypted=true)
[2026-04-16T21:23:40.968Z] live quality: match=100% features=170 tracking=100% worldMap=yes ready=yes blockers=none
[2026-04-16T21:23:42.483Z] World map snapshot captured (22596080 bytes, encrypted=true)
[2026-04-16T21:23:44.484Z] World map snapshot captured (22897465 bytes, encrypted=true)
[2026-04-16T21:23:46.488Z] World map snapshot captured (22527079 bytes, encrypted=true)
[2026-04-16T21:23:47.393Z] geoSample #10 hAcc=19m vAcc=7m matchedLocal=yes
[2026-04-16T21:23:47.394Z] live quality: match=100% features=180 tracking=100% worldMap=yes ready=yes blockers=none
[2026-04-16T21:23:48.505Z] World map snapshot captured (24697085 bytes, encrypted=true)
[2026-04-16T21:23:50.505Z] World map snapshot captured (26366629 bytes, encrypted=true)
[2026-04-16T21:23:52.500Z] World map snapshot captured (27479691 bytes, encrypted=true)
[2026-04-16T21:23:54.499Z] World map snapshot captured (26393665 bytes, encrypted=true)
[2026-04-16T21:23:56.502Z] World map snapshot captured (27779177 bytes, encrypted=true)
[2026-04-16T21:23:57.783Z] Recording stopped by user. geoSamples=10, matchedLocal=10
[2026-04-16T21:23:57.784Z] AR precise capture paused
[2026-04-16T21:23:57.935Z] World map snapshot captured (28540561 bytes, encrypted=true)
[2026-04-16T21:24:00.726Z] Route saved as precise-ready. name=Run 4/16/26, 5:23 PM, geoSamples=10, localSamples=10
[2026-04-16T21:24:00.727Z] SESSION END reason=saved
[2026-04-16T21:25:09.790Z] [Tick] t4 EF87:d=2.998m far | 5AB0:d=7.328m far | 044B:d=8.570m far | B885:d=9.812m far | 2375:d=11.055m far | 4DC1:d=12.298m far | 09C5:d=13.247m far | 7D70:d=14.529m far | BEF2:d=16.667m far | D63F:d=19.881m far | D1BB:d=20.468m far | 8F3C:d=21.063m far | C8B4:d=21.666m far | 164B:d=22.230m far | 1C5E:d=22.907m far | 2D78:d=23.899m far | 56D7:d=25.031m far | F113:d=25.996m far
[2026-04-16T21:25:10.801Z] [Tick] t8 EF87:d=2.455m far | 5AB0:d=6.780m far | 044B:d=8.022m far | B885:d=9.265m far | 2375:d=10.508m far | 4DC1:d=11.750m far | 09C5:d=12.721m far | 7D70:d=14.038m far | BEF2:d=16.223m far | D63F:d=19.486m far | D1BB:d=20.066m far | 8F3C:d=20.654m far | C8B4:d=21.250m far | 164B:d=21.792m far | 1C5E:d=22.440m far | 2D78:d=23.416m far | 56D7:d=24.539m far | F113:d=25.485m far
[2026-04-16T21:25:11.791Z] [Tick] t12 EF87:d=1.885m far | 5AB0:d=6.208m far | 044B:d=7.450m far | B885:d=8.692m far | 2375:d=9.935m far | 4DC1:d=11.178m far | 09C5:d=12.149m far | 7D70:d=13.481m far | BEF2:d=15.698m far | D63F:d=18.998m far | D1BB:d=19.571m far | 8F3C:d=20.153m far | C8B4:d=20.744m far | 164B:d=21.271m far | 1C5E:d=21.897m far | 2D78:d=22.863m far | 56D7:d=23.981m far | F113:d=24.918m far
[2026-04-16T21:25:12.790Z] [Tick] t16 EF87:d=1.276m far | 5AB0:d=5.590m far | 044B:d=6.832m far | B885:d=8.075m far | 2375:d=9.317m far | 4DC1:d=10.560m far | 09C5:d=11.531m far | 7D70:d=12.882m far | BEF2:d=15.134m far | D63F:d=18.476m far | D1BB:d=19.041m far | 8F3C:d=19.617m far | C8B4:d=20.201m far | 164B:d=20.710m far | 1C5E:d=21.313m far | 2D78:d=22.267m far | 56D7:d=23.380m far | F113:d=24.305m far
[2026-04-16T21:25:13.797Z] [Tick] t20 EF87:d=0.341m far | 5AB0:d=4.604m far | 044B:d=5.847m far | B885:d=7.089m far | 2375:d=8.332m far | 4DC1:d=9.575m far | 09C5:d=10.558m far | 7D70:d=11.956m far | BEF2:d=14.280m far | D63F:d=17.698m far | D1BB:d=18.249m far | 8F3C:d=18.811m far | C8B4:d=19.384m far | 164B:d=19.858m far | 1C5E:d=20.414m far | 2D78:d=21.344m far | 56D7:d=22.445m far | F113:d=23.346m far
[2026-04-16T21:25:14.802Z] [Tick] t24 EF87:d=0.616m far | 5AB0:d=3.748m far | 044B:d=4.990m far | B885:d=6.233m far | 2375:d=7.476m far | 4DC1:d=8.719m far | 09C5:d=9.715m far | 7D70:d=11.157m far | BEF2:d=13.549m far | D63F:d=17.037m far | D1BB:d=17.574m far | 8F3C:d=18.123m far | C8B4:d=18.684m far | 164B:d=19.126m far | 1C5E:d=19.638m far | 2D78:d=20.546m far | 56D7:d=21.636m far | F113:d=22.515m far
[2026-04-16T21:25:15.806Z] [Tick] t28 EF87:d=0.502m far | 5AB0:d=3.889m far | 044B:d=5.130m far | B885:d=6.372m far | 2375:d=7.614m far | 4DC1:d=8.857m far | 09C5:d=9.829m far | 7D70:d=11.245m far | BEF2:d=13.610m far | D63F:d=17.075m far | D1BB:d=17.616m far | 8F3C:d=18.170m far | C8B4:d=18.734m far | 164B:d=19.187m far | 1C5E:d=19.716m far | 2D78:d=20.634m far | 56D7:d=21.729m far | F113:d=22.621m far
[2026-04-16T21:25:16.797Z] [Tick] t32 EF87:d=0.257m far | 5AB0:d=4.472m far | 044B:d=5.715m far | B885:d=6.958m far | 2375:d=8.201m far | 4DC1:d=9.444m far | 09C5:d=10.461m far | 7D70:d=11.893m far | BEF2:d=14.252m far | D63F:d=17.697m far | D1BB:d=18.243m far | 8F3C:d=18.801m far | C8B4:d=19.368m far | 164B:d=19.829m far | 1C5E:d=20.365m far | 2D78:d=21.283m far | 56D7:d=22.377m far | F113:d=23.261m far
[2026-04-16T21:25:17.791Z] [Tick] t36 EF87:d=0.336m far | 5AB0:d=4.653m far | 044B:d=5.896m far | B885:d=7.139m far | 2375:d=8.382m far | 4DC1:d=9.625m far | 09C5:d=10.614m far | 7D70:d=12.014m far | BEF2:d=14.339m far | D63F:d=17.756m far | D1BB:d=18.308m far | 8F3C:d=18.870m far | C8B4:d=19.443m far | 164B:d=19.917m far | 1C5E:d=20.474m far | 2D78:d=21.404m far | 56D7:d=22.504m far | F113:d=23.404m far
[2026-04-16T21:25:18.296Z] [Tick] t38 COLLECT×1 | EF87:d=0.130m ✓ | 5AB0:d=4.462m far | 044B:d=5.705m far | B885:d=6.948m far | 2375:d=8.191m far | 4DC1:d=9.434m far | 09C5:d=10.423m far | 7D70:d=11.831m far | BEF2:d=14.168m far | D63F:d=17.599m far | D1BB:d=18.148m far | 8F3C:d=18.708m far | C8B4:d=19.278m far | 164B:d=19.746m far | 1C5E:d=20.294m far | 2D78:d=21.221m far | 56D7:d=22.319m far | F113:d=23.216m far
[2026-04-16T21:25:18.816Z] [Tick] t40 EF87:skip(done) | 5AB0:d=4.325m far | 044B:d=5.568m far | B885:d=6.811m far | 2375:d=8.054m far | 4DC1:d=9.297m far | 09C5:d=10.289m far | 7D70:d=11.704m far | BEF2:d=14.053m far | D63F:d=17.495m far | D1BB:d=18.041m far | 8F3C:d=18.599m far | C8B4:d=19.168m far | 164B:d=19.631m far | 1C5E:d=20.172m far | 2D78:d=21.094m far | 56D7:d=22.191m far | F113:d=23.083m far
[2026-04-16T21:25:19.795Z] [Tick] t44 EF87:skip(done) | 5AB0:d=4.366m far | 044B:d=5.608m far | B885:d=6.850m far | 2375:d=8.092m far | 4DC1:d=9.335m far | 09C5:d=10.341m far | 7D70:d=11.768m far | BEF2:d=14.126m far | D63F:d=17.574m far | D1BB:d=18.119m far | 8F3C:d=18.676m far | C8B4:d=19.243m far | 164B:d=19.703m far | 1C5E:d=20.238m far | 2D78:d=21.156m far | 56D7:d=22.251m far | F113:d=23.137m far
[2026-04-16T21:25:20.791Z] [Tick] t48 EF87:skip(done) | 5AB0:d=3.599m far | 044B:d=4.839m far | B885:d=6.081m far | 2375:d=7.323m far | 4DC1:d=8.565m far | 09C5:d=9.593m far | 7D70:d=11.069m far | BEF2:d=13.495m far | D63F:d=17.010m far | D1BB:d=17.541m far | 8F3C:d=18.085m far | C8B4:d=18.641m far | 164B:d=19.068m far | 1C5E:d=19.559m far | 2D78:d=20.455m far | 56D7:d=21.537m far | F113:d=22.399m far
[2026-04-16T21:25:21.791Z] [Tick] t52 EF87:skip(done) | 5AB0:d=2.521m far | 044B:d=3.759m far | B885:d=5.000m far | 2375:d=6.241m far | 4DC1:d=7.483m far | 09C5:d=8.549m far | 7D70:d=10.107m far | BEF2:d=12.639m far | D63F:d=16.250m far | D1BB:d=16.759m far | 8F3C:d=17.283m far | C8B4:d=17.820m far | 164B:d=18.198m far | 1C5E:d=18.621m far | 2D78:d=19.480m far | 56D7:d=20.544m far | F113:d=21.368m far
[2026-04-16T21:25:22.881Z] [Tick] t56 EF87:skip(done) | 5AB0:d=1.236m far | 044B:d=2.467m far | B885:d=3.706m far | 2375:d=4.947m far | 4DC1:d=6.189m far | 09C5:d=7.279m far | 7D70:d=8.930m far | BEF2:d=11.584m far | D63F:d=15.301m far | D1BB:d=15.782m far | 8F3C:d=16.280m far | C8B4:d=16.794m far | 164B:d=17.113m far | 1C5E:d=17.457m far | 2D78:d=18.276m far | 56D7:d=19.319m far | F113:d=20.105m far
[2026-04-16T21:25:23.803Z] [Tick] t60 EF87:skip(done) | 5AB0:d=0.249m far | 044B:d=1.226m far | B885:d=2.457m far | 2375:d=3.696m far | 4DC1:d=4.937m far | 09C5:d=6.096m far | 7D70:d=7.886m far | BEF2:d=10.687m far | D63F:d=14.515m far | D1BB:d=14.961m far | 8F3C:d=15.428m far | C8B4:d=15.913m far | 164B:d=16.160m far | 1C5E:d=16.406m far | 2D78:d=17.172m far | 56D7:d=18.186m far | F113:d=18.918m far
[2026-04-16T21:25:24.791Z] [Tick] t64 EF87:skip(done) | 5AB0:d=1.334m far | 044B:d=0.297m far | B885:d=1.220m far | 2375:d=2.445m far | 4DC1:d=3.682m far | 09C5:d=4.913m far | 7D70:d=6.859m far | BEF2:d=9.808m far | D63F:d=13.735m far | D1BB:d=14.141m far | 8F3C:d=14.572m far | C8B4:d=15.025m far | 164B:d=15.195m far | 1C5E:d=15.338m far | 2D78:d=16.047m far | 56D7:d=17.031m far | F113:d=17.711m far
[2026-04-16T21:25:25.795Z] [Tick] t68 EF87:skip(done) | 5AB0:d=2.533m far | 044B:d=1.316m far | B885:d=0.370m far | 2375:d=1.278m far | 4DC1:d=2.494m far | 09C5:d=3.786m far | 7D70:d=5.905m far | BEF2:d=8.987m far | D63F:d=12.990m far | D1BB:d=13.355m far | 8F3C:d=13.748m far | C8B4:d=14.166m far | 164B:d=14.258m far | 1C5E:d=14.297m far | 2D78:d=14.949m far | 56D7:d=15.904m far | F113:d=16.536m far
[2026-04-16T21:25:26.791Z] [Tick] t72 EF87:skip(done) | 5AB0:d=3.657m far | 044B:d=2.425m far | B885:d=1.216m far | 2375:d=0.408m far | 4DC1:d=1.395m far | 09C5:d=2.877m far | 7D70:d=5.211m far | BEF2:d=8.412m far | D63F:d=12.470m far | D1BB:d=12.786m far | 8F3C:d=13.134m far | C8B4:d=13.511m far | 164B:d=13.513m far | 1C5E:d=13.426m far | 2D78:d=14.007m far | 56D7:d=14.922m far | F113:d=15.484m far
[2026-04-16T21:25:27.804Z] [Tick] t76 EF87:skip(done) | 5AB0:d=4.530m far | 044B:d=3.299m far | B885:d=2.082m far | 2375:d=0.937m far | 4DC1:d=0.716m far | 09C5:d=2.153m far | 7D70:d=4.614m far | BEF2:d=7.870m far | D63F:d=11.944m far | D1BB:d=12.224m far | 8F3C:d=12.538m far | C8B4:d=12.885m far | 164B:d=12.823m far | 1C5E:d=12.653m far | 2D78:d=13.188m far | 56D7:d=14.081m far | F113:d=14.611m far
[2026-04-16T21:25:28.795Z] [Tick] t80 EF87:skip(done) | 5AB0:d=5.434m far | 044B:d=4.201m far | B885:d=2.978m far | 2375:d=1.781m far | 4DC1:d=0.754m far | 09C5:d=1.713m far | 7D70:d=4.231m far | BEF2:d=7.499m far | D63F:d=11.566m far | D1BB:d=11.800m far | 8F3C:d=12.072m far | C8B4:d=12.380m far | 164B:d=12.238m far | 1C5E:d=11.955m far | 2D78:d=12.424m far | 56D7:d=13.280m far | F113:d=13.754m far
[2026-04-16T21:25:29.805Z] [Tick] t84 EF87:skip(done) | 5AB0:d=5.849m far | 044B:d=4.614m far | B885:d=3.386m far | 2375:d=2.175m far | 4DC1:d=1.043m far | 09C5:d=1.699m far | 7D70:d=4.164m far | BEF2:d=7.414m far | D63F:d=11.466m far | D1BB:d=11.676m far | 8F3C:d=11.926m far | C8B4:d=12.213m far | 164B:d=12.028m far | 1C5E:d=11.682m far | 2D78:d=12.112m far | 56D7:d=12.946m far | F113:d=13.382m far
[2026-04-16T21:25:30.791Z] [Tick] t88 EF87:skip(done) | 5AB0:d=6.001m far | 044B:d=4.766m far | B885:d=3.537m far | 2375:d=2.322m far | 4DC1:d=1.168m far | 09C5:d=1.738m far | 7D70:d=4.167m far | BEF2:d=7.404m far | D63F:d=11.448m far | D1BB:d=11.649m far | 8F3C:d=11.890m far | C8B4:d=12.169m far | 164B:d=11.967m far | 1C5E:d=11.596m far | 2D78:d=12.010m far | 56D7:d=12.833m far | F113:d=13.252m far
[2026-04-16T21:25:31.797Z] [Tick] t92 EF87:skip(done) | 5AB0:d=6.184m far | 044B:d=4.946m far | B885:d=3.711m far | 2375:d=2.483m far | 4DC1:d=1.286m far | 09C5:d=1.965m far | 7D70:d=4.346m far | BEF2:d=7.562m far | D63F:d=11.592m far | D1BB:d=11.779m far | 8F3C:d=12.005m far | C8B4:d=12.270m far | 164B:d=12.037m far | 1C5E:d=11.616m far | 2D78:d=11.992m far | 56D7:d=12.790m far | F113:d=13.163m far
[2026-04-16T21:25:32.806Z] [Tick] t96 EF87:skip(done) | 5AB0:d=6.188m far | 044B:d=4.949m far | B885:d=3.712m far | 2375:d=2.481m far | 4DC1:d=1.276m far | 09C5:d=2.007m far | 7D70:d=4.390m far | BEF2:d=7.606m far | D63F:d=11.635m far | D1BB:d=11.821m far | 8F3C:d=12.046m far | C8B4:d=12.309m far | 164B:d=12.074m far | 1C5E:d=11.646m far | 2D78:d=12.017m far | 56D7:d=12.812m far | F113:d=13.177m far
[2026-04-16T21:25:33.925Z] [Tick] t100 EF87:skip(done) | 5AB0:d=5.980m far | 044B:d=4.744m far | B885:d=3.514m far | 2375:d=2.298m far | 4DC1:d=1.140m far | 09C5:d=1.742m far | 7D70:d=4.179m far | BEF2:d=7.418m far | D63F:d=11.463m far | D1BB:d=11.665m far | 8F3C:d=11.907m far | C8B4:d=12.186m far | 164B:d=11.986m far | 1C5E:d=11.617m far | 2D78:d=12.031m far | 56D7:d=12.855m far | F113:d=13.275m far
[2026-04-16T21:25:34.791Z] [Tick] t104 EF87:skip(done) | 5AB0:d=6.022m far | 044B:d=4.784m far | B885:d=3.549m far | 2375:d=2.324m far | 4DC1:d=1.137m far | 09C5:d=1.890m far | 7D70:d=4.315m far | BEF2:d=7.548m far | D63F:d=11.589m far | D1BB:d=11.786m far | 8F3C:d=12.022m far | C8B4:d=12.296m far | 164B:d=12.082m far | 1C5E:d=11.690m far | 2D78:d=12.086m far | 56D7:d=12.897m far | F113:d=13.290m far
[2026-04-16T21:25:35.804Z] [Tick] t108 EF87:skip(done) | 5AB0:d=5.801m far | 044B:d=4.569m far | B885:d=3.343m far | 2375:d=2.138m far | 4DC1:d=1.029m far | 09C5:d=1.656m far | 7D70:d=4.129m far | BEF2:d=7.381m far | D63F:d=11.436m far | D1BB:d=11.650m far | 8F3C:d=11.904m far | C8B4:d=12.194m far | 164B:d=12.017m far | 1C5E:d=11.684m far | 2D78:d=12.124m far | 56D7:d=12.963m far | F113:d=13.410m far
[2026-04-16T21:25:36.796Z] [Tick] t112 EF87:skip(done) | 5AB0:d=5.831m far | 044B:d=4.599m far | B885:d=3.376m far | 2375:d=2.175m far | 4DC1:d=1.076m far | 09C5:d=1.621m far | 7D70:d=4.087m far | BEF2:d=7.337m far | D63F:d=11.391m far | D1BB:d=11.605m far | 8F3C:d=11.858m far | C8B4:d=12.148m far | 164B:d=11.970m far | 1C5E:d=11.639m far | 2D78:d=12.080m far | 56D7:d=12.920m far | F113:d=13.372m far
[2026-04-16T21:25:37.844Z] [Tick] t116 EF87:skip(done) | 5AB0:d=5.812m far | 044B:d=4.581m far | B885:d=3.358m far | 2375:d=2.158m far | 4DC1:d=1.062m far | 09C5:d=1.619m far | 7D70:d=4.089m far | BEF2:d=7.341m far | D63F:d=11.395m far | D1BB:d=11.610m far | 8F3C:d=11.864m far | C8B4:d=12.155m far | 164B:d=11.979m far | 1C5E:d=11.651m far | 2D78:d=12.093m far | 56D7:d=12.935m far | F113:d=13.388m far
[2026-04-16T21:25:38.819Z] [Tick] t120 EF87:skip(done) | 5AB0:d=5.660m far | 044B:d=4.431m far | B885:d=3.212m far | 2375:d=2.024m far | 4DC1:d=0.982m far | 09C5:d=1.532m far | 7D70:d=4.033m far | BEF2:d=7.296m far | D63F:d=11.358m far | D1BB:d=11.583m far | 8F3C:d=11.848m far | C8B4:d=12.149m far | 164B:d=11.994m far | 1C5E:d=11.698m far | 2D78:d=12.164m far | 56D7:d=13.019m far | F113:d=13.498m far
[2026-04-16T21:25:39.801Z] [Tick] t124 EF87:skip(done) | 5AB0:d=4.847m far | 044B:d=3.620m far | B885:d=2.410m far | 2375:d=1.266m far | 4DC1:d=0.699m far | 09C5:d=1.807m far | 7D70:d=4.301m far | BEF2:d=7.568m far | D63F:d=11.644m far | D1BB:d=11.913m far | 8F3C:d=12.218m far | C8B4:d=12.556m far | 164B:d=12.479m far | 1C5E:d=12.293m far | 2D78:d=12.824m far | 56D7:d=13.716m far | F113:d=14.254m far
[2026-04-16T21:25:40.859Z] [Tick] t128 EF87:skip(done) | 5AB0:d=3.845m far | 044B:d=2.609m far | B885:d=1.384m far | 2375:d=0.341m far | 4DC1:d=1.187m far | 09C5:d=2.737m far | 7D70:d=5.113m far | BEF2:d=8.333m far | D63F:d=12.397m far | D1BB:d=12.705m far | 8F3C:d=13.044m far | C8B4:d=13.414m far | 164B:d=13.398m far | 1C5E:d=13.287m far | 2D78:d=13.852m far | 56D7:d=14.759m far | F113:d=15.307m far
[2026-04-16T21:25:41.813Z] [Tick] t132 EF87:skip(done) | 5AB0:d=2.909m far | 044B:d=1.677m far | B885:d=0.504m far | 2375:d=0.886m far | 4DC1:d=2.099m far | 09C5:d=3.470m far | 7D70:d=5.670m far | BEF2:d=8.800m far | D63F:d=12.827m far | D1BB:d=13.175m far | 8F3C:d=13.553m far | C8B4:d=13.957m far | 164B:d=14.017m far | 1C5E:d=14.011m far | 2D78:d=14.638m far | 56D7:d=15.578m far | F113:d=16.183m far
[2026-04-16T21:25:42.912Z] [Tick] t136 EF87:skip(done) | 5AB0:d=1.668m far | 044B:d=0.484m far | B885:d=0.882m far | 2375:d=2.101m far | 4DC1:d=3.337m far | 09C5:d=4.608m far | 7D70:d=6.612m far | BEF2:d=9.605m far | D63F:d=13.557m far | D1BB:d=13.951m far | 8F3C:d=14.371m far | C8B4:d=14.813m far | 164B:d=14.959m far | 1C5E:d=15.067m far | 2D78:d=15.757m far | 56D7:d=16.731m far | F113:d=17.392m far
[2026-04-16T21:25:43.796Z] [Tick] t140 EF87:skip(done) | 5AB0:d=0.582m far | 044B:d=0.786m far | B885:d=1.997m far | 2375:d=3.233m far | 4DC1:d=4.472m far | 09C5:d=5.644m far | 7D70:d=7.481m far | BEF2:d=10.332m far | D63F:d=14.196m far | D1BB:d=14.629m far | 8F3C:d=15.084m far | C8B4:d=15.558m far | 164B:d=15.779m far | 1C5E:d=15.992m far | 2D78:d=16.739m far | 56D7:d=17.744m far | F113:d=18.461m far
[2026-04-16T21:25:44.797Z] [Tick] t144 EF87:skip(done) | 5AB0:d=0.829m far | 044B:d=2.046m far | B885:d=3.283m far | 2375:d=4.523m far | 4DC1:d=5.765m far | 09C5:d=6.867m far | 7D70:d=8.555m far | BEF2:d=11.254m far | D63F:d=15.007m far | D1BB:d=15.477m far | 8F3C:d=15.965m far | C8B4:d=16.471m far | 164B:d=16.768m far | 1C5E:d=17.083m far | 2D78:d=17.887m far | 56D7:d=18.921m far | F113:d=19.693m far
[2026-04-16T21:25:45.822Z] [Tick] t148 EF87:skip(done) | 5AB0:d=1.960m far | 044B:d=3.196m far | B885:d=4.435m far | 2375:d=5.677m far | 4DC1:d=6.918m far | 09C5:d=8.000m far | 7D70:d=9.599m far | BEF2:d=12.186m far | D63F:d=15.845m far | D1BB:d=16.342m far | 8F3C:d=16.854m far | C8B4:d=17.381m far | 164B:d=17.733m far | 1C5E:d=18.121m far | 2D78:d=18.962m far | 56D7:d=20.015m far | F113:d=20.821m far
[2026-04-16T21:25:46.795Z] [Tick] t152 EF87:skip(done) | 5AB0:d=3.200m far | 044B:d=4.438m far | B885:d=5.679m far | 2375:d=6.920m far | 4DC1:d=8.162m far | 09C5:d=9.215m far | 7D70:d=10.730m far | BEF2:d=13.202m far | D63F:d=16.757m far | D1BB:d=17.279m far | 8F3C:d=17.815m far | C8B4:d=18.363m far | 164B:d=18.770m far | 1C5E:d=19.231m far | 2D78:d=20.110m far | 56D7:d=21.184m far | F113:d=22.027m far
[2026-04-16T21:25:47.793Z] [Tick] t156 EF87:skip(done) | 5AB0:d=4.500m far | 044B:d=5.741m far | B885:d=6.982m far | 2375:d=8.224m far | 4DC1:d=9.466m far | 09C5:d=10.498m far | 7D70:d=11.941m far | BEF2:d=14.308m far | D63F:d=17.760m far | D1BB:d=18.305m far | 8F3C:d=18.861m far | C8B4:d=19.428m far | 164B:d=19.885m far | 1C5E:d=20.414m far | 2D78:d=21.328m far | 56D7:d=22.420m far | F113:d=23.298m far
